2023-03-21 18:38:30.172 [info] Log level: Info
2023-03-21 18:38:30.176 [info] Validating found git in: "git"
2023-03-21 18:38:30.178 [info] Using git "2.30.2" from "git"
2023-03-21 18:39:03.880 [info] Log level: Info
2023-03-21 18:39:03.880 [info] Validating found git in: "git"
2023-03-21 18:39:03.880 [info] Using git "2.30.2" from "git"
2023-03-21 18:39:03.880 [info] > git rev-parse --show-toplevel [99ms]
2023-03-21 18:39:03.880 [info] > git rev-parse --git-dir --git-common-dir [69ms]
2023-03-21 18:39:03.880 [info] Open repository: /home/jamessearle71
2023-03-21 18:39:03.880 [info] > git rev-parse --show-toplevel [84ms]
2023-03-21 18:39:03.880 [info] > git rev-parse --git-dir --git-common-dir [44ms]
2023-03-21 18:39:03.880 [info] Open repository: /home/jamessearle71/Projects/reading-notes
2023-03-21 18:39:03.880 [info] > git config --get commit.template [294ms]
2023-03-21 18:39:03.880 [info] > git config --get commit.template [105ms]
2023-03-21 18:39:03.880 [info] > git for-each-ref --format=%(refname)%00%(upstream:short)%00%(objectname)%00%(upstream:track)%00%(upstream:remotename)%00%(upstream:remoteref) refs/heads/main refs/remotes/main [252ms]
2023-03-21 18:39:03.880 [info] > git for-each-ref --format=%(refname)%00%(upstream:short)%00%(objectname)%00%(upstream:track)%00%(upstream:remotename)%00%(upstream:remoteref) refs/heads/master refs/remotes/master [413ms]
2023-03-21 18:39:03.880 [info] > git status -z -uall [4649ms]
2023-03-21 18:39:03.880 [info] > git status -z -uall [4574ms]
2023-03-21 18:39:03.880 [info] > git check-ignore -v -z --stdin [167ms]
2023-03-21 18:39:03.880 [info] > git check-ignore -v -z --stdin [132ms]
2023-03-21 18:39:03.880 [info] > git config --get commit.template [268ms]
2023-03-21 18:39:03.880 [info] > git config --get commit.template [303ms]
2023-03-21 18:39:03.881 [info] > git for-each-ref --format=%(refname)%00%(upstream:short)%00%(objectname)%00%(upstream:track)%00%(upstream:remotename)%00%(upstream:remoteref) refs/heads/main refs/remotes/main [85ms]
2023-03-21 18:39:03.881 [info] > git for-each-ref --format=%(refname)%00%(upstream:short)%00%(objectname)%00%(upstream:track)%00%(upstream:remotename)%00%(upstream:remoteref) refs/heads/master refs/remotes/master [377ms]
2023-03-21 18:39:03.881 [info] > git status -z -uall [556ms]
2023-03-21 18:39:03.881 [info] > git status -z -uall [1276ms]
2023-03-21 18:39:11.961 [info] > git show --textconv :code-102/102class-03.md [175ms]
2023-03-21 18:39:12.133 [info] > git ls-files --stage -- /home/jamessearle71/Projects/reading-notes/code-102/102class-03.md [220ms]
2023-03-21 18:39:12.459 [info] > git cat-file -s 2a8340f3ed1d29f945ca945ab10b3e28ee5b9fe8 [209ms]
2023-03-21 18:39:21.742 [info] > git config --get commit.template [39ms]
2023-03-21 18:39:21.937 [info] > git for-each-ref --format=%(refname)%00%(upstream:short)%00%(objectname)%00%(upstream:track)%00%(upstream:remotename)%00%(upstream:remoteref) refs/heads/master refs/remotes/master [43ms]
2023-03-21 18:39:23.297 [info] > git status -z -uall [1286ms]
2023-03-21 18:39:41.276 [info] > git config --get commit.template [14ms]
2023-03-21 18:39:41.337 [info] > git for-each-ref --format=%(refname)%00%(upstream:short)%00%(objectname)%00%(upstream:track)%00%(upstream:remotename)%00%(upstream:remoteref) refs/heads/master refs/remotes/master [21ms]
2023-03-21 18:39:42.385 [info] > git status -z -uall [981ms]
2023-03-21 18:39:50.945 [info] > git config --get commit.template [16ms]
2023-03-21 18:39:50.973 [info] > git for-each-ref --format=%(refname)%00%(upstream:short)%00%(objectname)%00%(upstream:track)%00%(upstream:remotename)%00%(upstream:remoteref) refs/heads/master refs/remotes/master [5ms]
2023-03-21 18:39:51.700 [info] > git status -z -uall [702ms]
2023-03-21 18:40:04.914 [info] > git config --get commit.template [22ms]
2023-03-21 18:40:05.074 [info] > git for-each-ref --format=%(refname)%00%(upstream:short)%00%(objectname)%00%(upstream:track)%00%(upstream:remotename)%00%(upstream:remoteref) refs/heads/master refs/remotes/master [40ms]
2023-03-21 18:40:06.165 [info] > git status -z -uall [1049ms]
2023-03-21 18:40:12.524 [info] > git config --get commit.template [82ms]
2023-03-21 18:40:12.544 [info] > git for-each-ref --format=%(refname)%00%(upstream:short)%00%(objectname)%00%(upstream:track)%00%(upstream:remotename)%00%(upstream:remoteref) refs/heads/master refs/remotes/master [27ms]
2023-03-21 18:40:14.580 [info] > git status -z -uall [1856ms]
2023-03-21 18:40:19.785 [info] > git config --get commit.template [79ms]
2023-03-21 18:40:20.144 [info] > git for-each-ref --format=%(refname)%00%(upstream:short)%00%(objectname)%00%(upstream:track)%00%(upstream:remotename)%00%(upstream:remoteref) refs/heads/master refs/remotes/master [331ms]
2023-03-21 18:40:21.184 [info] > git status -z -uall [823ms]
2023-03-21 18:40:26.377 [info] > git config --get commit.template [24ms]
2023-03-21 18:40:26.460 [info] > git for-each-ref --format=%(refname)%00%(upstream:short)%00%(objectname)%00%(upstream:track)%00%(upstream:remotename)%00%(upstream:remoteref) refs/heads/master refs/remotes/master [34ms]
2023-03-21 18:40:27.357 [info] > git status -z -uall [864ms]
2023-03-21 18:40:35.140 [info] > git config --get commit.template [120ms]
2023-03-21 18:40:35.238 [info] > git for-each-ref --format=%(refname)%00%(upstream:short)%00%(objectname)%00%(upstream:track)%00%(upstream:remotename)%00%(upstream:remoteref) refs/heads/master refs/remotes/master [99ms]
2023-03-21 18:40:36.348 [info] > git status -z -uall [1008ms]
2023-03-21 18:40:41.492 [info] > git config --get commit.template [70ms]
2023-03-21 18:40:41.499 [info] > git for-each-ref --format=%(refname)%00%(upstream:short)%00%(objectname)%00%(upstream:track)%00%(upstream:remotename)%00%(upstream:remoteref) refs/heads/master refs/remotes/master [10ms]
2023-03-21 18:40:43.350 [info] > git status -z -uall [1792ms]
2023-03-21 18:41:31.911 [info] > git config --get commit.template [15ms]
2023-03-21 18:41:32.077 [info] > git for-each-ref --format=%(refname)%00%(upstream:short)%00%(objectname)%00%(upstream:track)%00%(upstream:remotename)%00%(upstream:remoteref) refs/heads/master refs/remotes/master [64ms]
2023-03-21 18:41:33.390 [info] > git status -z -uall [1225ms]
2023-03-21 18:41:38.656 [info] > git config --get commit.template [129ms]
2023-03-21 18:41:38.674 [info] > git for-each-ref --format=%(refname)%00%(upstream:short)%00%(objectname)%00%(upstream:track)%00%(upstream:remotename)%00%(upstream:remoteref) refs/heads/master refs/remotes/master [52ms]
2023-03-21 18:41:39.693 [info] > git status -z -uall [926ms]
2023-03-21 18:41:44.964 [info] > git config --get commit.template [25ms]
2023-03-21 18:41:45.092 [info] > git for-each-ref --format=%(refname)%00%(upstream:short)%00%(objectname)%00%(upstream:track)%00%(upstream:remotename)%00%(upstream:remoteref) refs/heads/master refs/remotes/master [35ms]
2023-03-21 18:41:46.402 [info] > git status -z -uall [1178ms]
2023-03-21 18:41:51.546 [info] > git for-each-ref --format=%(refname)%00%(upstream:short)%00%(objectname)%00%(upstream:track)%00%(upstream:remotename)%00%(upstream:remoteref) refs/heads/master refs/remotes/master [20ms]
2023-03-21 18:41:51.547 [info] > git config --get commit.template [53ms]
2023-03-21 18:41:52.505 [info] > git status -z -uall [933ms]
2023-03-21 18:42:06.285 [info] > git config --get commit.template [93ms]
2023-03-21 18:42:06.290 [info] > git for-each-ref --format=%(refname)%00%(upstream:short)%00%(objectname)%00%(upstream:track)%00%(upstream:remotename)%00%(upstream:remoteref) refs/heads/master refs/remotes/master [30ms]
2023-03-21 18:42:07.236 [info] > git status -z -uall [877ms]
2023-03-21 18:42:12.549 [info] > git config --get commit.template [40ms]
2023-03-21 18:42:12.552 [info] > git for-each-ref --format=%(refname)%00%(upstream:short)%00%(objectname)%00%(upstream:track)%00%(upstream:remotename)%00%(upstream:remoteref) refs/heads/master refs/remotes/master [6ms]
2023-03-21 18:42:13.565 [info] > git status -z -uall [981ms]
2023-03-21 18:42:18.721 [info] > git config --get commit.template [54ms]
2023-03-21 18:42:18.824 [info] > git for-each-ref --format=%(refname)%00%(upstream:short)%00%(objectname)%00%(upstream:track)%00%(upstream:remotename)%00%(upstream:remoteref) refs/heads/master refs/remotes/master [8ms]
2023-03-21 18:42:20.194 [info] > git status -z -uall [1290ms]
2023-03-21 18:43:01.142 [info] > git config --get commit.template [46ms]
2023-03-21 18:43:01.221 [info] > git for-each-ref --format=%(refname)%00%(upstream:short)%00%(objectname)%00%(upstream:track)%00%(upstream:remotename)%00%(upstream:remoteref) refs/heads/master refs/remotes/master [21ms]
2023-03-21 18:43:03.195 [info] > git status -z -uall [1926ms]
2023-03-21 18:43:03.987 [info] > git show --textconv :Projects/index.html [225ms]
2023-03-21 18:43:04.088 [info] > git ls-files --stage -- /home/jamessearle71/Projects/index.html [104ms]
2023-03-21 18:43:04.274 [info] > git cat-file -s 78b5c5c4cf8d07846c85d8a169a126f32cabfd2c [33ms]
2023-03-21 18:43:08.432 [info] > git config --get commit.template [55ms]
2023-03-21 18:43:08.476 [info] > git for-each-ref --format=%(refname)%00%(upstream:short)%00%(objectname)%00%(upstream:track)%00%(upstream:remotename)%00%(upstream:remoteref) refs/heads/master refs/remotes/master [59ms]
2023-03-21 18:43:09.214 [info] > git status -z -uall [687ms]
2023-03-21 18:43:12.314 [info] > git show --textconv :Projects/html.index [79ms]
2023-03-21 18:43:12.363 [info] > git ls-files --stage -- /home/jamessearle71/Projects/html.index [61ms]
2023-03-21 18:43:12.406 [info] > git cat-file -s e69de29bb2d1d6434b8b29ae775ad8c2e48c5391 [19ms]
2023-03-21 18:43:14.363 [info] > git config --get commit.template [21ms]
2023-03-21 18:43:14.471 [info] > git for-each-ref --format=%(refname)%00%(upstream:short)%00%(objectname)%00%(upstream:track)%00%(upstream:remotename)%00%(upstream:remoteref) refs/heads/master refs/remotes/master [58ms]
2023-03-21 18:43:15.529 [info] > git status -z -uall [1031ms]
2023-03-21 18:43:20.934 [info] > git config --get commit.template [81ms]
2023-03-21 18:43:20.954 [info] > git for-each-ref --format=%(refname)%00%(upstream:short)%00%(objectname)%00%(upstream:track)%00%(upstream:remotename)%00%(upstream:remoteref) refs/heads/master refs/remotes/master [36ms]
2023-03-21 18:43:22.032 [info] > git status -z -uall [1017ms]
2023-03-21 18:43:39.001 [info] > git config --get commit.template [39ms]
2023-03-21 18:43:39.013 [info] > git for-each-ref --format=%(refname)%00%(upstream:short)%00%(objectname)%00%(upstream:track)%00%(upstream:remotename)%00%(upstream:remoteref) refs/heads/master refs/remotes/master [17ms]
2023-03-21 18:43:40.423 [info] > git status -z -uall [1359ms]
2023-03-21 18:44:04.847 [info] > git config --get commit.template [11ms]
2023-03-21 18:44:04.911 [info] > git for-each-ref --format=%(refname)%00%(upstream:short)%00%(objectname)%00%(upstream:track)%00%(upstream:remotename)%00%(upstream:remoteref) refs/heads/master refs/remotes/master [20ms]
2023-03-21 18:44:05.901 [info] > git status -z -uall [945ms]
2023-03-21 18:44:10.980 [info] > git config --get commit.template [21ms]
2023-03-21 18:44:11.011 [info] > git for-each-ref --format=%(refname)%00%(upstream:short)%00%(objectname)%00%(upstream:track)%00%(upstream:remotename)%00%(upstream:remoteref) refs/heads/master refs/remotes/master [7ms]
2023-03-21 18:44:11.820 [info] > git status -z -uall [791ms]
2023-03-21 18:44:16.918 [info] > git config --get commit.template [8ms]
2023-03-21 18:44:17.001 [info] > git for-each-ref --format=%(refname)%00%(upstream:short)%00%(objectname)%00%(upstream:track)%00%(upstream:remotename)%00%(upstream:remoteref) refs/heads/master refs/remotes/master [7ms]
2023-03-21 18:44:17.790 [info] > git status -z -uall [752ms]
2023-03-21 18:44:22.922 [info] > git config --get commit.template [40ms]
2023-03-21 18:44:22.933 [info] > git for-each-ref --format=%(refname)%00%(upstream:short)%00%(objectname)%00%(upstream:track)%00%(upstream:remotename)%00%(upstream:remoteref) refs/heads/master refs/remotes/master [15ms]
2023-03-21 18:44:23.800 [info] > git status -z -uall [848ms]
2023-03-21 18:44:36.832 [info] > git config --get commit.template [26ms]
2023-03-21 18:44:36.907 [info] > git for-each-ref --format=%(refname)%00%(upstream:short)%00%(objectname)%00%(upstream:track)%00%(upstream:remotename)%00%(upstream:remoteref) refs/heads/master refs/remotes/master [21ms]
2023-03-21 18:44:38.277 [info] > git status -z -uall [1278ms]
2023-03-21 18:44:43.448 [info] > git config --get commit.template [17ms]
2023-03-21 18:44:43.539 [info] > git for-each-ref --format=%(refname)%00%(upstream:short)%00%(objectname)%00%(upstream:track)%00%(upstream:remotename)%00%(upstream:remoteref) refs/heads/master refs/remotes/master [17ms]
2023-03-21 18:44:44.697 [info] > git status -z -uall [1082ms]
2023-03-21 18:44:49.808 [info] > git config --get commit.template [48ms]
2023-03-21 18:44:49.816 [info] > git for-each-ref --format=%(refname)%00%(upstream:short)%00%(objectname)%00%(upstream:track)%00%(upstream:remotename)%00%(upstream:remoteref) refs/heads/master refs/remotes/master [12ms]
2023-03-21 18:44:50.558 [info] > git status -z -uall [699ms]
2023-03-21 18:45:18.733 [info] > git config --get commit.template [112ms]
2023-03-21 18:45:18.756 [info] > git for-each-ref --format=%(refname)%00%(upstream:short)%00%(objectname)%00%(upstream:track)%00%(upstream:remotename)%00%(upstream:remoteref) refs/heads/master refs/remotes/master [42ms]
2023-03-21 18:45:20.267 [info] > git status -z -uall [1421ms]
2023-03-21 18:45:24.303 [info] > git config --get commit.template [41ms]
2023-03-21 18:45:24.316 [info] > git for-each-ref --format=%(refname)%00%(upstream:short)%00%(objectname)%00%(upstream:track)%00%(upstream:remotename)%00%(upstream:remoteref) refs/heads/main refs/remotes/main [14ms]
2023-03-21 18:45:24.369 [info] > git status -z -uall [12ms]
2023-03-21 18:45:25.560 [info] > git config --get commit.template [88ms]
2023-03-21 18:45:25.579 [info] > git for-each-ref --format=%(refname)%00%(upstream:short)%00%(objectname)%00%(upstream:track)%00%(upstream:remotename)%00%(upstream:remoteref) refs/heads/master refs/remotes/master [26ms]
2023-03-21 18:45:26.911 [info] > git status -z -uall [1209ms]
2023-03-21 18:45:32.006 [info] > git config --get commit.template [11ms]
2023-03-21 18:45:32.056 [info] > git for-each-ref --format=%(refname)%00%(upstream:short)%00%(objectname)%00%(upstream:track)%00%(upstream:remotename)%00%(upstream:remoteref) refs/heads/master refs/remotes/master [10ms]
2023-03-21 18:45:32.756 [info] > git status -z -uall [654ms]
2023-03-21 18:45:37.823 [info] > git config --get commit.template [2ms]
2023-03-21 18:45:37.864 [info] > git for-each-ref --format=%(refname)%00%(upstream:short)%00%(objectname)%00%(upstream:track)%00%(upstream:remotename)%00%(upstream:remoteref) refs/heads/master refs/remotes/master [5ms]
2023-03-21 18:45:38.816 [info] > git status -z -uall [922ms]
2023-03-21 18:45:43.961 [info] > git config --get commit.template [61ms]
2023-03-21 18:45:43.972 [info] > git for-each-ref --format=%(refname)%00%(upstream:short)%00%(objectname)%00%(upstream:track)%00%(upstream:remotename)%00%(upstream:remoteref) refs/heads/master refs/remotes/master [22ms]
2023-03-21 18:45:44.728 [info] > git status -z -uall [704ms]
2023-03-21 18:45:49.798 [info] > git config --get commit.template [6ms]
2023-03-21 18:45:49.847 [info] > git for-each-ref --format=%(refname)%00%(upstream:short)%00%(objectname)%00%(upstream:track)%00%(upstream:remotename)%00%(upstream:remoteref) refs/heads/master refs/remotes/master [12ms]
2023-03-21 18:45:50.766 [info] > git status -z -uall [859ms]
2023-03-21 18:45:58.468 [info] > git ls-files --stage -- /home/jamessearle71/Projects/index.html [29ms]
2023-03-21 18:45:58.504 [info] > git ls-files --stage -- /home/jamessearle71/Projects/reading-notes/code-102/102class-03.md [109ms]
2023-03-21 18:45:58.528 [info] > git cat-file -s 78b5c5c4cf8d07846c85d8a169a126f32cabfd2c [24ms]
2023-03-21 18:45:58.536 [info] > git ls-files --stage -- /home/jamessearle71/Projects/html.index [70ms]
2023-03-21 18:45:58.605 [info] > git cat-file -s e69de29bb2d1d6434b8b29ae775ad8c2e48c5391 [32ms]
2023-03-21 18:45:58.628 [info] > git cat-file -s 2a8340f3ed1d29f945ca945ab10b3e28ee5b9fe8 [105ms]
2023-03-21 18:45:58.637 [info] > git show --textconv :Projects/index.html [35ms]
2023-03-21 18:45:58.744 [info] > git show --textconv :Projects/html.index [64ms]
2023-03-21 18:45:58.745 [info] > git show --textconv :code-102/102class-03.md [8ms]
2023-03-21 18:45:59.169 [info] > git config --get commit.template [10ms]
2023-03-21 18:45:59.215 [info] > git for-each-ref --format=%(refname)%00%(upstream:short)%00%(objectname)%00%(upstream:track)%00%(upstream:remotename)%00%(upstream:remoteref) refs/heads/master refs/remotes/master [11ms]
2023-03-21 18:45:59.867 [info] > git status -z -uall [621ms]
2023-03-21 18:46:15.702 [info] > git config --get commit.template [77ms]
2023-03-21 18:46:15.742 [info] > git for-each-ref --format=%(refname)%00%(upstream:short)%00%(objectname)%00%(upstream:track)%00%(upstream:remotename)%00%(upstream:remoteref) refs/heads/master refs/remotes/master [43ms]
2023-03-21 18:46:16.312 [info] > git status -z -uall [475ms]
2023-03-21 18:46:47.726 [info] > git config --get commit.template [111ms]
2023-03-21 18:46:47.745 [info] > git for-each-ref --format=%(refname)%00%(upstream:short)%00%(objectname)%00%(upstream:track)%00%(upstream:remotename)%00%(upstream:remoteref) refs/heads/master refs/remotes/master [21ms]
2023-03-21 18:46:48.733 [info] > git status -z -uall [945ms]
2023-03-21 18:46:53.919 [info] > git config --get commit.template [52ms]
2023-03-21 18:46:53.940 [info] > git for-each-ref --format=%(refname)%00%(upstream:short)%00%(objectname)%00%(upstream:track)%00%(upstream:remotename)%00%(upstream:remoteref) refs/heads/master refs/remotes/master [23ms]
2023-03-21 18:46:54.754 [info] > git status -z -uall [779ms]
2023-03-21 18:47:00.871 [info] > git config --get commit.template [13ms]
2023-03-21 18:47:00.936 [info] > git for-each-ref --format=%(refname)%00%(upstream:short)%00%(objectname)%00%(upstream:track)%00%(upstream:remotename)%00%(upstream:remoteref) refs/heads/master refs/remotes/master [12ms]
2023-03-21 18:47:01.688 [info] > git status -z -uall [728ms]
2023-03-21 18:47:08.353 [info] > git config --get commit.template [112ms]
2023-03-21 18:47:08.359 [info] > git for-each-ref --format=%(refname)%00%(upstream:short)%00%(objectname)%00%(upstream:track)%00%(upstream:remotename)%00%(upstream:remoteref) refs/heads/master refs/remotes/master [47ms]
2023-03-21 18:47:09.912 [info] > git status -z -uall [1503ms]
2023-03-21 18:47:15.085 [info] > git config --get commit.template [2ms]
2023-03-21 18:47:15.159 [info] > git for-each-ref --format=%(refname)%00%(upstream:short)%00%(objectname)%00%(upstream:track)%00%(upstream:remotename)%00%(upstream:remoteref) refs/heads/master refs/remotes/master [29ms]
2023-03-21 18:47:15.859 [info] > git status -z -uall [651ms]
2023-03-21 18:48:25.269 [info] > git config --get commit.template [72ms]
2023-03-21 18:48:25.292 [info] > git for-each-ref --format=%(refname)%00%(upstream:short)%00%(objectname)%00%(upstream:track)%00%(upstream:remotename)%00%(upstream:remoteref) refs/heads/master refs/remotes/master [35ms]
2023-03-21 18:48:26.534 [info] > git status -z -uall [1175ms]
2023-03-21 18:48:31.677 [info] > git config --get commit.template [10ms]
2023-03-21 18:48:31.756 [info] > git for-each-ref --format=%(refname)%00%(upstream:short)%00%(objectname)%00%(upstream:track)%00%(upstream:remotename)%00%(upstream:remoteref) refs/heads/master refs/remotes/master [22ms]
2023-03-21 18:48:32.725 [info] > git status -z -uall [845ms]
2023-03-21 18:48:39.865 [info] > git config --get commit.template [74ms]
2023-03-21 18:48:39.931 [info] > git for-each-ref --format=%(refname)%00%(upstream:short)%00%(objectname)%00%(upstream:track)%00%(upstream:remotename)%00%(upstream:remoteref) refs/heads/master refs/remotes/master [68ms]
2023-03-21 18:48:41.136 [info] > git status -z -uall [1165ms]
2023-03-21 18:48:46.293 [info] > git config --get commit.template [34ms]
2023-03-21 18:48:46.399 [info] > git for-each-ref --format=%(refname)%00%(upstream:short)%00%(objectname)%00%(upstream:track)%00%(upstream:remotename)%00%(upstream:remoteref) refs/heads/master refs/remotes/master [28ms]
2023-03-21 18:48:47.539 [info] > git status -z -uall [1036ms]
2023-03-21 18:48:52.838 [info] > git config --get commit.template [62ms]
2023-03-21 18:48:52.859 [info] > git for-each-ref --format=%(refname)%00%(upstream:short)%00%(objectname)%00%(upstream:track)%00%(upstream:remotename)%00%(upstream:remoteref) refs/heads/master refs/remotes/master [32ms]
2023-03-21 18:48:53.665 [info] > git status -z -uall [766ms]
2023-03-21 18:48:58.796 [info] > git config --get commit.template [43ms]
2023-03-21 18:48:58.813 [info] > git for-each-ref --format=%(refname)%00%(upstream:short)%00%(objectname)%00%(upstream:track)%00%(upstream:remotename)%00%(upstream:remoteref) refs/heads/master refs/remotes/master [20ms]
2023-03-21 18:48:59.387 [info] > git status -z -uall [527ms]
2023-03-21 18:49:01.457 [info] > git ls-files --stage -- /home/jamessearle71/Projects/reading-notes/code-102/102class-03.md [4ms]
2023-03-21 18:49:01.494 [info] > git cat-file -s 2a8340f3ed1d29f945ca945ab10b3e28ee5b9fe8 [8ms]
2023-03-21 18:49:01.557 [info] > git show --textconv :code-102/102class-03.md [1ms]
2023-03-21 18:49:04.471 [info] > git config --get commit.template [35ms]
2023-03-21 18:49:04.483 [info] > git for-each-ref --format=%(refname)%00%(upstream:short)%00%(objectname)%00%(upstream:track)%00%(upstream:remotename)%00%(upstream:remoteref) refs/heads/master refs/remotes/master [14ms]
2023-03-21 18:49:04.951 [info] > git status -z -uall [418ms]
2023-03-21 18:49:16.778 [info] > git ls-files --stage -- /home/jamessearle71/Projects/reading-notes/code-102/102class-03.md [2ms]
2023-03-21 18:49:16.825 [info] > git cat-file -s 2a8340f3ed1d29f945ca945ab10b3e28ee5b9fe8 [14ms]
2023-03-21 18:49:16.898 [info] > git show --textconv :code-102/102class-03.md [18ms]
2023-03-21 18:49:16.982 [info] > git config --get commit.template [5ms]
2023-03-21 18:49:17.033 [info] > git for-each-ref --format=%(refname)%00%(upstream:short)%00%(objectname)%00%(upstream:track)%00%(upstream:remotename)%00%(upstream:remoteref) refs/heads/master refs/remotes/master [20ms]
2023-03-21 18:49:17.977 [info] > git status -z -uall [903ms]
2023-03-21 18:49:23.135 [info] > git for-each-ref --format=%(refname)%00%(upstream:short)%00%(objectname)%00%(upstream:track)%00%(upstream:remotename)%00%(upstream:remoteref) refs/heads/master refs/remotes/master [32ms]
2023-03-21 18:49:23.137 [info] > git config --get commit.template [66ms]
2023-03-21 18:49:23.831 [info] > git status -z -uall [668ms]
2023-03-21 18:49:39.643 [info] > git config --get commit.template [36ms]
2023-03-21 18:49:39.652 [info] > git for-each-ref --format=%(refname)%00%(upstream:short)%00%(objectname)%00%(upstream:track)%00%(upstream:remotename)%00%(upstream:remoteref) refs/heads/master refs/remotes/master [12ms]
2023-03-21 18:49:40.279 [info] > git status -z -uall [586ms]
2023-03-21 18:49:46.243 [info] > git config --get commit.template [42ms]
2023-03-21 18:49:46.417 [info] > git for-each-ref --format=%(refname)%00%(upstream:short)%00%(objectname)%00%(upstream:track)%00%(upstream:remotename)%00%(upstream:remoteref) refs/heads/master refs/remotes/master [32ms]
2023-03-21 18:49:47.611 [info] > git status -z -uall [1151ms]
2023-03-21 18:49:59.626 [info] > git config --get commit.template [153ms]
2023-03-21 18:49:59.647 [info] > git for-each-ref --format=%(refname)%00%(upstream:short)%00%(objectname)%00%(upstream:track)%00%(upstream:remotename)%00%(upstream:remoteref) refs/heads/master refs/remotes/master [42ms]
2023-03-21 18:50:00.915 [info] > git status -z -uall [1218ms]
2023-03-21 18:50:06.322 [info] > git config --get commit.template [79ms]
2023-03-21 18:50:06.337 [info] > git for-each-ref --format=%(refname)%00%(upstream:short)%00%(objectname)%00%(upstream:track)%00%(upstream:remotename)%00%(upstream:remoteref) refs/heads/master refs/remotes/master [20ms]
2023-03-21 18:50:06.996 [info] > git status -z -uall [615ms]
2023-03-21 18:50:12.121 [info] > git config --get commit.template [65ms]
2023-03-21 18:50:12.145 [info] > git for-each-ref --format=%(refname)%00%(upstream:short)%00%(objectname)%00%(upstream:track)%00%(upstream:remotename)%00%(upstream:remoteref) refs/heads/master refs/remotes/master [29ms]
2023-03-21 18:50:13.247 [info] > git status -z -uall [1077ms]
2023-03-21 18:50:25.117 [info] > git config --get commit.template [138ms]
2023-03-21 18:50:25.128 [info] > git for-each-ref --format=%(refname)%00%(upstream:short)%00%(objectname)%00%(upstream:track)%00%(upstream:remotename)%00%(upstream:remoteref) refs/heads/master refs/remotes/master [19ms]
2023-03-21 18:50:25.802 [info] > git status -z -uall [651ms]
2023-03-21 18:50:30.868 [info] > git config --get commit.template [8ms]
2023-03-21 18:50:30.923 [info] > git for-each-ref --format=%(refname)%00%(upstream:short)%00%(objectname)%00%(upstream:track)%00%(upstream:remotename)%00%(upstream:remoteref) refs/heads/master refs/remotes/master [16ms]
2023-03-21 18:50:31.654 [info] > git status -z -uall [699ms]
2023-03-21 18:50:56.634 [info] > git config --get commit.template [30ms]
2023-03-21 18:50:56.706 [info] > git for-each-ref --format=%(refname)%00%(upstream:short)%00%(objectname)%00%(upstream:track)%00%(upstream:remotename)%00%(upstream:remoteref) refs/heads/master refs/remotes/master [31ms]
2023-03-21 18:50:57.662 [info] > git status -z -uall [918ms]
2023-03-21 18:51:02.800 [info] > git config --get commit.template [8ms]
2023-03-21 18:51:02.862 [info] > git for-each-ref --format=%(refname)%00%(upstream:short)%00%(objectname)%00%(upstream:track)%00%(upstream:remotename)%00%(upstream:remoteref) refs/heads/master refs/remotes/master [15ms]
2023-03-21 18:51:03.560 [info] > git status -z -uall [661ms]
2023-03-21 18:51:08.700 [info] > git config --get commit.template [50ms]
2023-03-21 18:51:08.717 [info] > git for-each-ref --format=%(refname)%00%(upstream:short)%00%(objectname)%00%(upstream:track)%00%(upstream:remotename)%00%(upstream:remoteref) refs/heads/master refs/remotes/master [20ms]
2023-03-21 18:51:09.457 [info] > git status -z -uall [691ms]
2023-03-21 18:51:17.191 [info] > git ls-files --stage -- /home/jamessearle71/Projects/reading-notes/code-102/102class-03.md [11ms]
2023-03-21 18:51:17.242 [info] > git cat-file -s 2a8340f3ed1d29f945ca945ab10b3e28ee5b9fe8 [10ms]
2023-03-21 18:51:17.309 [info] > git show --textconv :code-102/102class-03.md [2ms]
2023-03-21 18:51:18.037 [info] > git config --get commit.template [68ms]
2023-03-21 18:51:18.040 [info] > git for-each-ref --format=%(refname)%00%(upstream:short)%00%(objectname)%00%(upstream:track)%00%(upstream:remotename)%00%(upstream:remoteref) refs/heads/master refs/remotes/master [13ms]
2023-03-21 18:51:18.876 [info] > git status -z -uall [796ms]
2023-03-21 18:55:47.791 [info] > git ls-files --stage -- /home/jamessearle71/Projects/reading-notes/code-102/102class-03.md [75ms]
2023-03-21 18:55:47.936 [info] > git config --get commit.template [165ms]
2023-03-21 18:55:47.983 [info] > git for-each-ref --format=%(refname)%00%(upstream:short)%00%(objectname)%00%(upstream:track)%00%(upstream:remotename)%00%(upstream:remoteref) refs/heads/master refs/remotes/master [68ms]
2023-03-21 18:55:48.142 [info] > git cat-file -s 2a8340f3ed1d29f945ca945ab10b3e28ee5b9fe8 [296ms]
2023-03-21 18:55:49.470 [info] > git show --textconv :code-102/102class-03.md [91ms]
2023-03-21 18:55:50.943 [info] > git status -z -uall [2804ms]
2023-03-21 18:55:56.341 [info] > git config --get commit.template [6ms]
2023-03-21 18:55:56.384 [info] > git for-each-ref --format=%(refname)%00%(upstream:short)%00%(objectname)%00%(upstream:track)%00%(upstream:remotename)%00%(upstream:remoteref) refs/heads/master refs/remotes/master [11ms]
2023-03-21 18:55:57.201 [info] > git status -z -uall [787ms]
2023-03-21 18:56:02.071 [info] > git config --get commit.template [4ms]
2023-03-21 18:56:02.103 [info] > git for-each-ref --format=%(refname)%00%(upstream:short)%00%(objectname)%00%(upstream:track)%00%(upstream:remotename)%00%(upstream:remoteref) refs/heads/main refs/remotes/main [6ms]
2023-03-21 18:56:02.137 [info] > git status -z -uall [7ms]
2023-03-21 18:56:02.479 [info] > git config --get commit.template [7ms]
2023-03-21 18:56:02.535 [info] > git for-each-ref --format=%(refname)%00%(upstream:short)%00%(objectname)%00%(upstream:track)%00%(upstream:remotename)%00%(upstream:remoteref) refs/heads/master refs/remotes/master [16ms]
2023-03-21 18:56:03.082 [info] > git status -z -uall [517ms]
2023-03-21 18:56:08.306 [info] > git config --get commit.template [30ms]
2023-03-21 18:56:08.399 [info] > git for-each-ref --format=%(refname)%00%(upstream:short)%00%(objectname)%00%(upstream:track)%00%(upstream:remotename)%00%(upstream:remoteref) refs/heads/master refs/remotes/master [5ms]
2023-03-21 18:56:13.408 [info] > git status -z -uall [4961ms]
2023-03-21 18:56:18.767 [info] > git config --get commit.template [4ms]
2023-03-21 18:56:18.805 [info] > git for-each-ref --format=%(refname)%00%(upstream:short)%00%(objectname)%00%(upstream:track)%00%(upstream:remotename)%00%(upstream:remoteref) refs/heads/master refs/remotes/master [16ms]
2023-03-21 18:56:19.758 [info] > git status -z -uall [887ms]
2023-03-21 18:56:49.697 [info] > git config --get commit.template [34ms]
2023-03-21 18:56:49.702 [info] > git for-each-ref --format=%(refname)%00%(upstream:short)%00%(objectname)%00%(upstream:track)%00%(upstream:remotename)%00%(upstream:remoteref) refs/heads/master refs/remotes/master [7ms]
2023-03-21 18:56:50.479 [info] > git status -z -uall [744ms]
2023-03-21 18:56:55.533 [info] > git config --get commit.template [10ms]
2023-03-21 18:56:55.593 [info] > git for-each-ref --format=%(refname)%00%(upstream:short)%00%(objectname)%00%(upstream:track)%00%(upstream:remotename)%00%(upstream:remoteref) refs/heads/master refs/remotes/master [17ms]
2023-03-21 18:56:56.252 [info] > git status -z -uall [616ms]
2023-03-21 18:57:04.423 [info] > git config --get commit.template [46ms]
2023-03-21 18:57:04.439 [info] > git for-each-ref --format=%(refname)%00%(upstream:short)%00%(objectname)%00%(upstream:track)%00%(upstream:remotename)%00%(upstream:remoteref) refs/heads/master refs/remotes/master [18ms]
2023-03-21 18:57:05.164 [info] > git status -z -uall [678ms]
2023-03-21 18:57:12.897 [info] > git config --get commit.template [2ms]
2023-03-21 18:57:12.996 [info] > git for-each-ref --format=%(refname)%00%(upstream:short)%00%(objectname)%00%(upstream:track)%00%(upstream:remotename)%00%(upstream:remoteref) refs/heads/master refs/remotes/master [34ms]
2023-03-21 18:57:13.812 [info] > git status -z -uall [755ms]
2023-03-21 18:57:25.025 [info] > git ls-files --stage -- /home/jamessearle71/Projects/reading-notes/code-102/102class-03.md [9ms]
2023-03-21 18:57:25.079 [info] > git cat-file -s 2a8340f3ed1d29f945ca945ab10b3e28ee5b9fe8 [14ms]
2023-03-21 18:57:25.160 [info] > git show --textconv :code-102/102class-03.md [16ms]
2023-03-21 18:57:25.790 [info] > git config --get commit.template [59ms]
2023-03-21 18:57:25.791 [info] > git for-each-ref --format=%(refname)%00%(upstream:short)%00%(objectname)%00%(upstream:track)%00%(upstream:remotename)%00%(upstream:remoteref) refs/heads/master refs/remotes/master [5ms]
2023-03-21 18:57:26.716 [info] > git status -z -uall [869ms]
2023-03-21 18:57:39.700 [info] > git config --get commit.template [5ms]
2023-03-21 18:57:39.740 [info] > git for-each-ref --format=%(refname)%00%(upstream:short)%00%(objectname)%00%(upstream:track)%00%(upstream:remotename)%00%(upstream:remoteref) refs/heads/master refs/remotes/master [4ms]
2023-03-21 18:57:40.742 [info] > git status -z -uall [976ms]
2023-03-21 18:57:49.673 [info] > git config --get commit.template [42ms]
2023-03-21 18:57:49.678 [info] > git for-each-ref --format=%(refname)%00%(upstream:short)%00%(objectname)%00%(upstream:track)%00%(upstream:remotename)%00%(upstream:remoteref) refs/heads/master refs/remotes/master [7ms]
2023-03-21 18:57:50.501 [info] > git status -z -uall [797ms]
2023-03-21 18:58:15.625 [info] > git config --get commit.template [5ms]
2023-03-21 18:58:15.655 [info] > git for-each-ref --format=%(refname)%00%(upstream:short)%00%(objectname)%00%(upstream:track)%00%(upstream:remotename)%00%(upstream:remoteref) refs/heads/master refs/remotes/master [8ms]
2023-03-21 18:58:16.018 [info] > git status -z -uall [344ms]
2023-03-21 18:58:39.708 [info] > git config --get commit.template [14ms]
2023-03-21 18:58:39.746 [info] > git for-each-ref --format=%(refname)%00%(upstream:short)%00%(objectname)%00%(upstream:track)%00%(upstream:remotename)%00%(upstream:remoteref) refs/heads/master refs/remotes/master [16ms]
2023-03-21 18:58:40.077 [info] > git status -z -uall [305ms]
2023-03-21 18:59:50.859 [info] > git config --get commit.template [32ms]
2023-03-21 18:59:51.044 [info] > git for-each-ref --format=%(refname)%00%(upstream:short)%00%(objectname)%00%(upstream:track)%00%(upstream:remotename)%00%(upstream:remoteref) refs/heads/master refs/remotes/master [91ms]
2023-03-21 18:59:52.491 [info] > git show --textconv :index.html [35ms]
2023-03-21 18:59:52.884 [info] > git ls-files --stage -- /home/jamessearle71/Projects/reading-notes/index.html [63ms]
2023-03-21 18:59:53.040 [info] > git status -z -uall [1902ms]
2023-03-21 18:59:53.083 [info] > git cat-file -s e2713f0f11760615008af2c0c878565018e69655 [52ms]
2023-03-21 19:00:40.640 [info] > git config --get commit.template [17ms]
2023-03-21 19:00:40.734 [info] > git for-each-ref --format=%(refname)%00%(upstream:short)%00%(objectname)%00%(upstream:track)%00%(upstream:remotename)%00%(upstream:remoteref) refs/heads/master refs/remotes/master [37ms]
2023-03-21 19:00:41.535 [info] > git status -z -uall [742ms]
2023-03-21 19:00:46.717 [info] > git config --get commit.template [3ms]
2023-03-21 19:00:46.825 [info] > git for-each-ref --format=%(refname)%00%(upstream:short)%00%(objectname)%00%(upstream:track)%00%(upstream:remotename)%00%(upstream:remoteref) refs/heads/master refs/remotes/master [34ms]
2023-03-21 19:00:47.921 [info] > git status -z -uall [1041ms]
2023-03-21 19:01:03.400 [info] > git config --get commit.template [57ms]
2023-03-21 19:01:03.439 [info] > git for-each-ref --format=%(refname)%00%(upstream:short)%00%(objectname)%00%(upstream:track)%00%(upstream:remotename)%00%(upstream:remoteref) refs/heads/master refs/remotes/master [42ms]
2023-03-21 19:01:04.308 [info] > git status -z -uall [835ms]
2023-03-21 19:02:41.051 [info] > git config --get commit.template [82ms]
2023-03-21 19:02:41.095 [info] > git for-each-ref --format=%(refname)%00%(upstream:short)%00%(objectname)%00%(upstream:track)%00%(upstream:remotename)%00%(upstream:remoteref) refs/heads/master refs/remotes/master [75ms]
2023-03-21 19:02:42.212 [info] > git status -z -uall [1037ms]
2023-03-21 19:02:47.725 [info] > git config --get commit.template [144ms]
2023-03-21 19:02:47.756 [info] > git for-each-ref --format=%(refname)%00%(upstream:short)%00%(objectname)%00%(upstream:track)%00%(upstream:remotename)%00%(upstream:remoteref) refs/heads/master refs/remotes/master [86ms]
2023-03-21 19:02:49.445 [info] > git status -z -uall [1232ms]
2023-03-21 19:03:04.211 [info] > git show --textconv :Projects/index.html [353ms]
2023-03-21 19:03:04.374 [info] > git ls-files --stage -- /home/jamessearle71/Projects/index.html [320ms]
2023-03-21 19:03:05.695 [info] > git config --get commit.template [7ms]
2023-03-21 19:03:05.752 [info] > git for-each-ref --format=%(refname)%00%(upstream:short)%00%(objectname)%00%(upstream:track)%00%(upstream:remotename)%00%(upstream:remoteref) refs/heads/master refs/remotes/master [4ms]
2023-03-21 19:03:06.657 [info] > git status -z -uall [861ms]
2023-03-21 19:03:11.935 [info] > git config --get commit.template [91ms]
2023-03-21 19:03:11.948 [info] > git for-each-ref --format=%(refname)%00%(upstream:short)%00%(objectname)%00%(upstream:track)%00%(upstream:remotename)%00%(upstream:remoteref) refs/heads/master refs/remotes/master [22ms]
2023-03-21 19:03:12.984 [info] > git status -z -uall [989ms]
2023-03-21 19:03:39.897 [info] > git config --get commit.template [29ms]
2023-03-21 19:03:39.912 [info] > git for-each-ref --format=%(refname)%00%(upstream:short)%00%(objectname)%00%(upstream:track)%00%(upstream:remotename)%00%(upstream:remoteref) refs/heads/master refs/remotes/master [17ms]
2023-03-21 19:03:40.248 [info] > git status -z -uall [308ms]
2023-03-21 19:03:45.324 [info] > git config --get commit.template [28ms]
2023-03-21 19:03:45.335 [info] > git for-each-ref --format=%(refname)%00%(upstream:short)%00%(objectname)%00%(upstream:track)%00%(upstream:remotename)%00%(upstream:remoteref) refs/heads/master refs/remotes/master [12ms]
2023-03-21 19:03:45.661 [info] > git status -z -uall [308ms]
2023-03-21 19:03:50.700 [info] > git config --get commit.template [3ms]
2023-03-21 19:03:50.727 [info] > git for-each-ref --format=%(refname)%00%(upstream:short)%00%(objectname)%00%(upstream:track)%00%(upstream:remotename)%00%(upstream:remoteref) refs/heads/master refs/remotes/master [2ms]
2023-03-21 19:03:51.047 [info] > git status -z -uall [296ms]
2023-03-21 19:03:56.125 [info] > git config --get commit.template [24ms]
2023-03-21 19:03:56.136 [info] > git for-each-ref --format=%(refname)%00%(upstream:short)%00%(objectname)%00%(upstream:track)%00%(upstream:remotename)%00%(upstream:remoteref) refs/heads/master refs/remotes/master [14ms]
2023-03-21 19:03:56.459 [info] > git status -z -uall [303ms]
2023-03-21 19:04:03.549 [info] > git config --get commit.template [6ms]
2023-03-21 19:04:03.580 [info] > git for-each-ref --format=%(refname)%00%(upstream:short)%00%(objectname)%00%(upstream:track)%00%(upstream:remotename)%00%(upstream:remoteref) refs/heads/master refs/remotes/master [6ms]
2023-03-21 19:04:03.904 [info] > git status -z -uall [305ms]
2023-03-21 19:04:08.995 [info] > git config --get commit.template [41ms]
2023-03-21 19:04:08.998 [info] > git for-each-ref --format=%(refname)%00%(upstream:short)%00%(objectname)%00%(upstream:track)%00%(upstream:remotename)%00%(upstream:remoteref) refs/heads/master refs/remotes/master [5ms]
2023-03-21 19:04:09.331 [info] > git status -z -uall [308ms]
2023-03-21 19:04:18.482 [info] > git config --get commit.template [23ms]
2023-03-21 19:04:18.485 [info] > git for-each-ref --format=%(refname)%00%(upstream:short)%00%(objectname)%00%(upstream:track)%00%(upstream:remotename)%00%(upstream:remoteref) refs/heads/master refs/remotes/master [6ms]
2023-03-21 19:04:18.820 [info] > git status -z -uall [316ms]
2023-03-21 19:04:23.859 [info] > git config --get commit.template [3ms]
2023-03-21 19:04:23.892 [info] > git for-each-ref --format=%(refname)%00%(upstream:short)%00%(objectname)%00%(upstream:track)%00%(upstream:remotename)%00%(upstream:remoteref) refs/heads/master refs/remotes/master [10ms]
2023-03-21 19:04:24.302 [info] > git status -z -uall [389ms]
2023-03-21 19:04:29.354 [info] > git config --get commit.template [3ms]
2023-03-21 19:04:29.383 [info] > git for-each-ref --format=%(refname)%00%(upstream:short)%00%(objectname)%00%(upstream:track)%00%(upstream:remotename)%00%(upstream:remoteref) refs/heads/master refs/remotes/master [9ms]
2023-03-21 19:04:29.724 [info] > git status -z -uall [321ms]
2023-03-21 19:04:34.765 [info] > git config --get commit.template [3ms]
2023-03-21 19:04:34.791 [info] > git for-each-ref --format=%(refname)%00%(upstream:short)%00%(objectname)%00%(upstream:track)%00%(upstream:remotename)%00%(upstream:remoteref) refs/heads/master refs/remotes/master [6ms]
2023-03-21 19:04:35.143 [info] > git status -z -uall [333ms]
2023-03-21 19:04:40.202 [info] > git config --get commit.template [22ms]
2023-03-21 19:04:40.206 [info] > git for-each-ref --format=%(refname)%00%(upstream:short)%00%(objectname)%00%(upstream:track)%00%(upstream:remotename)%00%(upstream:remoteref) refs/heads/master refs/remotes/master [6ms]
2023-03-21 19:04:40.534 [info] > git status -z -uall [309ms]
2023-03-21 19:04:45.586 [info] > git config --get commit.template [4ms]
2023-03-21 19:04:45.624 [info] > git for-each-ref --format=%(refname)%00%(upstream:short)%00%(objectname)%00%(upstream:track)%00%(upstream:remotename)%00%(upstream:remoteref) refs/heads/master refs/remotes/master [10ms]
2023-03-21 19:04:45.989 [info] > git status -z -uall [339ms]
2023-03-21 19:04:51.034 [info] > git config --get commit.template [3ms]
2023-03-21 19:04:51.058 [info] > git for-each-ref --format=%(refname)%00%(upstream:short)%00%(objectname)%00%(upstream:track)%00%(upstream:remotename)%00%(upstream:remoteref) refs/heads/master refs/remotes/master [4ms]
2023-03-21 19:04:51.400 [info] > git status -z -uall [314ms]
2023-03-21 19:04:58.353 [info] > git config --get commit.template [3ms]
2023-03-21 19:04:58.386 [info] > git for-each-ref --format=%(refname)%00%(upstream:short)%00%(objectname)%00%(upstream:track)%00%(upstream:remotename)%00%(upstream:remoteref) refs/heads/master refs/remotes/master [3ms]
2023-03-21 19:04:58.728 [info] > git status -z -uall [318ms]
2023-03-21 19:05:03.771 [info] > git config --get commit.template [4ms]
2023-03-21 19:05:03.802 [info] > git for-each-ref --format=%(refname)%00%(upstream:short)%00%(objectname)%00%(upstream:track)%00%(upstream:remotename)%00%(upstream:remoteref) refs/heads/master refs/remotes/master [7ms]
2023-03-21 19:05:04.152 [info] > git status -z -uall [330ms]
2023-03-21 19:05:09.817 [info] > git config --get commit.template [6ms]
2023-03-21 19:05:09.843 [info] > git for-each-ref --format=%(refname)%00%(upstream:short)%00%(objectname)%00%(upstream:track)%00%(upstream:remotename)%00%(upstream:remoteref) refs/heads/master refs/remotes/master [6ms]
2023-03-21 19:05:10.370 [info] > git status -z -uall [507ms]
2023-03-21 19:05:15.411 [info] > git config --get commit.template [5ms]
2023-03-21 19:05:15.438 [info] > git for-each-ref --format=%(refname)%00%(upstream:short)%00%(objectname)%00%(upstream:track)%00%(upstream:remotename)%00%(upstream:remoteref) refs/heads/master refs/remotes/master [7ms]
2023-03-21 19:05:15.791 [info] > git status -z -uall [334ms]
2023-03-21 19:05:20.860 [info] > git config --get commit.template [11ms]
2023-03-21 19:05:20.886 [info] > git for-each-ref --format=%(refname)%00%(upstream:short)%00%(objectname)%00%(upstream:track)%00%(upstream:remotename)%00%(upstream:remoteref) refs/heads/master refs/remotes/master [6ms]
2023-03-21 19:05:21.224 [info] > git status -z -uall [311ms]
2023-03-21 19:05:27.638 [info] > git config --get commit.template [6ms]
2023-03-21 19:05:27.674 [info] > git for-each-ref --format=%(refname)%00%(upstream:short)%00%(objectname)%00%(upstream:track)%00%(upstream:remotename)%00%(upstream:remoteref) refs/heads/master refs/remotes/master [5ms]
2023-03-21 19:05:28.038 [info] > git status -z -uall [344ms]
2023-03-21 19:05:33.099 [info] > git config --get commit.template [24ms]
2023-03-21 19:05:33.100 [info] > git for-each-ref --format=%(refname)%00%(upstream:short)%00%(objectname)%00%(upstream:track)%00%(upstream:remotename)%00%(upstream:remoteref) refs/heads/master refs/remotes/master [5ms]
2023-03-21 19:05:33.494 [info] > git status -z -uall [373ms]
2023-03-21 19:05:38.560 [info] > git config --get commit.template [3ms]
2023-03-21 19:05:38.597 [info] > git for-each-ref --format=%(refname)%00%(upstream:short)%00%(objectname)%00%(upstream:track)%00%(upstream:remotename)%00%(upstream:remoteref) refs/heads/master refs/remotes/master [14ms]
2023-03-21 19:05:39.054 [info] > git status -z -uall [432ms]
2023-03-21 19:05:44.109 [info] > git config --get commit.template [3ms]
2023-03-21 19:05:44.139 [info] > git for-each-ref --format=%(refname)%00%(upstream:short)%00%(objectname)%00%(upstream:track)%00%(upstream:remotename)%00%(upstream:remoteref) refs/heads/master refs/remotes/master [5ms]
2023-03-21 19:05:44.529 [info] > git status -z -uall [371ms]
2023-03-21 19:05:49.571 [info] > git config --get commit.template [3ms]
2023-03-21 19:05:49.598 [info] > git for-each-ref --format=%(refname)%00%(upstream:short)%00%(objectname)%00%(upstream:track)%00%(upstream:remotename)%00%(upstream:remoteref) refs/heads/master refs/remotes/master [5ms]
2023-03-21 19:05:49.925 [info] > git status -z -uall [308ms]
2023-03-21 19:05:54.979 [info] > git config --get commit.template [3ms]
2023-03-21 19:05:55.006 [info] > git for-each-ref --format=%(refname)%00%(upstream:short)%00%(objectname)%00%(upstream:track)%00%(upstream:remotename)%00%(upstream:remoteref) refs/heads/master refs/remotes/master [6ms]
2023-03-21 19:05:55.336 [info] > git status -z -uall [304ms]
2023-03-21 19:06:00.372 [info] > git config --get commit.template [4ms]
2023-03-21 19:06:00.399 [info] > git for-each-ref --format=%(refname)%00%(upstream:short)%00%(objectname)%00%(upstream:track)%00%(upstream:remotename)%00%(upstream:remoteref) refs/heads/master refs/remotes/master [5ms]
2023-03-21 19:06:00.736 [info] > git status -z -uall [318ms]
2023-03-21 19:06:11.585 [info] > git config --get commit.template [9ms]
2023-03-21 19:06:11.614 [info] > git for-each-ref --format=%(refname)%00%(upstream:short)%00%(objectname)%00%(upstream:track)%00%(upstream:remotename)%00%(upstream:remoteref) refs/heads/master refs/remotes/master [6ms]
2023-03-21 19:06:12.003 [info] > git status -z -uall [369ms]
2023-03-21 19:06:17.056 [info] > git config --get commit.template [2ms]
2023-03-21 19:06:17.094 [info] > git for-each-ref --format=%(refname)%00%(upstream:short)%00%(objectname)%00%(upstream:track)%00%(upstream:remotename)%00%(upstream:remoteref) refs/heads/master refs/remotes/master [8ms]
2023-03-21 19:06:17.424 [info] > git status -z -uall [310ms]
2023-03-21 19:06:29.417 [info] > git config --get commit.template [4ms]
2023-03-21 19:06:29.451 [info] > git for-each-ref --format=%(refname)%00%(upstream:short)%00%(objectname)%00%(upstream:track)%00%(upstream:remotename)%00%(upstream:remoteref) refs/heads/master refs/remotes/master [6ms]
2023-03-21 19:06:29.775 [info] > git status -z -uall [305ms]
2023-03-21 19:06:36.115 [info] > git config --get commit.template [4ms]
2023-03-21 19:06:36.143 [info] > git for-each-ref --format=%(refname)%00%(upstream:short)%00%(objectname)%00%(upstream:track)%00%(upstream:remotename)%00%(upstream:remoteref) refs/heads/master refs/remotes/master [8ms]
2023-03-21 19:06:36.511 [info] > git status -z -uall [346ms]
2023-03-21 19:06:41.571 [info] > git config --get commit.template [22ms]
2023-03-21 19:06:41.575 [info] > git for-each-ref --format=%(refname)%00%(upstream:short)%00%(objectname)%00%(upstream:track)%00%(upstream:remotename)%00%(upstream:remoteref) refs/heads/master refs/remotes/master [5ms]
2023-03-21 19:06:41.901 [info] > git status -z -uall [307ms]
2023-03-21 19:06:46.949 [info] > git config --get commit.template [13ms]
2023-03-21 19:06:46.991 [info] > git for-each-ref --format=%(refname)%00%(upstream:short)%00%(objectname)%00%(upstream:track)%00%(upstream:remotename)%00%(upstream:remoteref) refs/heads/master refs/remotes/master [19ms]
2023-03-21 19:06:47.339 [info] > git status -z -uall [327ms]
2023-03-21 19:06:52.381 [info] > git config --get commit.template [4ms]
2023-03-21 19:06:52.409 [info] > git for-each-ref --format=%(refname)%00%(upstream:short)%00%(objectname)%00%(upstream:track)%00%(upstream:remotename)%00%(upstream:remoteref) refs/heads/master refs/remotes/master [9ms]
2023-03-21 19:06:52.767 [info] > git status -z -uall [338ms]
2023-03-21 19:06:57.815 [info] > git config --get commit.template [9ms]
2023-03-21 19:06:57.858 [info] > git for-each-ref --format=%(refname)%00%(upstream:short)%00%(objectname)%00%(upstream:track)%00%(upstream:remotename)%00%(upstream:remoteref) refs/heads/master refs/remotes/master [13ms]
2023-03-21 19:06:58.180 [info] > git status -z -uall [302ms]
2023-03-21 19:07:03.265 [info] > git config --get commit.template [42ms]
2023-03-21 19:07:03.271 [info] > git for-each-ref --format=%(refname)%00%(upstream:short)%00%(objectname)%00%(upstream:track)%00%(upstream:remotename)%00%(upstream:remoteref) refs/heads/master refs/remotes/master [16ms]
2023-03-21 19:07:03.622 [info] > git status -z -uall [330ms]
2023-03-21 19:07:08.662 [info] > git config --get commit.template [3ms]
2023-03-21 19:07:08.687 [info] > git for-each-ref --format=%(refname)%00%(upstream:short)%00%(objectname)%00%(upstream:track)%00%(upstream:remotename)%00%(upstream:remoteref) refs/heads/master refs/remotes/master [6ms]
2023-03-21 19:07:09.023 [info] > git status -z -uall [316ms]
2023-03-21 19:07:15.968 [info] > git config --get commit.template [3ms]
2023-03-21 19:07:15.996 [info] > git for-each-ref --format=%(refname)%00%(upstream:short)%00%(objectname)%00%(upstream:track)%00%(upstream:remotename)%00%(upstream:remoteref) refs/heads/master refs/remotes/master [6ms]
2023-03-21 19:07:16.318 [info] > git status -z -uall [303ms]
2023-03-21 19:07:21.362 [info] > git config --get commit.template [5ms]
2023-03-21 19:07:21.389 [info] > git for-each-ref --format=%(refname)%00%(upstream:short)%00%(objectname)%00%(upstream:track)%00%(upstream:remotename)%00%(upstream:remoteref) refs/heads/master refs/remotes/master [6ms]
2023-03-21 19:07:21.704 [info] > git status -z -uall [293ms]
2023-03-21 19:07:26.806 [info] > git config --get commit.template [3ms]
2023-03-21 19:07:26.832 [info] > git for-each-ref --format=%(refname)%00%(upstream:short)%00%(objectname)%00%(upstream:track)%00%(upstream:remotename)%00%(upstream:remoteref) refs/heads/master refs/remotes/master [5ms]
2023-03-21 19:07:27.167 [info] > git status -z -uall [315ms]
2023-03-21 19:07:33.736 [info] > git config --get commit.template [3ms]
2023-03-21 19:07:33.760 [info] > git for-each-ref --format=%(refname)%00%(upstream:short)%00%(objectname)%00%(upstream:track)%00%(upstream:remotename)%00%(upstream:remoteref) refs/heads/master refs/remotes/master [6ms]
2023-03-21 19:07:34.180 [info] > git status -z -uall [399ms]
2023-03-21 19:07:39.216 [info] > git config --get commit.template [3ms]
2023-03-21 19:07:39.241 [info] > git for-each-ref --format=%(refname)%00%(upstream:short)%00%(objectname)%00%(upstream:track)%00%(upstream:remotename)%00%(upstream:remoteref) refs/heads/master refs/remotes/master [6ms]
2023-03-21 19:07:39.567 [info] > git status -z -uall [306ms]
2023-03-21 19:07:44.609 [info] > git config --get commit.template [4ms]
2023-03-21 19:07:44.646 [info] > git for-each-ref --format=%(refname)%00%(upstream:short)%00%(objectname)%00%(upstream:track)%00%(upstream:remotename)%00%(upstream:remoteref) refs/heads/master refs/remotes/master [8ms]
2023-03-21 19:07:45.190 [info] > git status -z -uall [523ms]
2023-03-21 19:07:52.225 [info] > git for-each-ref --format=%(refname)%00%(upstream:short)%00%(objectname)%00%(upstream:track)%00%(upstream:remotename)%00%(upstream:remoteref) refs/heads/master refs/remotes/master [17ms]
2023-03-21 19:07:52.226 [info] > git config --get commit.template [45ms]
2023-03-21 19:07:52.667 [info] > git status -z -uall [412ms]
2023-03-21 19:07:57.747 [info] > git config --get commit.template [42ms]
2023-03-21 19:07:57.778 [info] > git for-each-ref --format=%(refname)%00%(upstream:short)%00%(objectname)%00%(upstream:track)%00%(upstream:remotename)%00%(upstream:remoteref) refs/heads/master refs/remotes/master [34ms]
2023-03-21 19:07:58.208 [info] > git status -z -uall [411ms]
2023-03-21 19:08:03.251 [info] > git config --get commit.template [3ms]
2023-03-21 19:08:03.277 [info] > git for-each-ref --format=%(refname)%00%(upstream:short)%00%(objectname)%00%(upstream:track)%00%(upstream:remotename)%00%(upstream:remoteref) refs/heads/master refs/remotes/master [6ms]
2023-03-21 19:08:03.601 [info] > git status -z -uall [304ms]
2023-03-21 19:08:40.181 [info] > git config --get commit.template [3ms]
2023-03-21 19:08:40.207 [info] > git for-each-ref --format=%(refname)%00%(upstream:short)%00%(objectname)%00%(upstream:track)%00%(upstream:remotename)%00%(upstream:remoteref) refs/heads/master refs/remotes/master [6ms]
2023-03-21 19:08:40.548 [info] > git status -z -uall [322ms]
2023-03-21 19:08:45.594 [info] > git config --get commit.template [4ms]
2023-03-21 19:08:45.620 [info] > git for-each-ref --format=%(refname)%00%(upstream:short)%00%(objectname)%00%(upstream:track)%00%(upstream:remotename)%00%(upstream:remoteref) refs/heads/master refs/remotes/master [7ms]
2023-03-21 19:08:46.005 [info] > git status -z -uall [366ms]
2023-03-21 19:09:05.121 [info] > git config --get commit.template [21ms]
2023-03-21 19:09:05.125 [info] > git for-each-ref --format=%(refname)%00%(upstream:short)%00%(objectname)%00%(upstream:track)%00%(upstream:remotename)%00%(upstream:remoteref) refs/heads/master refs/remotes/master [5ms]
2023-03-21 19:09:05.468 [info] > git status -z -uall [323ms]
2023-03-21 19:09:36.302 [info] > git config --get commit.template [31ms]
2023-03-21 19:09:36.312 [info] > git for-each-ref --format=%(refname)%00%(upstream:short)%00%(objectname)%00%(upstream:track)%00%(upstream:remotename)%00%(upstream:remoteref) refs/heads/master refs/remotes/master [15ms]
2023-03-21 19:09:36.965 [info] > git status -z -uall [632ms]
2023-03-21 19:09:42.003 [info] > git config --get commit.template [4ms]
2023-03-21 19:09:42.033 [info] > git for-each-ref --format=%(refname)%00%(upstream:short)%00%(objectname)%00%(upstream:track)%00%(upstream:remotename)%00%(upstream:remoteref) refs/heads/master refs/remotes/master [7ms]
2023-03-21 19:09:42.416 [info] > git status -z -uall [359ms]
2023-03-21 19:09:47.452 [info] > git config --get commit.template [3ms]
2023-03-21 19:09:47.495 [info] > git for-each-ref --format=%(refname)%00%(upstream:short)%00%(objectname)%00%(upstream:track)%00%(upstream:remotename)%00%(upstream:remoteref) refs/heads/master refs/remotes/master [14ms]
2023-03-21 19:09:48.016 [info] > git status -z -uall [502ms]
2023-03-21 19:09:53.053 [info] > git config --get commit.template [5ms]
2023-03-21 19:09:53.088 [info] > git for-each-ref --format=%(refname)%00%(upstream:short)%00%(objectname)%00%(upstream:track)%00%(upstream:remotename)%00%(upstream:remoteref) refs/heads/master refs/remotes/master [6ms]
2023-03-21 19:09:53.437 [info] > git status -z -uall [328ms]
2023-03-21 19:09:58.476 [info] > git config --get commit.template [4ms]
2023-03-21 19:09:58.501 [info] > git for-each-ref --format=%(refname)%00%(upstream:short)%00%(objectname)%00%(upstream:track)%00%(upstream:remotename)%00%(upstream:remoteref) refs/heads/master refs/remotes/master [6ms]
2023-03-21 19:09:58.830 [info] > git status -z -uall [310ms]
2023-03-21 19:10:03.866 [info] > git config --get commit.template [4ms]
2023-03-21 19:10:03.892 [info] > git for-each-ref --format=%(refname)%00%(upstream:short)%00%(objectname)%00%(upstream:track)%00%(upstream:remotename)%00%(upstream:remoteref) refs/heads/master refs/remotes/master [6ms]
2023-03-21 19:10:04.231 [info] > git status -z -uall [319ms]
2023-03-21 19:10:09.269 [info] > git config --get commit.template [6ms]
2023-03-21 19:10:09.293 [info] > git for-each-ref --format=%(refname)%00%(upstream:short)%00%(objectname)%00%(upstream:track)%00%(upstream:remotename)%00%(upstream:remoteref) refs/heads/master refs/remotes/master [6ms]
2023-03-21 19:10:09.705 [info] > git status -z -uall [391ms]
2023-03-21 19:10:14.747 [info] > git config --get commit.template [5ms]
2023-03-21 19:10:14.775 [info] > git for-each-ref --format=%(refname)%00%(upstream:short)%00%(objectname)%00%(upstream:track)%00%(upstream:remotename)%00%(upstream:remoteref) refs/heads/master refs/remotes/master [5ms]
2023-03-21 19:10:15.099 [info] > git status -z -uall [304ms]
2023-03-21 19:10:20.136 [info] > git config --get commit.template [3ms]
2023-03-21 19:10:20.165 [info] > git for-each-ref --format=%(refname)%00%(upstream:short)%00%(objectname)%00%(upstream:track)%00%(upstream:remotename)%00%(upstream:remoteref) refs/heads/master refs/remotes/master [8ms]
2023-03-21 19:10:20.598 [info] > git status -z -uall [405ms]
2023-03-21 19:10:25.645 [info] > git config --get commit.template [7ms]
2023-03-21 19:10:25.678 [info] > git for-each-ref --format=%(refname)%00%(upstream:short)%00%(objectname)%00%(upstream:track)%00%(upstream:remotename)%00%(upstream:remoteref) refs/heads/master refs/remotes/master [11ms]
2023-03-21 19:10:26.093 [info] > git status -z -uall [395ms]
2023-03-21 19:10:31.173 [info] > git config --get commit.template [21ms]
2023-03-21 19:10:31.176 [info] > git for-each-ref --format=%(refname)%00%(upstream:short)%00%(objectname)%00%(upstream:track)%00%(upstream:remotename)%00%(upstream:remoteref) refs/heads/master refs/remotes/master [5ms]
2023-03-21 19:10:31.514 [info] > git status -z -uall [319ms]
2023-03-21 19:10:36.555 [info] > git config --get commit.template [3ms]
2023-03-21 19:10:36.581 [info] > git for-each-ref --format=%(refname)%00%(upstream:short)%00%(objectname)%00%(upstream:track)%00%(upstream:remotename)%00%(upstream:remoteref) refs/heads/master refs/remotes/master [6ms]
2023-03-21 19:10:36.900 [info] > git status -z -uall [299ms]
2023-03-21 19:10:41.955 [info] > git config --get commit.template [24ms]
2023-03-21 19:10:41.959 [info] > git for-each-ref --format=%(refname)%00%(upstream:short)%00%(objectname)%00%(upstream:track)%00%(upstream:remotename)%00%(upstream:remoteref) refs/heads/master refs/remotes/master [6ms]
2023-03-21 19:10:42.303 [info] > git status -z -uall [325ms]
2023-03-21 19:10:47.344 [info] > git config --get commit.template [3ms]
2023-03-21 19:10:47.372 [info] > git for-each-ref --format=%(refname)%00%(upstream:short)%00%(objectname)%00%(upstream:track)%00%(upstream:remotename)%00%(upstream:remoteref) refs/heads/master refs/remotes/master [8ms]
2023-03-21 19:10:47.699 [info] > git status -z -uall [308ms]
2023-03-21 19:10:52.732 [info] > git config --get commit.template [3ms]
2023-03-21 19:10:52.757 [info] > git for-each-ref --format=%(refname)%00%(upstream:short)%00%(objectname)%00%(upstream:track)%00%(upstream:remotename)%00%(upstream:remoteref) refs/heads/master refs/remotes/master [6ms]
2023-03-21 19:10:53.114 [info] > git status -z -uall [337ms]
2023-03-21 19:10:58.786 [info] > git config --get commit.template [31ms]
2023-03-21 19:10:58.806 [info] > git for-each-ref --format=%(refname)%00%(upstream:short)%00%(objectname)%00%(upstream:track)%00%(upstream:remotename)%00%(upstream:remoteref) refs/heads/master refs/remotes/master [22ms]
2023-03-21 19:10:59.200 [info] > git status -z -uall [364ms]
2023-03-21 19:11:04.272 [info] > git config --get commit.template [25ms]
2023-03-21 19:11:04.276 [info] > git for-each-ref --format=%(refname)%00%(upstream:short)%00%(objectname)%00%(upstream:track)%00%(upstream:remotename)%00%(upstream:remoteref) refs/heads/master refs/remotes/master [5ms]
2023-03-21 19:11:04.634 [info] > git status -z -uall [339ms]
2023-03-21 19:11:09.699 [info] > git config --get commit.template [28ms]
2023-03-21 19:11:09.708 [info] > git for-each-ref --format=%(refname)%00%(upstream:short)%00%(objectname)%00%(upstream:track)%00%(upstream:remotename)%00%(upstream:remoteref) refs/heads/master refs/remotes/master [10ms]
2023-03-21 19:11:10.051 [info] > git status -z -uall [319ms]
2023-03-21 19:11:15.089 [info] > git config --get commit.template [3ms]
2023-03-21 19:11:15.114 [info] > git for-each-ref --format=%(refname)%00%(upstream:short)%00%(objectname)%00%(upstream:track)%00%(upstream:remotename)%00%(upstream:remoteref) refs/heads/master refs/remotes/master [6ms]
2023-03-21 19:11:15.434 [info] > git status -z -uall [301ms]
2023-03-21 19:11:26.265 [info] > git config --get commit.template [22ms]
2023-03-21 19:11:26.272 [info] > git for-each-ref --format=%(refname)%00%(upstream:short)%00%(objectname)%00%(upstream:track)%00%(upstream:remotename)%00%(upstream:remoteref) refs/heads/master refs/remotes/master [9ms]
2023-03-21 19:11:26.609 [info] > git status -z -uall [314ms]
2023-03-21 19:11:31.655 [info] > git config --get commit.template [3ms]
2023-03-21 19:11:31.681 [info] > git for-each-ref --format=%(refname)%00%(upstream:short)%00%(objectname)%00%(upstream:track)%00%(upstream:remotename)%00%(upstream:remoteref) refs/heads/master refs/remotes/master [6ms]
2023-03-21 19:11:32.198 [info] > git status -z -uall [496ms]
2023-03-21 19:11:40.069 [info] > git config --get commit.template [3ms]
2023-03-21 19:11:40.096 [info] > git for-each-ref --format=%(refname)%00%(upstream:short)%00%(objectname)%00%(upstream:track)%00%(upstream:remotename)%00%(upstream:remoteref) refs/heads/master refs/remotes/master [7ms]
2023-03-21 19:11:40.409 [info] > git status -z -uall [293ms]
2023-03-21 19:11:49.033 [info] > git config --get commit.template [3ms]
2023-03-21 19:11:49.062 [info] > git for-each-ref --format=%(refname)%00%(upstream:short)%00%(objectname)%00%(upstream:track)%00%(upstream:remotename)%00%(upstream:remoteref) refs/heads/master refs/remotes/master [6ms]
2023-03-21 19:11:49.474 [info] > git status -z -uall [391ms]
2023-03-21 19:11:54.511 [info] > git config --get commit.template [6ms]
2023-03-21 19:11:54.541 [info] > git for-each-ref --format=%(refname)%00%(upstream:short)%00%(objectname)%00%(upstream:track)%00%(upstream:remotename)%00%(upstream:remoteref) refs/heads/master refs/remotes/master [6ms]
2023-03-21 19:11:55.022 [info] > git status -z -uall [453ms]
2023-03-21 19:12:00.064 [info] > git config --get commit.template [2ms]
2023-03-21 19:12:00.089 [info] > git for-each-ref --format=%(refname)%00%(upstream:short)%00%(objectname)%00%(upstream:track)%00%(upstream:remotename)%00%(upstream:remoteref) refs/heads/master refs/remotes/master [6ms]
2023-03-21 19:12:00.428 [info] > git status -z -uall [316ms]
2023-03-21 19:12:10.278 [info] > git config --get commit.template [3ms]
2023-03-21 19:12:10.303 [info] > git for-each-ref --format=%(refname)%00%(upstream:short)%00%(objectname)%00%(upstream:track)%00%(upstream:remotename)%00%(upstream:remoteref) refs/heads/master refs/remotes/master [6ms]
2023-03-21 19:12:10.646 [info] > git status -z -uall [324ms]
2023-03-21 19:12:15.706 [info] > git config --get commit.template [7ms]
2023-03-21 19:12:15.749 [info] > git for-each-ref --format=%(refname)%00%(upstream:short)%00%(objectname)%00%(upstream:track)%00%(upstream:remotename)%00%(upstream:remoteref) refs/heads/master refs/remotes/master [21ms]
2023-03-21 19:12:16.085 [info] > git status -z -uall [315ms]
2023-03-21 19:12:21.127 [info] > git config --get commit.template [5ms]
2023-03-21 19:12:21.164 [info] > git for-each-ref --format=%(refname)%00%(upstream:short)%00%(objectname)%00%(upstream:track)%00%(upstream:remotename)%00%(upstream:remoteref) refs/heads/master refs/remotes/master [17ms]
2023-03-21 19:12:21.533 [info] > git status -z -uall [349ms]
2023-03-21 19:12:29.434 [info] > git config --get commit.template [3ms]
2023-03-21 19:12:29.489 [info] > git for-each-ref --format=%(refname)%00%(upstream:short)%00%(objectname)%00%(upstream:track)%00%(upstream:remotename)%00%(upstream:remoteref) refs/heads/main refs/remotes/main [16ms]
2023-03-21 19:12:29.553 [info] > git status -z -uall [13ms]
2023-03-21 19:12:57.873 [info] > git config --get commit.template [68ms]
2023-03-21 19:12:57.896 [info] > git for-each-ref --format=%(refname)%00%(upstream:short)%00%(objectname)%00%(upstream:track)%00%(upstream:remotename)%00%(upstream:remoteref) refs/heads/master refs/remotes/master [30ms]
2023-03-21 19:12:58.681 [info] > git status -z -uall [741ms]
2023-03-21 19:13:03.813 [info] > git config --get commit.template [4ms]
2023-03-21 19:13:03.864 [info] > git for-each-ref --format=%(refname)%00%(upstream:short)%00%(objectname)%00%(upstream:track)%00%(upstream:remotename)%00%(upstream:remoteref) refs/heads/master refs/remotes/master [11ms]
2023-03-21 19:13:04.779 [info] > git status -z -uall [870ms]
2023-03-21 19:13:30.647 [info] > git config --get commit.template [60ms]
2023-03-21 19:13:30.666 [info] > git for-each-ref --format=%(refname)%00%(upstream:short)%00%(objectname)%00%(upstream:track)%00%(upstream:remotename)%00%(upstream:remoteref) refs/heads/master refs/remotes/master [23ms]
2023-03-21 19:13:31.171 [info] > git status -z -uall [479ms]
2023-03-21 19:14:06.165 [info] > git config --get commit.template [61ms]
2023-03-21 19:14:06.195 [info] > git for-each-ref --format=%(refname)%00%(upstream:short)%00%(objectname)%00%(upstream:track)%00%(upstream:remotename)%00%(upstream:remoteref) refs/heads/master refs/remotes/master [32ms]
2023-03-21 19:14:07.244 [info] > git status -z -uall [1006ms]
2023-03-21 19:14:12.594 [info] > git for-each-ref --format=%(refname)%00%(upstream:short)%00%(objectname)%00%(upstream:track)%00%(upstream:remotename)%00%(upstream:remoteref) refs/heads/master refs/remotes/master [40ms]
2023-03-21 19:14:12.610 [info] > git config --get commit.template [105ms]
2023-03-21 19:14:13.972 [info] > git status -z -uall [1025ms]
2023-03-21 19:14:19.130 [info] > git config --get commit.template [40ms]
2023-03-21 19:14:19.242 [info] > git for-each-ref --format=%(refname)%00%(upstream:short)%00%(objectname)%00%(upstream:track)%00%(upstream:remotename)%00%(upstream:remoteref) refs/heads/master refs/remotes/master [28ms]
2023-03-21 19:14:20.213 [info] > git status -z -uall [879ms]
2023-03-21 19:14:25.414 [info] > git config --get commit.template [41ms]
2023-03-21 19:14:25.424 [info] > git for-each-ref --format=%(refname)%00%(upstream:short)%00%(objectname)%00%(upstream:track)%00%(upstream:remotename)%00%(upstream:remoteref) refs/heads/master refs/remotes/master [16ms]
2023-03-21 19:14:26.209 [info] > git status -z -uall [751ms]
2023-03-21 19:14:34.410 [info] > git config --get commit.template [3ms]
2023-03-21 19:14:34.447 [info] > git for-each-ref --format=%(refname)%00%(upstream:short)%00%(objectname)%00%(upstream:track)%00%(upstream:remotename)%00%(upstream:remoteref) refs/heads/master refs/remotes/master [5ms]
2023-03-21 19:14:34.978 [info] > git status -z -uall [502ms]
2023-03-21 19:14:40.079 [info] > git config --get commit.template [43ms]
2023-03-21 19:14:40.093 [info] > git for-each-ref --format=%(refname)%00%(upstream:short)%00%(objectname)%00%(upstream:track)%00%(upstream:remotename)%00%(upstream:remoteref) refs/heads/master refs/remotes/master [23ms]
2023-03-21 19:14:41.016 [info] > git status -z -uall [898ms]
2023-03-21 19:14:46.188 [info] > git config --get commit.template [63ms]
2023-03-21 19:14:46.329 [info] > git ls-files --stage -- /home/jamessearle71/Projects/reading-notes/index.html [34ms]
2023-03-21 19:14:46.384 [info] > git ls-files --stage -- /home/jamessearle71/Projects/reading-notes/code-102/102class-03.md [128ms]
2023-03-21 19:14:46.412 [info] > git for-each-ref --format=%(refname)%00%(upstream:short)%00%(objectname)%00%(upstream:track)%00%(upstream:remotename)%00%(upstream:remoteref) refs/heads/master refs/remotes/master [227ms]
2023-03-21 19:14:46.460 [info] > git cat-file -s 2a8340f3ed1d29f945ca945ab10b3e28ee5b9fe8 [49ms]
2023-03-21 19:14:46.465 [info] > git cat-file -s e2713f0f11760615008af2c0c878565018e69655 [83ms]
2023-03-21 19:14:46.476 [info] > git ls-files --stage -- /home/jamessearle71/Projects/index.html [157ms]
2023-03-21 19:14:46.685 [info] > git show --textconv :code-102/102class-03.md [53ms]
2023-03-21 19:14:46.689 [info] > git cat-file -s dac1e14f5b5e2168e2e5c970abf70c098cbf9de7 [99ms]
2023-03-21 19:14:46.707 [info] > git show --textconv :index.html [26ms]
2023-03-21 19:14:46.767 [info] > git show --textconv :Projects/index.html [18ms]
2023-03-21 19:14:46.951 [info] > git status -z -uall [500ms]
2023-03-21 19:14:52.048 [info] > git config --get commit.template [31ms]
2023-03-21 19:14:52.059 [info] > git for-each-ref --format=%(refname)%00%(upstream:short)%00%(objectname)%00%(upstream:track)%00%(upstream:remotename)%00%(upstream:remoteref) refs/heads/master refs/remotes/master [13ms]
2023-03-21 19:14:52.393 [info] > git status -z -uall [312ms]
2023-03-21 19:15:07.964 [info] > git ls-files --stage -- /home/jamessearle71/Projects/reading-notes/index.html [50ms]
2023-03-21 19:15:07.984 [info] > git ls-files --stage -- /home/jamessearle71/Projects/reading-notes/code-102/102class-03.md [91ms]
2023-03-21 19:15:08.010 [info] > git cat-file -s e2713f0f11760615008af2c0c878565018e69655 [26ms]
2023-03-21 19:15:08.012 [info] > git config --get commit.template [50ms]
2023-03-21 19:15:08.012 [info] > git ls-files --stage -- /home/jamessearle71/Projects/index.html [77ms]
2023-03-21 19:15:08.055 [info] > git cat-file -s dac1e14f5b5e2168e2e5c970abf70c098cbf9de7 [24ms]
2023-03-21 19:15:08.057 [info] > git cat-file -s 2a8340f3ed1d29f945ca945ab10b3e28ee5b9fe8 [52ms]
2023-03-21 19:15:08.078 [info] > git show --textconv :index.html [26ms]
2023-03-21 19:15:08.128 [info] > git show --textconv :Projects/index.html [26ms]
2023-03-21 19:15:08.129 [info] > git show --textconv :code-102/102class-03.md [3ms]
2023-03-21 19:15:08.132 [info] > git for-each-ref --format=%(refname)%00%(upstream:short)%00%(objectname)%00%(upstream:track)%00%(upstream:remotename)%00%(upstream:remoteref) refs/heads/master refs/remotes/master [55ms]
2023-03-21 19:15:08.461 [info] > git status -z -uall [309ms]
2023-03-21 19:15:13.589 [info] > git config --get commit.template [47ms]
2023-03-21 19:15:13.610 [info] > git for-each-ref --format=%(refname)%00%(upstream:short)%00%(objectname)%00%(upstream:track)%00%(upstream:remotename)%00%(upstream:remoteref) refs/heads/master refs/remotes/master [24ms]
2023-03-21 19:15:14.183 [info] > git status -z -uall [504ms]
2023-03-21 19:15:22.554 [info] > git config --get commit.template [73ms]
2023-03-21 19:15:22.572 [info] > git for-each-ref --format=%(refname)%00%(upstream:short)%00%(objectname)%00%(upstream:track)%00%(upstream:remotename)%00%(upstream:remoteref) refs/heads/master refs/remotes/master [22ms]
2023-03-21 19:15:23.386 [info] > git status -z -uall [776ms]
2023-03-21 19:18:26.337 [info] > git config --get commit.template [99ms]
2023-03-21 19:18:26.694 [info] > git for-each-ref --format=%(refname)%00%(upstream:short)%00%(objectname)%00%(upstream:track)%00%(upstream:remotename)%00%(upstream:remoteref) refs/heads/master refs/remotes/master [44ms]
2023-03-21 19:18:28.769 [info] > git status -z -uall [1981ms]
2023-03-21 19:18:34.005 [info] > git config --get commit.template [45ms]
2023-03-21 19:18:34.017 [info] > git for-each-ref --format=%(refname)%00%(upstream:short)%00%(objectname)%00%(upstream:track)%00%(upstream:remotename)%00%(upstream:remoteref) refs/heads/master refs/remotes/master [14ms]
2023-03-21 19:18:34.730 [info] > git status -z -uall [679ms]
2023-03-21 19:18:46.417 [info] > git ls-files --stage -- /home/jamessearle71/Projects/reading-notes/index.html [52ms]
2023-03-21 19:18:46.458 [info] > git ls-files --stage -- /home/jamessearle71/Projects/reading-notes/code-102/102class-03.md [181ms]
2023-03-21 19:18:46.515 [info] > git cat-file -s e2713f0f11760615008af2c0c878565018e69655 [59ms]
2023-03-21 19:18:46.523 [info] > git ls-files --stage -- /home/jamessearle71/Projects/index.html [114ms]
2023-03-21 19:18:46.574 [info] > git cat-file -s 2a8340f3ed1d29f945ca945ab10b3e28ee5b9fe8 [75ms]
2023-03-21 19:18:46.727 [info] > git cat-file -s dac1e14f5b5e2168e2e5c970abf70c098cbf9de7 [157ms]
2023-03-21 19:18:46.822 [info] > git show --textconv :index.html [144ms]
2023-03-21 19:18:46.823 [info] > git show --textconv :code-102/102class-03.md [10ms]
2023-03-21 19:18:46.935 [info] > git show --textconv :Projects/index.html [48ms]
2023-03-21 19:18:47.058 [info] > git config --get commit.template [10ms]
2023-03-21 19:18:47.129 [info] > git for-each-ref --format=%(refname)%00%(upstream:short)%00%(objectname)%00%(upstream:track)%00%(upstream:remotename)%00%(upstream:remoteref) refs/heads/master refs/remotes/master [17ms]
2023-03-21 19:18:47.949 [info] > git status -z -uall [782ms]
2023-03-21 19:18:53.108 [info] > git config --get commit.template [34ms]
2023-03-21 19:18:53.126 [info] > git for-each-ref --format=%(refname)%00%(upstream:short)%00%(objectname)%00%(upstream:track)%00%(upstream:remotename)%00%(upstream:remoteref) refs/heads/master refs/remotes/master [19ms]
2023-03-21 19:18:53.763 [info] > git status -z -uall [596ms]
2023-03-21 19:19:05.640 [info] > git config --get commit.template [34ms]
2023-03-21 19:19:05.761 [info] > git for-each-ref --format=%(refname)%00%(upstream:short)%00%(objectname)%00%(upstream:track)%00%(upstream:remotename)%00%(upstream:remoteref) refs/heads/master refs/remotes/master [24ms]
2023-03-21 19:19:06.969 [info] > git status -z -uall [1178ms]
2023-03-21 19:19:12.340 [info] > git config --get commit.template [47ms]
2023-03-21 19:19:12.421 [info] > git for-each-ref --format=%(refname)%00%(upstream:short)%00%(objectname)%00%(upstream:track)%00%(upstream:remotename)%00%(upstream:remoteref) refs/heads/master refs/remotes/master [13ms]
2023-03-21 19:19:13.261 [info] > git status -z -uall [809ms]
2023-03-21 19:19:18.385 [info] > git config --get commit.template [28ms]
2023-03-21 19:19:18.391 [info] > git for-each-ref --format=%(refname)%00%(upstream:short)%00%(objectname)%00%(upstream:track)%00%(upstream:remotename)%00%(upstream:remoteref) refs/heads/master refs/remotes/master [9ms]
2023-03-21 19:19:19.522 [info] > git status -z -uall [1090ms]
2023-03-21 19:19:41.446 [info] > git config --get commit.template [42ms]
2023-03-21 19:19:41.470 [info] > git for-each-ref --format=%(refname)%00%(upstream:short)%00%(objectname)%00%(upstream:track)%00%(upstream:remotename)%00%(upstream:remoteref) refs/heads/master refs/remotes/master [34ms]
2023-03-21 19:19:42.153 [info] > git status -z -uall [637ms]
2023-03-21 19:19:48.179 [info] > git config --get commit.template [115ms]
2023-03-21 19:19:48.289 [info] > git for-each-ref --format=%(refname)%00%(upstream:short)%00%(objectname)%00%(upstream:track)%00%(upstream:remotename)%00%(upstream:remoteref) refs/heads/master refs/remotes/master [113ms]
2023-03-21 19:19:49.362 [info] > git status -z -uall [981ms]
2023-03-21 19:19:54.642 [info] > git config --get commit.template [78ms]
2023-03-21 19:19:54.703 [info] > git for-each-ref --format=%(refname)%00%(upstream:short)%00%(objectname)%00%(upstream:track)%00%(upstream:remotename)%00%(upstream:remoteref) refs/heads/master refs/remotes/master [65ms]
2023-03-21 19:19:55.602 [info] > git status -z -uall [828ms]
2023-03-21 19:20:01.349 [info] > git config --get commit.template [276ms]
2023-03-21 19:20:01.407 [info] > git for-each-ref --format=%(refname)%00%(upstream:short)%00%(objectname)%00%(upstream:track)%00%(upstream:remotename)%00%(upstream:remoteref) refs/heads/master refs/remotes/master [66ms]
2023-03-21 19:20:03.689 [info] > git status -z -uall [2074ms]
2023-03-21 19:20:09.252 [info] > git config --get commit.template [240ms]
2023-03-21 19:20:09.259 [info] > git for-each-ref --format=%(refname)%00%(upstream:short)%00%(objectname)%00%(upstream:track)%00%(upstream:remotename)%00%(upstream:remoteref) refs/heads/master refs/remotes/master [74ms]
2023-03-21 19:20:11.084 [info] > git status -z -uall [1669ms]
2023-03-21 19:20:16.382 [info] > git config --get commit.template [55ms]
2023-03-21 19:20:16.760 [info] > git for-each-ref --format=%(refname)%00%(upstream:short)%00%(objectname)%00%(upstream:track)%00%(upstream:remotename)%00%(upstream:remoteref) refs/heads/master refs/remotes/master [114ms]
2023-03-21 19:20:18.133 [info] > git status -z -uall [1215ms]
2023-03-21 19:20:23.370 [info] > git config --get commit.template [52ms]
2023-03-21 19:20:23.822 [info] > git for-each-ref --format=%(refname)%00%(upstream:short)%00%(objectname)%00%(upstream:track)%00%(upstream:remotename)%00%(upstream:remoteref) refs/heads/master refs/remotes/master [76ms]
2023-03-21 19:20:25.770 [info] > git status -z -uall [1818ms]
2023-03-21 19:20:31.349 [info] > git config --get commit.template [298ms]
2023-03-21 19:20:31.395 [info] > git for-each-ref --format=%(refname)%00%(upstream:short)%00%(objectname)%00%(upstream:track)%00%(upstream:remotename)%00%(upstream:remoteref) refs/heads/master refs/remotes/master [84ms]
2023-03-21 19:20:32.613 [info] > git status -z -uall [1111ms]
2023-03-21 19:20:39.272 [info] > git config --get commit.template [59ms]
2023-03-21 19:20:39.305 [info] > git for-each-ref --format=%(refname)%00%(upstream:short)%00%(objectname)%00%(upstream:track)%00%(upstream:remotename)%00%(upstream:remoteref) refs/heads/master refs/remotes/master [38ms]
2023-03-21 19:20:41.440 [info] > git status -z -uall [2051ms]
2023-03-21 19:20:47.187 [info] > git config --get commit.template [6ms]
2023-03-21 19:20:47.603 [info] > git for-each-ref --format=%(refname)%00%(upstream:short)%00%(objectname)%00%(upstream:track)%00%(upstream:remotename)%00%(upstream:remoteref) refs/heads/master refs/remotes/master [156ms]
2023-03-21 19:20:49.705 [info] > git status -z -uall [1735ms]
2023-03-21 19:20:55.215 [info] > git config --get commit.template [72ms]
2023-03-21 19:20:55.752 [info] > git for-each-ref --format=%(refname)%00%(upstream:short)%00%(objectname)%00%(upstream:track)%00%(upstream:remotename)%00%(upstream:remoteref) refs/heads/master refs/remotes/master [177ms]
2023-03-21 19:20:59.240 [info] > git status -z -uall [3184ms]
2023-03-21 19:21:04.498 [info] > git config --get commit.template [82ms]
2023-03-21 19:21:04.587 [info] > git for-each-ref --format=%(refname)%00%(upstream:short)%00%(objectname)%00%(upstream:track)%00%(upstream:remotename)%00%(upstream:remoteref) refs/heads/master refs/remotes/master [26ms]
2023-03-21 19:21:05.544 [info] > git status -z -uall [912ms]
2023-03-21 19:21:16.077 [info] > git config --get commit.template [96ms]
2023-03-21 19:21:16.088 [info] > git for-each-ref --format=%(refname)%00%(upstream:short)%00%(objectname)%00%(upstream:track)%00%(upstream:remotename)%00%(upstream:remoteref) refs/heads/master refs/remotes/master [10ms]
2023-03-21 19:21:16.830 [info] > git status -z -uall [680ms]
2023-03-21 19:21:21.955 [info] > git config --get commit.template [44ms]
2023-03-21 19:21:21.981 [info] > git for-each-ref --format=%(refname)%00%(upstream:short)%00%(objectname)%00%(upstream:track)%00%(upstream:remotename)%00%(upstream:remoteref) refs/heads/master refs/remotes/master [28ms]
2023-03-21 19:21:22.731 [info] > git status -z -uall [717ms]
2023-03-21 19:21:40.446 [info] > git config --get commit.template [287ms]
2023-03-21 19:21:40.482 [info] > git for-each-ref --format=%(refname)%00%(upstream:short)%00%(objectname)%00%(upstream:track)%00%(upstream:remotename)%00%(upstream:remoteref) refs/heads/master refs/remotes/master [57ms]
2023-03-21 19:21:41.928 [info] > git status -z -uall [1350ms]
2023-03-21 19:21:47.027 [info] > git config --get commit.template [14ms]
2023-03-21 19:21:47.222 [info] > git for-each-ref --format=%(refname)%00%(upstream:short)%00%(objectname)%00%(upstream:track)%00%(upstream:remotename)%00%(upstream:remoteref) refs/heads/master refs/remotes/master [64ms]
2023-03-21 19:21:48.767 [info] > git status -z -uall [1500ms]
2023-03-21 19:21:55.343 [info] > git config --get commit.template [9ms]
2023-03-21 19:21:55.458 [info] > git for-each-ref --format=%(refname)%00%(upstream:short)%00%(objectname)%00%(upstream:track)%00%(upstream:remotename)%00%(upstream:remoteref) refs/heads/master refs/remotes/master [50ms]
2023-03-21 19:21:56.644 [info] > git status -z -uall [1115ms]
2023-03-21 19:22:01.849 [info] > git config --get commit.template [16ms]
2023-03-21 19:22:01.985 [info] > git for-each-ref --format=%(refname)%00%(upstream:short)%00%(objectname)%00%(upstream:track)%00%(upstream:remotename)%00%(upstream:remoteref) refs/heads/master refs/remotes/master [50ms]
2023-03-21 19:22:03.659 [info] > git status -z -uall [1593ms]
2023-03-21 19:22:09.240 [info] > git config --get commit.template [137ms]
2023-03-21 19:22:09.339 [info] > git for-each-ref --format=%(refname)%00%(upstream:short)%00%(objectname)%00%(upstream:track)%00%(upstream:remotename)%00%(upstream:remoteref) refs/heads/master refs/remotes/master [103ms]
2023-03-21 19:22:10.784 [info] > git status -z -uall [1267ms]
2023-03-21 19:22:16.219 [info] > git config --get commit.template [24ms]
2023-03-21 19:22:16.281 [info] > git for-each-ref --format=%(refname)%00%(upstream:short)%00%(objectname)%00%(upstream:track)%00%(upstream:remotename)%00%(upstream:remoteref) refs/heads/master refs/remotes/master [10ms]
2023-03-21 19:22:17.484 [info] > git status -z -uall [1146ms]
2023-03-21 19:22:22.543 [info] > git config --get commit.template [3ms]
2023-03-21 19:22:22.603 [info] > git for-each-ref --format=%(refname)%00%(upstream:short)%00%(objectname)%00%(upstream:track)%00%(upstream:remotename)%00%(upstream:remoteref) refs/heads/master refs/remotes/master [15ms]
2023-03-21 19:22:24.334 [info] > git status -z -uall [1702ms]
2023-03-21 19:22:29.419 [info] > git config --get commit.template [17ms]
2023-03-21 19:22:29.477 [info] > git for-each-ref --format=%(refname)%00%(upstream:short)%00%(objectname)%00%(upstream:track)%00%(upstream:remotename)%00%(upstream:remoteref) refs/heads/master refs/remotes/master [10ms]
2023-03-21 19:22:30.037 [info] > git status -z -uall [536ms]
2023-03-21 19:22:35.203 [info] > git config --get commit.template [87ms]
2023-03-21 19:22:35.228 [info] > git for-each-ref --format=%(refname)%00%(upstream:short)%00%(objectname)%00%(upstream:track)%00%(upstream:remotename)%00%(upstream:remoteref) refs/heads/master refs/remotes/master [28ms]
2023-03-21 19:22:36.166 [info] > git status -z -uall [860ms]
2023-03-21 19:22:41.286 [info] > git config --get commit.template [53ms]
2023-03-21 19:22:41.298 [info] > git for-each-ref --format=%(refname)%00%(upstream:short)%00%(objectname)%00%(upstream:track)%00%(upstream:remotename)%00%(upstream:remoteref) refs/heads/master refs/remotes/master [15ms]
2023-03-21 19:22:41.908 [info] > git status -z -uall [567ms]
2023-03-21 19:23:09.462 [info] > git config --get commit.template [25ms]
2023-03-21 19:23:09.535 [info] > git for-each-ref --format=%(refname)%00%(upstream:short)%00%(objectname)%00%(upstream:track)%00%(upstream:remotename)%00%(upstream:remoteref) refs/heads/master refs/remotes/master [12ms]
2023-03-21 19:23:10.750 [info] > git status -z -uall [1134ms]
2023-03-21 19:23:15.821 [info] > git config --get commit.template [6ms]
2023-03-21 19:23:15.874 [info] > git for-each-ref --format=%(refname)%00%(upstream:short)%00%(objectname)%00%(upstream:track)%00%(upstream:remotename)%00%(upstream:remoteref) refs/heads/master refs/remotes/master [15ms]
2023-03-21 19:23:17.007 [info] > git status -z -uall [1087ms]
2023-03-21 19:23:17.048 [info] > git for-each-ref --sort -committerdate --format %(refname) %(objectname) %(*objectname) [50ms]
2023-03-21 19:23:22.114 [info] > git config --get commit.template [44ms]
2023-03-21 19:23:22.128 [info] > git for-each-ref --format=%(refname)%00%(upstream:short)%00%(objectname)%00%(upstream:track)%00%(upstream:remotename)%00%(upstream:remoteref) refs/heads/master refs/remotes/master [17ms]
2023-03-21 19:23:22.773 [info] > git status -z -uall [545ms]
2023-03-21 19:23:24.989 [info] > git for-each-ref --format %(refname:short)%00%(upstream:short) refs/heads [9ms]
2023-03-21 19:23:25.064 [info] > git checkout -q main [33ms]
2023-03-21 19:23:25.131 [info] > git config --get commit.template [19ms]
2023-03-21 19:23:25.253 [info] > git for-each-ref --format=%(refname)%00%(upstream:short)%00%(objectname)%00%(upstream:track)%00%(upstream:remotename)%00%(upstream:remoteref) refs/heads/main refs/remotes/main [35ms]
2023-03-21 19:23:25.297 [info] > git status -z -uall [18ms]
2023-03-21 19:23:26.408 [info] > git ls-files --stage -- /home/jamessearle71/Projects/reading-notes/code-102/102class-03.md [27ms]
2023-03-21 19:23:26.449 [info] > git cat-file -s 2a8340f3ed1d29f945ca945ab10b3e28ee5b9fe8 [15ms]
2023-03-21 19:23:26.451 [info] > git ls-files --stage -- /home/jamessearle71/Projects/reading-notes/index.html [45ms]
2023-03-21 19:23:26.476 [info] > git cat-file -s e2713f0f11760615008af2c0c878565018e69655 [2ms]
2023-03-21 19:23:26.568 [info] > git show --textconv :code-102/102class-03.md [41ms]
2023-03-21 19:23:26.569 [info] > git show --textconv :index.html [11ms]
2023-03-21 19:23:35.381 [info] > git config --get commit.template [44ms]
2023-03-21 19:23:35.385 [info] > git for-each-ref --format=%(refname)%00%(upstream:short)%00%(objectname)%00%(upstream:track)%00%(upstream:remotename)%00%(upstream:remoteref) refs/heads/master refs/remotes/master [8ms]
2023-03-21 19:23:35.892 [info] > git status -z -uall [482ms]
2023-03-21 19:23:41.642 [info] > git config --get commit.template [49ms]
2023-03-21 19:23:41.662 [info] > git for-each-ref --format=%(refname)%00%(upstream:short)%00%(objectname)%00%(upstream:track)%00%(upstream:remotename)%00%(upstream:remoteref) refs/heads/master refs/remotes/master [26ms]
2023-03-21 19:23:42.595 [info] > git status -z -uall [883ms]
2023-03-21 19:23:51.965 [info] > git config --get commit.template [14ms]
2023-03-21 19:23:52.219 [info] > git ls-files --stage -- /home/jamessearle71/Projects/reading-notes/index.html [55ms]
2023-03-21 19:23:52.318 [info] > git ls-files --stage -- /home/jamessearle71/Projects/reading-notes/code-102/102class-03.md [219ms]
2023-03-21 19:23:52.360 [info] > git for-each-ref --format=%(refname)%00%(upstream:short)%00%(objectname)%00%(upstream:track)%00%(upstream:remotename)%00%(upstream:remoteref) refs/heads/master refs/remotes/master [339ms]
2023-03-21 19:23:52.415 [info] > git cat-file -s 2a8340f3ed1d29f945ca945ab10b3e28ee5b9fe8 [56ms]
2023-03-21 19:23:52.426 [info] > git cat-file -s e2713f0f11760615008af2c0c878565018e69655 [111ms]
2023-03-21 19:23:52.476 [info] > git ls-files --stage -- /home/jamessearle71/Projects/index.html [278ms]
2023-03-21 19:23:52.747 [info] > git show --textconv :code-102/102class-03.md [59ms]
2023-03-21 19:23:52.767 [info] > git cat-file -s dac1e14f5b5e2168e2e5c970abf70c098cbf9de7 [176ms]
2023-03-21 19:23:52.787 [info] > git show --textconv :index.html [44ms]
2023-03-21 19:23:52.883 [info] > git show --textconv :Projects/index.html [29ms]
2023-03-21 19:23:53.141 [info] > git status -z -uall [743ms]
2023-03-21 19:24:19.207 [info] > git config --get commit.template [8ms]
2023-03-21 19:24:19.244 [info] > git for-each-ref --format=%(refname)%00%(upstream:short)%00%(objectname)%00%(upstream:track)%00%(upstream:remotename)%00%(upstream:remoteref) refs/heads/master refs/remotes/master [9ms]
2023-03-21 19:24:19.753 [info] > git status -z -uall [474ms]
2023-03-21 19:24:22.169 [info] > git for-each-ref --sort -committerdate --format %(refname) %(objectname) %(*objectname) [61ms]
2023-03-21 19:24:27.456 [info] > git for-each-ref --format %(refname:short)%00%(upstream:short) refs/heads [20ms]
2023-03-21 19:24:27.549 [info] > git checkout -q --track origin/HEAD [29ms]
2023-03-21 19:24:27.550 [info] fatal: 'HEAD' is not a valid branch name.
2023-03-21 19:24:27.719 [info] > git config --get commit.template [48ms]
2023-03-21 19:24:28.008 [info] > git for-each-ref --format=%(refname)%00%(upstream:short)%00%(objectname)%00%(upstream:track)%00%(upstream:remotename)%00%(upstream:remoteref) refs/heads/main refs/remotes/main [73ms]
2023-03-21 19:24:28.157 [info] > git status -z -uall [49ms]
2023-03-21 19:24:32.815 [info] > git for-each-ref --sort -committerdate --format %(refname) %(objectname) %(*objectname) [3ms]
2023-03-21 19:24:41.397 [info] > git config --get commit.template [25ms]
2023-03-21 19:24:41.401 [info] > git for-each-ref --format=%(refname)%00%(upstream:short)%00%(objectname)%00%(upstream:track)%00%(upstream:remotename)%00%(upstream:remoteref) refs/heads/master refs/remotes/master [6ms]
2023-03-21 19:24:41.759 [info] > git status -z -uall [323ms]
2023-03-21 19:24:46.797 [info] > git config --get commit.template [4ms]
2023-03-21 19:24:46.822 [info] > git for-each-ref --format=%(refname)%00%(upstream:short)%00%(objectname)%00%(upstream:track)%00%(upstream:remotename)%00%(upstream:remoteref) refs/heads/master refs/remotes/master [6ms]
2023-03-21 19:24:47.145 [info] > git status -z -uall [303ms]
2023-03-21 19:24:54.997 [info] > git config --get commit.template [3ms]
2023-03-21 19:24:55.069 [info] > git for-each-ref --format=%(refname)%00%(upstream:short)%00%(objectname)%00%(upstream:track)%00%(upstream:remotename)%00%(upstream:remoteref) refs/heads/master refs/remotes/master [27ms]
2023-03-21 19:24:55.513 [info] > git status -z -uall [412ms]
2023-03-21 19:24:58.713 [info] > git config --get commit.template [3ms]
2023-03-21 19:24:58.740 [info] > git for-each-ref --format=%(refname)%00%(upstream:short)%00%(objectname)%00%(upstream:track)%00%(upstream:remotename)%00%(upstream:remoteref) refs/heads/main refs/remotes/main [4ms]
2023-03-21 19:24:58.768 [info] > git status -z -uall [3ms]
2023-03-21 19:25:00.607 [info] > git config --get commit.template [34ms]
2023-03-21 19:25:00.620 [info] > git for-each-ref --format=%(refname)%00%(upstream:short)%00%(objectname)%00%(upstream:track)%00%(upstream:remotename)%00%(upstream:remoteref) refs/heads/master refs/remotes/master [16ms]
2023-03-21 19:25:00.983 [info] > git status -z -uall [334ms]
