2023-03-21 09:56:49.547 [info] Log level: Info
2023-03-21 09:56:49.547 [info] Validating found git in: "git"
2023-03-21 09:56:49.547 [info] Using git "2.30.2" from "git"
2023-03-21 09:56:49.547 [info] > git rev-parse --show-toplevel [88ms]
2023-03-21 09:56:49.547 [info] > git rev-parse --git-dir --git-common-dir [18ms]
2023-03-21 09:56:49.547 [info] Open repository: /home/jamessearle71
2023-03-21 09:56:49.547 [info] > git rev-parse --show-toplevel [207ms]
2023-03-21 09:56:49.547 [info] > git config --get commit.template [272ms]
2023-03-21 09:56:49.547 [info] > git rev-parse --git-dir --git-common-dir [194ms]
2023-03-21 09:56:49.547 [info] Open repository: /home/jamessearle71/demos/git-github-demo
2023-03-21 09:56:49.547 [info] No remotes found in the git config file.
2023-03-21 09:56:49.547 [info] > git config --get commit.template [75ms]
2023-03-21 09:56:49.547 [info] > git for-each-ref --format=%(refname)%00%(upstream:short)%00%(objectname)%00%(upstream:track)%00%(upstream:remotename)%00%(upstream:remoteref) refs/heads/master refs/remotes/master [126ms]
2023-03-21 09:56:49.547 [info] > git for-each-ref --format=%(refname)%00%(upstream:short)%00%(objectname)%00%(upstream:track)%00%(upstream:remotename)%00%(upstream:remoteref) refs/heads/main refs/remotes/main [25ms]
2023-03-21 09:56:49.547 [info] > git status -z -uall [40ms]
2023-03-21 09:56:49.547 [info] > git config --get commit.template [61ms]
2023-03-21 09:56:49.547 [info] > git for-each-ref --format=%(refname)%00%(upstream:short)%00%(objectname)%00%(upstream:track)%00%(upstream:remotename)%00%(upstream:remoteref) refs/heads/main refs/remotes/main [22ms]
2023-03-21 09:56:49.547 [info] > git status -z -uall [618ms]
2023-03-21 09:56:49.547 [info] > git status -z -uall [133ms]
2023-03-21 09:56:49.547 [info] > git check-ignore -v -z --stdin [51ms]
2023-03-21 09:56:49.547 [info] > git config --get commit.template [417ms]
2023-03-21 09:56:49.547 [info] No remotes found in the git config file.
2023-03-21 09:56:49.547 [info] > git for-each-ref --format=%(refname)%00%(upstream:short)%00%(objectname)%00%(upstream:track)%00%(upstream:remotename)%00%(upstream:remoteref) refs/heads/master refs/remotes/master [33ms]
2023-03-21 09:56:49.547 [info] > git check-ignore -v -z --stdin [43ms]
2023-03-21 09:56:49.547 [info] > git status -z -uall [514ms]
2023-03-21 09:56:57.398 [info] > git show --textconv :README.md [2ms]
2023-03-21 09:56:57.478 [info] > git ls-files --stage -- /home/jamessearle71/demos/git-github-demo/README.md [12ms]
2023-03-21 09:56:57.555 [info] > git cat-file -s 7bfe868900309ae9819421c4a11be078dc79be59 [16ms]
2023-03-21 09:57:02.511 [info] > git config --get commit.template [4ms]
2023-03-21 09:57:02.535 [info] No remotes found in the git config file.
2023-03-21 09:57:02.538 [info] > git for-each-ref --format=%(refname)%00%(upstream:short)%00%(objectname)%00%(upstream:track)%00%(upstream:remotename)%00%(upstream:remoteref) refs/heads/master refs/remotes/master [4ms]
2023-03-21 09:57:02.689 [info] > git status -z -uall [135ms]
2023-03-21 09:57:07.984 [info] > git config --get commit.template [36ms]
2023-03-21 09:57:08.054 [info] No remotes found in the git config file.
2023-03-21 09:57:08.080 [info] > git for-each-ref --format=%(refname)%00%(upstream:short)%00%(objectname)%00%(upstream:track)%00%(upstream:remotename)%00%(upstream:remoteref) refs/heads/master refs/remotes/master [27ms]
2023-03-21 09:57:08.380 [info] > git status -z -uall [223ms]
2023-03-21 09:57:13.529 [info] > git config --get commit.template [8ms]
2023-03-21 09:57:13.550 [info] No remotes found in the git config file.
2023-03-21 09:57:13.553 [info] > git for-each-ref --format=%(refname)%00%(upstream:short)%00%(objectname)%00%(upstream:track)%00%(upstream:remotename)%00%(upstream:remoteref) refs/heads/master refs/remotes/master [3ms]
2023-03-21 09:57:13.696 [info] > git status -z -uall [127ms]
2023-03-21 09:57:15.138 [info] > git check-ignore -v -z --stdin [3ms]
2023-03-21 09:57:19.318 [info] > git config --get commit.template [366ms]
2023-03-21 09:57:19.667 [info] No remotes found in the git config file.
2023-03-21 09:57:19.670 [info] > git show --textconv :demos/index.html [285ms]
2023-03-21 09:57:19.777 [info] > git for-each-ref --format=%(refname)%00%(upstream:short)%00%(objectname)%00%(upstream:track)%00%(upstream:remotename)%00%(upstream:remoteref) refs/heads/master refs/remotes/master [112ms]
2023-03-21 09:57:19.835 [info] > git ls-files --stage -- /home/jamessearle71/demos/index.html [300ms]
2023-03-21 09:57:20.704 [info] > git status -z -uall [869ms]
2023-03-21 09:57:26.142 [info] No remotes found in the git config file.
2023-03-21 09:57:26.146 [info] > git config --get commit.template [28ms]
2023-03-21 09:57:26.148 [info] > git for-each-ref --format=%(refname)%00%(upstream:short)%00%(objectname)%00%(upstream:track)%00%(upstream:remotename)%00%(upstream:remoteref) refs/heads/master refs/remotes/master [6ms]
2023-03-21 09:57:26.307 [info] > git status -z -uall [136ms]
2023-03-21 09:58:09.458 [info] No remotes found in the git config file.
2023-03-21 09:58:09.477 [info] > git config --get commit.template [99ms]
2023-03-21 09:58:09.497 [info] > git for-each-ref --format=%(refname)%00%(upstream:short)%00%(objectname)%00%(upstream:track)%00%(upstream:remotename)%00%(upstream:remoteref) refs/heads/master refs/remotes/master [40ms]
2023-03-21 09:58:10.012 [info] > git status -z -uall [470ms]
2023-03-21 09:58:15.369 [info] No remotes found in the git config file.
2023-03-21 09:58:15.445 [info] > git for-each-ref --format=%(refname)%00%(upstream:short)%00%(objectname)%00%(upstream:track)%00%(upstream:remotename)%00%(upstream:remoteref) refs/heads/master refs/remotes/master [69ms]
2023-03-21 09:58:15.449 [info] > git config --get commit.template [213ms]
2023-03-21 09:58:16.249 [info] > git status -z -uall [701ms]
2023-03-21 09:58:21.787 [info] No remotes found in the git config file.
2023-03-21 09:58:21.799 [info] > git config --get commit.template [216ms]
2023-03-21 09:58:21.850 [info] > git for-each-ref --format=%(refname)%00%(upstream:short)%00%(objectname)%00%(upstream:track)%00%(upstream:remotename)%00%(upstream:remoteref) refs/heads/master refs/remotes/master [76ms]
2023-03-21 09:58:22.818 [info] > git status -z -uall [896ms]
2023-03-21 09:58:28.087 [info] > git config --get commit.template [5ms]
2023-03-21 09:58:28.125 [info] No remotes found in the git config file.
2023-03-21 09:58:28.144 [info] > git for-each-ref --format=%(refname)%00%(upstream:short)%00%(objectname)%00%(upstream:track)%00%(upstream:remotename)%00%(upstream:remoteref) refs/heads/master refs/remotes/master [24ms]
2023-03-21 09:58:28.383 [info] > git status -z -uall [205ms]
2023-03-21 09:58:33.598 [info] > git config --get commit.template [14ms]
2023-03-21 09:58:33.631 [info] No remotes found in the git config file.
2023-03-21 09:58:33.637 [info] > git for-each-ref --format=%(refname)%00%(upstream:short)%00%(objectname)%00%(upstream:track)%00%(upstream:remotename)%00%(upstream:remoteref) refs/heads/master refs/remotes/master [6ms]
2023-03-21 09:58:33.889 [info] > git status -z -uall [228ms]
2023-03-21 09:58:39.093 [info] > git config --get commit.template [13ms]
2023-03-21 09:58:39.143 [info] No remotes found in the git config file.
2023-03-21 09:58:39.173 [info] > git for-each-ref --format=%(refname)%00%(upstream:short)%00%(objectname)%00%(upstream:track)%00%(upstream:remotename)%00%(upstream:remoteref) refs/heads/master refs/remotes/master [39ms]
2023-03-21 09:58:39.464 [info] > git status -z -uall [233ms]
2023-03-21 09:58:44.741 [info] No remotes found in the git config file.
2023-03-21 09:58:44.744 [info] > git config --get commit.template [48ms]
2023-03-21 09:58:44.746 [info] > git for-each-ref --format=%(refname)%00%(upstream:short)%00%(objectname)%00%(upstream:track)%00%(upstream:remotename)%00%(upstream:remoteref) refs/heads/master refs/remotes/master [5ms]
2023-03-21 09:58:44.961 [info] > git status -z -uall [190ms]
2023-03-21 09:58:50.278 [info] No remotes found in the git config file.
2023-03-21 09:58:50.310 [info] > git config --get commit.template [139ms]
2023-03-21 09:58:50.369 [info] > git for-each-ref --format=%(refname)%00%(upstream:short)%00%(objectname)%00%(upstream:track)%00%(upstream:remotename)%00%(upstream:remoteref) refs/heads/master refs/remotes/master [94ms]
2023-03-21 09:58:50.844 [info] > git status -z -uall [358ms]
2023-03-21 09:58:56.174 [info] No remotes found in the git config file.
2023-03-21 09:58:56.176 [info] > git config --get commit.template [47ms]
2023-03-21 09:58:56.179 [info] > git for-each-ref --format=%(refname)%00%(upstream:short)%00%(objectname)%00%(upstream:track)%00%(upstream:remotename)%00%(upstream:remoteref) refs/heads/master refs/remotes/master [7ms]
2023-03-21 09:58:56.385 [info] > git status -z -uall [162ms]
2023-03-21 09:59:01.550 [info] > git config --get commit.template [12ms]
2023-03-21 09:59:01.660 [info] No remotes found in the git config file.
2023-03-21 09:59:01.690 [info] > git for-each-ref --format=%(refname)%00%(upstream:short)%00%(objectname)%00%(upstream:track)%00%(upstream:remotename)%00%(upstream:remoteref) refs/heads/master refs/remotes/master [30ms]
2023-03-21 09:59:02.403 [info] > git status -z -uall [649ms]
2023-03-21 09:59:07.588 [info] > git config --get commit.template [3ms]
2023-03-21 09:59:07.615 [info] No remotes found in the git config file.
2023-03-21 09:59:07.620 [info] > git for-each-ref --format=%(refname)%00%(upstream:short)%00%(objectname)%00%(upstream:track)%00%(upstream:remotename)%00%(upstream:remoteref) refs/heads/master refs/remotes/master [9ms]
2023-03-21 09:59:07.973 [info] > git status -z -uall [307ms]
2023-03-21 09:59:13.106 [info] > git config --get commit.template [4ms]
2023-03-21 09:59:13.145 [info] No remotes found in the git config file.
2023-03-21 09:59:13.154 [info] > git for-each-ref --format=%(refname)%00%(upstream:short)%00%(objectname)%00%(upstream:track)%00%(upstream:remotename)%00%(upstream:remoteref) refs/heads/master refs/remotes/master [15ms]
2023-03-21 09:59:13.515 [info] > git status -z -uall [322ms]
2023-03-21 09:59:18.660 [info] > git config --get commit.template [4ms]
2023-03-21 09:59:18.708 [info] No remotes found in the git config file.
2023-03-21 09:59:18.717 [info] > git for-each-ref --format=%(refname)%00%(upstream:short)%00%(objectname)%00%(upstream:track)%00%(upstream:remotename)%00%(upstream:remoteref) refs/heads/master refs/remotes/master [10ms]
2023-03-21 09:59:19.079 [info] > git status -z -uall [298ms]
2023-03-21 09:59:23.974 [info] > git show --textconv :README.md [94ms]
2023-03-21 09:59:24.130 [info] > git ls-files --stage -- /home/jamessearle71/demos/git-github-demo/README.md [121ms]
2023-03-21 09:59:24.313 [info] > git cat-file -s 7bfe868900309ae9819421c4a11be078dc79be59 [113ms]
2023-03-21 09:59:24.323 [info] > git config --get commit.template [13ms]
2023-03-21 09:59:24.377 [info] No remotes found in the git config file.
2023-03-21 09:59:24.387 [info] > git for-each-ref --format=%(refname)%00%(upstream:short)%00%(objectname)%00%(upstream:track)%00%(upstream:remotename)%00%(upstream:remoteref) refs/heads/master refs/remotes/master [11ms]
2023-03-21 09:59:24.686 [info] > git status -z -uall [278ms]
2023-03-21 09:59:30.005 [info] No remotes found in the git config file.
2023-03-21 09:59:30.049 [info] > git config --get commit.template [159ms]
2023-03-21 09:59:30.064 [info] > git for-each-ref --format=%(refname)%00%(upstream:short)%00%(objectname)%00%(upstream:track)%00%(upstream:remotename)%00%(upstream:remoteref) refs/heads/master refs/remotes/master [60ms]
2023-03-21 09:59:31.084 [info] > git status -z -uall [852ms]
2023-03-21 09:59:36.799 [info] No remotes found in the git config file.
2023-03-21 09:59:36.801 [info] > git config --get commit.template [128ms]
2023-03-21 09:59:36.871 [info] > git for-each-ref --format=%(refname)%00%(upstream:short)%00%(objectname)%00%(upstream:track)%00%(upstream:remotename)%00%(upstream:remoteref) refs/heads/master refs/remotes/master [73ms]
2023-03-21 09:59:37.228 [info] > git status -z -uall [269ms]
2023-03-21 09:59:42.424 [info] > git config --get commit.template [19ms]
2023-03-21 09:59:42.473 [info] No remotes found in the git config file.
2023-03-21 09:59:42.474 [info] > git for-each-ref --format=%(refname)%00%(upstream:short)%00%(objectname)%00%(upstream:track)%00%(upstream:remotename)%00%(upstream:remoteref) refs/heads/master refs/remotes/master [3ms]
2023-03-21 09:59:42.833 [info] > git status -z -uall [311ms]
2023-03-21 09:59:48.035 [info] No remotes found in the git config file.
2023-03-21 09:59:48.045 [info] > git config --get commit.template [73ms]
2023-03-21 09:59:48.057 [info] > git for-each-ref --format=%(refname)%00%(upstream:short)%00%(objectname)%00%(upstream:track)%00%(upstream:remotename)%00%(upstream:remoteref) refs/heads/master refs/remotes/master [21ms]
2023-03-21 09:59:48.316 [info] > git status -z -uall [213ms]
2023-03-21 09:59:53.515 [info] No remotes found in the git config file.
2023-03-21 09:59:53.518 [info] > git config --get commit.template [36ms]
2023-03-21 09:59:53.518 [info] > git for-each-ref --format=%(refname)%00%(upstream:short)%00%(objectname)%00%(upstream:track)%00%(upstream:remotename)%00%(upstream:remoteref) refs/heads/master refs/remotes/master [7ms]
2023-03-21 09:59:53.732 [info] > git status -z -uall [183ms]
2023-03-21 09:59:58.866 [info] > git config --get commit.template [10ms]
2023-03-21 09:59:58.895 [info] No remotes found in the git config file.
2023-03-21 09:59:58.904 [info] > git for-each-ref --format=%(refname)%00%(upstream:short)%00%(objectname)%00%(upstream:track)%00%(upstream:remotename)%00%(upstream:remoteref) refs/heads/master refs/remotes/master [10ms]
2023-03-21 09:59:59.169 [info] > git status -z -uall [233ms]
2023-03-21 10:00:04.396 [info] > git config --get commit.template [10ms]
2023-03-21 10:00:04.399 [info] No remotes found in the git config file.
2023-03-21 10:00:04.493 [info] > git for-each-ref --format=%(refname)%00%(upstream:short)%00%(objectname)%00%(upstream:track)%00%(upstream:remotename)%00%(upstream:remoteref) refs/heads/master refs/remotes/master [7ms]
2023-03-21 10:00:04.720 [info] > git status -z -uall [184ms]
2023-03-21 10:00:09.797 [info] > git config --get commit.template [5ms]
2023-03-21 10:00:09.820 [info] No remotes found in the git config file.
2023-03-21 10:00:09.823 [info] > git for-each-ref --format=%(refname)%00%(upstream:short)%00%(objectname)%00%(upstream:track)%00%(upstream:remotename)%00%(upstream:remoteref) refs/heads/master refs/remotes/master [3ms]
2023-03-21 10:00:09.971 [info] > git status -z -uall [121ms]
2023-03-21 10:00:14.221 [info] > git ls-files --stage -- /home/jamessearle71/demos/index.html [29ms]
2023-03-21 10:00:14.263 [info] > git cat-file -s e69de29bb2d1d6434b8b29ae775ad8c2e48c5391 [7ms]
2023-03-21 10:00:14.267 [info] > git ls-files --stage -- /home/jamessearle71/demos/git-github-demo/README.md [48ms]
2023-03-21 10:00:14.334 [info] > git cat-file -s 7bfe868900309ae9819421c4a11be078dc79be59 [40ms]
2023-03-21 10:00:14.350 [info] > git show --textconv :demos/index.html [19ms]
2023-03-21 10:00:14.409 [info] > git show --textconv :README.md [12ms]
2023-03-21 10:00:15.067 [info] > git config --get commit.template [6ms]
2023-03-21 10:00:15.100 [info] No remotes found in the git config file.
2023-03-21 10:00:15.104 [info] > git for-each-ref --format=%(refname)%00%(upstream:short)%00%(objectname)%00%(upstream:track)%00%(upstream:remotename)%00%(upstream:remoteref) refs/heads/master refs/remotes/master [2ms]
2023-03-21 10:00:15.304 [info] > git status -z -uall [175ms]
2023-03-21 10:00:20.482 [info] No remotes found in the git config file.
2023-03-21 10:00:20.484 [info] > git config --get commit.template [31ms]
2023-03-21 10:00:20.485 [info] > git for-each-ref --format=%(refname)%00%(upstream:short)%00%(objectname)%00%(upstream:track)%00%(upstream:remotename)%00%(upstream:remoteref) refs/heads/master refs/remotes/master [4ms]
2023-03-21 10:00:20.665 [info] > git status -z -uall [150ms]
2023-03-21 10:00:25.784 [info] > git config --get commit.template [33ms]
2023-03-21 10:00:25.784 [info] No remotes found in the git config file.
2023-03-21 10:00:25.785 [info] > git for-each-ref --format=%(refname)%00%(upstream:short)%00%(objectname)%00%(upstream:track)%00%(upstream:remotename)%00%(upstream:remoteref) refs/heads/master refs/remotes/master [5ms]
2023-03-21 10:00:25.945 [info] > git status -z -uall [138ms]
2023-03-21 10:00:29.838 [info] > git config --get commit.template [8ms]
2023-03-21 10:00:29.903 [info] > git for-each-ref --format=%(refname)%00%(upstream:short)%00%(objectname)%00%(upstream:track)%00%(upstream:remotename)%00%(upstream:remoteref) refs/heads/main refs/remotes/main [7ms]
2023-03-21 10:00:29.954 [info] > git status -z -uall [7ms]
2023-03-21 10:00:30.003 [info] > git ls-files --stage -- /home/jamessearle71/demos/git-github-demo/README.md [4ms]
2023-03-21 10:00:30.051 [info] > git cat-file -s 7bfe868900309ae9819421c4a11be078dc79be59 [6ms]
2023-03-21 10:00:30.087 [info] > git show --textconv :README.md [8ms]
2023-03-21 10:00:31.074 [info] No remotes found in the git config file.
2023-03-21 10:00:31.079 [info] > git config --get commit.template [33ms]
2023-03-21 10:00:31.079 [info] > git for-each-ref --format=%(refname)%00%(upstream:short)%00%(objectname)%00%(upstream:track)%00%(upstream:remotename)%00%(upstream:remoteref) refs/heads/master refs/remotes/master [6ms]
2023-03-21 10:00:31.259 [info] > git status -z -uall [142ms]
2023-03-21 10:00:36.528 [info] > git config --get commit.template [3ms]
2023-03-21 10:00:36.551 [info] No remotes found in the git config file.
2023-03-21 10:00:36.555 [info] > git for-each-ref --format=%(refname)%00%(upstream:short)%00%(objectname)%00%(upstream:track)%00%(upstream:remotename)%00%(upstream:remoteref) refs/heads/master refs/remotes/master [5ms]
2023-03-21 10:00:36.720 [info] > git status -z -uall [141ms]
2023-03-21 10:00:41.901 [info] > git config --get commit.template [18ms]
2023-03-21 10:00:41.945 [info] No remotes found in the git config file.
2023-03-21 10:00:41.960 [info] > git for-each-ref --format=%(refname)%00%(upstream:short)%00%(objectname)%00%(upstream:track)%00%(upstream:remotename)%00%(upstream:remoteref) refs/heads/master refs/remotes/master [17ms]
2023-03-21 10:00:42.191 [info] > git status -z -uall [145ms]
2023-03-21 10:00:47.283 [info] > git config --get commit.template [14ms]
2023-03-21 10:00:47.355 [info] No remotes found in the git config file.
2023-03-21 10:00:47.368 [info] > git for-each-ref --format=%(refname)%00%(upstream:short)%00%(objectname)%00%(upstream:track)%00%(upstream:remotename)%00%(upstream:remoteref) refs/heads/master refs/remotes/master [13ms]
2023-03-21 10:00:47.797 [info] > git status -z -uall [359ms]
2023-03-21 10:00:52.994 [info] No remotes found in the git config file.
2023-03-21 10:00:52.997 [info] > git for-each-ref --format=%(refname)%00%(upstream:short)%00%(objectname)%00%(upstream:track)%00%(upstream:remotename)%00%(upstream:remoteref) refs/heads/master refs/remotes/master [3ms]
2023-03-21 10:00:52.999 [info] > git config --get commit.template [31ms]
2023-03-21 10:00:53.183 [info] > git status -z -uall [161ms]
2023-03-21 10:00:58.290 [info] No remotes found in the git config file.
2023-03-21 10:00:58.297 [info] > git config --get commit.template [32ms]
2023-03-21 10:00:58.298 [info] > git for-each-ref --format=%(refname)%00%(upstream:short)%00%(objectname)%00%(upstream:track)%00%(upstream:remotename)%00%(upstream:remoteref) refs/heads/master refs/remotes/master [10ms]
2023-03-21 10:00:58.665 [info] > git status -z -uall [342ms]
2023-03-21 10:01:03.823 [info] No remotes found in the git config file.
2023-03-21 10:01:03.831 [info] > git config --get commit.template [40ms]
2023-03-21 10:01:03.832 [info] > git for-each-ref --format=%(refname)%00%(upstream:short)%00%(objectname)%00%(upstream:track)%00%(upstream:remotename)%00%(upstream:remoteref) refs/heads/master refs/remotes/master [10ms]
2023-03-21 10:01:04.050 [info] > git status -z -uall [195ms]
2023-03-21 10:01:09.147 [info] > git config --get commit.template [3ms]
2023-03-21 10:01:09.171 [info] No remotes found in the git config file.
2023-03-21 10:01:09.174 [info] > git for-each-ref --format=%(refname)%00%(upstream:short)%00%(objectname)%00%(upstream:track)%00%(upstream:remotename)%00%(upstream:remoteref) refs/heads/master refs/remotes/master [4ms]
2023-03-21 10:01:09.421 [info] > git status -z -uall [223ms]
2023-03-21 10:01:14.639 [info] No remotes found in the git config file.
2023-03-21 10:01:14.654 [info] > git config --get commit.template [62ms]
2023-03-21 10:01:14.656 [info] > git for-each-ref --format=%(refname)%00%(upstream:short)%00%(objectname)%00%(upstream:track)%00%(upstream:remotename)%00%(upstream:remoteref) refs/heads/master refs/remotes/master [21ms]
2023-03-21 10:01:14.886 [info] > git status -z -uall [184ms]
2023-03-21 10:01:19.961 [info] > git config --get commit.template [4ms]
2023-03-21 10:01:19.985 [info] No remotes found in the git config file.
2023-03-21 10:01:19.988 [info] > git for-each-ref --format=%(refname)%00%(upstream:short)%00%(objectname)%00%(upstream:track)%00%(upstream:remotename)%00%(upstream:remoteref) refs/heads/master refs/remotes/master [4ms]
2023-03-21 10:01:20.300 [info] > git status -z -uall [293ms]
2023-03-21 10:01:25.393 [info] > git config --get commit.template [5ms]
2023-03-21 10:01:25.414 [info] No remotes found in the git config file.
2023-03-21 10:01:25.418 [info] > git for-each-ref --format=%(refname)%00%(upstream:short)%00%(objectname)%00%(upstream:track)%00%(upstream:remotename)%00%(upstream:remoteref) refs/heads/master refs/remotes/master [4ms]
2023-03-21 10:01:25.567 [info] > git status -z -uall [124ms]
2023-03-21 10:01:30.659 [info] No remotes found in the git config file.
2023-03-21 10:01:30.661 [info] > git config --get commit.template [26ms]
2023-03-21 10:01:30.663 [info] > git for-each-ref --format=%(refname)%00%(upstream:short)%00%(objectname)%00%(upstream:track)%00%(upstream:remotename)%00%(upstream:remoteref) refs/heads/master refs/remotes/master [5ms]
2023-03-21 10:01:30.819 [info] > git status -z -uall [130ms]
2023-03-21 10:01:35.958 [info] No remotes found in the git config file.
2023-03-21 10:01:35.961 [info] > git config --get commit.template [37ms]
2023-03-21 10:01:35.968 [info] > git for-each-ref --format=%(refname)%00%(upstream:short)%00%(objectname)%00%(upstream:track)%00%(upstream:remotename)%00%(upstream:remoteref) refs/heads/master refs/remotes/master [11ms]
2023-03-21 10:01:36.199 [info] > git status -z -uall [207ms]
2023-03-21 10:01:41.316 [info] > git config --get commit.template [5ms]
2023-03-21 10:01:41.369 [info] No remotes found in the git config file.
2023-03-21 10:01:41.377 [info] > git for-each-ref --format=%(refname)%00%(upstream:short)%00%(objectname)%00%(upstream:track)%00%(upstream:remotename)%00%(upstream:remoteref) refs/heads/master refs/remotes/master [9ms]
2023-03-21 10:01:41.616 [info] > git status -z -uall [203ms]
2023-03-21 10:01:46.705 [info] > git config --get commit.template [4ms]
2023-03-21 10:01:46.727 [info] No remotes found in the git config file.
2023-03-21 10:01:46.730 [info] > git for-each-ref --format=%(refname)%00%(upstream:short)%00%(objectname)%00%(upstream:track)%00%(upstream:remotename)%00%(upstream:remoteref) refs/heads/master refs/remotes/master [4ms]
2023-03-21 10:01:46.883 [info] > git status -z -uall [128ms]
2023-03-21 10:01:51.974 [info] > git config --get commit.template [13ms]
2023-03-21 10:01:52.004 [info] No remotes found in the git config file.
2023-03-21 10:01:52.007 [info] > git for-each-ref --format=%(refname)%00%(upstream:short)%00%(objectname)%00%(upstream:track)%00%(upstream:remotename)%00%(upstream:remoteref) refs/heads/master refs/remotes/master [3ms]
2023-03-21 10:01:52.179 [info] > git status -z -uall [141ms]
2023-03-21 10:01:57.308 [info] No remotes found in the git config file.
2023-03-21 10:01:57.310 [info] > git config --get commit.template [34ms]
2023-03-21 10:01:57.312 [info] > git for-each-ref --format=%(refname)%00%(upstream:short)%00%(objectname)%00%(upstream:track)%00%(upstream:remotename)%00%(upstream:remoteref) refs/heads/master refs/remotes/master [5ms]
2023-03-21 10:01:57.461 [info] > git status -z -uall [126ms]
2023-03-21 10:02:02.631 [info] No remotes found in the git config file.
2023-03-21 10:02:02.634 [info] > git config --get commit.template [51ms]
2023-03-21 10:02:02.642 [info] > git for-each-ref --format=%(refname)%00%(upstream:short)%00%(objectname)%00%(upstream:track)%00%(upstream:remotename)%00%(upstream:remoteref) refs/heads/master refs/remotes/master [11ms]
2023-03-21 10:02:02.921 [info] > git status -z -uall [227ms]
2023-03-21 10:02:08.027 [info] > git config --get commit.template [7ms]
2023-03-21 10:02:08.049 [info] No remotes found in the git config file.
2023-03-21 10:02:08.061 [info] > git for-each-ref --format=%(refname)%00%(upstream:short)%00%(objectname)%00%(upstream:track)%00%(upstream:remotename)%00%(upstream:remoteref) refs/heads/master refs/remotes/master [12ms]
2023-03-21 10:02:08.289 [info] > git status -z -uall [203ms]
2023-03-21 10:02:13.419 [info] > git config --get commit.template [7ms]
2023-03-21 10:02:13.448 [info] No remotes found in the git config file.
2023-03-21 10:02:13.458 [info] > git for-each-ref --format=%(refname)%00%(upstream:short)%00%(objectname)%00%(upstream:track)%00%(upstream:remotename)%00%(upstream:remoteref) refs/heads/master refs/remotes/master [9ms]
2023-03-21 10:02:13.651 [info] > git status -z -uall [148ms]
2023-03-21 10:02:18.768 [info] No remotes found in the git config file.
2023-03-21 10:02:18.770 [info] > git config --get commit.template [36ms]
2023-03-21 10:02:18.773 [info] > git for-each-ref --format=%(refname)%00%(upstream:short)%00%(objectname)%00%(upstream:track)%00%(upstream:remotename)%00%(upstream:remoteref) refs/heads/master refs/remotes/master [5ms]
2023-03-21 10:02:18.994 [info] > git status -z -uall [169ms]
2023-03-21 10:02:24.111 [info] > git config --get commit.template [6ms]
2023-03-21 10:02:24.137 [info] No remotes found in the git config file.
2023-03-21 10:02:24.141 [info] > git for-each-ref --format=%(refname)%00%(upstream:short)%00%(objectname)%00%(upstream:track)%00%(upstream:remotename)%00%(upstream:remoteref) refs/heads/master refs/remotes/master [4ms]
2023-03-21 10:02:24.350 [info] > git status -z -uall [179ms]
2023-03-21 10:02:29.458 [info] > git config --get commit.template [13ms]
2023-03-21 10:02:29.492 [info] No remotes found in the git config file.
2023-03-21 10:02:29.506 [info] > git for-each-ref --format=%(refname)%00%(upstream:short)%00%(objectname)%00%(upstream:track)%00%(upstream:remotename)%00%(upstream:remoteref) refs/heads/master refs/remotes/master [15ms]
2023-03-21 10:02:30.003 [info] > git status -z -uall [429ms]
2023-03-21 10:02:35.317 [info] > git config --get commit.template [25ms]
2023-03-21 10:02:35.389 [info] No remotes found in the git config file.
2023-03-21 10:02:35.398 [info] > git for-each-ref --format=%(refname)%00%(upstream:short)%00%(objectname)%00%(upstream:track)%00%(upstream:remotename)%00%(upstream:remoteref) refs/heads/master refs/remotes/master [10ms]
2023-03-21 10:02:35.716 [info] > git status -z -uall [246ms]
2023-03-21 10:02:40.934 [info] No remotes found in the git config file.
2023-03-21 10:02:40.938 [info] > git config --get commit.template [41ms]
2023-03-21 10:02:40.946 [info] > git for-each-ref --format=%(refname)%00%(upstream:short)%00%(objectname)%00%(upstream:track)%00%(upstream:remotename)%00%(upstream:remoteref) refs/heads/master refs/remotes/master [15ms]
2023-03-21 10:02:41.154 [info] > git status -z -uall [176ms]
2023-03-21 10:02:46.386 [info] No remotes found in the git config file.
2023-03-21 10:02:46.388 [info] > git config --get commit.template [80ms]
2023-03-21 10:02:46.398 [info] > git for-each-ref --format=%(refname)%00%(upstream:short)%00%(objectname)%00%(upstream:track)%00%(upstream:remotename)%00%(upstream:remoteref) refs/heads/master refs/remotes/master [13ms]
2023-03-21 10:02:46.771 [info] > git status -z -uall [319ms]
2023-03-21 10:02:56.357 [info] > git config --get commit.template [299ms]
2023-03-21 10:02:56.578 [info] No remotes found in the git config file.
2023-03-21 10:02:57.048 [info] > git for-each-ref --format=%(refname)%00%(upstream:short)%00%(objectname)%00%(upstream:track)%00%(upstream:remotename)%00%(upstream:remoteref) refs/heads/master refs/remotes/master [135ms]
2023-03-21 10:03:00.817 [info] > git status -z -uall [3646ms]
2023-03-21 10:03:05.986 [info] > git config --get commit.template [6ms]
2023-03-21 10:03:06.015 [info] No remotes found in the git config file.
2023-03-21 10:03:06.019 [info] > git for-each-ref --format=%(refname)%00%(upstream:short)%00%(objectname)%00%(upstream:track)%00%(upstream:remotename)%00%(upstream:remoteref) refs/heads/master refs/remotes/master [4ms]
2023-03-21 10:03:06.193 [info] > git status -z -uall [147ms]
2023-03-21 10:03:11.411 [info] > git config --get commit.template [4ms]
2023-03-21 10:03:11.439 [info] No remotes found in the git config file.
2023-03-21 10:03:11.443 [info] > git for-each-ref --format=%(refname)%00%(upstream:short)%00%(objectname)%00%(upstream:track)%00%(upstream:remotename)%00%(upstream:remoteref) refs/heads/master refs/remotes/master [6ms]
2023-03-21 10:03:11.652 [info] > git status -z -uall [179ms]
2023-03-21 10:03:16.789 [info] > git config --get commit.template [4ms]
2023-03-21 10:03:16.817 [info] No remotes found in the git config file.
2023-03-21 10:03:16.819 [info] > git for-each-ref --format=%(refname)%00%(upstream:short)%00%(objectname)%00%(upstream:track)%00%(upstream:remotename)%00%(upstream:remoteref) refs/heads/master refs/remotes/master [3ms]
2023-03-21 10:03:17.027 [info] > git status -z -uall [184ms]
2023-03-21 10:03:22.157 [info] No remotes found in the git config file.
2023-03-21 10:03:22.159 [info] > git config --get commit.template [34ms]
2023-03-21 10:03:22.160 [info] > git for-each-ref --format=%(refname)%00%(upstream:short)%00%(objectname)%00%(upstream:track)%00%(upstream:remotename)%00%(upstream:remoteref) refs/heads/master refs/remotes/master [4ms]
2023-03-21 10:03:22.350 [info] > git status -z -uall [163ms]
2023-03-21 10:03:27.433 [info] > git config --get commit.template [9ms]
2023-03-21 10:03:27.469 [info] No remotes found in the git config file.
2023-03-21 10:03:27.479 [info] > git for-each-ref --format=%(refname)%00%(upstream:short)%00%(objectname)%00%(upstream:track)%00%(upstream:remotename)%00%(upstream:remoteref) refs/heads/master refs/remotes/master [9ms]
2023-03-21 10:03:27.698 [info] > git status -z -uall [178ms]
2023-03-21 10:03:32.807 [info] > git config --get commit.template [7ms]
2023-03-21 10:03:32.838 [info] No remotes found in the git config file.
2023-03-21 10:03:32.861 [info] > git for-each-ref --format=%(refname)%00%(upstream:short)%00%(objectname)%00%(upstream:track)%00%(upstream:remotename)%00%(upstream:remoteref) refs/heads/master refs/remotes/master [23ms]
2023-03-21 10:03:33.305 [info] > git status -z -uall [414ms]
2023-03-21 10:03:38.474 [info] No remotes found in the git config file.
2023-03-21 10:03:38.477 [info] > git config --get commit.template [36ms]
2023-03-21 10:03:38.480 [info] > git for-each-ref --format=%(refname)%00%(upstream:short)%00%(objectname)%00%(upstream:track)%00%(upstream:remotename)%00%(upstream:remoteref) refs/heads/master refs/remotes/master [7ms]
2023-03-21 10:03:38.695 [info] > git status -z -uall [182ms]
2023-03-21 10:03:43.811 [info] > git config --get commit.template [3ms]
2023-03-21 10:03:43.834 [info] No remotes found in the git config file.
2023-03-21 10:03:43.837 [info] > git for-each-ref --format=%(refname)%00%(upstream:short)%00%(objectname)%00%(upstream:track)%00%(upstream:remotename)%00%(upstream:remoteref) refs/heads/master refs/remotes/master [4ms]
2023-03-21 10:03:43.988 [info] > git status -z -uall [130ms]
2023-03-21 10:03:49.201 [info] No remotes found in the git config file.
2023-03-21 10:03:49.209 [info] > git config --get commit.template [58ms]
2023-03-21 10:03:49.211 [info] > git for-each-ref --format=%(refname)%00%(upstream:short)%00%(objectname)%00%(upstream:track)%00%(upstream:remotename)%00%(upstream:remoteref) refs/heads/master refs/remotes/master [11ms]
2023-03-21 10:03:50.117 [info] > git status -z -uall [801ms]
2023-03-21 10:03:55.396 [info] > git config --get commit.template [14ms]
2023-03-21 10:03:55.399 [info] No remotes found in the git config file.
2023-03-21 10:03:55.441 [info] > git for-each-ref --format=%(refname)%00%(upstream:short)%00%(objectname)%00%(upstream:track)%00%(upstream:remotename)%00%(upstream:remoteref) refs/heads/master refs/remotes/master [3ms]
2023-03-21 10:03:55.593 [info] > git status -z -uall [132ms]
2023-03-21 10:04:00.691 [info] > git config --get commit.template [4ms]
2023-03-21 10:04:00.756 [info] No remotes found in the git config file.
2023-03-21 10:04:00.757 [info] > git for-each-ref --format=%(refname)%00%(upstream:short)%00%(objectname)%00%(upstream:track)%00%(upstream:remotename)%00%(upstream:remoteref) refs/heads/master refs/remotes/master [8ms]
2023-03-21 10:04:00.951 [info] > git status -z -uall [167ms]
2023-03-21 10:04:06.088 [info] > git config --get commit.template [4ms]
2023-03-21 10:04:06.117 [info] No remotes found in the git config file.
2023-03-21 10:04:06.119 [info] > git for-each-ref --format=%(refname)%00%(upstream:short)%00%(objectname)%00%(upstream:track)%00%(upstream:remotename)%00%(upstream:remoteref) refs/heads/master refs/remotes/master [2ms]
2023-03-21 10:04:06.297 [info] > git status -z -uall [151ms]
2023-03-21 10:04:11.425 [info] No remotes found in the git config file.
2023-03-21 10:04:11.447 [info] > git for-each-ref --format=%(refname)%00%(upstream:short)%00%(objectname)%00%(upstream:track)%00%(upstream:remotename)%00%(upstream:remoteref) refs/heads/master refs/remotes/master [23ms]
2023-03-21 10:04:11.450 [info] > git config --get commit.template [3ms]
2023-03-21 10:04:11.620 [info] > git status -z -uall [141ms]
2023-03-21 10:04:16.717 [info] No remotes found in the git config file.
2023-03-21 10:04:16.751 [info] > git config --get commit.template [40ms]
2023-03-21 10:04:16.758 [info] > git for-each-ref --format=%(refname)%00%(upstream:short)%00%(objectname)%00%(upstream:track)%00%(upstream:remotename)%00%(upstream:remoteref) refs/heads/master refs/remotes/master [8ms]
2023-03-21 10:04:16.969 [info] > git status -z -uall [184ms]
2023-03-21 10:04:22.078 [info] > git config --get commit.template [9ms]
2023-03-21 10:04:22.109 [info] No remotes found in the git config file.
2023-03-21 10:04:22.111 [info] > git for-each-ref --format=%(refname)%00%(upstream:short)%00%(objectname)%00%(upstream:track)%00%(upstream:remotename)%00%(upstream:remoteref) refs/heads/master refs/remotes/master [3ms]
2023-03-21 10:04:22.309 [info] > git status -z -uall [166ms]
2023-03-21 10:04:27.438 [info] > git config --get commit.template [4ms]
2023-03-21 10:04:27.461 [info] No remotes found in the git config file.
2023-03-21 10:04:27.464 [info] > git for-each-ref --format=%(refname)%00%(upstream:short)%00%(objectname)%00%(upstream:track)%00%(upstream:remotename)%00%(upstream:remoteref) refs/heads/master refs/remotes/master [2ms]
2023-03-21 10:04:27.656 [info] > git status -z -uall [147ms]
2023-03-21 10:04:32.758 [info] > git config --get commit.template [4ms]
2023-03-21 10:04:32.783 [info] No remotes found in the git config file.
2023-03-21 10:04:32.787 [info] > git for-each-ref --format=%(refname)%00%(upstream:short)%00%(objectname)%00%(upstream:track)%00%(upstream:remotename)%00%(upstream:remoteref) refs/heads/master refs/remotes/master [4ms]
2023-03-21 10:04:32.988 [info] > git status -z -uall [172ms]
2023-03-21 10:04:38.240 [info] No remotes found in the git config file.
2023-03-21 10:04:38.242 [info] > git config --get commit.template [110ms]
2023-03-21 10:04:38.243 [info] > git for-each-ref --format=%(refname)%00%(upstream:short)%00%(objectname)%00%(upstream:track)%00%(upstream:remotename)%00%(upstream:remoteref) refs/heads/master refs/remotes/master [4ms]
2023-03-21 10:04:38.590 [info] > git status -z -uall [319ms]
2023-03-21 10:04:43.757 [info] No remotes found in the git config file.
2023-03-21 10:04:43.759 [info] > git config --get commit.template [45ms]
2023-03-21 10:04:43.760 [info] > git for-each-ref --format=%(refname)%00%(upstream:short)%00%(objectname)%00%(upstream:track)%00%(upstream:remotename)%00%(upstream:remoteref) refs/heads/master refs/remotes/master [4ms]
2023-03-21 10:04:43.945 [info] > git status -z -uall [142ms]
2023-03-21 10:04:49.047 [info] > git config --get commit.template [11ms]
2023-03-21 10:04:49.090 [info] No remotes found in the git config file.
2023-03-21 10:04:49.097 [info] > git for-each-ref --format=%(refname)%00%(upstream:short)%00%(objectname)%00%(upstream:track)%00%(upstream:remotename)%00%(upstream:remoteref) refs/heads/master refs/remotes/master [7ms]
2023-03-21 10:04:49.313 [info] > git status -z -uall [179ms]
2023-03-21 10:04:54.400 [info] > git config --get commit.template [4ms]
2023-03-21 10:04:54.429 [info] No remotes found in the git config file.
2023-03-21 10:04:54.432 [info] > git for-each-ref --format=%(refname)%00%(upstream:short)%00%(objectname)%00%(upstream:track)%00%(upstream:remotename)%00%(upstream:remoteref) refs/heads/master refs/remotes/master [3ms]
2023-03-21 10:04:54.598 [info] > git status -z -uall [137ms]
2023-03-21 10:04:59.740 [info] > git config --get commit.template [9ms]
2023-03-21 10:04:59.767 [info] No remotes found in the git config file.
2023-03-21 10:04:59.773 [info] > git for-each-ref --format=%(refname)%00%(upstream:short)%00%(objectname)%00%(upstream:track)%00%(upstream:remotename)%00%(upstream:remoteref) refs/heads/master refs/remotes/master [5ms]
2023-03-21 10:04:59.945 [info] > git status -z -uall [146ms]
2023-03-21 10:05:05.069 [info] No remotes found in the git config file.
2023-03-21 10:05:05.070 [info] > git config --get commit.template [30ms]
2023-03-21 10:05:05.071 [info] > git for-each-ref --format=%(refname)%00%(upstream:short)%00%(objectname)%00%(upstream:track)%00%(upstream:remotename)%00%(upstream:remoteref) refs/heads/master refs/remotes/master [3ms]
2023-03-21 10:05:05.370 [info] > git status -z -uall [270ms]
2023-03-21 10:05:10.596 [info] > git config --get commit.template [42ms]
2023-03-21 10:05:10.598 [info] No remotes found in the git config file.
2023-03-21 10:05:10.599 [info] > git for-each-ref --format=%(refname)%00%(upstream:short)%00%(objectname)%00%(upstream:track)%00%(upstream:remotename)%00%(upstream:remoteref) refs/heads/master refs/remotes/master [7ms]
2023-03-21 10:05:10.755 [info] > git status -z -uall [134ms]
2023-03-21 10:05:15.881 [info] No remotes found in the git config file.
2023-03-21 10:05:15.883 [info] > git config --get commit.template [25ms]
2023-03-21 10:05:15.884 [info] > git for-each-ref --format=%(refname)%00%(upstream:short)%00%(objectname)%00%(upstream:track)%00%(upstream:remotename)%00%(upstream:remoteref) refs/heads/master refs/remotes/master [4ms]
2023-03-21 10:05:16.049 [info] > git status -z -uall [140ms]
2023-03-21 10:05:21.130 [info] > git config --get commit.template [4ms]
2023-03-21 10:05:21.151 [info] No remotes found in the git config file.
2023-03-21 10:05:21.156 [info] > git for-each-ref --format=%(refname)%00%(upstream:short)%00%(objectname)%00%(upstream:track)%00%(upstream:remotename)%00%(upstream:remoteref) refs/heads/master refs/remotes/master [5ms]
2023-03-21 10:05:21.348 [info] > git status -z -uall [161ms]
2023-03-21 10:05:26.417 [info] > git config --get commit.template [5ms]
2023-03-21 10:05:26.421 [info] No remotes found in the git config file.
2023-03-21 10:05:26.460 [info] > git for-each-ref --format=%(refname)%00%(upstream:short)%00%(objectname)%00%(upstream:track)%00%(upstream:remotename)%00%(upstream:remoteref) refs/heads/master refs/remotes/master [3ms]
2023-03-21 10:05:26.619 [info] > git status -z -uall [137ms]
2023-03-21 10:05:31.731 [info] No remotes found in the git config file.
2023-03-21 10:05:31.736 [info] > git for-each-ref --format=%(refname)%00%(upstream:short)%00%(objectname)%00%(upstream:track)%00%(upstream:remotename)%00%(upstream:remoteref) refs/heads/master refs/remotes/master [5ms]
2023-03-21 10:05:31.737 [info] > git config --get commit.template [41ms]
2023-03-21 10:05:31.911 [info] > git status -z -uall [141ms]
2023-03-21 10:05:37.008 [info] > git config --get commit.template [3ms]
2023-03-21 10:05:37.034 [info] No remotes found in the git config file.
2023-03-21 10:05:37.037 [info] > git for-each-ref --format=%(refname)%00%(upstream:short)%00%(objectname)%00%(upstream:track)%00%(upstream:remotename)%00%(upstream:remoteref) refs/heads/master refs/remotes/master [7ms]
2023-03-21 10:05:37.188 [info] > git status -z -uall [131ms]
2023-03-21 10:05:42.903 [info] No remotes found in the git config file.
2023-03-21 10:05:42.913 [info] > git config --get commit.template [311ms]
2023-03-21 10:05:42.959 [info] > git for-each-ref --format=%(refname)%00%(upstream:short)%00%(objectname)%00%(upstream:track)%00%(upstream:remotename)%00%(upstream:remoteref) refs/heads/master refs/remotes/master [145ms]
2023-03-21 10:05:43.478 [info] > git status -z -uall [315ms]
2023-03-21 10:05:48.591 [info] > git config --get commit.template [5ms]
2023-03-21 10:05:48.627 [info] No remotes found in the git config file.
2023-03-21 10:05:48.634 [info] > git for-each-ref --format=%(refname)%00%(upstream:short)%00%(objectname)%00%(upstream:track)%00%(upstream:remotename)%00%(upstream:remoteref) refs/heads/master refs/remotes/master [7ms]
2023-03-21 10:05:48.956 [info] > git status -z -uall [297ms]
2023-03-21 10:05:54.126 [info] No remotes found in the git config file.
2023-03-21 10:05:54.153 [info] > git config --get commit.template [83ms]
2023-03-21 10:05:54.154 [info] > git for-each-ref --format=%(refname)%00%(upstream:short)%00%(objectname)%00%(upstream:track)%00%(upstream:remotename)%00%(upstream:remoteref) refs/heads/master refs/remotes/master [35ms]
2023-03-21 10:05:54.436 [info] > git status -z -uall [233ms]
2023-03-21 10:05:59.538 [info] > git config --get commit.template [4ms]
2023-03-21 10:05:59.562 [info] No remotes found in the git config file.
2023-03-21 10:05:59.568 [info] > git for-each-ref --format=%(refname)%00%(upstream:short)%00%(objectname)%00%(upstream:track)%00%(upstream:remotename)%00%(upstream:remoteref) refs/heads/master refs/remotes/master [7ms]
2023-03-21 10:05:59.729 [info] > git status -z -uall [136ms]
2023-03-21 10:06:04.833 [info] > git config --get commit.template [4ms]
2023-03-21 10:06:04.861 [info] No remotes found in the git config file.
2023-03-21 10:06:04.867 [info] > git for-each-ref --format=%(refname)%00%(upstream:short)%00%(objectname)%00%(upstream:track)%00%(upstream:remotename)%00%(upstream:remoteref) refs/heads/master refs/remotes/master [8ms]
2023-03-21 10:06:05.124 [info] > git status -z -uall [227ms]
2023-03-21 10:06:10.370 [info] No remotes found in the git config file.
2023-03-21 10:06:10.407 [info] > git for-each-ref --format=%(refname)%00%(upstream:short)%00%(objectname)%00%(upstream:track)%00%(upstream:remotename)%00%(upstream:remoteref) refs/heads/master refs/remotes/master [38ms]
2023-03-21 10:06:10.417 [info] > git config --get commit.template [117ms]
2023-03-21 10:06:10.729 [info] > git status -z -uall [226ms]
2023-03-21 10:06:15.863 [info] No remotes found in the git config file.
2023-03-21 10:06:15.869 [info] > git config --get commit.template [31ms]
2023-03-21 10:06:15.871 [info] > git for-each-ref --format=%(refname)%00%(upstream:short)%00%(objectname)%00%(upstream:track)%00%(upstream:remotename)%00%(upstream:remoteref) refs/heads/master refs/remotes/master [8ms]
2023-03-21 10:06:16.091 [info] > git status -z -uall [191ms]
2023-03-21 10:06:21.191 [info] > git config --get commit.template [3ms]
2023-03-21 10:06:21.211 [info] No remotes found in the git config file.
2023-03-21 10:06:21.214 [info] > git for-each-ref --format=%(refname)%00%(upstream:short)%00%(objectname)%00%(upstream:track)%00%(upstream:remotename)%00%(upstream:remoteref) refs/heads/master refs/remotes/master [4ms]
2023-03-21 10:06:21.366 [info] > git status -z -uall [127ms]
2023-03-21 10:06:26.449 [info] > git config --get commit.template [4ms]
2023-03-21 10:06:26.474 [info] No remotes found in the git config file.
2023-03-21 10:06:26.478 [info] > git for-each-ref --format=%(refname)%00%(upstream:short)%00%(objectname)%00%(upstream:track)%00%(upstream:remotename)%00%(upstream:remoteref) refs/heads/master refs/remotes/master [4ms]
2023-03-21 10:06:26.624 [info] > git status -z -uall [124ms]
2023-03-21 10:06:31.709 [info] > git config --get commit.template [11ms]
2023-03-21 10:06:31.742 [info] No remotes found in the git config file.
2023-03-21 10:06:31.754 [info] > git for-each-ref --format=%(refname)%00%(upstream:short)%00%(objectname)%00%(upstream:track)%00%(upstream:remotename)%00%(upstream:remoteref) refs/heads/master refs/remotes/master [13ms]
2023-03-21 10:06:31.922 [info] > git status -z -uall [132ms]
2023-03-21 10:06:37.114 [info] No remotes found in the git config file.
2023-03-21 10:06:37.116 [info] > git config --get commit.template [31ms]
2023-03-21 10:06:37.123 [info] > git for-each-ref --format=%(refname)%00%(upstream:short)%00%(objectname)%00%(upstream:track)%00%(upstream:remotename)%00%(upstream:remoteref) refs/heads/master refs/remotes/master [10ms]
2023-03-21 10:06:37.682 [info] > git status -z -uall [530ms]
2023-03-21 10:06:41.313 [info] > git check-ignore -v -z --stdin [5ms]
2023-03-21 10:06:41.769 [info] > git config --get commit.template [4ms]
2023-03-21 10:06:41.808 [info] > git for-each-ref --format=%(refname)%00%(upstream:short)%00%(objectname)%00%(upstream:track)%00%(upstream:remotename)%00%(upstream:remoteref) refs/heads/main refs/remotes/main [11ms]
2023-03-21 10:06:41.849 [info] > git status -z -uall [10ms]
2023-03-21 10:06:42.792 [info] > git config --get commit.template [4ms]
2023-03-21 10:06:42.819 [info] No remotes found in the git config file.
2023-03-21 10:06:42.829 [info] > git for-each-ref --format=%(refname)%00%(upstream:short)%00%(objectname)%00%(upstream:track)%00%(upstream:remotename)%00%(upstream:remoteref) refs/heads/master refs/remotes/master [10ms]
2023-03-21 10:06:43.032 [info] > git status -z -uall [147ms]
2023-03-21 10:06:44.946 [info] > git show --textconv :index.html [55ms]
2023-03-21 10:06:44.951 [info] > git ls-files --stage -- /home/jamessearle71/demos/git-github-demo/index.html [23ms]
2023-03-21 10:06:48.173 [info] No remotes found in the git config file.
2023-03-21 10:06:48.176 [info] > git config --get commit.template [28ms]
2023-03-21 10:06:48.178 [info] > git for-each-ref --format=%(refname)%00%(upstream:short)%00%(objectname)%00%(upstream:track)%00%(upstream:remotename)%00%(upstream:remoteref) refs/heads/master refs/remotes/master [6ms]
2023-03-21 10:06:48.651 [info] > git status -z -uall [450ms]
2023-03-21 10:06:53.756 [info] > git config --get commit.template [2ms]
2023-03-21 10:06:53.779 [info] No remotes found in the git config file.
2023-03-21 10:06:53.783 [info] > git for-each-ref --format=%(refname)%00%(upstream:short)%00%(objectname)%00%(upstream:track)%00%(upstream:remotename)%00%(upstream:remoteref) refs/heads/master refs/remotes/master [5ms]
2023-03-21 10:06:53.936 [info] > git status -z -uall [129ms]
2023-03-21 10:06:59.023 [info] > git config --get commit.template [4ms]
2023-03-21 10:06:59.050 [info] No remotes found in the git config file.
2023-03-21 10:06:59.054 [info] > git for-each-ref --format=%(refname)%00%(upstream:short)%00%(objectname)%00%(upstream:track)%00%(upstream:remotename)%00%(upstream:remoteref) refs/heads/master refs/remotes/master [7ms]
2023-03-21 10:06:59.194 [info] > git status -z -uall [117ms]
2023-03-21 10:07:04.274 [info] > git config --get commit.template [3ms]
2023-03-21 10:07:04.300 [info] No remotes found in the git config file.
2023-03-21 10:07:04.303 [info] > git for-each-ref --format=%(refname)%00%(upstream:short)%00%(objectname)%00%(upstream:track)%00%(upstream:remotename)%00%(upstream:remoteref) refs/heads/master refs/remotes/master [4ms]
2023-03-21 10:07:04.493 [info] > git status -z -uall [165ms]
2023-03-21 10:07:09.633 [info] No remotes found in the git config file.
2023-03-21 10:07:09.648 [info] > git config --get commit.template [46ms]
2023-03-21 10:07:09.660 [info] > git for-each-ref --format=%(refname)%00%(upstream:short)%00%(objectname)%00%(upstream:track)%00%(upstream:remotename)%00%(upstream:remoteref) refs/heads/master refs/remotes/master [28ms]
2023-03-21 10:07:09.886 [info] > git status -z -uall [204ms]
2023-03-21 10:07:15.045 [info] No remotes found in the git config file.
2023-03-21 10:07:15.048 [info] > git config --get commit.template [36ms]
2023-03-21 10:07:15.054 [info] > git for-each-ref --format=%(refname)%00%(upstream:short)%00%(objectname)%00%(upstream:track)%00%(upstream:remotename)%00%(upstream:remoteref) refs/heads/master refs/remotes/master [10ms]
2023-03-21 10:07:15.258 [info] > git status -z -uall [168ms]
2023-03-21 10:07:20.394 [info] No remotes found in the git config file.
2023-03-21 10:07:20.396 [info] > git for-each-ref --format=%(refname)%00%(upstream:short)%00%(objectname)%00%(upstream:track)%00%(upstream:remotename)%00%(upstream:remoteref) refs/heads/master refs/remotes/master [9ms]
2023-03-21 10:07:20.397 [info] > git config --get commit.template [33ms]
2023-03-21 10:07:20.588 [info] > git status -z -uall [164ms]
2023-03-21 10:07:25.673 [info] > git config --get commit.template [3ms]
2023-03-21 10:07:25.703 [info] No remotes found in the git config file.
2023-03-21 10:07:25.709 [info] > git for-each-ref --format=%(refname)%00%(upstream:short)%00%(objectname)%00%(upstream:track)%00%(upstream:remotename)%00%(upstream:remoteref) refs/heads/master refs/remotes/master [7ms]
2023-03-21 10:07:25.873 [info] > git status -z -uall [139ms]
2023-03-21 10:07:31.018 [info] No remotes found in the git config file.
2023-03-21 10:07:31.022 [info] > git for-each-ref --format=%(refname)%00%(upstream:short)%00%(objectname)%00%(upstream:track)%00%(upstream:remotename)%00%(upstream:remoteref) refs/heads/master refs/remotes/master [4ms]
2023-03-21 10:07:31.023 [info] > git config --get commit.template [43ms]
2023-03-21 10:07:31.229 [info] > git status -z -uall [172ms]
2023-03-21 10:07:36.343 [info] > git config --get commit.template [5ms]
2023-03-21 10:07:36.369 [info] No remotes found in the git config file.
2023-03-21 10:07:36.372 [info] > git for-each-ref --format=%(refname)%00%(upstream:short)%00%(objectname)%00%(upstream:track)%00%(upstream:remotename)%00%(upstream:remoteref) refs/heads/master refs/remotes/master [3ms]
2023-03-21 10:07:36.530 [info] > git status -z -uall [131ms]
2023-03-21 10:08:06.786 [info] No remotes found in the git config file.
2023-03-21 10:08:06.788 [info] > git config --get commit.template [209ms]
2023-03-21 10:08:06.825 [info] > git for-each-ref --format=%(refname)%00%(upstream:short)%00%(objectname)%00%(upstream:track)%00%(upstream:remotename)%00%(upstream:remoteref) refs/heads/master refs/remotes/master [45ms]
2023-03-21 10:08:07.549 [info] > git status -z -uall [486ms]
2023-03-21 10:08:12.928 [info] No remotes found in the git config file.
2023-03-21 10:08:12.929 [info] > git config --get commit.template [175ms]
2023-03-21 10:08:12.935 [info] > git for-each-ref --format=%(refname)%00%(upstream:short)%00%(objectname)%00%(upstream:track)%00%(upstream:remotename)%00%(upstream:remoteref) refs/heads/master refs/remotes/master [9ms]
2023-03-21 10:08:13.237 [info] > git status -z -uall [245ms]
2023-03-21 10:08:18.420 [info] > git config --get commit.template [21ms]
2023-03-21 10:08:18.527 [info] No remotes found in the git config file.
2023-03-21 10:08:18.541 [info] > git for-each-ref --format=%(refname)%00%(upstream:short)%00%(objectname)%00%(upstream:track)%00%(upstream:remotename)%00%(upstream:remoteref) refs/heads/master refs/remotes/master [30ms]
2023-03-21 10:08:18.916 [info] > git status -z -uall [296ms]
2023-03-21 10:08:24.233 [info] No remotes found in the git config file.
2023-03-21 10:08:24.307 [info] > git config --get commit.template [193ms]
2023-03-21 10:08:24.310 [info] > git for-each-ref --format=%(refname)%00%(upstream:short)%00%(objectname)%00%(upstream:track)%00%(upstream:remotename)%00%(upstream:remoteref) refs/heads/master refs/remotes/master [88ms]
2023-03-21 10:08:24.839 [info] > git status -z -uall [330ms]
2023-03-21 10:08:30.033 [info] > git config --get commit.template [11ms]
2023-03-21 10:08:30.060 [info] No remotes found in the git config file.
2023-03-21 10:08:30.068 [info] > git for-each-ref --format=%(refname)%00%(upstream:short)%00%(objectname)%00%(upstream:track)%00%(upstream:remotename)%00%(upstream:remoteref) refs/heads/master refs/remotes/master [9ms]
2023-03-21 10:08:30.332 [info] > git status -z -uall [229ms]
2023-03-21 10:08:33.002 [info] > git ls-files --stage -- /home/jamessearle71/demos/git-github-demo/index.html [4ms]
2023-03-21 10:08:33.011 [info] > git ls-files --stage -- /home/jamessearle71/demos/git-github-demo/README.md [45ms]
2023-03-21 10:08:33.078 [info] > git cat-file -s 7bfe868900309ae9819421c4a11be078dc79be59 [40ms]
2023-03-21 10:08:33.086 [info] > git show --textconv :index.html [10ms]
2023-03-21 10:08:33.148 [info] > git show --textconv :README.md [8ms]
2023-03-21 10:08:35.608 [info] No remotes found in the git config file.
2023-03-21 10:08:35.622 [info] > git config --get commit.template [104ms]
2023-03-21 10:08:35.649 [info] > git for-each-ref --format=%(refname)%00%(upstream:short)%00%(objectname)%00%(upstream:track)%00%(upstream:remotename)%00%(upstream:remoteref) refs/heads/master refs/remotes/master [42ms]
2023-03-21 10:08:35.979 [info] > git status -z -uall [188ms]
2023-03-21 10:08:41.137 [info] > git config --get commit.template [16ms]
2023-03-21 10:08:41.138 [info] No remotes found in the git config file.
2023-03-21 10:08:41.208 [info] > git for-each-ref --format=%(refname)%00%(upstream:short)%00%(objectname)%00%(upstream:track)%00%(upstream:remotename)%00%(upstream:remoteref) refs/heads/master refs/remotes/master [13ms]
2023-03-21 10:08:41.423 [info] > git status -z -uall [181ms]
2023-03-21 10:08:46.738 [info] > git config --get commit.template [64ms]
2023-03-21 10:08:46.745 [info] No remotes found in the git config file.
2023-03-21 10:08:46.761 [info] > git for-each-ref --format=%(refname)%00%(upstream:short)%00%(objectname)%00%(upstream:track)%00%(upstream:remotename)%00%(upstream:remoteref) refs/heads/master refs/remotes/master [32ms]
2023-03-21 10:08:47.193 [info] > git status -z -uall [315ms]
2023-03-21 10:08:52.346 [info] No remotes found in the git config file.
2023-03-21 10:08:52.350 [info] > git config --get commit.template [46ms]
2023-03-21 10:08:52.359 [info] > git for-each-ref --format=%(refname)%00%(upstream:short)%00%(objectname)%00%(upstream:track)%00%(upstream:remotename)%00%(upstream:remoteref) refs/heads/master refs/remotes/master [14ms]
2023-03-21 10:08:52.658 [info] > git status -z -uall [262ms]
2023-03-21 10:08:57.954 [info] > git config --get commit.template [31ms]
2023-03-21 10:08:57.994 [info] No remotes found in the git config file.
2023-03-21 10:08:57.998 [info] > git for-each-ref --format=%(refname)%00%(upstream:short)%00%(objectname)%00%(upstream:track)%00%(upstream:remotename)%00%(upstream:remoteref) refs/heads/master refs/remotes/master [5ms]
2023-03-21 10:08:58.297 [info] > git status -z -uall [235ms]
2023-03-21 10:09:03.279 [info] > git ls-files --stage -- /home/jamessearle71/demos/git-github-demo/README.md [31ms]
2023-03-21 10:09:03.316 [info] > git ls-files --stage -- /home/jamessearle71/demos/git-github-demo/index.html [42ms]
2023-03-21 10:09:03.323 [info] > git cat-file -s 7bfe868900309ae9819421c4a11be078dc79be59 [9ms]
2023-03-21 10:09:03.432 [info] > git show --textconv :index.html [64ms]
2023-03-21 10:09:03.432 [info] > git show --textconv :README.md [21ms]
2023-03-21 10:09:03.489 [info] No remotes found in the git config file.
2023-03-21 10:09:03.491 [info] > git config --get commit.template [32ms]
2023-03-21 10:09:03.500 [info] > git for-each-ref --format=%(refname)%00%(upstream:short)%00%(objectname)%00%(upstream:track)%00%(upstream:remotename)%00%(upstream:remoteref) refs/heads/master refs/remotes/master [12ms]
2023-03-21 10:09:03.755 [info] > git status -z -uall [222ms]
2023-03-21 10:09:08.904 [info] > git config --get commit.template [5ms]
2023-03-21 10:09:08.939 [info] No remotes found in the git config file.
2023-03-21 10:09:08.946 [info] > git for-each-ref --format=%(refname)%00%(upstream:short)%00%(objectname)%00%(upstream:track)%00%(upstream:remotename)%00%(upstream:remoteref) refs/heads/master refs/remotes/master [6ms]
2023-03-21 10:09:09.268 [info] > git status -z -uall [259ms]
2023-03-21 10:09:14.450 [info] > git config --get commit.template [13ms]
2023-03-21 10:09:14.514 [info] No remotes found in the git config file.
2023-03-21 10:09:14.518 [info] > git for-each-ref --format=%(refname)%00%(upstream:short)%00%(objectname)%00%(upstream:track)%00%(upstream:remotename)%00%(upstream:remoteref) refs/heads/master refs/remotes/master [5ms]
2023-03-21 10:09:14.870 [info] > git status -z -uall [309ms]
2023-03-21 10:09:20.187 [info] > git config --get commit.template [19ms]
2023-03-21 10:09:20.317 [info] No remotes found in the git config file.
2023-03-21 10:09:20.384 [info] > git for-each-ref --format=%(refname)%00%(upstream:short)%00%(objectname)%00%(upstream:track)%00%(upstream:remotename)%00%(upstream:remoteref) refs/heads/master refs/remotes/master [81ms]
2023-03-21 10:09:20.798 [info] > git status -z -uall [354ms]
2023-03-21 10:09:25.936 [info] > git config --get commit.template [8ms]
2023-03-21 10:09:25.989 [info] No remotes found in the git config file.
2023-03-21 10:09:26.012 [info] > git for-each-ref --format=%(refname)%00%(upstream:short)%00%(objectname)%00%(upstream:track)%00%(upstream:remotename)%00%(upstream:remoteref) refs/heads/master refs/remotes/master [23ms]
2023-03-21 10:09:26.958 [info] > git status -z -uall [797ms]
2023-03-21 10:09:37.255 [info] No remotes found in the git config file.
2023-03-21 10:09:37.266 [info] > git config --get commit.template [76ms]
2023-03-21 10:09:37.278 [info] > git for-each-ref --format=%(refname)%00%(upstream:short)%00%(objectname)%00%(upstream:track)%00%(upstream:remotename)%00%(upstream:remoteref) refs/heads/master refs/remotes/master [24ms]
2023-03-21 10:09:37.628 [info] > git status -z -uall [313ms]
2023-03-21 10:10:07.835 [info] No remotes found in the git config file.
2023-03-21 10:10:07.841 [info] > git config --get commit.template [84ms]
2023-03-21 10:10:07.861 [info] > git for-each-ref --format=%(refname)%00%(upstream:short)%00%(objectname)%00%(upstream:track)%00%(upstream:remotename)%00%(upstream:remoteref) refs/heads/master refs/remotes/master [27ms]
2023-03-21 10:10:08.308 [info] > git status -z -uall [393ms]
2023-03-21 10:10:13.589 [info] > git config --get commit.template [17ms]
2023-03-21 10:10:13.655 [info] No remotes found in the git config file.
2023-03-21 10:10:13.667 [info] > git for-each-ref --format=%(refname)%00%(upstream:short)%00%(objectname)%00%(upstream:track)%00%(upstream:remotename)%00%(upstream:remoteref) refs/heads/master refs/remotes/master [18ms]
2023-03-21 10:10:14.051 [info] > git status -z -uall [316ms]
2023-03-21 10:10:19.227 [info] No remotes found in the git config file.
2023-03-21 10:10:19.228 [info] > git config --get commit.template [28ms]
2023-03-21 10:10:19.232 [info] > git for-each-ref --format=%(refname)%00%(upstream:short)%00%(objectname)%00%(upstream:track)%00%(upstream:remotename)%00%(upstream:remoteref) refs/heads/master refs/remotes/master [6ms]
2023-03-21 10:10:19.461 [info] > git status -z -uall [196ms]
2023-03-21 10:10:24.663 [info] > git config --get commit.template [4ms]
2023-03-21 10:10:24.721 [info] No remotes found in the git config file.
2023-03-21 10:10:24.734 [info] > git for-each-ref --format=%(refname)%00%(upstream:short)%00%(objectname)%00%(upstream:track)%00%(upstream:remotename)%00%(upstream:remoteref) refs/heads/master refs/remotes/master [17ms]
2023-03-21 10:10:25.041 [info] > git status -z -uall [240ms]
2023-03-21 10:10:30.171 [info] > git config --get commit.template [3ms]
2023-03-21 10:10:30.200 [info] No remotes found in the git config file.
2023-03-21 10:10:30.205 [info] > git for-each-ref --format=%(refname)%00%(upstream:short)%00%(objectname)%00%(upstream:track)%00%(upstream:remotename)%00%(upstream:remoteref) refs/heads/master refs/remotes/master [5ms]
2023-03-21 10:10:30.467 [info] > git status -z -uall [192ms]
2023-03-21 10:10:35.644 [info] No remotes found in the git config file.
2023-03-21 10:10:35.686 [info] > git config --get commit.template [54ms]
2023-03-21 10:10:35.694 [info] > git for-each-ref --format=%(refname)%00%(upstream:short)%00%(objectname)%00%(upstream:track)%00%(upstream:remotename)%00%(upstream:remoteref) refs/heads/master refs/remotes/master [11ms]
2023-03-21 10:10:35.982 [info] > git status -z -uall [241ms]
2023-03-21 10:10:41.129 [info] > git config --get commit.template [13ms]
2023-03-21 10:10:41.196 [info] No remotes found in the git config file.
2023-03-21 10:10:41.198 [info] > git for-each-ref --format=%(refname)%00%(upstream:short)%00%(objectname)%00%(upstream:track)%00%(upstream:remotename)%00%(upstream:remoteref) refs/heads/master refs/remotes/master [9ms]
2023-03-21 10:10:41.434 [info] > git status -z -uall [195ms]
2023-03-21 10:10:46.681 [info] > git config --get commit.template [25ms]
2023-03-21 10:10:46.699 [info] No remotes found in the git config file.
2023-03-21 10:10:46.801 [info] > git for-each-ref --format=%(refname)%00%(upstream:short)%00%(objectname)%00%(upstream:track)%00%(upstream:remotename)%00%(upstream:remoteref) refs/heads/master refs/remotes/master [22ms]
2023-03-21 10:10:47.190 [info] > git status -z -uall [334ms]
2023-03-21 10:10:52.382 [info] No remotes found in the git config file.
2023-03-21 10:10:52.385 [info] > git config --get commit.template [38ms]
2023-03-21 10:10:52.388 [info] > git for-each-ref --format=%(refname)%00%(upstream:short)%00%(objectname)%00%(upstream:track)%00%(upstream:remotename)%00%(upstream:remoteref) refs/heads/master refs/remotes/master [7ms]
2023-03-21 10:10:52.661 [info] > git status -z -uall [242ms]
2023-03-21 10:10:58.160 [info] No remotes found in the git config file.
2023-03-21 10:10:58.167 [info] > git config --get commit.template [123ms]
2023-03-21 10:10:58.170 [info] > git for-each-ref --format=%(refname)%00%(upstream:short)%00%(objectname)%00%(upstream:track)%00%(upstream:remotename)%00%(upstream:remoteref) refs/heads/master refs/remotes/master [10ms]
2023-03-21 10:10:58.703 [info] > git status -z -uall [457ms]
2023-03-21 10:11:03.983 [info] No remotes found in the git config file.
2023-03-21 10:11:03.988 [info] > git config --get commit.template [81ms]
2023-03-21 10:11:03.994 [info] > git for-each-ref --format=%(refname)%00%(upstream:short)%00%(objectname)%00%(upstream:track)%00%(upstream:remotename)%00%(upstream:remoteref) refs/heads/master refs/remotes/master [15ms]
2023-03-21 10:11:04.235 [info] > git status -z -uall [204ms]
2023-03-21 10:11:09.420 [info] > git config --get commit.template [18ms]
2023-03-21 10:11:09.518 [info] No remotes found in the git config file.
2023-03-21 10:11:09.550 [info] > git for-each-ref --format=%(refname)%00%(upstream:short)%00%(objectname)%00%(upstream:track)%00%(upstream:remotename)%00%(upstream:remoteref) refs/heads/master refs/remotes/master [32ms]
2023-03-21 10:11:09.815 [info] > git status -z -uall [165ms]
2023-03-21 10:11:21.732 [info] > git config --get commit.template [17ms]
2023-03-21 10:11:21.833 [info] No remotes found in the git config file.
2023-03-21 10:11:21.899 [info] > git for-each-ref --format=%(refname)%00%(upstream:short)%00%(objectname)%00%(upstream:track)%00%(upstream:remotename)%00%(upstream:remoteref) refs/heads/master refs/remotes/master [68ms]
2023-03-21 10:11:22.515 [info] > git status -z -uall [491ms]
