2023-03-21 18:38:27.878 [info] [perf] Render performance baseline is 746ms
2023-03-21 18:39:24.134 [info] [perf] Render performance baseline is 726ms
2023-03-21 19:09:58.946 [error] Unable to find matching pair for < at char 658: Error: Unable to find matching pair for < at char 658
	at r.error (/usr/share/code/resources/app/extensions/emmet/dist/node/emmetNodeMain.js:1:22607)
	at f (/usr/share/code/resources/app/extensions/emmet/dist/node/emmetNodeMain.js:1:21837)
	at u (/usr/share/code/resources/app/extensions/emmet/dist/node/emmetNodeMain.js:1:14498)
	at l (/usr/share/code/resources/app/extensions/emmet/dist/node/emmetNodeMain.js:1:14611)
	at /usr/share/code/resources/app/extensions/emmet/dist/node/emmetNodeMain.js:1:15226
	at m (/usr/share/code/resources/app/extensions/emmet/dist/node/emmetNodeMain.js:1:15333)
	at E (/usr/share/code/resources/app/extensions/emmet/dist/node/emmetNodeMain.js:1:16251)
	at I (/usr/share/code/resources/app/extensions/emmet/dist/node/emmetNodeMain.js:1:16661)
	at t.getRootNode (/usr/share/code/resources/app/extensions/emmet/dist/node/emmetNodeMain.js:1:210303)
	at t.DefaultCompletionItemProvider.b (/usr/share/code/resources/app/extensions/emmet/dist/node/emmetNodeMain.js:1:195403)
	at t.DefaultCompletionItemProvider.provideCompletionItems (/usr/share/code/resources/app/extensions/emmet/dist/node/emmetNodeMain.js:1:194341)
	at Y.provideCompletionItems (/usr/share/code/resources/app/out/vs/workbench/api/node/extensionHostProcess.js:98:44972)
	at /usr/share/code/resources/app/out/vs/workbench/api/node/extensionHostProcess.js:98:65019
	at ce.s (/usr/share/code/resources/app/out/vs/workbench/api/node/extensionHostProcess.js:98:56987)
	at ce.$provideCompletionItems (/usr/share/code/resources/app/out/vs/workbench/api/node/extensionHostProcess.js:98:65006)
	at a.N (/usr/share/code/resources/app/out/vs/workbench/api/node/extensionHostProcess.js:106:11223)
	at a.M (/usr/share/code/resources/app/out/vs/workbench/api/node/extensionHostProcess.js:106:10941)
	at a.H (/usr/share/code/resources/app/out/vs/workbench/api/node/extensionHostProcess.js:106:9996)
	at a.G (/usr/share/code/resources/app/out/vs/workbench/api/node/extensionHostProcess.js:106:9015)
	at /usr/share/code/resources/app/out/vs/workbench/api/node/extensionHostProcess.js:106:7803
	at f.invoke (/usr/share/code/resources/app/out/vs/workbench/api/node/extensionHostProcess.js:63:145)
	at m.deliver (/usr/share/code/resources/app/out/vs/workbench/api/node/extensionHostProcess.js:63:2066)
	at d.fire (/usr/share/code/resources/app/out/vs/workbench/api/node/extensionHostProcess.js:63:1704)
	at p.fire (/usr/share/code/resources/app/out/vs/workbench/api/node/extensionHostProcess.js:72:14907)
	at /usr/share/code/resources/app/out/vs/workbench/api/node/extensionHostProcess.js:122:16556
	at f.invoke (/usr/share/code/resources/app/out/vs/workbench/api/node/extensionHostProcess.js:63:145)
	at m.deliver (/usr/share/code/resources/app/out/vs/workbench/api/node/extensionHostProcess.js:63:2066)
	at d.fire (/usr/share/code/resources/app/out/vs/workbench/api/node/extensionHostProcess.js:63:1704)
	at p.fire (/usr/share/code/resources/app/out/vs/workbench/api/node/extensionHostProcess.js:72:14907)
	at MessagePortMain.<anonymous> (/usr/share/code/resources/app/out/vs/workbench/api/node/extensionHostProcess.js:122:14682)
	at MessagePortMain.emit (node:events:526:28)
	at MessagePortMain._internalPort.emit (node:electron/js2c/utility_init:5:364)
2023-03-21 19:10:06.619 [error] Unable to find matching pair for < at char 658: Error: Unable to find matching pair for < at char 658
	at r.error (/usr/share/code/resources/app/extensions/emmet/dist/node/emmetNodeMain.js:1:22607)
	at f (/usr/share/code/resources/app/extensions/emmet/dist/node/emmetNodeMain.js:1:21837)
	at u (/usr/share/code/resources/app/extensions/emmet/dist/node/emmetNodeMain.js:1:14498)
	at l (/usr/share/code/resources/app/extensions/emmet/dist/node/emmetNodeMain.js:1:14611)
	at /usr/share/code/resources/app/extensions/emmet/dist/node/emmetNodeMain.js:1:15226
	at m (/usr/share/code/resources/app/extensions/emmet/dist/node/emmetNodeMain.js:1:15333)
	at E (/usr/share/code/resources/app/extensions/emmet/dist/node/emmetNodeMain.js:1:16251)
	at I (/usr/share/code/resources/app/extensions/emmet/dist/node/emmetNodeMain.js:1:16661)
	at t.getRootNode (/usr/share/code/resources/app/extensions/emmet/dist/node/emmetNodeMain.js:1:210303)
	at t.DefaultCompletionItemProvider.b (/usr/share/code/resources/app/extensions/emmet/dist/node/emmetNodeMain.js:1:195403)
	at t.DefaultCompletionItemProvider.provideCompletionItems (/usr/share/code/resources/app/extensions/emmet/dist/node/emmetNodeMain.js:1:194341)
	at Y.provideCompletionItems (/usr/share/code/resources/app/out/vs/workbench/api/node/extensionHostProcess.js:98:44972)
	at /usr/share/code/resources/app/out/vs/workbench/api/node/extensionHostProcess.js:98:65019
	at ce.s (/usr/share/code/resources/app/out/vs/workbench/api/node/extensionHostProcess.js:98:56987)
	at ce.$provideCompletionItems (/usr/share/code/resources/app/out/vs/workbench/api/node/extensionHostProcess.js:98:65006)
	at a.N (/usr/share/code/resources/app/out/vs/workbench/api/node/extensionHostProcess.js:106:11223)
	at a.M (/usr/share/code/resources/app/out/vs/workbench/api/node/extensionHostProcess.js:106:10941)
	at a.H (/usr/share/code/resources/app/out/vs/workbench/api/node/extensionHostProcess.js:106:9996)
	at a.G (/usr/share/code/resources/app/out/vs/workbench/api/node/extensionHostProcess.js:106:9015)
	at /usr/share/code/resources/app/out/vs/workbench/api/node/extensionHostProcess.js:106:7803
	at f.invoke (/usr/share/code/resources/app/out/vs/workbench/api/node/extensionHostProcess.js:63:145)
	at m.deliver (/usr/share/code/resources/app/out/vs/workbench/api/node/extensionHostProcess.js:63:2066)
	at d.fire (/usr/share/code/resources/app/out/vs/workbench/api/node/extensionHostProcess.js:63:1704)
	at p.fire (/usr/share/code/resources/app/out/vs/workbench/api/node/extensionHostProcess.js:72:14907)
	at /usr/share/code/resources/app/out/vs/workbench/api/node/extensionHostProcess.js:122:16556
	at f.invoke (/usr/share/code/resources/app/out/vs/workbench/api/node/extensionHostProcess.js:63:145)
	at m.deliver (/usr/share/code/resources/app/out/vs/workbench/api/node/extensionHostProcess.js:63:2066)
	at d.fire (/usr/share/code/resources/app/out/vs/workbench/api/node/extensionHostProcess.js:63:1704)
	at p.fire (/usr/share/code/resources/app/out/vs/workbench/api/node/extensionHostProcess.js:72:14907)
	at MessagePortMain.<anonymous> (/usr/share/code/resources/app/out/vs/workbench/api/node/extensionHostProcess.js:122:14682)
	at MessagePortMain.emit (node:events:526:28)
	at MessagePortMain._internalPort.emit (node:electron/js2c/utility_init:5:364)
2023-03-21 19:10:07.651 [error] Unable to find matching pair for < at char 658: Error: Unable to find matching pair for < at char 658
	at r.error (/usr/share/code/resources/app/extensions/emmet/dist/node/emmetNodeMain.js:1:22607)
	at f (/usr/share/code/resources/app/extensions/emmet/dist/node/emmetNodeMain.js:1:21837)
	at u (/usr/share/code/resources/app/extensions/emmet/dist/node/emmetNodeMain.js:1:14498)
	at l (/usr/share/code/resources/app/extensions/emmet/dist/node/emmetNodeMain.js:1:14611)
	at /usr/share/code/resources/app/extensions/emmet/dist/node/emmetNodeMain.js:1:15226
	at m (/usr/share/code/resources/app/extensions/emmet/dist/node/emmetNodeMain.js:1:15333)
	at E (/usr/share/code/resources/app/extensions/emmet/dist/node/emmetNodeMain.js:1:16251)
	at I (/usr/share/code/resources/app/extensions/emmet/dist/node/emmetNodeMain.js:1:16661)
	at t.getRootNode (/usr/share/code/resources/app/extensions/emmet/dist/node/emmetNodeMain.js:1:210303)
	at t.DefaultCompletionItemProvider.b (/usr/share/code/resources/app/extensions/emmet/dist/node/emmetNodeMain.js:1:195403)
	at t.DefaultCompletionItemProvider.provideCompletionItems (/usr/share/code/resources/app/extensions/emmet/dist/node/emmetNodeMain.js:1:194341)
	at Y.provideCompletionItems (/usr/share/code/resources/app/out/vs/workbench/api/node/extensionHostProcess.js:98:44972)
	at /usr/share/code/resources/app/out/vs/workbench/api/node/extensionHostProcess.js:98:65019
	at ce.s (/usr/share/code/resources/app/out/vs/workbench/api/node/extensionHostProcess.js:98:56987)
	at ce.$provideCompletionItems (/usr/share/code/resources/app/out/vs/workbench/api/node/extensionHostProcess.js:98:65006)
	at a.N (/usr/share/code/resources/app/out/vs/workbench/api/node/extensionHostProcess.js:106:11223)
	at a.M (/usr/share/code/resources/app/out/vs/workbench/api/node/extensionHostProcess.js:106:10941)
	at a.H (/usr/share/code/resources/app/out/vs/workbench/api/node/extensionHostProcess.js:106:9996)
	at a.G (/usr/share/code/resources/app/out/vs/workbench/api/node/extensionHostProcess.js:106:9015)
	at /usr/share/code/resources/app/out/vs/workbench/api/node/extensionHostProcess.js:106:7803
	at f.invoke (/usr/share/code/resources/app/out/vs/workbench/api/node/extensionHostProcess.js:63:145)
	at m.deliver (/usr/share/code/resources/app/out/vs/workbench/api/node/extensionHostProcess.js:63:2066)
	at d.fire (/usr/share/code/resources/app/out/vs/workbench/api/node/extensionHostProcess.js:63:1704)
	at p.fire (/usr/share/code/resources/app/out/vs/workbench/api/node/extensionHostProcess.js:72:14907)
	at /usr/share/code/resources/app/out/vs/workbench/api/node/extensionHostProcess.js:122:16556
	at f.invoke (/usr/share/code/resources/app/out/vs/workbench/api/node/extensionHostProcess.js:63:145)
	at m.deliver (/usr/share/code/resources/app/out/vs/workbench/api/node/extensionHostProcess.js:63:2066)
	at d.fire (/usr/share/code/resources/app/out/vs/workbench/api/node/extensionHostProcess.js:63:1704)
	at p.fire (/usr/share/code/resources/app/out/vs/workbench/api/node/extensionHostProcess.js:72:14907)
	at MessagePortMain.<anonymous> (/usr/share/code/resources/app/out/vs/workbench/api/node/extensionHostProcess.js:122:14682)
	at MessagePortMain.emit (node:events:526:28)
	at MessagePortMain._internalPort.emit (node:electron/js2c/utility_init:5:364)
2023-03-21 19:10:09.141 [error] Unable to find matching pair for < at char 658: Error: Unable to find matching pair for < at char 658
	at r.error (/usr/share/code/resources/app/extensions/emmet/dist/node/emmetNodeMain.js:1:22607)
	at f (/usr/share/code/resources/app/extensions/emmet/dist/node/emmetNodeMain.js:1:21837)
	at u (/usr/share/code/resources/app/extensions/emmet/dist/node/emmetNodeMain.js:1:14498)
	at l (/usr/share/code/resources/app/extensions/emmet/dist/node/emmetNodeMain.js:1:14611)
	at /usr/share/code/resources/app/extensions/emmet/dist/node/emmetNodeMain.js:1:15226
	at m (/usr/share/code/resources/app/extensions/emmet/dist/node/emmetNodeMain.js:1:15333)
	at E (/usr/share/code/resources/app/extensions/emmet/dist/node/emmetNodeMain.js:1:16251)
	at I (/usr/share/code/resources/app/extensions/emmet/dist/node/emmetNodeMain.js:1:16661)
	at t.getRootNode (/usr/share/code/resources/app/extensions/emmet/dist/node/emmetNodeMain.js:1:210303)
	at t.DefaultCompletionItemProvider.b (/usr/share/code/resources/app/extensions/emmet/dist/node/emmetNodeMain.js:1:195403)
	at t.DefaultCompletionItemProvider.provideCompletionItems (/usr/share/code/resources/app/extensions/emmet/dist/node/emmetNodeMain.js:1:194341)
	at Y.provideCompletionItems (/usr/share/code/resources/app/out/vs/workbench/api/node/extensionHostProcess.js:98:44972)
	at /usr/share/code/resources/app/out/vs/workbench/api/node/extensionHostProcess.js:98:65019
	at ce.s (/usr/share/code/resources/app/out/vs/workbench/api/node/extensionHostProcess.js:98:56987)
	at ce.$provideCompletionItems (/usr/share/code/resources/app/out/vs/workbench/api/node/extensionHostProcess.js:98:65006)
	at a.N (/usr/share/code/resources/app/out/vs/workbench/api/node/extensionHostProcess.js:106:11223)
	at a.M (/usr/share/code/resources/app/out/vs/workbench/api/node/extensionHostProcess.js:106:10941)
	at a.H (/usr/share/code/resources/app/out/vs/workbench/api/node/extensionHostProcess.js:106:9996)
	at a.G (/usr/share/code/resources/app/out/vs/workbench/api/node/extensionHostProcess.js:106:9015)
	at /usr/share/code/resources/app/out/vs/workbench/api/node/extensionHostProcess.js:106:7803
	at f.invoke (/usr/share/code/resources/app/out/vs/workbench/api/node/extensionHostProcess.js:63:145)
	at m.deliver (/usr/share/code/resources/app/out/vs/workbench/api/node/extensionHostProcess.js:63:2066)
	at d.fire (/usr/share/code/resources/app/out/vs/workbench/api/node/extensionHostProcess.js:63:1704)
	at p.fire (/usr/share/code/resources/app/out/vs/workbench/api/node/extensionHostProcess.js:72:14907)
	at /usr/share/code/resources/app/out/vs/workbench/api/node/extensionHostProcess.js:122:16556
	at f.invoke (/usr/share/code/resources/app/out/vs/workbench/api/node/extensionHostProcess.js:63:145)
	at m.deliver (/usr/share/code/resources/app/out/vs/workbench/api/node/extensionHostProcess.js:63:2066)
	at d.fire (/usr/share/code/resources/app/out/vs/workbench/api/node/extensionHostProcess.js:63:1704)
	at p.fire (/usr/share/code/resources/app/out/vs/workbench/api/node/extensionHostProcess.js:72:14907)
	at MessagePortMain.<anonymous> (/usr/share/code/resources/app/out/vs/workbench/api/node/extensionHostProcess.js:122:14682)
	at MessagePortMain.emit (node:events:526:28)
	at MessagePortMain._internalPort.emit (node:electron/js2c/utility_init:5:364)
2023-03-21 19:10:11.206 [error] Unable to find matching pair for < at char 658: Error: Unable to find matching pair for < at char 658
	at r.error (/usr/share/code/resources/app/extensions/emmet/dist/node/emmetNodeMain.js:1:22607)
	at f (/usr/share/code/resources/app/extensions/emmet/dist/node/emmetNodeMain.js:1:21837)
	at u (/usr/share/code/resources/app/extensions/emmet/dist/node/emmetNodeMain.js:1:14498)
	at l (/usr/share/code/resources/app/extensions/emmet/dist/node/emmetNodeMain.js:1:14611)
	at /usr/share/code/resources/app/extensions/emmet/dist/node/emmetNodeMain.js:1:15226
	at m (/usr/share/code/resources/app/extensions/emmet/dist/node/emmetNodeMain.js:1:15333)
	at E (/usr/share/code/resources/app/extensions/emmet/dist/node/emmetNodeMain.js:1:16251)
	at I (/usr/share/code/resources/app/extensions/emmet/dist/node/emmetNodeMain.js:1:16661)
	at t.getRootNode (/usr/share/code/resources/app/extensions/emmet/dist/node/emmetNodeMain.js:1:210303)
	at t.DefaultCompletionItemProvider.b (/usr/share/code/resources/app/extensions/emmet/dist/node/emmetNodeMain.js:1:195403)
	at t.DefaultCompletionItemProvider.provideCompletionItems (/usr/share/code/resources/app/extensions/emmet/dist/node/emmetNodeMain.js:1:194341)
	at Y.provideCompletionItems (/usr/share/code/resources/app/out/vs/workbench/api/node/extensionHostProcess.js:98:44972)
	at /usr/share/code/resources/app/out/vs/workbench/api/node/extensionHostProcess.js:98:65019
	at ce.s (/usr/share/code/resources/app/out/vs/workbench/api/node/extensionHostProcess.js:98:56987)
	at ce.$provideCompletionItems (/usr/share/code/resources/app/out/vs/workbench/api/node/extensionHostProcess.js:98:65006)
	at a.N (/usr/share/code/resources/app/out/vs/workbench/api/node/extensionHostProcess.js:106:11223)
	at a.M (/usr/share/code/resources/app/out/vs/workbench/api/node/extensionHostProcess.js:106:10941)
	at a.H (/usr/share/code/resources/app/out/vs/workbench/api/node/extensionHostProcess.js:106:9996)
	at a.G (/usr/share/code/resources/app/out/vs/workbench/api/node/extensionHostProcess.js:106:9015)
	at /usr/share/code/resources/app/out/vs/workbench/api/node/extensionHostProcess.js:106:7803
	at f.invoke (/usr/share/code/resources/app/out/vs/workbench/api/node/extensionHostProcess.js:63:145)
	at m.deliver (/usr/share/code/resources/app/out/vs/workbench/api/node/extensionHostProcess.js:63:2066)
	at d.fire (/usr/share/code/resources/app/out/vs/workbench/api/node/extensionHostProcess.js:63:1704)
	at p.fire (/usr/share/code/resources/app/out/vs/workbench/api/node/extensionHostProcess.js:72:14907)
	at /usr/share/code/resources/app/out/vs/workbench/api/node/extensionHostProcess.js:122:16556
	at f.invoke (/usr/share/code/resources/app/out/vs/workbench/api/node/extensionHostProcess.js:63:145)
	at m.deliver (/usr/share/code/resources/app/out/vs/workbench/api/node/extensionHostProcess.js:63:2066)
	at d.fire (/usr/share/code/resources/app/out/vs/workbench/api/node/extensionHostProcess.js:63:1704)
	at p.fire (/usr/share/code/resources/app/out/vs/workbench/api/node/extensionHostProcess.js:72:14907)
	at MessagePortMain.<anonymous> (/usr/share/code/resources/app/out/vs/workbench/api/node/extensionHostProcess.js:122:14682)
	at MessagePortMain.emit (node:events:526:28)
	at MessagePortMain._internalPort.emit (node:electron/js2c/utility_init:5:364)
2023-03-21 19:10:13.350 [error] Unable to find matching pair for < at char 658: Error: Unable to find matching pair for < at char 658
	at r.error (/usr/share/code/resources/app/extensions/emmet/dist/node/emmetNodeMain.js:1:22607)
	at f (/usr/share/code/resources/app/extensions/emmet/dist/node/emmetNodeMain.js:1:21837)
	at u (/usr/share/code/resources/app/extensions/emmet/dist/node/emmetNodeMain.js:1:14498)
	at l (/usr/share/code/resources/app/extensions/emmet/dist/node/emmetNodeMain.js:1:14611)
	at /usr/share/code/resources/app/extensions/emmet/dist/node/emmetNodeMain.js:1:15226
	at m (/usr/share/code/resources/app/extensions/emmet/dist/node/emmetNodeMain.js:1:15333)
	at E (/usr/share/code/resources/app/extensions/emmet/dist/node/emmetNodeMain.js:1:16251)
	at I (/usr/share/code/resources/app/extensions/emmet/dist/node/emmetNodeMain.js:1:16661)
	at t.getRootNode (/usr/share/code/resources/app/extensions/emmet/dist/node/emmetNodeMain.js:1:210303)
	at t.DefaultCompletionItemProvider.b (/usr/share/code/resources/app/extensions/emmet/dist/node/emmetNodeMain.js:1:195403)
	at t.DefaultCompletionItemProvider.provideCompletionItems (/usr/share/code/resources/app/extensions/emmet/dist/node/emmetNodeMain.js:1:194341)
	at Y.provideCompletionItems (/usr/share/code/resources/app/out/vs/workbench/api/node/extensionHostProcess.js:98:44972)
	at /usr/share/code/resources/app/out/vs/workbench/api/node/extensionHostProcess.js:98:65019
	at ce.s (/usr/share/code/resources/app/out/vs/workbench/api/node/extensionHostProcess.js:98:56987)
	at ce.$provideCompletionItems (/usr/share/code/resources/app/out/vs/workbench/api/node/extensionHostProcess.js:98:65006)
	at a.N (/usr/share/code/resources/app/out/vs/workbench/api/node/extensionHostProcess.js:106:11223)
	at a.M (/usr/share/code/resources/app/out/vs/workbench/api/node/extensionHostProcess.js:106:10941)
	at a.H (/usr/share/code/resources/app/out/vs/workbench/api/node/extensionHostProcess.js:106:9996)
	at a.G (/usr/share/code/resources/app/out/vs/workbench/api/node/extensionHostProcess.js:106:9015)
	at /usr/share/code/resources/app/out/vs/workbench/api/node/extensionHostProcess.js:106:7803
	at f.invoke (/usr/share/code/resources/app/out/vs/workbench/api/node/extensionHostProcess.js:63:145)
	at m.deliver (/usr/share/code/resources/app/out/vs/workbench/api/node/extensionHostProcess.js:63:2066)
	at d.fire (/usr/share/code/resources/app/out/vs/workbench/api/node/extensionHostProcess.js:63:1704)
	at p.fire (/usr/share/code/resources/app/out/vs/workbench/api/node/extensionHostProcess.js:72:14907)
	at /usr/share/code/resources/app/out/vs/workbench/api/node/extensionHostProcess.js:122:16556
	at f.invoke (/usr/share/code/resources/app/out/vs/workbench/api/node/extensionHostProcess.js:63:145)
	at m.deliver (/usr/share/code/resources/app/out/vs/workbench/api/node/extensionHostProcess.js:63:2066)
	at d.fire (/usr/share/code/resources/app/out/vs/workbench/api/node/extensionHostProcess.js:63:1704)
	at p.fire (/usr/share/code/resources/app/out/vs/workbench/api/node/extensionHostProcess.js:72:14907)
	at MessagePortMain.<anonymous> (/usr/share/code/resources/app/out/vs/workbench/api/node/extensionHostProcess.js:122:14682)
	at MessagePortMain.emit (node:events:526:28)
	at MessagePortMain._internalPort.emit (node:electron/js2c/utility_init:5:364)
2023-03-21 19:10:14.385 [error] Unable to find matching pair for < at char 658: Error: Unable to find matching pair for < at char 658
	at r.error (/usr/share/code/resources/app/extensions/emmet/dist/node/emmetNodeMain.js:1:22607)
	at f (/usr/share/code/resources/app/extensions/emmet/dist/node/emmetNodeMain.js:1:21837)
	at u (/usr/share/code/resources/app/extensions/emmet/dist/node/emmetNodeMain.js:1:14498)
	at l (/usr/share/code/resources/app/extensions/emmet/dist/node/emmetNodeMain.js:1:14611)
	at /usr/share/code/resources/app/extensions/emmet/dist/node/emmetNodeMain.js:1:15226
	at m (/usr/share/code/resources/app/extensions/emmet/dist/node/emmetNodeMain.js:1:15333)
	at E (/usr/share/code/resources/app/extensions/emmet/dist/node/emmetNodeMain.js:1:16251)
	at I (/usr/share/code/resources/app/extensions/emmet/dist/node/emmetNodeMain.js:1:16661)
	at t.getRootNode (/usr/share/code/resources/app/extensions/emmet/dist/node/emmetNodeMain.js:1:210303)
	at t.DefaultCompletionItemProvider.b (/usr/share/code/resources/app/extensions/emmet/dist/node/emmetNodeMain.js:1:195403)
	at t.DefaultCompletionItemProvider.provideCompletionItems (/usr/share/code/resources/app/extensions/emmet/dist/node/emmetNodeMain.js:1:194341)
	at Y.provideCompletionItems (/usr/share/code/resources/app/out/vs/workbench/api/node/extensionHostProcess.js:98:44972)
	at /usr/share/code/resources/app/out/vs/workbench/api/node/extensionHostProcess.js:98:65019
	at ce.s (/usr/share/code/resources/app/out/vs/workbench/api/node/extensionHostProcess.js:98:56987)
	at ce.$provideCompletionItems (/usr/share/code/resources/app/out/vs/workbench/api/node/extensionHostProcess.js:98:65006)
	at a.N (/usr/share/code/resources/app/out/vs/workbench/api/node/extensionHostProcess.js:106:11223)
	at a.M (/usr/share/code/resources/app/out/vs/workbench/api/node/extensionHostProcess.js:106:10941)
	at a.H (/usr/share/code/resources/app/out/vs/workbench/api/node/extensionHostProcess.js:106:9996)
	at a.G (/usr/share/code/resources/app/out/vs/workbench/api/node/extensionHostProcess.js:106:9015)
	at /usr/share/code/resources/app/out/vs/workbench/api/node/extensionHostProcess.js:106:7803
	at f.invoke (/usr/share/code/resources/app/out/vs/workbench/api/node/extensionHostProcess.js:63:145)
	at m.deliver (/usr/share/code/resources/app/out/vs/workbench/api/node/extensionHostProcess.js:63:2066)
	at d.fire (/usr/share/code/resources/app/out/vs/workbench/api/node/extensionHostProcess.js:63:1704)
	at p.fire (/usr/share/code/resources/app/out/vs/workbench/api/node/extensionHostProcess.js:72:14907)
	at /usr/share/code/resources/app/out/vs/workbench/api/node/extensionHostProcess.js:122:16556
	at f.invoke (/usr/share/code/resources/app/out/vs/workbench/api/node/extensionHostProcess.js:63:145)
	at m.deliver (/usr/share/code/resources/app/out/vs/workbench/api/node/extensionHostProcess.js:63:2066)
	at d.fire (/usr/share/code/resources/app/out/vs/workbench/api/node/extensionHostProcess.js:63:1704)
	at p.fire (/usr/share/code/resources/app/out/vs/workbench/api/node/extensionHostProcess.js:72:14907)
	at MessagePortMain.<anonymous> (/usr/share/code/resources/app/out/vs/workbench/api/node/extensionHostProcess.js:122:14682)
	at MessagePortMain.emit (node:events:526:28)
	at MessagePortMain._internalPort.emit (node:electron/js2c/utility_init:5:364)
2023-03-21 19:10:15.534 [error] Unable to find matching pair for < at char 658: Error: Unable to find matching pair for < at char 658
	at r.error (/usr/share/code/resources/app/extensions/emmet/dist/node/emmetNodeMain.js:1:22607)
	at f (/usr/share/code/resources/app/extensions/emmet/dist/node/emmetNodeMain.js:1:21837)
	at u (/usr/share/code/resources/app/extensions/emmet/dist/node/emmetNodeMain.js:1:14498)
	at l (/usr/share/code/resources/app/extensions/emmet/dist/node/emmetNodeMain.js:1:14611)
	at /usr/share/code/resources/app/extensions/emmet/dist/node/emmetNodeMain.js:1:15226
	at m (/usr/share/code/resources/app/extensions/emmet/dist/node/emmetNodeMain.js:1:15333)
	at E (/usr/share/code/resources/app/extensions/emmet/dist/node/emmetNodeMain.js:1:16251)
	at I (/usr/share/code/resources/app/extensions/emmet/dist/node/emmetNodeMain.js:1:16661)
	at t.getRootNode (/usr/share/code/resources/app/extensions/emmet/dist/node/emmetNodeMain.js:1:210303)
	at t.DefaultCompletionItemProvider.b (/usr/share/code/resources/app/extensions/emmet/dist/node/emmetNodeMain.js:1:195403)
	at t.DefaultCompletionItemProvider.provideCompletionItems (/usr/share/code/resources/app/extensions/emmet/dist/node/emmetNodeMain.js:1:194341)
	at Y.provideCompletionItems (/usr/share/code/resources/app/out/vs/workbench/api/node/extensionHostProcess.js:98:44972)
	at /usr/share/code/resources/app/out/vs/workbench/api/node/extensionHostProcess.js:98:65019
	at ce.s (/usr/share/code/resources/app/out/vs/workbench/api/node/extensionHostProcess.js:98:56987)
	at ce.$provideCompletionItems (/usr/share/code/resources/app/out/vs/workbench/api/node/extensionHostProcess.js:98:65006)
	at a.N (/usr/share/code/resources/app/out/vs/workbench/api/node/extensionHostProcess.js:106:11223)
	at a.M (/usr/share/code/resources/app/out/vs/workbench/api/node/extensionHostProcess.js:106:10941)
	at a.H (/usr/share/code/resources/app/out/vs/workbench/api/node/extensionHostProcess.js:106:9996)
	at a.G (/usr/share/code/resources/app/out/vs/workbench/api/node/extensionHostProcess.js:106:9015)
	at /usr/share/code/resources/app/out/vs/workbench/api/node/extensionHostProcess.js:106:7803
	at f.invoke (/usr/share/code/resources/app/out/vs/workbench/api/node/extensionHostProcess.js:63:145)
	at m.deliver (/usr/share/code/resources/app/out/vs/workbench/api/node/extensionHostProcess.js:63:2066)
	at d.fire (/usr/share/code/resources/app/out/vs/workbench/api/node/extensionHostProcess.js:63:1704)
	at p.fire (/usr/share/code/resources/app/out/vs/workbench/api/node/extensionHostProcess.js:72:14907)
	at /usr/share/code/resources/app/out/vs/workbench/api/node/extensionHostProcess.js:122:16556
	at f.invoke (/usr/share/code/resources/app/out/vs/workbench/api/node/extensionHostProcess.js:63:145)
	at m.deliver (/usr/share/code/resources/app/out/vs/workbench/api/node/extensionHostProcess.js:63:2066)
	at d.fire (/usr/share/code/resources/app/out/vs/workbench/api/node/extensionHostProcess.js:63:1704)
	at p.fire (/usr/share/code/resources/app/out/vs/workbench/api/node/extensionHostProcess.js:72:14907)
	at MessagePortMain.<anonymous> (/usr/share/code/resources/app/out/vs/workbench/api/node/extensionHostProcess.js:122:14682)
	at MessagePortMain.emit (node:events:526:28)
	at MessagePortMain._internalPort.emit (node:electron/js2c/utility_init:5:364)
2023-03-21 19:10:16.695 [error] Unable to find matching pair for < at char 658: Error: Unable to find matching pair for < at char 658
	at r.error (/usr/share/code/resources/app/extensions/emmet/dist/node/emmetNodeMain.js:1:22607)
	at f (/usr/share/code/resources/app/extensions/emmet/dist/node/emmetNodeMain.js:1:21837)
	at u (/usr/share/code/resources/app/extensions/emmet/dist/node/emmetNodeMain.js:1:14498)
	at l (/usr/share/code/resources/app/extensions/emmet/dist/node/emmetNodeMain.js:1:14611)
	at /usr/share/code/resources/app/extensions/emmet/dist/node/emmetNodeMain.js:1:15226
	at m (/usr/share/code/resources/app/extensions/emmet/dist/node/emmetNodeMain.js:1:15333)
	at E (/usr/share/code/resources/app/extensions/emmet/dist/node/emmetNodeMain.js:1:16251)
	at I (/usr/share/code/resources/app/extensions/emmet/dist/node/emmetNodeMain.js:1:16661)
	at t.getRootNode (/usr/share/code/resources/app/extensions/emmet/dist/node/emmetNodeMain.js:1:210303)
	at t.DefaultCompletionItemProvider.b (/usr/share/code/resources/app/extensions/emmet/dist/node/emmetNodeMain.js:1:195403)
	at t.DefaultCompletionItemProvider.provideCompletionItems (/usr/share/code/resources/app/extensions/emmet/dist/node/emmetNodeMain.js:1:194341)
	at Y.provideCompletionItems (/usr/share/code/resources/app/out/vs/workbench/api/node/extensionHostProcess.js:98:44972)
	at /usr/share/code/resources/app/out/vs/workbench/api/node/extensionHostProcess.js:98:65019
	at ce.s (/usr/share/code/resources/app/out/vs/workbench/api/node/extensionHostProcess.js:98:56987)
	at ce.$provideCompletionItems (/usr/share/code/resources/app/out/vs/workbench/api/node/extensionHostProcess.js:98:65006)
	at a.N (/usr/share/code/resources/app/out/vs/workbench/api/node/extensionHostProcess.js:106:11223)
	at a.M (/usr/share/code/resources/app/out/vs/workbench/api/node/extensionHostProcess.js:106:10941)
	at a.H (/usr/share/code/resources/app/out/vs/workbench/api/node/extensionHostProcess.js:106:9996)
	at a.G (/usr/share/code/resources/app/out/vs/workbench/api/node/extensionHostProcess.js:106:9015)
	at /usr/share/code/resources/app/out/vs/workbench/api/node/extensionHostProcess.js:106:7803
	at f.invoke (/usr/share/code/resources/app/out/vs/workbench/api/node/extensionHostProcess.js:63:145)
	at m.deliver (/usr/share/code/resources/app/out/vs/workbench/api/node/extensionHostProcess.js:63:2066)
	at d.fire (/usr/share/code/resources/app/out/vs/workbench/api/node/extensionHostProcess.js:63:1704)
	at p.fire (/usr/share/code/resources/app/out/vs/workbench/api/node/extensionHostProcess.js:72:14907)
	at /usr/share/code/resources/app/out/vs/workbench/api/node/extensionHostProcess.js:122:16556
	at f.invoke (/usr/share/code/resources/app/out/vs/workbench/api/node/extensionHostProcess.js:63:145)
	at m.deliver (/usr/share/code/resources/app/out/vs/workbench/api/node/extensionHostProcess.js:63:2066)
	at d.fire (/usr/share/code/resources/app/out/vs/workbench/api/node/extensionHostProcess.js:63:1704)
	at p.fire (/usr/share/code/resources/app/out/vs/workbench/api/node/extensionHostProcess.js:72:14907)
	at MessagePortMain.<anonymous> (/usr/share/code/resources/app/out/vs/workbench/api/node/extensionHostProcess.js:122:14682)
	at MessagePortMain.emit (node:events:526:28)
	at MessagePortMain._internalPort.emit (node:electron/js2c/utility_init:5:364)
2023-03-21 19:10:18.128 [error] Unable to find matching pair for < at char 658: Error: Unable to find matching pair for < at char 658
	at r.error (/usr/share/code/resources/app/extensions/emmet/dist/node/emmetNodeMain.js:1:22607)
	at f (/usr/share/code/resources/app/extensions/emmet/dist/node/emmetNodeMain.js:1:21837)
	at u (/usr/share/code/resources/app/extensions/emmet/dist/node/emmetNodeMain.js:1:14498)
	at l (/usr/share/code/resources/app/extensions/emmet/dist/node/emmetNodeMain.js:1:14611)
	at /usr/share/code/resources/app/extensions/emmet/dist/node/emmetNodeMain.js:1:15226
	at m (/usr/share/code/resources/app/extensions/emmet/dist/node/emmetNodeMain.js:1:15333)
	at E (/usr/share/code/resources/app/extensions/emmet/dist/node/emmetNodeMain.js:1:16251)
	at I (/usr/share/code/resources/app/extensions/emmet/dist/node/emmetNodeMain.js:1:16661)
	at t.getRootNode (/usr/share/code/resources/app/extensions/emmet/dist/node/emmetNodeMain.js:1:210303)
	at t.DefaultCompletionItemProvider.b (/usr/share/code/resources/app/extensions/emmet/dist/node/emmetNodeMain.js:1:195403)
	at t.DefaultCompletionItemProvider.provideCompletionItems (/usr/share/code/resources/app/extensions/emmet/dist/node/emmetNodeMain.js:1:194341)
	at Y.provideCompletionItems (/usr/share/code/resources/app/out/vs/workbench/api/node/extensionHostProcess.js:98:44972)
	at /usr/share/code/resources/app/out/vs/workbench/api/node/extensionHostProcess.js:98:65019
	at ce.s (/usr/share/code/resources/app/out/vs/workbench/api/node/extensionHostProcess.js:98:56987)
	at ce.$provideCompletionItems (/usr/share/code/resources/app/out/vs/workbench/api/node/extensionHostProcess.js:98:65006)
	at a.N (/usr/share/code/resources/app/out/vs/workbench/api/node/extensionHostProcess.js:106:11223)
	at a.M (/usr/share/code/resources/app/out/vs/workbench/api/node/extensionHostProcess.js:106:10941)
	at a.H (/usr/share/code/resources/app/out/vs/workbench/api/node/extensionHostProcess.js:106:9996)
	at a.G (/usr/share/code/resources/app/out/vs/workbench/api/node/extensionHostProcess.js:106:9015)
	at /usr/share/code/resources/app/out/vs/workbench/api/node/extensionHostProcess.js:106:7803
	at f.invoke (/usr/share/code/resources/app/out/vs/workbench/api/node/extensionHostProcess.js:63:145)
	at m.deliver (/usr/share/code/resources/app/out/vs/workbench/api/node/extensionHostProcess.js:63:2066)
	at d.fire (/usr/share/code/resources/app/out/vs/workbench/api/node/extensionHostProcess.js:63:1704)
	at p.fire (/usr/share/code/resources/app/out/vs/workbench/api/node/extensionHostProcess.js:72:14907)
	at /usr/share/code/resources/app/out/vs/workbench/api/node/extensionHostProcess.js:122:16556
	at f.invoke (/usr/share/code/resources/app/out/vs/workbench/api/node/extensionHostProcess.js:63:145)
	at m.deliver (/usr/share/code/resources/app/out/vs/workbench/api/node/extensionHostProcess.js:63:2066)
	at d.fire (/usr/share/code/resources/app/out/vs/workbench/api/node/extensionHostProcess.js:63:1704)
	at p.fire (/usr/share/code/resources/app/out/vs/workbench/api/node/extensionHostProcess.js:72:14907)
	at MessagePortMain.<anonymous> (/usr/share/code/resources/app/out/vs/workbench/api/node/extensionHostProcess.js:122:14682)
	at MessagePortMain.emit (node:events:526:28)
	at MessagePortMain._internalPort.emit (node:electron/js2c/utility_init:5:364)
2023-03-21 19:10:22.322 [error] Unable to find matching pair for < at char 658: Error: Unable to find matching pair for < at char 658
	at r.error (/usr/share/code/resources/app/extensions/emmet/dist/node/emmetNodeMain.js:1:22607)
	at f (/usr/share/code/resources/app/extensions/emmet/dist/node/emmetNodeMain.js:1:21837)
	at u (/usr/share/code/resources/app/extensions/emmet/dist/node/emmetNodeMain.js:1:14498)
	at l (/usr/share/code/resources/app/extensions/emmet/dist/node/emmetNodeMain.js:1:14611)
	at /usr/share/code/resources/app/extensions/emmet/dist/node/emmetNodeMain.js:1:15226
	at m (/usr/share/code/resources/app/extensions/emmet/dist/node/emmetNodeMain.js:1:15333)
	at E (/usr/share/code/resources/app/extensions/emmet/dist/node/emmetNodeMain.js:1:16251)
	at I (/usr/share/code/resources/app/extensions/emmet/dist/node/emmetNodeMain.js:1:16661)
	at t.getRootNode (/usr/share/code/resources/app/extensions/emmet/dist/node/emmetNodeMain.js:1:210303)
	at t.DefaultCompletionItemProvider.b (/usr/share/code/resources/app/extensions/emmet/dist/node/emmetNodeMain.js:1:195403)
	at t.DefaultCompletionItemProvider.provideCompletionItems (/usr/share/code/resources/app/extensions/emmet/dist/node/emmetNodeMain.js:1:194341)
	at Y.provideCompletionItems (/usr/share/code/resources/app/out/vs/workbench/api/node/extensionHostProcess.js:98:44972)
	at /usr/share/code/resources/app/out/vs/workbench/api/node/extensionHostProcess.js:98:65019
	at ce.s (/usr/share/code/resources/app/out/vs/workbench/api/node/extensionHostProcess.js:98:56987)
	at ce.$provideCompletionItems (/usr/share/code/resources/app/out/vs/workbench/api/node/extensionHostProcess.js:98:65006)
	at a.N (/usr/share/code/resources/app/out/vs/workbench/api/node/extensionHostProcess.js:106:11223)
	at a.M (/usr/share/code/resources/app/out/vs/workbench/api/node/extensionHostProcess.js:106:10941)
	at a.H (/usr/share/code/resources/app/out/vs/workbench/api/node/extensionHostProcess.js:106:9996)
	at a.G (/usr/share/code/resources/app/out/vs/workbench/api/node/extensionHostProcess.js:106:9015)
	at /usr/share/code/resources/app/out/vs/workbench/api/node/extensionHostProcess.js:106:7803
	at f.invoke (/usr/share/code/resources/app/out/vs/workbench/api/node/extensionHostProcess.js:63:145)
	at m.deliver (/usr/share/code/resources/app/out/vs/workbench/api/node/extensionHostProcess.js:63:2066)
	at d.fire (/usr/share/code/resources/app/out/vs/workbench/api/node/extensionHostProcess.js:63:1704)
	at p.fire (/usr/share/code/resources/app/out/vs/workbench/api/node/extensionHostProcess.js:72:14907)
	at /usr/share/code/resources/app/out/vs/workbench/api/node/extensionHostProcess.js:122:16556
	at f.invoke (/usr/share/code/resources/app/out/vs/workbench/api/node/extensionHostProcess.js:63:145)
	at m.deliver (/usr/share/code/resources/app/out/vs/workbench/api/node/extensionHostProcess.js:63:2066)
	at d.fire (/usr/share/code/resources/app/out/vs/workbench/api/node/extensionHostProcess.js:63:1704)
	at p.fire (/usr/share/code/resources/app/out/vs/workbench/api/node/extensionHostProcess.js:72:14907)
	at MessagePortMain.<anonymous> (/usr/share/code/resources/app/out/vs/workbench/api/node/extensionHostProcess.js:122:14682)
	at MessagePortMain.emit (node:events:526:28)
	at MessagePortMain._internalPort.emit (node:electron/js2c/utility_init:5:364)
2023-03-21 19:10:26.794 [error] Unable to find matching pair for < at char 658: Error: Unable to find matching pair for < at char 658
	at r.error (/usr/share/code/resources/app/extensions/emmet/dist/node/emmetNodeMain.js:1:22607)
	at f (/usr/share/code/resources/app/extensions/emmet/dist/node/emmetNodeMain.js:1:21837)
	at u (/usr/share/code/resources/app/extensions/emmet/dist/node/emmetNodeMain.js:1:14498)
	at l (/usr/share/code/resources/app/extensions/emmet/dist/node/emmetNodeMain.js:1:14611)
	at /usr/share/code/resources/app/extensions/emmet/dist/node/emmetNodeMain.js:1:15226
	at m (/usr/share/code/resources/app/extensions/emmet/dist/node/emmetNodeMain.js:1:15333)
	at E (/usr/share/code/resources/app/extensions/emmet/dist/node/emmetNodeMain.js:1:16251)
	at I (/usr/share/code/resources/app/extensions/emmet/dist/node/emmetNodeMain.js:1:16661)
	at t.getRootNode (/usr/share/code/resources/app/extensions/emmet/dist/node/emmetNodeMain.js:1:210303)
	at t.DefaultCompletionItemProvider.b (/usr/share/code/resources/app/extensions/emmet/dist/node/emmetNodeMain.js:1:195403)
	at t.DefaultCompletionItemProvider.provideCompletionItems (/usr/share/code/resources/app/extensions/emmet/dist/node/emmetNodeMain.js:1:194341)
	at Y.provideCompletionItems (/usr/share/code/resources/app/out/vs/workbench/api/node/extensionHostProcess.js:98:44972)
	at /usr/share/code/resources/app/out/vs/workbench/api/node/extensionHostProcess.js:98:65019
	at ce.s (/usr/share/code/resources/app/out/vs/workbench/api/node/extensionHostProcess.js:98:56987)
	at ce.$provideCompletionItems (/usr/share/code/resources/app/out/vs/workbench/api/node/extensionHostProcess.js:98:65006)
	at a.N (/usr/share/code/resources/app/out/vs/workbench/api/node/extensionHostProcess.js:106:11223)
	at a.M (/usr/share/code/resources/app/out/vs/workbench/api/node/extensionHostProcess.js:106:10941)
	at a.H (/usr/share/code/resources/app/out/vs/workbench/api/node/extensionHostProcess.js:106:9996)
	at a.G (/usr/share/code/resources/app/out/vs/workbench/api/node/extensionHostProcess.js:106:9015)
	at /usr/share/code/resources/app/out/vs/workbench/api/node/extensionHostProcess.js:106:7803
	at f.invoke (/usr/share/code/resources/app/out/vs/workbench/api/node/extensionHostProcess.js:63:145)
	at m.deliver (/usr/share/code/resources/app/out/vs/workbench/api/node/extensionHostProcess.js:63:2066)
	at d.fire (/usr/share/code/resources/app/out/vs/workbench/api/node/extensionHostProcess.js:63:1704)
	at p.fire (/usr/share/code/resources/app/out/vs/workbench/api/node/extensionHostProcess.js:72:14907)
	at /usr/share/code/resources/app/out/vs/workbench/api/node/extensionHostProcess.js:122:16556
	at f.invoke (/usr/share/code/resources/app/out/vs/workbench/api/node/extensionHostProcess.js:63:145)
	at m.deliver (/usr/share/code/resources/app/out/vs/workbench/api/node/extensionHostProcess.js:63:2066)
	at d.fire (/usr/share/code/resources/app/out/vs/workbench/api/node/extensionHostProcess.js:63:1704)
	at p.fire (/usr/share/code/resources/app/out/vs/workbench/api/node/extensionHostProcess.js:72:14907)
	at MessagePortMain.<anonymous> (/usr/share/code/resources/app/out/vs/workbench/api/node/extensionHostProcess.js:122:14682)
	at MessagePortMain.emit (node:events:526:28)
	at MessagePortMain._internalPort.emit (node:electron/js2c/utility_init:5:364)
2023-03-21 19:10:29.453 [error] Unable to find matching pair for < at char 658: Error: Unable to find matching pair for < at char 658
	at r.error (/usr/share/code/resources/app/extensions/emmet/dist/node/emmetNodeMain.js:1:22607)
	at f (/usr/share/code/resources/app/extensions/emmet/dist/node/emmetNodeMain.js:1:21837)
	at u (/usr/share/code/resources/app/extensions/emmet/dist/node/emmetNodeMain.js:1:14498)
	at l (/usr/share/code/resources/app/extensions/emmet/dist/node/emmetNodeMain.js:1:14611)
	at /usr/share/code/resources/app/extensions/emmet/dist/node/emmetNodeMain.js:1:15226
	at m (/usr/share/code/resources/app/extensions/emmet/dist/node/emmetNodeMain.js:1:15333)
	at E (/usr/share/code/resources/app/extensions/emmet/dist/node/emmetNodeMain.js:1:16251)
	at I (/usr/share/code/resources/app/extensions/emmet/dist/node/emmetNodeMain.js:1:16661)
	at t.getRootNode (/usr/share/code/resources/app/extensions/emmet/dist/node/emmetNodeMain.js:1:210303)
	at t.DefaultCompletionItemProvider.b (/usr/share/code/resources/app/extensions/emmet/dist/node/emmetNodeMain.js:1:195403)
	at t.DefaultCompletionItemProvider.provideCompletionItems (/usr/share/code/resources/app/extensions/emmet/dist/node/emmetNodeMain.js:1:194341)
	at Y.provideCompletionItems (/usr/share/code/resources/app/out/vs/workbench/api/node/extensionHostProcess.js:98:44972)
	at /usr/share/code/resources/app/out/vs/workbench/api/node/extensionHostProcess.js:98:65019
	at ce.s (/usr/share/code/resources/app/out/vs/workbench/api/node/extensionHostProcess.js:98:56987)
	at ce.$provideCompletionItems (/usr/share/code/resources/app/out/vs/workbench/api/node/extensionHostProcess.js:98:65006)
	at a.N (/usr/share/code/resources/app/out/vs/workbench/api/node/extensionHostProcess.js:106:11223)
	at a.M (/usr/share/code/resources/app/out/vs/workbench/api/node/extensionHostProcess.js:106:10941)
	at a.H (/usr/share/code/resources/app/out/vs/workbench/api/node/extensionHostProcess.js:106:9996)
	at a.G (/usr/share/code/resources/app/out/vs/workbench/api/node/extensionHostProcess.js:106:9015)
	at /usr/share/code/resources/app/out/vs/workbench/api/node/extensionHostProcess.js:106:7803
	at f.invoke (/usr/share/code/resources/app/out/vs/workbench/api/node/extensionHostProcess.js:63:145)
	at m.deliver (/usr/share/code/resources/app/out/vs/workbench/api/node/extensionHostProcess.js:63:2066)
	at d.fire (/usr/share/code/resources/app/out/vs/workbench/api/node/extensionHostProcess.js:63:1704)
	at p.fire (/usr/share/code/resources/app/out/vs/workbench/api/node/extensionHostProcess.js:72:14907)
	at /usr/share/code/resources/app/out/vs/workbench/api/node/extensionHostProcess.js:122:16556
	at f.invoke (/usr/share/code/resources/app/out/vs/workbench/api/node/extensionHostProcess.js:63:145)
	at m.deliver (/usr/share/code/resources/app/out/vs/workbench/api/node/extensionHostProcess.js:63:2066)
	at d.fire (/usr/share/code/resources/app/out/vs/workbench/api/node/extensionHostProcess.js:63:1704)
	at p.fire (/usr/share/code/resources/app/out/vs/workbench/api/node/extensionHostProcess.js:72:14907)
	at MessagePortMain.<anonymous> (/usr/share/code/resources/app/out/vs/workbench/api/node/extensionHostProcess.js:122:14682)
	at MessagePortMain.emit (node:events:526:28)
	at MessagePortMain._internalPort.emit (node:electron/js2c/utility_init:5:364)
2023-03-21 19:10:35.055 [error] Unable to find matching pair for < at char 658: Error: Unable to find matching pair for < at char 658
	at r.error (/usr/share/code/resources/app/extensions/emmet/dist/node/emmetNodeMain.js:1:22607)
	at f (/usr/share/code/resources/app/extensions/emmet/dist/node/emmetNodeMain.js:1:21837)
	at u (/usr/share/code/resources/app/extensions/emmet/dist/node/emmetNodeMain.js:1:14498)
	at l (/usr/share/code/resources/app/extensions/emmet/dist/node/emmetNodeMain.js:1:14611)
	at /usr/share/code/resources/app/extensions/emmet/dist/node/emmetNodeMain.js:1:15226
	at m (/usr/share/code/resources/app/extensions/emmet/dist/node/emmetNodeMain.js:1:15333)
	at E (/usr/share/code/resources/app/extensions/emmet/dist/node/emmetNodeMain.js:1:16251)
	at I (/usr/share/code/resources/app/extensions/emmet/dist/node/emmetNodeMain.js:1:16661)
	at t.getRootNode (/usr/share/code/resources/app/extensions/emmet/dist/node/emmetNodeMain.js:1:210303)
	at t.DefaultCompletionItemProvider.b (/usr/share/code/resources/app/extensions/emmet/dist/node/emmetNodeMain.js:1:195403)
	at t.DefaultCompletionItemProvider.provideCompletionItems (/usr/share/code/resources/app/extensions/emmet/dist/node/emmetNodeMain.js:1:194341)
	at Y.provideCompletionItems (/usr/share/code/resources/app/out/vs/workbench/api/node/extensionHostProcess.js:98:44972)
	at /usr/share/code/resources/app/out/vs/workbench/api/node/extensionHostProcess.js:98:65019
	at ce.s (/usr/share/code/resources/app/out/vs/workbench/api/node/extensionHostProcess.js:98:56987)
	at ce.$provideCompletionItems (/usr/share/code/resources/app/out/vs/workbench/api/node/extensionHostProcess.js:98:65006)
	at a.N (/usr/share/code/resources/app/out/vs/workbench/api/node/extensionHostProcess.js:106:11223)
	at a.M (/usr/share/code/resources/app/out/vs/workbench/api/node/extensionHostProcess.js:106:10941)
	at a.H (/usr/share/code/resources/app/out/vs/workbench/api/node/extensionHostProcess.js:106:9996)
	at a.G (/usr/share/code/resources/app/out/vs/workbench/api/node/extensionHostProcess.js:106:9015)
	at /usr/share/code/resources/app/out/vs/workbench/api/node/extensionHostProcess.js:106:7803
	at f.invoke (/usr/share/code/resources/app/out/vs/workbench/api/node/extensionHostProcess.js:63:145)
	at m.deliver (/usr/share/code/resources/app/out/vs/workbench/api/node/extensionHostProcess.js:63:2066)
	at d.fire (/usr/share/code/resources/app/out/vs/workbench/api/node/extensionHostProcess.js:63:1704)
	at p.fire (/usr/share/code/resources/app/out/vs/workbench/api/node/extensionHostProcess.js:72:14907)
	at /usr/share/code/resources/app/out/vs/workbench/api/node/extensionHostProcess.js:122:16556
	at f.invoke (/usr/share/code/resources/app/out/vs/workbench/api/node/extensionHostProcess.js:63:145)
	at m.deliver (/usr/share/code/resources/app/out/vs/workbench/api/node/extensionHostProcess.js:63:2066)
	at d.fire (/usr/share/code/resources/app/out/vs/workbench/api/node/extensionHostProcess.js:63:1704)
	at p.fire (/usr/share/code/resources/app/out/vs/workbench/api/node/extensionHostProcess.js:72:14907)
	at MessagePortMain.<anonymous> (/usr/share/code/resources/app/out/vs/workbench/api/node/extensionHostProcess.js:122:14682)
	at MessagePortMain.emit (node:events:526:28)
	at MessagePortMain._internalPort.emit (node:electron/js2c/utility_init:5:364)
2023-03-21 19:10:40.273 [error] Unable to find matching pair for < at char 658: Error: Unable to find matching pair for < at char 658
	at r.error (/usr/share/code/resources/app/extensions/emmet/dist/node/emmetNodeMain.js:1:22607)
	at f (/usr/share/code/resources/app/extensions/emmet/dist/node/emmetNodeMain.js:1:21837)
	at u (/usr/share/code/resources/app/extensions/emmet/dist/node/emmetNodeMain.js:1:14498)
	at l (/usr/share/code/resources/app/extensions/emmet/dist/node/emmetNodeMain.js:1:14611)
	at /usr/share/code/resources/app/extensions/emmet/dist/node/emmetNodeMain.js:1:15226
	at m (/usr/share/code/resources/app/extensions/emmet/dist/node/emmetNodeMain.js:1:15333)
	at E (/usr/share/code/resources/app/extensions/emmet/dist/node/emmetNodeMain.js:1:16251)
	at I (/usr/share/code/resources/app/extensions/emmet/dist/node/emmetNodeMain.js:1:16661)
	at t.getRootNode (/usr/share/code/resources/app/extensions/emmet/dist/node/emmetNodeMain.js:1:210303)
	at t.DefaultCompletionItemProvider.b (/usr/share/code/resources/app/extensions/emmet/dist/node/emmetNodeMain.js:1:195403)
	at t.DefaultCompletionItemProvider.provideCompletionItems (/usr/share/code/resources/app/extensions/emmet/dist/node/emmetNodeMain.js:1:194341)
	at Y.provideCompletionItems (/usr/share/code/resources/app/out/vs/workbench/api/node/extensionHostProcess.js:98:44972)
	at /usr/share/code/resources/app/out/vs/workbench/api/node/extensionHostProcess.js:98:65019
	at ce.s (/usr/share/code/resources/app/out/vs/workbench/api/node/extensionHostProcess.js:98:56987)
	at ce.$provideCompletionItems (/usr/share/code/resources/app/out/vs/workbench/api/node/extensionHostProcess.js:98:65006)
	at a.N (/usr/share/code/resources/app/out/vs/workbench/api/node/extensionHostProcess.js:106:11223)
	at a.M (/usr/share/code/resources/app/out/vs/workbench/api/node/extensionHostProcess.js:106:10941)
	at a.H (/usr/share/code/resources/app/out/vs/workbench/api/node/extensionHostProcess.js:106:9996)
	at a.G (/usr/share/code/resources/app/out/vs/workbench/api/node/extensionHostProcess.js:106:9015)
	at /usr/share/code/resources/app/out/vs/workbench/api/node/extensionHostProcess.js:106:7803
	at f.invoke (/usr/share/code/resources/app/out/vs/workbench/api/node/extensionHostProcess.js:63:145)
	at m.deliver (/usr/share/code/resources/app/out/vs/workbench/api/node/extensionHostProcess.js:63:2066)
	at d.fire (/usr/share/code/resources/app/out/vs/workbench/api/node/extensionHostProcess.js:63:1704)
	at p.fire (/usr/share/code/resources/app/out/vs/workbench/api/node/extensionHostProcess.js:72:14907)
	at /usr/share/code/resources/app/out/vs/workbench/api/node/extensionHostProcess.js:122:16556
	at f.invoke (/usr/share/code/resources/app/out/vs/workbench/api/node/extensionHostProcess.js:63:145)
	at m.deliver (/usr/share/code/resources/app/out/vs/workbench/api/node/extensionHostProcess.js:63:2066)
	at d.fire (/usr/share/code/resources/app/out/vs/workbench/api/node/extensionHostProcess.js:63:1704)
	at p.fire (/usr/share/code/resources/app/out/vs/workbench/api/node/extensionHostProcess.js:72:14907)
	at MessagePortMain.<anonymous> (/usr/share/code/resources/app/out/vs/workbench/api/node/extensionHostProcess.js:122:14682)
	at MessagePortMain.emit (node:events:526:28)
	at MessagePortMain._internalPort.emit (node:electron/js2c/utility_init:5:364)
2023-03-21 19:10:44.983 [error] Unable to find matching pair for < at char 658: Error: Unable to find matching pair for < at char 658
	at r.error (/usr/share/code/resources/app/extensions/emmet/dist/node/emmetNodeMain.js:1:22607)
	at f (/usr/share/code/resources/app/extensions/emmet/dist/node/emmetNodeMain.js:1:21837)
	at u (/usr/share/code/resources/app/extensions/emmet/dist/node/emmetNodeMain.js:1:14498)
	at l (/usr/share/code/resources/app/extensions/emmet/dist/node/emmetNodeMain.js:1:14611)
	at /usr/share/code/resources/app/extensions/emmet/dist/node/emmetNodeMain.js:1:15226
	at m (/usr/share/code/resources/app/extensions/emmet/dist/node/emmetNodeMain.js:1:15333)
	at E (/usr/share/code/resources/app/extensions/emmet/dist/node/emmetNodeMain.js:1:16251)
	at I (/usr/share/code/resources/app/extensions/emmet/dist/node/emmetNodeMain.js:1:16661)
	at t.getRootNode (/usr/share/code/resources/app/extensions/emmet/dist/node/emmetNodeMain.js:1:210303)
	at t.DefaultCompletionItemProvider.b (/usr/share/code/resources/app/extensions/emmet/dist/node/emmetNodeMain.js:1:195403)
	at t.DefaultCompletionItemProvider.provideCompletionItems (/usr/share/code/resources/app/extensions/emmet/dist/node/emmetNodeMain.js:1:194341)
	at Y.provideCompletionItems (/usr/share/code/resources/app/out/vs/workbench/api/node/extensionHostProcess.js:98:44972)
	at /usr/share/code/resources/app/out/vs/workbench/api/node/extensionHostProcess.js:98:65019
	at ce.s (/usr/share/code/resources/app/out/vs/workbench/api/node/extensionHostProcess.js:98:56987)
	at ce.$provideCompletionItems (/usr/share/code/resources/app/out/vs/workbench/api/node/extensionHostProcess.js:98:65006)
	at a.N (/usr/share/code/resources/app/out/vs/workbench/api/node/extensionHostProcess.js:106:11223)
	at a.M (/usr/share/code/resources/app/out/vs/workbench/api/node/extensionHostProcess.js:106:10941)
	at a.H (/usr/share/code/resources/app/out/vs/workbench/api/node/extensionHostProcess.js:106:9996)
	at a.G (/usr/share/code/resources/app/out/vs/workbench/api/node/extensionHostProcess.js:106:9015)
	at /usr/share/code/resources/app/out/vs/workbench/api/node/extensionHostProcess.js:106:7803
	at f.invoke (/usr/share/code/resources/app/out/vs/workbench/api/node/extensionHostProcess.js:63:145)
	at m.deliver (/usr/share/code/resources/app/out/vs/workbench/api/node/extensionHostProcess.js:63:2066)
	at d.fire (/usr/share/code/resources/app/out/vs/workbench/api/node/extensionHostProcess.js:63:1704)
	at p.fire (/usr/share/code/resources/app/out/vs/workbench/api/node/extensionHostProcess.js:72:14907)
	at /usr/share/code/resources/app/out/vs/workbench/api/node/extensionHostProcess.js:122:16556
	at f.invoke (/usr/share/code/resources/app/out/vs/workbench/api/node/extensionHostProcess.js:63:145)
	at m.deliver (/usr/share/code/resources/app/out/vs/workbench/api/node/extensionHostProcess.js:63:2066)
	at d.fire (/usr/share/code/resources/app/out/vs/workbench/api/node/extensionHostProcess.js:63:1704)
	at p.fire (/usr/share/code/resources/app/out/vs/workbench/api/node/extensionHostProcess.js:72:14907)
	at MessagePortMain.<anonymous> (/usr/share/code/resources/app/out/vs/workbench/api/node/extensionHostProcess.js:122:14682)
	at MessagePortMain.emit (node:events:526:28)
	at MessagePortMain._internalPort.emit (node:electron/js2c/utility_init:5:364)
2023-03-21 19:10:46.334 [error] Unable to find matching pair for < at char 658: Error: Unable to find matching pair for < at char 658
	at r.error (/usr/share/code/resources/app/extensions/emmet/dist/node/emmetNodeMain.js:1:22607)
	at f (/usr/share/code/resources/app/extensions/emmet/dist/node/emmetNodeMain.js:1:21837)
	at u (/usr/share/code/resources/app/extensions/emmet/dist/node/emmetNodeMain.js:1:14498)
	at l (/usr/share/code/resources/app/extensions/emmet/dist/node/emmetNodeMain.js:1:14611)
	at /usr/share/code/resources/app/extensions/emmet/dist/node/emmetNodeMain.js:1:15226
	at m (/usr/share/code/resources/app/extensions/emmet/dist/node/emmetNodeMain.js:1:15333)
	at E (/usr/share/code/resources/app/extensions/emmet/dist/node/emmetNodeMain.js:1:16251)
	at I (/usr/share/code/resources/app/extensions/emmet/dist/node/emmetNodeMain.js:1:16661)
	at t.getRootNode (/usr/share/code/resources/app/extensions/emmet/dist/node/emmetNodeMain.js:1:210303)
	at t.DefaultCompletionItemProvider.b (/usr/share/code/resources/app/extensions/emmet/dist/node/emmetNodeMain.js:1:195403)
	at t.DefaultCompletionItemProvider.provideCompletionItems (/usr/share/code/resources/app/extensions/emmet/dist/node/emmetNodeMain.js:1:194341)
	at Y.provideCompletionItems (/usr/share/code/resources/app/out/vs/workbench/api/node/extensionHostProcess.js:98:44972)
	at /usr/share/code/resources/app/out/vs/workbench/api/node/extensionHostProcess.js:98:65019
	at ce.s (/usr/share/code/resources/app/out/vs/workbench/api/node/extensionHostProcess.js:98:56987)
	at ce.$provideCompletionItems (/usr/share/code/resources/app/out/vs/workbench/api/node/extensionHostProcess.js:98:65006)
	at a.N (/usr/share/code/resources/app/out/vs/workbench/api/node/extensionHostProcess.js:106:11223)
	at a.M (/usr/share/code/resources/app/out/vs/workbench/api/node/extensionHostProcess.js:106:10941)
	at a.H (/usr/share/code/resources/app/out/vs/workbench/api/node/extensionHostProcess.js:106:9996)
	at a.G (/usr/share/code/resources/app/out/vs/workbench/api/node/extensionHostProcess.js:106:9015)
	at /usr/share/code/resources/app/out/vs/workbench/api/node/extensionHostProcess.js:106:7803
	at f.invoke (/usr/share/code/resources/app/out/vs/workbench/api/node/extensionHostProcess.js:63:145)
	at m.deliver (/usr/share/code/resources/app/out/vs/workbench/api/node/extensionHostProcess.js:63:2066)
	at d.fire (/usr/share/code/resources/app/out/vs/workbench/api/node/extensionHostProcess.js:63:1704)
	at p.fire (/usr/share/code/resources/app/out/vs/workbench/api/node/extensionHostProcess.js:72:14907)
	at /usr/share/code/resources/app/out/vs/workbench/api/node/extensionHostProcess.js:122:16556
	at f.invoke (/usr/share/code/resources/app/out/vs/workbench/api/node/extensionHostProcess.js:63:145)
	at m.deliver (/usr/share/code/resources/app/out/vs/workbench/api/node/extensionHostProcess.js:63:2066)
	at d.fire (/usr/share/code/resources/app/out/vs/workbench/api/node/extensionHostProcess.js:63:1704)
	at p.fire (/usr/share/code/resources/app/out/vs/workbench/api/node/extensionHostProcess.js:72:14907)
	at MessagePortMain.<anonymous> (/usr/share/code/resources/app/out/vs/workbench/api/node/extensionHostProcess.js:122:14682)
	at MessagePortMain.emit (node:events:526:28)
	at MessagePortMain._internalPort.emit (node:electron/js2c/utility_init:5:364)
2023-03-21 19:12:12.302 [error] Unable to find matching pair for < at char 634: Error: Unable to find matching pair for < at char 634
	at r.error (/usr/share/code/resources/app/extensions/emmet/dist/node/emmetNodeMain.js:1:22607)
	at f (/usr/share/code/resources/app/extensions/emmet/dist/node/emmetNodeMain.js:1:21837)
	at u (/usr/share/code/resources/app/extensions/emmet/dist/node/emmetNodeMain.js:1:14498)
	at l (/usr/share/code/resources/app/extensions/emmet/dist/node/emmetNodeMain.js:1:14611)
	at /usr/share/code/resources/app/extensions/emmet/dist/node/emmetNodeMain.js:1:15226
	at m (/usr/share/code/resources/app/extensions/emmet/dist/node/emmetNodeMain.js:1:15333)
	at E (/usr/share/code/resources/app/extensions/emmet/dist/node/emmetNodeMain.js:1:16251)
	at I (/usr/share/code/resources/app/extensions/emmet/dist/node/emmetNodeMain.js:1:16661)
	at t.getRootNode (/usr/share/code/resources/app/extensions/emmet/dist/node/emmetNodeMain.js:1:210303)
	at t.DefaultCompletionItemProvider.b (/usr/share/code/resources/app/extensions/emmet/dist/node/emmetNodeMain.js:1:195403)
	at t.DefaultCompletionItemProvider.provideCompletionItems (/usr/share/code/resources/app/extensions/emmet/dist/node/emmetNodeMain.js:1:194341)
	at Y.provideCompletionItems (/usr/share/code/resources/app/out/vs/workbench/api/node/extensionHostProcess.js:98:44972)
	at /usr/share/code/resources/app/out/vs/workbench/api/node/extensionHostProcess.js:98:65019
	at ce.s (/usr/share/code/resources/app/out/vs/workbench/api/node/extensionHostProcess.js:98:56987)
	at ce.$provideCompletionItems (/usr/share/code/resources/app/out/vs/workbench/api/node/extensionHostProcess.js:98:65006)
	at a.N (/usr/share/code/resources/app/out/vs/workbench/api/node/extensionHostProcess.js:106:11223)
	at a.M (/usr/share/code/resources/app/out/vs/workbench/api/node/extensionHostProcess.js:106:10941)
	at a.H (/usr/share/code/resources/app/out/vs/workbench/api/node/extensionHostProcess.js:106:9996)
	at a.G (/usr/share/code/resources/app/out/vs/workbench/api/node/extensionHostProcess.js:106:9015)
	at /usr/share/code/resources/app/out/vs/workbench/api/node/extensionHostProcess.js:106:7803
	at f.invoke (/usr/share/code/resources/app/out/vs/workbench/api/node/extensionHostProcess.js:63:145)
	at m.deliver (/usr/share/code/resources/app/out/vs/workbench/api/node/extensionHostProcess.js:63:2066)
	at d.fire (/usr/share/code/resources/app/out/vs/workbench/api/node/extensionHostProcess.js:63:1704)
	at p.fire (/usr/share/code/resources/app/out/vs/workbench/api/node/extensionHostProcess.js:72:14907)
	at /usr/share/code/resources/app/out/vs/workbench/api/node/extensionHostProcess.js:122:16556
	at f.invoke (/usr/share/code/resources/app/out/vs/workbench/api/node/extensionHostProcess.js:63:145)
	at m.deliver (/usr/share/code/resources/app/out/vs/workbench/api/node/extensionHostProcess.js:63:2066)
	at d.fire (/usr/share/code/resources/app/out/vs/workbench/api/node/extensionHostProcess.js:63:1704)
	at p.fire (/usr/share/code/resources/app/out/vs/workbench/api/node/extensionHostProcess.js:72:14907)
	at MessagePortMain.<anonymous> (/usr/share/code/resources/app/out/vs/workbench/api/node/extensionHostProcess.js:122:14682)
	at MessagePortMain.emit (node:events:526:28)
	at MessagePortMain._internalPort.emit (node:electron/js2c/utility_init:5:364)
