2023-03-21 21:03:28.757 [info] Log level: Info
2023-03-21 21:03:28.757 [info] Validating found git in: "git"
2023-03-21 21:03:28.757 [info] Using git "2.30.2" from "git"
2023-03-21 21:04:07.196 [info] Log level: Info
2023-03-21 21:04:07.196 [info] Validating found git in: "git"
2023-03-21 21:04:07.196 [info] Using git "2.30.2" from "git"
2023-03-21 21:04:07.196 [info] > git rev-parse --show-toplevel [60ms]
2023-03-21 21:04:07.208 [info] > git rev-parse --git-dir --git-common-dir [38ms]
2023-03-21 21:04:07.208 [info] Open repository: /home/jamessearle71/Projects/reading-notes
2023-03-21 21:04:07.208 [info] > git rev-parse --show-toplevel [21ms]
2023-03-21 21:04:07.208 [info] > git config --get commit.template [26ms]
2023-03-21 21:04:07.208 [info] > git rev-parse --show-toplevel [83ms]
2023-03-21 21:04:07.208 [info] > git for-each-ref --format=%(refname)%00%(upstream:short)%00%(objectname)%00%(upstream:track)%00%(upstream:remotename)%00%(upstream:remoteref) refs/heads/main refs/remotes/main [22ms]
2023-03-21 21:04:07.208 [info] > git status -z -uall [10ms]
2023-03-21 21:04:07.208 [info] > git config --get commit.template [51ms]
2023-03-21 21:04:07.208 [info] > git for-each-ref --format=%(refname)%00%(upstream:short)%00%(objectname)%00%(upstream:track)%00%(upstream:remotename)%00%(upstream:remoteref) refs/heads/main refs/remotes/main [18ms]
2023-03-21 21:04:07.208 [info] > git status -z -uall [35ms]
2023-03-21 21:04:07.411 [info] > git check-ignore -v -z --stdin [896ms]
2023-03-21 21:04:16.914 [info] > git show --textconv :index.html [65ms]
2023-03-21 21:04:16.931 [info] > git ls-files --stage -- /home/jamessearle71/Projects/reading-notes/index.html [16ms]
2023-03-21 21:04:16.963 [info] > git cat-file -s e2713f0f11760615008af2c0c878565018e69655 [10ms]
