2023-03-21 18:21:16.612 [info] Reading sessions from keychain...
2023-03-21 18:21:16.612 [info] Getting sessions for user:email...
2023-03-21 18:21:16.613 [info] Got stored sessions!
2023-03-21 18:21:16.613 [info] Got 1 verified sessions.
2023-03-21 18:21:16.613 [info] Got 0 sessions for user:email...
2023-03-21 18:21:16.614 [info] Getting sessions for all scopes...
2023-03-21 18:21:16.614 [info] Got 1 sessions for ...
2023-03-21 18:21:17.208 [info] Getting sessions for all scopes...
2023-03-21 18:21:17.208 [info] Got 1 sessions for ...
2023-03-21 18:21:17.785 [info] Getting user info...
2023-03-21 18:21:18.318 [info] Got account info!
2023-03-21 18:22:00.379 [info] Reading sessions from keychain...
2023-03-21 18:22:00.379 [info] Getting sessions for user:email...
2023-03-21 18:22:00.379 [info] Got stored sessions!
2023-03-21 18:22:00.379 [info] Got 1 verified sessions.
2023-03-21 18:22:00.379 [info] Got 0 sessions for user:email...
2023-03-21 18:22:00.379 [info] Getting sessions for all scopes...
2023-03-21 18:22:00.379 [info] Got 1 sessions for ...
2023-03-21 18:22:02.823 [info] Getting user info...
2023-03-21 18:22:03.088 [info] Getting sessions for all scopes...
2023-03-21 18:22:03.089 [info] Got 1 sessions for ...
2023-03-21 18:22:03.304 [info] Got account info!
