2023-03-21 09:56:35.615 [info] Extension host with pid 20419 started
2023-03-21 09:56:35.616 [info] Skipping acquiring lock for /home/jamessearle71/.config/Code/User/workspaceStorage/c6ec639d220e437a1223bc447f6322e5.
2023-03-21 09:56:36.534 [info] ExtensionService#_doActivateExtension vscode.emmet, startup: false, activationEvent: 'onLanguage'
2023-03-21 09:56:36.661 [info] ExtensionService#_doActivateExtension vscode.git-base, startup: true, activationEvent: '*', root cause: vscode.git
2023-03-21 09:56:37.564 [info] ExtensionService#_doActivateExtension vscode.extension-editing, startup: false, activationEvent: 'onLanguage:markdown'
2023-03-21 09:56:37.629 [info] ExtensionService#_doActivateExtension vscode.markdown-language-features, startup: false, activationEvent: 'onLanguage:markdown'
2023-03-21 09:56:38.774 [info] ExtensionService#_doActivateExtension vscode.git, startup: true, activationEvent: '*'
2023-03-21 09:56:39.197 [info] ExtensionService#_doActivateExtension vscode.github, startup: true, activationEvent: '*'
2023-03-21 09:56:40.438 [info] Eager extensions activated
2023-03-21 09:56:41.776 [info] ExtensionService#_doActivateExtension vscode.debug-auto-launch, startup: false, activationEvent: 'onStartupFinished'
2023-03-21 09:56:41.816 [info] ExtensionService#_doActivateExtension vscode.merge-conflict, startup: false, activationEvent: 'onStartupFinished'
2023-03-21 09:56:43.339 [warning] [Decorations] CAPPING events from decorations provider vscode.git 1155
2023-03-21 09:56:47.190 [warning] [Decorations] CAPPING events from decorations provider vscode.git 1155
2023-03-21 09:56:51.829 [info] ExtensionService#_doActivateExtension vscode.markdown-math, startup: false, activationEvent: 'api', root cause: vscode.markdown-language-features
2023-03-21 09:56:58.209 [info] ExtensionService#_doActivateExtension vscode.github-authentication, startup: false, activationEvent: 'onAuthenticationRequest:github'
2023-03-21 09:56:58.664 [info] ExtensionService#_doActivateExtension vscode.microsoft-authentication, startup: false, activationEvent: 'onAuthenticationRequest:microsoft'
2023-03-21 09:57:02.848 [warning] [Decorations] CAPPING events from decorations provider vscode.git 1127
2023-03-21 09:57:08.473 [warning] [Decorations] CAPPING events from decorations provider vscode.git 1127
2023-03-21 09:57:13.746 [warning] [Decorations] CAPPING events from decorations provider vscode.git 1125
2023-03-21 09:57:18.508 [info] ExtensionService#_doActivateExtension vscode.html-language-features, startup: false, activationEvent: 'onLanguage:html'
2023-03-21 09:57:21.019 [warning] [Decorations] CAPPING events from decorations provider vscode.git 1127
2023-03-21 09:57:26.350 [warning] [Decorations] CAPPING events from decorations provider vscode.git 1127
2023-03-21 09:58:10.104 [warning] [Decorations] CAPPING events from decorations provider vscode.git 1127
2023-03-21 09:58:16.417 [warning] [Decorations] CAPPING events from decorations provider vscode.git 1128
2023-03-21 09:58:23.028 [warning] [Decorations] CAPPING events from decorations provider vscode.git 1128
2023-03-21 09:58:28.494 [warning] [Decorations] CAPPING events from decorations provider vscode.git 1128
2023-03-21 09:58:33.996 [warning] [Decorations] CAPPING events from decorations provider vscode.git 1128
2023-03-21 09:58:39.610 [warning] [Decorations] CAPPING events from decorations provider vscode.git 1128
2023-03-21 09:58:45.090 [warning] [Decorations] CAPPING events from decorations provider vscode.git 1128
2023-03-21 09:58:51.037 [warning] [Decorations] CAPPING events from decorations provider vscode.git 1128
2023-03-21 09:58:56.491 [warning] [Decorations] CAPPING events from decorations provider vscode.git 1128
2023-03-21 09:59:02.536 [warning] [Decorations] CAPPING events from decorations provider vscode.git 1128
2023-03-21 09:59:08.051 [warning] [Decorations] CAPPING events from decorations provider vscode.git 1128
2023-03-21 09:59:13.586 [warning] [Decorations] CAPPING events from decorations provider vscode.git 1128
2023-03-21 09:59:19.161 [warning] [Decorations] CAPPING events from decorations provider vscode.git 1128
2023-03-21 09:59:24.789 [warning] [Decorations] CAPPING events from decorations provider vscode.git 1128
2023-03-21 09:59:31.542 [warning] [Decorations] CAPPING events from decorations provider vscode.git 1128
2023-03-21 09:59:37.312 [warning] [Decorations] CAPPING events from decorations provider vscode.git 1128
2023-03-21 09:59:42.903 [warning] [Decorations] CAPPING events from decorations provider vscode.git 1128
2023-03-21 09:59:48.432 [warning] [Decorations] CAPPING events from decorations provider vscode.git 1128
2023-03-21 09:59:53.811 [warning] [Decorations] CAPPING events from decorations provider vscode.git 1128
2023-03-21 09:59:59.316 [warning] [Decorations] CAPPING events from decorations provider vscode.git 1128
2023-03-21 10:00:04.756 [warning] [Decorations] CAPPING events from decorations provider vscode.git 1128
2023-03-21 10:00:10.024 [warning] [Decorations] CAPPING events from decorations provider vscode.git 1128
2023-03-21 10:00:15.402 [warning] [Decorations] CAPPING events from decorations provider vscode.git 1129
2023-03-21 10:00:20.710 [warning] [Decorations] CAPPING events from decorations provider vscode.git 1129
2023-03-21 10:00:25.990 [warning] [Decorations] CAPPING events from decorations provider vscode.git 1129
2023-03-21 10:00:31.473 [warning] [Decorations] CAPPING events from decorations provider vscode.git 1129
2023-03-21 10:00:36.799 [warning] [Decorations] CAPPING events from decorations provider vscode.git 1129
2023-03-21 10:00:41.409 [info] ExtensionService#_doActivateExtension vscode.npm, startup: false, activationEvent: 'onTerminalQuickFixRequest:ms-vscode.npm-command'
2023-03-21 10:00:42.231 [warning] [Decorations] CAPPING events from decorations provider vscode.git 1129
2023-03-21 10:00:47.920 [warning] [Decorations] CAPPING events from decorations provider vscode.git 1129
2023-03-21 10:00:53.231 [warning] [Decorations] CAPPING events from decorations provider vscode.git 1129
2023-03-21 10:00:58.729 [warning] [Decorations] CAPPING events from decorations provider vscode.git 1129
2023-03-21 10:01:04.107 [warning] [Decorations] CAPPING events from decorations provider vscode.git 1129
2023-03-21 10:01:09.490 [warning] [Decorations] CAPPING events from decorations provider vscode.git 1129
2023-03-21 10:01:14.927 [warning] [Decorations] CAPPING events from decorations provider vscode.git 1129
2023-03-21 10:01:20.355 [warning] [Decorations] CAPPING events from decorations provider vscode.git 1129
2023-03-21 10:01:25.603 [warning] [Decorations] CAPPING events from decorations provider vscode.git 1129
2023-03-21 10:01:30.864 [warning] [Decorations] CAPPING events from decorations provider vscode.git 1129
2023-03-21 10:01:36.243 [warning] [Decorations] CAPPING events from decorations provider vscode.git 1129
2023-03-21 10:01:41.658 [warning] [Decorations] CAPPING events from decorations provider vscode.git 1129
2023-03-21 10:01:46.917 [warning] [Decorations] CAPPING events from decorations provider vscode.git 1129
2023-03-21 10:01:52.227 [warning] [Decorations] CAPPING events from decorations provider vscode.git 1129
2023-03-21 10:01:57.497 [warning] [Decorations] CAPPING events from decorations provider vscode.git 1129
2023-03-21 10:02:02.969 [warning] [Decorations] CAPPING events from decorations provider vscode.git 1129
2023-03-21 10:02:08.376 [warning] [Decorations] CAPPING events from decorations provider vscode.git 1129
2023-03-21 10:02:13.693 [warning] [Decorations] CAPPING events from decorations provider vscode.git 1129
2023-03-21 10:02:19.060 [warning] [Decorations] CAPPING events from decorations provider vscode.git 1129
2023-03-21 10:02:24.398 [warning] [Decorations] CAPPING events from decorations provider vscode.git 1129
2023-03-21 10:02:30.200 [warning] [Decorations] CAPPING events from decorations provider vscode.git 1129
2023-03-21 10:02:35.828 [warning] [Decorations] CAPPING events from decorations provider vscode.git 1129
2023-03-21 10:02:41.235 [warning] [Decorations] CAPPING events from decorations provider vscode.git 1129
2023-03-21 10:02:46.928 [warning] [Decorations] CAPPING events from decorations provider vscode.git 1130
2023-03-21 10:02:48.040 [info] ExtensionService#_doActivateExtension vscode.debug-server-ready, startup: false, activationEvent: 'onDebugResolve'
2023-03-21 10:02:48.072 [info] ExtensionService#_doActivateExtension ms-vscode.js-debug, startup: false, activationEvent: 'onDebugResolve:pwa-chrome'
2023-03-21 10:03:00.899 [warning] [Decorations] CAPPING events from decorations provider vscode.git 1129
2023-03-21 10:03:06.344 [warning] [Decorations] CAPPING events from decorations provider vscode.git 1131
2023-03-21 10:03:11.740 [warning] [Decorations] CAPPING events from decorations provider vscode.git 1138
2023-03-21 10:03:17.071 [warning] [Decorations] CAPPING events from decorations provider vscode.git 1138
2023-03-21 10:03:22.385 [warning] [Decorations] CAPPING events from decorations provider vscode.git 1138
2023-03-21 10:03:27.753 [warning] [Decorations] CAPPING events from decorations provider vscode.git 1138
2023-03-21 10:03:33.376 [warning] [Decorations] CAPPING events from decorations provider vscode.git 1138
2023-03-21 10:03:38.759 [warning] [Decorations] CAPPING events from decorations provider vscode.git 1138
2023-03-21 10:03:44.073 [warning] [Decorations] CAPPING events from decorations provider vscode.git 1138
2023-03-21 10:03:50.273 [warning] [Decorations] CAPPING events from decorations provider vscode.git 1138
2023-03-21 10:03:55.639 [warning] [Decorations] CAPPING events from decorations provider vscode.git 1138
2023-03-21 10:04:01.019 [warning] [Decorations] CAPPING events from decorations provider vscode.git 1138
2023-03-21 10:04:06.365 [warning] [Decorations] CAPPING events from decorations provider vscode.git 1138
2023-03-21 10:04:11.664 [warning] [Decorations] CAPPING events from decorations provider vscode.git 1138
2023-03-21 10:04:17.024 [warning] [Decorations] CAPPING events from decorations provider vscode.git 1138
2023-03-21 10:04:22.380 [warning] [Decorations] CAPPING events from decorations provider vscode.git 1138
2023-03-21 10:04:27.706 [warning] [Decorations] CAPPING events from decorations provider vscode.git 1138
2023-03-21 10:04:33.039 [warning] [Decorations] CAPPING events from decorations provider vscode.git 1138
2023-03-21 10:04:38.659 [warning] [Decorations] CAPPING events from decorations provider vscode.git 1138
2023-03-21 10:04:43.991 [warning] [Decorations] CAPPING events from decorations provider vscode.git 1138
2023-03-21 10:04:49.359 [warning] [Decorations] CAPPING events from decorations provider vscode.git 1138
2023-03-21 10:04:54.641 [warning] [Decorations] CAPPING events from decorations provider vscode.git 1138
2023-03-21 10:04:59.988 [warning] [Decorations] CAPPING events from decorations provider vscode.git 1138
2023-03-21 10:05:05.515 [warning] [Decorations] CAPPING events from decorations provider vscode.git 1138
2023-03-21 10:05:10.790 [warning] [Decorations] CAPPING events from decorations provider vscode.git 1138
2023-03-21 10:05:16.087 [warning] [Decorations] CAPPING events from decorations provider vscode.git 1138
2023-03-21 10:05:21.383 [warning] [Decorations] CAPPING events from decorations provider vscode.git 1138
2023-03-21 10:05:26.666 [warning] [Decorations] CAPPING events from decorations provider vscode.git 1138
2023-03-21 10:05:31.950 [warning] [Decorations] CAPPING events from decorations provider vscode.git 1138
2023-03-21 10:05:37.229 [warning] [Decorations] CAPPING events from decorations provider vscode.git 1138
2023-03-21 10:05:43.524 [warning] [Decorations] CAPPING events from decorations provider vscode.git 1138
2023-03-21 10:05:49.003 [warning] [Decorations] CAPPING events from decorations provider vscode.git 1138
2023-03-21 10:05:54.492 [warning] [Decorations] CAPPING events from decorations provider vscode.git 1139
2023-03-21 10:05:59.775 [warning] [Decorations] CAPPING events from decorations provider vscode.git 1138
2023-03-21 10:06:05.207 [warning] [Decorations] CAPPING events from decorations provider vscode.git 1138
2023-03-21 10:06:10.770 [warning] [Decorations] CAPPING events from decorations provider vscode.git 1138
2023-03-21 10:06:16.153 [warning] [Decorations] CAPPING events from decorations provider vscode.git 1138
2023-03-21 10:06:21.410 [warning] [Decorations] CAPPING events from decorations provider vscode.git 1138
2023-03-21 10:06:26.664 [warning] [Decorations] CAPPING events from decorations provider vscode.git 1138
2023-03-21 10:06:31.971 [warning] [Decorations] CAPPING events from decorations provider vscode.git 1138
2023-03-21 10:06:37.743 [warning] [Decorations] CAPPING events from decorations provider vscode.git 1138
2023-03-21 10:06:43.101 [warning] [Decorations] CAPPING events from decorations provider vscode.git 1143
2023-03-21 10:06:48.705 [warning] [Decorations] CAPPING events from decorations provider vscode.git 1141
2023-03-21 10:06:53.983 [warning] [Decorations] CAPPING events from decorations provider vscode.git 1141
2023-03-21 10:06:59.238 [warning] [Decorations] CAPPING events from decorations provider vscode.git 1141
2023-03-21 10:07:04.545 [warning] [Decorations] CAPPING events from decorations provider vscode.git 1141
2023-03-21 10:07:09.948 [warning] [Decorations] CAPPING events from decorations provider vscode.git 1142
2023-03-21 10:07:15.323 [warning] [Decorations] CAPPING events from decorations provider vscode.git 1142
2023-03-21 10:07:20.631 [warning] [Decorations] CAPPING events from decorations provider vscode.git 1142
2023-03-21 10:07:25.917 [warning] [Decorations] CAPPING events from decorations provider vscode.git 1142
2023-03-21 10:07:31.285 [warning] [Decorations] CAPPING events from decorations provider vscode.git 1144
2023-03-21 10:07:36.566 [warning] [Decorations] CAPPING events from decorations provider vscode.git 1144
2023-03-21 10:08:07.623 [warning] [Decorations] CAPPING events from decorations provider vscode.git 1144
2023-03-21 10:08:13.301 [warning] [Decorations] CAPPING events from decorations provider vscode.git 1144
2023-03-21 10:08:18.997 [warning] [Decorations] CAPPING events from decorations provider vscode.git 1144
2023-03-21 10:08:24.943 [warning] [Decorations] CAPPING events from decorations provider vscode.git 1144
2023-03-21 10:08:30.432 [warning] [Decorations] CAPPING events from decorations provider vscode.git 1144
2023-03-21 10:08:36.055 [warning] [Decorations] CAPPING events from decorations provider vscode.git 1144
2023-03-21 10:08:41.563 [warning] [Decorations] CAPPING events from decorations provider vscode.git 1142
2023-03-21 10:08:47.249 [warning] [Decorations] CAPPING events from decorations provider vscode.git 1142
2023-03-21 10:08:52.785 [warning] [Decorations] CAPPING events from decorations provider vscode.git 1142
2023-03-21 10:08:58.360 [warning] [Decorations] CAPPING events from decorations provider vscode.git 1142
2023-03-21 10:09:03.820 [warning] [Decorations] CAPPING events from decorations provider vscode.git 1142
2023-03-21 10:09:09.358 [warning] [Decorations] CAPPING events from decorations provider vscode.git 1142
2023-03-21 10:09:14.962 [warning] [Decorations] CAPPING events from decorations provider vscode.git 1142
2023-03-21 10:09:20.866 [warning] [Decorations] CAPPING events from decorations provider vscode.git 1142
2023-03-21 10:09:27.033 [warning] [Decorations] CAPPING events from decorations provider vscode.git 1142
2023-03-21 10:09:37.699 [warning] [Decorations] CAPPING events from decorations provider vscode.git 1142
2023-03-21 10:10:08.406 [warning] [Decorations] CAPPING events from decorations provider vscode.git 1142
2023-03-21 10:10:14.118 [warning] [Decorations] CAPPING events from decorations provider vscode.git 1142
2023-03-21 10:10:19.576 [warning] [Decorations] CAPPING events from decorations provider vscode.git 1142
2023-03-21 10:10:25.109 [warning] [Decorations] CAPPING events from decorations provider vscode.git 1142
2023-03-21 10:10:30.534 [warning] [Decorations] CAPPING events from decorations provider vscode.git 1142
2023-03-21 10:10:36.057 [warning] [Decorations] CAPPING events from decorations provider vscode.git 1142
2023-03-21 10:10:41.484 [warning] [Decorations] CAPPING events from decorations provider vscode.git 1142
2023-03-21 10:10:47.273 [warning] [Decorations] CAPPING events from decorations provider vscode.git 1142
2023-03-21 10:10:52.871 [warning] [Decorations] CAPPING events from decorations provider vscode.git 1142
2023-03-21 10:10:58.791 [warning] [Decorations] CAPPING events from decorations provider vscode.git 1142
2023-03-21 10:11:04.299 [warning] [Decorations] CAPPING events from decorations provider vscode.git 1142
2023-03-21 10:11:09.886 [warning] [Decorations] CAPPING events from decorations provider vscode.git 1142
2023-03-21 10:11:22.716 [warning] [Decorations] CAPPING events from decorations provider vscode.git 1142
2023-03-21 10:11:24.642 [info] Extension host terminating: parent process 20390 does not exist anymore: kill ESRCH (code: ESRCH) (errno: -3)
2023-03-21 10:11:25.036 [error] Canceled: Canceled
	at new l (/usr/share/code/resources/app/out/vs/workbench/api/node/extensionHostProcess.js:96:88793)
	at a.O (/usr/share/code/resources/app/out/vs/workbench/api/node/extensionHostProcess.js:106:11260)
	at V.<computed>.Q.charCodeAt.V.<computed> (/usr/share/code/resources/app/out/vs/workbench/api/node/extensionHostProcess.js:106:8550)
	at c.g (/usr/share/code/resources/app/out/vs/workbench/api/node/extensionHostProcess.js:96:108198)
	at c.executeCommand (/usr/share/code/resources/app/out/vs/workbench/api/node/extensionHostProcess.js:96:107574)
	at N.registerCommand.description (/usr/share/code/resources/app/out/vs/workbench/api/node/extensionHostProcess.js:96:106867)
	at c.h (/usr/share/code/resources/app/out/vs/workbench/api/node/extensionHostProcess.js:96:108784)
	at c.g (/usr/share/code/resources/app/out/vs/workbench/api/node/extensionHostProcess.js:96:107674)
	at c.executeCommand (/usr/share/code/resources/app/out/vs/workbench/api/node/extensionHostProcess.js:96:107574)
	at Object.executeCommand (/usr/share/code/resources/app/out/vs/workbench/api/node/extensionHostProcess.js:117:30781)
	at D (/usr/share/code/resources/app/extensions/git/dist/main.js:2:1467127)
	at f.invoke (/usr/share/code/resources/app/out/vs/workbench/api/node/extensionHostProcess.js:63:145)
	at m.deliver (/usr/share/code/resources/app/out/vs/workbench/api/node/extensionHostProcess.js:63:2066)
	at d.fire (/usr/share/code/resources/app/out/vs/workbench/api/node/extensionHostProcess.js:63:1704)
	at Object.m [as dispose] (/usr/share/code/resources/app/extensions/git/dist/main.js:2:1481856)
	at /usr/share/code/resources/app/extensions/git/dist/main.js:2:1485923
	at Array.forEach (<anonymous>)
	at g.dispose (/usr/share/code/resources/app/extensions/git/dist/main.js:2:1485909)
	at C.<anonymous> (/usr/share/code/resources/app/out/vs/workbench/api/node/extensionHostProcess.js:94:12431)
	at C.dispose (/usr/share/code/resources/app/out/vs/workbench/api/node/extensionHostProcess.js:94:12566)
	at C.<anonymous> (/usr/share/code/resources/app/extensions/git/dist/main.js:2:1469257)
	at C.dispose (/usr/share/code/resources/app/out/vs/workbench/api/node/extensionHostProcess.js:94:12566)
	at k (/usr/share/code/resources/app/out/vs/workbench/api/node/extensionHostProcess.js:10:12074)
	at f.X (/usr/share/code/resources/app/out/vs/workbench/api/node/extensionHostProcess.js:108:11284)
	at /usr/share/code/resources/app/out/vs/workbench/api/node/extensionHostProcess.js:108:9088
	at Array.map (<anonymous>)
	at f.Q (/usr/share/code/resources/app/out/vs/workbench/api/node/extensionHostProcess.js:108:9075)
	at f.terminate (/usr/share/code/resources/app/out/vs/workbench/api/node/extensionHostProcess.js:108:9347)
	at u.terminate (/usr/share/code/resources/app/out/vs/workbench/api/node/extensionHostProcess.js:112:1397)
	at p (/usr/share/code/resources/app/out/vs/workbench/api/node/extensionHostProcess.js:122:18592)
	at Timeout._onTimeout (/usr/share/code/resources/app/out/vs/workbench/api/node/extensionHostProcess.js:122:17037)
	at listOnTimeout (node:internal/timers:559:17)
	at process.processTimers (node:internal/timers:502:7) setContext undefined
2023-03-21 10:11:25.037 [error] Canceled: Canceled
	at new l (/usr/share/code/resources/app/out/vs/workbench/api/node/extensionHostProcess.js:96:88793)
	at a.O (/usr/share/code/resources/app/out/vs/workbench/api/node/extensionHostProcess.js:106:11260)
	at V.<computed>.Q.charCodeAt.V.<computed> (/usr/share/code/resources/app/out/vs/workbench/api/node/extensionHostProcess.js:106:8550)
	at c.g (/usr/share/code/resources/app/out/vs/workbench/api/node/extensionHostProcess.js:96:108198)
	at c.executeCommand (/usr/share/code/resources/app/out/vs/workbench/api/node/extensionHostProcess.js:96:107574)
	at N.registerCommand.description (/usr/share/code/resources/app/out/vs/workbench/api/node/extensionHostProcess.js:96:106867)
	at c.h (/usr/share/code/resources/app/out/vs/workbench/api/node/extensionHostProcess.js:96:108784)
	at c.g (/usr/share/code/resources/app/out/vs/workbench/api/node/extensionHostProcess.js:96:107674)
	at c.executeCommand (/usr/share/code/resources/app/out/vs/workbench/api/node/extensionHostProcess.js:96:107574)
	at Object.executeCommand (/usr/share/code/resources/app/out/vs/workbench/api/node/extensionHostProcess.js:117:30781)
	at D (/usr/share/code/resources/app/extensions/git/dist/main.js:2:1467127)
	at f.invoke (/usr/share/code/resources/app/out/vs/workbench/api/node/extensionHostProcess.js:63:145)
	at m.deliver (/usr/share/code/resources/app/out/vs/workbench/api/node/extensionHostProcess.js:63:2066)
	at d.fire (/usr/share/code/resources/app/out/vs/workbench/api/node/extensionHostProcess.js:63:1704)
	at Object.m [as dispose] (/usr/share/code/resources/app/extensions/git/dist/main.js:2:1481856)
	at /usr/share/code/resources/app/extensions/git/dist/main.js:2:1485923
	at Array.forEach (<anonymous>)
	at g.dispose (/usr/share/code/resources/app/extensions/git/dist/main.js:2:1485909)
	at C.<anonymous> (/usr/share/code/resources/app/out/vs/workbench/api/node/extensionHostProcess.js:94:12431)
	at C.dispose (/usr/share/code/resources/app/out/vs/workbench/api/node/extensionHostProcess.js:94:12566)
	at C.<anonymous> (/usr/share/code/resources/app/extensions/git/dist/main.js:2:1469257)
	at C.dispose (/usr/share/code/resources/app/out/vs/workbench/api/node/extensionHostProcess.js:94:12566)
	at k (/usr/share/code/resources/app/out/vs/workbench/api/node/extensionHostProcess.js:10:12074)
	at f.X (/usr/share/code/resources/app/out/vs/workbench/api/node/extensionHostProcess.js:108:11284)
	at /usr/share/code/resources/app/out/vs/workbench/api/node/extensionHostProcess.js:108:9088
	at Array.map (<anonymous>)
	at f.Q (/usr/share/code/resources/app/out/vs/workbench/api/node/extensionHostProcess.js:108:9075)
	at f.terminate (/usr/share/code/resources/app/out/vs/workbench/api/node/extensionHostProcess.js:108:9347)
	at u.terminate (/usr/share/code/resources/app/out/vs/workbench/api/node/extensionHostProcess.js:112:1397)
	at p (/usr/share/code/resources/app/out/vs/workbench/api/node/extensionHostProcess.js:122:18592)
	at Timeout._onTimeout (/usr/share/code/resources/app/out/vs/workbench/api/node/extensionHostProcess.js:122:17037)
	at listOnTimeout (node:internal/timers:559:17)
	at process.processTimers (node:internal/timers:502:7) setContext undefined
2023-03-21 10:11:25.047 [info] Extension host with pid 20419 exiting with code 0
