2023-03-21 18:38:31.457 [info] Reading sessions from keychain...
2023-03-21 18:38:31.458 [info] Getting sessions for user:email...
2023-03-21 18:38:31.458 [info] Got stored sessions!
2023-03-21 18:38:31.458 [info] Got 1 verified sessions.
2023-03-21 18:38:31.459 [info] Got 0 sessions for user:email...
2023-03-21 18:38:31.466 [info] Getting sessions for all scopes...
2023-03-21 18:38:31.466 [info] Got 1 sessions for ...
2023-03-21 18:38:31.791 [info] Getting sessions for all scopes...
2023-03-21 18:38:31.791 [info] Got 1 sessions for ...
2023-03-21 18:39:16.182 [info] Reading sessions from keychain...
2023-03-21 18:39:16.183 [info] Getting sessions for user:email...
2023-03-21 18:39:16.186 [info] Got stored sessions!
2023-03-21 18:39:16.190 [info] Got 1 verified sessions.
2023-03-21 18:39:16.191 [info] Got 0 sessions for user:email...
2023-03-21 18:39:16.191 [info] Getting sessions for all scopes...
2023-03-21 18:39:16.191 [info] Got 1 sessions for ...
2023-03-21 18:39:18.523 [info] Getting sessions for all scopes...
2023-03-21 18:39:18.530 [info] Got 1 sessions for ...
2023-03-21 18:39:19.033 [info] Getting user info...
2023-03-21 18:39:22.418 [info] Got account info!
