2023-03-21 13:40:51.121 [info] Log level: Info
2023-03-21 13:40:51.148 [info] Validating found git in: "git"
2023-03-21 13:40:51.148 [info] Using git "2.30.2" from "git"
2023-03-21 13:40:51.148 [info] > git rev-parse --show-toplevel [101ms]
2023-03-21 13:40:51.148 [info] > git rev-parse --git-dir --git-common-dir [153ms]
2023-03-21 13:40:51.148 [info] Open repository: /home/jamessearle71/Projects/reading-notes
2023-03-21 13:40:51.149 [info] > git rev-parse --show-toplevel [166ms]
2023-03-21 13:40:51.149 [info] > git rev-parse --show-toplevel [189ms]
2023-03-21 13:40:51.149 [info] > git config --get commit.template [337ms]
2023-03-21 13:40:51.149 [info] > git rev-parse --show-toplevel [4725ms]
2023-03-21 13:40:51.149 [info] > git check-ignore -v -z --stdin [105ms]
2023-03-21 13:40:51.149 [info] > git for-each-ref --format=%(refname)%00%(upstream:short)%00%(objectname)%00%(upstream:track)%00%(upstream:remotename)%00%(upstream:remoteref) refs/heads/main refs/remotes/main [601ms]
2023-03-21 13:40:51.149 [info] > git status -z -uall [836ms]
2023-03-21 13:40:51.149 [info] > git config --get commit.template [115ms]
2023-03-21 13:40:51.149 [info] > git for-each-ref --format=%(refname)%00%(upstream:short)%00%(objectname)%00%(upstream:track)%00%(upstream:remotename)%00%(upstream:remoteref) refs/heads/main refs/remotes/main [86ms]
2023-03-21 13:40:51.149 [info] > git status -z -uall [322ms]
2023-03-21 13:41:04.337 [info] > git show --textconv :code-102/102class-02.md [220ms]
2023-03-21 13:41:04.413 [info] > git ls-files --stage -- /home/jamessearle71/Projects/reading-notes/code-102/102class-02.md [122ms]
2023-03-21 13:41:04.541 [info] > git cat-file -s 2c9d6d60e9c72035d7d4f4349c70b36e627ab9ef [39ms]
2023-03-21 13:41:10.298 [info] > git config --get commit.template [62ms]
2023-03-21 13:41:11.072 [info] > git ls-files --stage -- /home/jamessearle71/Projects/reading-notes/code-102/102class-02.md [130ms]
2023-03-21 13:41:11.157 [info] > git for-each-ref --format=%(refname)%00%(upstream:short)%00%(objectname)%00%(upstream:track)%00%(upstream:remotename)%00%(upstream:remoteref) refs/heads/main refs/remotes/main [113ms]
2023-03-21 13:41:11.371 [info] > git cat-file -s 64c2eed544d0465f5c70dee063570c9799118aa2 [223ms]
2023-03-21 13:41:11.464 [info] > git status -z -uall [249ms]
2023-03-21 13:41:11.994 [info] > git show --textconv :code-102/102class-02.md [160ms]
2023-03-21 13:41:27.865 [info] > git config --get commit.template [35ms]
2023-03-21 13:41:27.872 [info] > git for-each-ref --format=%(refname)%00%(upstream:short)%00%(objectname)%00%(upstream:track)%00%(upstream:remotename)%00%(upstream:remoteref) refs/heads/main refs/remotes/main [11ms]
2023-03-21 13:41:27.904 [info] > git status -z -uall [9ms]
2023-03-21 13:41:28.161 [info] > git ls-files --stage -- /home/jamessearle71/Projects/reading-notes/code-102/102class-02.md [24ms]
2023-03-21 13:41:28.364 [info] > git cat-file -s 64c2eed544d0465f5c70dee063570c9799118aa2 [100ms]
2023-03-21 13:41:28.598 [info] > git show --textconv :code-102/102class-02.md [22ms]
2023-03-21 13:41:36.593 [info] > git config --get commit.template [68ms]
2023-03-21 13:41:36.605 [info] > git for-each-ref --format=%(refname)%00%(upstream:short)%00%(objectname)%00%(upstream:track)%00%(upstream:remotename)%00%(upstream:remoteref) refs/heads/main refs/remotes/main [19ms]
2023-03-21 13:41:36.834 [info] > git status -z -uall [140ms]
2023-03-21 13:41:36.894 [info] > git ls-files --stage -- /home/jamessearle71/Projects/reading-notes/code-102/102class-02.md [65ms]
2023-03-21 13:41:36.946 [info] > git cat-file -s 64c2eed544d0465f5c70dee063570c9799118aa2 [20ms]
2023-03-21 13:41:37.182 [info] > git show --textconv :code-102/102class-02.md [30ms]
2023-03-21 13:41:44.376 [info] > git show --textconv :code-102/102class-01.md [179ms]
2023-03-21 13:41:44.377 [info] > git ls-files --stage -- /home/jamessearle71/Projects/reading-notes/code-102/102class-01.md [43ms]
2023-03-21 13:41:44.647 [info] > git cat-file -s e63280ac7abdd0cafd6b4aa68c2ade161c5ba55b [73ms]
2023-03-21 13:42:01.938 [info] > git show --textconv :code-102/102class-03.md [93ms]
2023-03-21 13:42:01.962 [info] > git ls-files --stage -- /home/jamessearle71/Projects/reading-notes/code-102/102class-03.md [42ms]
2023-03-21 13:42:02.080 [info] > git cat-file -s e69de29bb2d1d6434b8b29ae775ad8c2e48c5391 [66ms]
2023-03-21 13:45:44.191 [info] > git config --get commit.template [10ms]
2023-03-21 13:45:44.224 [info] > git for-each-ref --format=%(refname)%00%(upstream:short)%00%(objectname)%00%(upstream:track)%00%(upstream:remotename)%00%(upstream:remoteref) refs/heads/main refs/remotes/main [11ms]
2023-03-21 13:45:44.267 [info] > git status -z -uall [13ms]
2023-03-21 13:45:58.708 [info] > git config --get commit.template [44ms]
2023-03-21 13:45:58.715 [info] > git for-each-ref --format=%(refname)%00%(upstream:short)%00%(objectname)%00%(upstream:track)%00%(upstream:remotename)%00%(upstream:remoteref) refs/heads/main refs/remotes/main [25ms]
2023-03-21 13:45:58.775 [info] > git status -z -uall [26ms]
2023-03-21 13:45:59.085 [info] > git ls-files --stage -- /home/jamessearle71/Projects/reading-notes/code-102/102class-03.md [22ms]
2023-03-21 13:45:59.247 [info] > git ls-files --stage -- /home/jamessearle71/Projects/reading-notes/code-102/102class-01.md [270ms]
2023-03-21 13:45:59.402 [info] > git ls-files --stage -- /home/jamessearle71/Projects/reading-notes/code-102/102class-02.md [512ms]
2023-03-21 13:45:59.630 [info] > git cat-file -s 64c2eed544d0465f5c70dee063570c9799118aa2 [37ms]
2023-03-21 13:45:59.639 [info] > git cat-file -s e63280ac7abdd0cafd6b4aa68c2ade161c5ba55b [239ms]
2023-03-21 13:45:59.645 [info] > git cat-file -s 99b65870177ffca71a80c1085e3efe94668d9c35 [408ms]
2023-03-21 13:46:00.033 [info] > git show --textconv :code-102/102class-02.md [165ms]
2023-03-21 13:46:00.034 [info] > git show --textconv :code-102/102class-01.md [79ms]
2023-03-21 13:46:00.066 [info] > git show --textconv :code-102/102class-03.md [39ms]
2023-03-21 13:46:21.643 [info] > git config --get commit.template [31ms]
2023-03-21 13:46:21.745 [info] > git for-each-ref --format=%(refname)%00%(upstream:short)%00%(objectname)%00%(upstream:track)%00%(upstream:remotename)%00%(upstream:remoteref) refs/heads/main refs/remotes/main [20ms]
2023-03-21 13:46:22.166 [info] > git status -z -uall [333ms]
2023-03-21 13:46:22.167 [info] > git ls-files --stage -- /home/jamessearle71/Projects/reading-notes/code-102/102class-01.md [108ms]
2023-03-21 13:46:22.213 [info] > git ls-files --stage -- /home/jamessearle71/Projects/reading-notes/code-102/102class-02.md [248ms]
2023-03-21 13:46:22.319 [info] > git cat-file -s 64c2eed544d0465f5c70dee063570c9799118aa2 [62ms]
2023-03-21 13:46:22.325 [info] > git cat-file -s e63280ac7abdd0cafd6b4aa68c2ade161c5ba55b [115ms]
2023-03-21 13:46:22.336 [info] > git ls-files --stage -- /home/jamessearle71/Projects/reading-notes/code-102/102class-03.md [165ms]
2023-03-21 13:46:22.446 [info] > git cat-file -s 99b65870177ffca71a80c1085e3efe94668d9c35 [52ms]
2023-03-21 13:46:22.633 [info] > git show --textconv :code-102/102class-02.md [123ms]
2023-03-21 13:46:22.633 [info] > git show --textconv :code-102/102class-01.md [16ms]
2023-03-21 13:46:22.727 [info] > git show --textconv :code-102/102class-03.md [35ms]
2023-03-21 13:46:29.006 [info] > git config --get commit.template [2ms]
2023-03-21 13:46:29.125 [info] > git for-each-ref --format=%(refname)%00%(upstream:short)%00%(objectname)%00%(upstream:track)%00%(upstream:remotename)%00%(upstream:remoteref) refs/heads/main refs/remotes/main [84ms]
2023-03-21 13:46:29.866 [info] > git status -z -uall [683ms]
2023-03-21 13:46:29.867 [info] > git ls-files --stage -- /home/jamessearle71/Projects/reading-notes/code-102/102class-01.md [249ms]
2023-03-21 13:46:30.366 [info] > git ls-files --stage -- /home/jamessearle71/Projects/reading-notes/code-102/102class-02.md [1251ms]
2023-03-21 13:46:30.820 [info] > git cat-file -s 64c2eed544d0465f5c70dee063570c9799118aa2 [155ms]
2023-03-21 13:46:30.833 [info] > git cat-file -s e63280ac7abdd0cafd6b4aa68c2ade161c5ba55b [870ms]
2023-03-21 13:46:30.842 [info] > git ls-files --stage -- /home/jamessearle71/Projects/reading-notes/code-102/102class-03.md [995ms]
2023-03-21 13:46:30.896 [info] > git cat-file -s 99b65870177ffca71a80c1085e3efe94668d9c35 [23ms]
2023-03-21 13:46:31.150 [info] > git show --textconv :code-102/102class-02.md [191ms]
2023-03-21 13:46:31.150 [info] > git show --textconv :code-102/102class-01.md [4ms]
2023-03-21 13:46:31.268 [info] > git show --textconv :code-102/102class-03.md [48ms]
2023-03-21 13:46:52.712 [info] > git config --get commit.template [38ms]
2023-03-21 13:46:52.724 [info] > git for-each-ref --format=%(refname)%00%(upstream:short)%00%(objectname)%00%(upstream:track)%00%(upstream:remotename)%00%(upstream:remoteref) refs/heads/main refs/remotes/main [17ms]
2023-03-21 13:46:52.777 [info] > git status -z -uall [15ms]
2023-03-21 13:47:00.165 [info] > git config --get commit.template [6ms]
2023-03-21 13:47:00.213 [info] > git for-each-ref --format=%(refname)%00%(upstream:short)%00%(objectname)%00%(upstream:track)%00%(upstream:remotename)%00%(upstream:remoteref) refs/heads/main refs/remotes/main [14ms]
2023-03-21 13:47:00.376 [info] > git status -z -uall [130ms]
2023-03-21 13:47:00.377 [info] > git ls-files --stage -- /home/jamessearle71/Projects/reading-notes/code-102/102class-01.md [44ms]
2023-03-21 13:47:00.417 [info] > git ls-files --stage -- /home/jamessearle71/Projects/reading-notes/code-102/102class-02.md [115ms]
2023-03-21 13:47:00.517 [info] > git cat-file -s e63280ac7abdd0cafd6b4aa68c2ade161c5ba55b [108ms]
2023-03-21 13:47:00.519 [info] > git ls-files --stage -- /home/jamessearle71/Projects/reading-notes/code-102/102class-03.md [146ms]
2023-03-21 13:47:00.603 [info] > git cat-file -s d78b123b4d24728de796553a831b9b91dfa13c5a [19ms]
2023-03-21 13:47:00.606 [info] > git cat-file -s 64c2eed544d0465f5c70dee063570c9799118aa2 [124ms]
2023-03-21 13:47:00.742 [info] > git show --textconv :code-102/102class-01.md [82ms]
2023-03-21 13:47:00.742 [info] > git show --textconv :code-102/102class-03.md [40ms]
2023-03-21 13:47:00.765 [info] > git show --textconv :code-102/102class-02.md [26ms]
2023-03-21 13:47:10.208 [info] > git config --get commit.template [63ms]
2023-03-21 13:47:10.536 [info] > git ls-files --stage -- /home/jamessearle71/Projects/reading-notes/code-102/102class-01.md [74ms]
2023-03-21 13:47:10.593 [info] > git ls-files --stage -- /home/jamessearle71/Projects/reading-notes/code-102/102class-02.md [254ms]
2023-03-21 13:47:10.648 [info] > git for-each-ref --format=%(refname)%00%(upstream:short)%00%(objectname)%00%(upstream:track)%00%(upstream:remotename)%00%(upstream:remoteref) refs/heads/main refs/remotes/main [444ms]
2023-03-21 13:47:10.750 [info] > git cat-file -s 64c2eed544d0465f5c70dee063570c9799118aa2 [102ms]
2023-03-21 13:47:10.754 [info] > git cat-file -s e63280ac7abdd0cafd6b4aa68c2ade161c5ba55b [163ms]
2023-03-21 13:47:10.765 [info] > git ls-files --stage -- /home/jamessearle71/Projects/reading-notes/code-102/102class-03.md [243ms]
2023-03-21 13:47:10.842 [info] > git status -z -uall [159ms]
2023-03-21 13:47:10.939 [info] > git cat-file -s d78b123b4d24728de796553a831b9b91dfa13c5a [105ms]
2023-03-21 13:47:11.000 [info] > git show --textconv :code-102/102class-02.md [65ms]
2023-03-21 13:47:11.000 [info] > git show --textconv :code-102/102class-01.md [18ms]
2023-03-21 13:47:11.043 [info] > git show --textconv :code-102/102class-03.md [11ms]
2023-03-21 13:47:16.263 [info] > git config --get commit.template [94ms]
2023-03-21 13:47:16.282 [info] > git for-each-ref --format=%(refname)%00%(upstream:short)%00%(objectname)%00%(upstream:track)%00%(upstream:remotename)%00%(upstream:remoteref) refs/heads/main refs/remotes/main [32ms]
2023-03-21 13:47:16.365 [info] > git status -z -uall [34ms]
2023-03-21 13:47:16.614 [info] > git ls-files --stage -- /home/jamessearle71/Projects/reading-notes/code-102/102class-01.md [51ms]
2023-03-21 13:47:16.714 [info] > git ls-files --stage -- /home/jamessearle71/Projects/reading-notes/code-102/102class-02.md [208ms]
2023-03-21 13:47:16.788 [info] > git cat-file -s 64c2eed544d0465f5c70dee063570c9799118aa2 [19ms]
2023-03-21 13:47:16.795 [info] > git cat-file -s e63280ac7abdd0cafd6b4aa68c2ade161c5ba55b [82ms]
2023-03-21 13:47:16.807 [info] > git ls-files --stage -- /home/jamessearle71/Projects/reading-notes/code-102/102class-03.md [200ms]
2023-03-21 13:47:16.885 [info] > git cat-file -s d78b123b4d24728de796553a831b9b91dfa13c5a [6ms]
2023-03-21 13:47:17.010 [info] > git show --textconv :code-102/102class-02.md [62ms]
2023-03-21 13:47:17.065 [info] > git show --textconv :code-102/102class-01.md [56ms]
2023-03-21 13:47:17.074 [info] > git show --textconv :code-102/102class-03.md [13ms]
2023-03-21 13:47:28.959 [info] > git show --textconv :README.md [112ms]
2023-03-21 13:47:29.003 [info] > git ls-files --stage -- /home/jamessearle71/Projects/reading-notes/README.md [64ms]
2023-03-21 13:47:29.116 [info] > git cat-file -s 753d4655aa7cc5aa9922db7e50a53812cbbbcc2e [24ms]
2023-03-21 13:57:28.376 [info] > git config --get commit.template [51ms]
2023-03-21 13:57:28.385 [info] > git for-each-ref --format=%(refname)%00%(upstream:short)%00%(objectname)%00%(upstream:track)%00%(upstream:remotename)%00%(upstream:remoteref) refs/heads/main refs/remotes/main [12ms]
2023-03-21 13:57:28.444 [info] > git status -z -uall [16ms]
2023-03-21 13:57:36.742 [info] > git for-each-ref --format=%(refname)%00%(upstream:short)%00%(objectname)%00%(upstream:track)%00%(upstream:remotename)%00%(upstream:remoteref) refs/heads/main refs/remotes/main [10ms]
2023-03-21 13:57:36.743 [info] > git config --get commit.template [50ms]
2023-03-21 13:57:36.789 [info] > git status -z -uall [10ms]
2023-03-21 13:58:15.362 [info] > git config --get commit.template [75ms]
2023-03-21 13:58:15.380 [info] > git for-each-ref --format=%(refname)%00%(upstream:short)%00%(objectname)%00%(upstream:track)%00%(upstream:remotename)%00%(upstream:remoteref) refs/heads/main refs/remotes/main [34ms]
2023-03-21 13:58:15.605 [info] > git status -z -uall [183ms]
2023-03-21 13:58:15.627 [info] > git ls-files --stage -- /home/jamessearle71/Projects/reading-notes/code-102/102class-03.md [49ms]
2023-03-21 13:58:15.672 [info] > git ls-files --stage -- /home/jamessearle71/Projects/reading-notes/code-102/102class-01.md [155ms]
2023-03-21 13:58:15.728 [info] > git ls-files --stage -- /home/jamessearle71/Projects/reading-notes/code-102/102class-02.md [249ms]
2023-03-21 13:58:15.813 [info] > git cat-file -s 64c2eed544d0465f5c70dee063570c9799118aa2 [41ms]
2023-03-21 13:58:15.815 [info] > git cat-file -s e63280ac7abdd0cafd6b4aa68c2ade161c5ba55b [90ms]
2023-03-21 13:58:15.816 [info] > git cat-file -s d78b123b4d24728de796553a831b9b91dfa13c5a [145ms]
2023-03-21 13:58:15.833 [info] > git ls-files --stage -- /home/jamessearle71/Projects/reading-notes/README.md [231ms]
2023-03-21 13:58:16.106 [info] > git show --textconv :code-102/102class-02.md [161ms]
2023-03-21 13:58:16.106 [info] > git show --textconv :code-102/102class-01.md [92ms]
2023-03-21 13:58:16.124 [info] > git cat-file -s 3b49d7171a10cde440e9269d403a769d872a81a7 [237ms]
2023-03-21 13:58:16.149 [info] > git show --textconv :code-102/102class-03.md [57ms]
2023-03-21 13:58:16.240 [info] > git show --textconv :README.md [11ms]
2023-03-21 13:58:43.120 [info] > git config --get commit.template [33ms]
2023-03-21 13:58:43.126 [info] > git for-each-ref --format=%(refname)%00%(upstream:short)%00%(objectname)%00%(upstream:track)%00%(upstream:remotename)%00%(upstream:remoteref) refs/heads/main refs/remotes/main [7ms]
2023-03-21 13:58:43.153 [info] > git status -z -uall [7ms]
2023-03-21 13:58:43.315 [info] > git ls-files --stage -- /home/jamessearle71/Projects/reading-notes/code-102/102class-03.md [28ms]
2023-03-21 13:58:43.335 [info] > git ls-files --stage -- /home/jamessearle71/Projects/reading-notes/code-102/102class-01.md [79ms]
2023-03-21 13:58:43.362 [info] > git ls-files --stage -- /home/jamessearle71/Projects/reading-notes/code-102/102class-02.md [142ms]
2023-03-21 13:58:43.398 [info] > git cat-file -s d78b123b4d24728de796553a831b9b91dfa13c5a [63ms]
2023-03-21 13:58:43.444 [info] > git ls-files --stage -- /home/jamessearle71/Projects/reading-notes/README.md [132ms]
2023-03-21 13:58:43.539 [info] > git cat-file -s 3b49d7171a10cde440e9269d403a769d872a81a7 [56ms]
2023-03-21 13:58:43.546 [info] > git cat-file -s 64c2eed544d0465f5c70dee063570c9799118aa2 [162ms]
2023-03-21 13:58:43.548 [info] > git cat-file -s e63280ac7abdd0cafd6b4aa68c2ade161c5ba55b [188ms]
2023-03-21 13:58:43.574 [info] > git show --textconv :code-102/102class-03.md [47ms]
2023-03-21 13:58:43.812 [info] > git show --textconv :README.md [153ms]
2023-03-21 13:58:43.812 [info] > git show --textconv :code-102/102class-02.md [58ms]
2023-03-21 13:58:43.830 [info] > git show --textconv :code-102/102class-01.md [27ms]
2023-03-21 13:58:57.988 [info] > git config --get commit.template [40ms]
2023-03-21 13:58:57.995 [info] > git for-each-ref --format=%(refname)%00%(upstream:short)%00%(objectname)%00%(upstream:track)%00%(upstream:remotename)%00%(upstream:remoteref) refs/heads/main refs/remotes/main [11ms]
2023-03-21 13:58:58.144 [info] > git status -z -uall [106ms]
2023-03-21 13:58:58.342 [info] > git ls-files --stage -- /home/jamessearle71/Projects/reading-notes/README.md [15ms]
2023-03-21 13:58:58.434 [info] > git ls-files --stage -- /home/jamessearle71/Projects/reading-notes/code-102/102class-03.md [194ms]
2023-03-21 13:58:58.540 [info] > git ls-files --stage -- /home/jamessearle71/Projects/reading-notes/code-102/102class-01.md [357ms]
2023-03-21 13:58:58.649 [info] > git ls-files --stage -- /home/jamessearle71/Projects/reading-notes/code-102/102class-02.md [524ms]
2023-03-21 13:58:58.734 [info] > git cat-file -s 64c2eed544d0465f5c70dee063570c9799118aa2 [40ms]
2023-03-21 13:58:58.737 [info] > git cat-file -s e63280ac7abdd0cafd6b4aa68c2ade161c5ba55b [90ms]
2023-03-21 13:58:58.738 [info] > git cat-file -s d78b123b4d24728de796553a831b9b91dfa13c5a [200ms]
2023-03-21 13:58:58.747 [info] > git cat-file -s 3b49d7171a10cde440e9269d403a769d872a81a7 [315ms]
2023-03-21 13:58:58.944 [info] > git show --textconv :code-102/102class-02.md [157ms]
2023-03-21 13:58:58.944 [info] > git show --textconv :code-102/102class-01.md [102ms]
2023-03-21 13:58:58.944 [info] > git show --textconv :code-102/102class-03.md [55ms]
2023-03-21 13:58:58.944 [info] > git show --textconv :README.md [5ms]
2023-03-21 13:59:46.350 [info] > git config --get commit.template [45ms]
2023-03-21 13:59:46.357 [info] > git for-each-ref --format=%(refname)%00%(upstream:short)%00%(objectname)%00%(upstream:track)%00%(upstream:remotename)%00%(upstream:remoteref) refs/heads/main refs/remotes/main [11ms]
2023-03-21 13:59:46.399 [info] > git status -z -uall [14ms]
2023-03-21 13:59:49.810 [info] > git ls-files --stage -- /home/jamessearle71/Projects/reading-notes/code-102/102class-03.md [84ms]
2023-03-21 13:59:49.858 [info] > git ls-files --stage -- /home/jamessearle71/Projects/reading-notes/code-102/102class-01.md [173ms]
2023-03-21 13:59:49.899 [info] > git ls-files --stage -- /home/jamessearle71/Projects/reading-notes/code-102/102class-02.md [243ms]
2023-03-21 13:59:49.959 [info] > git cat-file -s e63280ac7abdd0cafd6b4aa68c2ade161c5ba55b [61ms]
2023-03-21 13:59:49.961 [info] > git cat-file -s d78b123b4d24728de796553a831b9b91dfa13c5a [104ms]
2023-03-21 13:59:49.967 [info] > git ls-files --stage -- /home/jamessearle71/Projects/reading-notes/README.md [161ms]
2023-03-21 13:59:50.013 [info] > git cat-file -s 64c2eed544d0465f5c70dee063570c9799118aa2 [69ms]
2023-03-21 13:59:50.019 [info] > git cat-file -s 465e0c1432b5ee249818efe604f0ba1436d58c4c [13ms]
2023-03-21 13:59:50.395 [info] > git show --textconv :code-102/102class-01.md [240ms]
2023-03-21 13:59:50.396 [info] > git show --textconv :code-102/102class-03.md [164ms]
2023-03-21 13:59:50.396 [info] > git show --textconv :code-102/102class-02.md [91ms]
2023-03-21 13:59:50.396 [info] > git show --textconv :README.md [29ms]
2023-03-21 13:59:51.513 [info] > git config --get commit.template [20ms]
2023-03-21 13:59:51.587 [info] > git for-each-ref --format=%(refname)%00%(upstream:short)%00%(objectname)%00%(upstream:track)%00%(upstream:remotename)%00%(upstream:remoteref) refs/heads/main refs/remotes/main [27ms]
2023-03-21 13:59:51.646 [info] > git status -z -uall [9ms]
2023-03-21 13:59:58.202 [info] > git config --get commit.template [35ms]
2023-03-21 13:59:58.209 [info] > git for-each-ref --format=%(refname)%00%(upstream:short)%00%(objectname)%00%(upstream:track)%00%(upstream:remotename)%00%(upstream:remoteref) refs/heads/main refs/remotes/main [9ms]
2023-03-21 13:59:58.245 [info] > git status -z -uall [5ms]
2023-03-21 13:59:58.406 [info] > git ls-files --stage -- /home/jamessearle71/Projects/reading-notes/code-102/102class-03.md [41ms]
2023-03-21 13:59:58.453 [info] > git ls-files --stage -- /home/jamessearle71/Projects/reading-notes/code-102/102class-01.md [133ms]
2023-03-21 13:59:58.500 [info] > git ls-files --stage -- /home/jamessearle71/Projects/reading-notes/code-102/102class-02.md [217ms]
2023-03-21 13:59:58.700 [info] > git cat-file -s 64c2eed544d0465f5c70dee063570c9799118aa2 [123ms]
2023-03-21 13:59:58.714 [info] > git cat-file -s e63280ac7abdd0cafd6b4aa68c2ade161c5ba55b [218ms]
2023-03-21 13:59:58.720 [info] > git cat-file -s d78b123b4d24728de796553a831b9b91dfa13c5a [268ms]
2023-03-21 13:59:58.730 [info] > git ls-files --stage -- /home/jamessearle71/Projects/reading-notes/README.md [330ms]
2023-03-21 13:59:58.817 [info] > git cat-file -s 465e0c1432b5ee249818efe604f0ba1436d58c4c [21ms]
2023-03-21 13:59:59.076 [info] > git show --textconv :code-102/102class-02.md [113ms]
2023-03-21 13:59:59.294 [info] > git show --textconv :code-102/102class-01.md [227ms]
2023-03-21 13:59:59.294 [info] > git show --textconv :code-102/102class-03.md [100ms]
2023-03-21 13:59:59.327 [info] > git show --textconv :README.md [27ms]
2023-03-21 14:00:05.443 [info] > git config --get commit.template [49ms]
2023-03-21 14:00:05.456 [info] > git for-each-ref --format=%(refname)%00%(upstream:short)%00%(objectname)%00%(upstream:track)%00%(upstream:remotename)%00%(upstream:remoteref) refs/heads/main refs/remotes/main [17ms]
2023-03-21 14:00:05.888 [info] > git status -z -uall [379ms]
2023-03-21 14:00:05.889 [info] > git ls-files --stage -- /home/jamessearle71/Projects/reading-notes/code-102/102class-03.md [143ms]
2023-03-21 14:00:05.949 [info] > git ls-files --stage -- /home/jamessearle71/Projects/reading-notes/code-102/102class-01.md [268ms]
2023-03-21 14:00:06.024 [info] > git ls-files --stage -- /home/jamessearle71/Projects/reading-notes/code-102/102class-02.md [439ms]
2023-03-21 14:00:06.115 [info] > git cat-file -s 64c2eed544d0465f5c70dee063570c9799118aa2 [47ms]
2023-03-21 14:00:06.136 [info] > git cat-file -s e63280ac7abdd0cafd6b4aa68c2ade161c5ba55b [109ms]
2023-03-21 14:00:06.160 [info] > git cat-file -s d78b123b4d24728de796553a831b9b91dfa13c5a [213ms]
2023-03-21 14:00:06.167 [info] > git ls-files --stage -- /home/jamessearle71/Projects/reading-notes/README.md [309ms]
2023-03-21 14:00:06.369 [info] > git show --textconv :code-102/102class-02.md [76ms]
2023-03-21 14:00:06.369 [info] > git show --textconv :code-102/102class-01.md [34ms]
2023-03-21 14:00:06.369 [info] > git show --textconv :code-102/102class-03.md [5ms]
2023-03-21 14:00:06.378 [info] > git cat-file -s 465e0c1432b5ee249818efe604f0ba1436d58c4c [159ms]
2023-03-21 14:00:06.505 [info] > git show --textconv :README.md [17ms]
2023-03-21 14:04:08.314 [info] > git config --get commit.template [50ms]
2023-03-21 14:04:08.811 [info] > git ls-files --stage -- /home/jamessearle71/Projects/reading-notes/README.md [41ms]
2023-03-21 14:04:08.867 [info] > git ls-files --stage -- /home/jamessearle71/Projects/reading-notes/code-102/102class-03.md [209ms]
2023-03-21 14:04:08.995 [info] > git ls-files --stage -- /home/jamessearle71/Projects/reading-notes/code-102/102class-01.md [477ms]
2023-03-21 14:04:09.053 [info] > git ls-files --stage -- /home/jamessearle71/Projects/reading-notes/code-102/102class-02.md [656ms]
2023-03-21 14:04:09.282 [info] > git cat-file -s 64c2eed544d0465f5c70dee063570c9799118aa2 [157ms]
2023-03-21 14:04:09.300 [info] > git cat-file -s e63280ac7abdd0cafd6b4aa68c2ade161c5ba55b [249ms]
2023-03-21 14:04:09.309 [info] > git cat-file -s d78b123b4d24728de796553a831b9b91dfa13c5a [327ms]
2023-03-21 14:04:09.314 [info] > git cat-file -s 7e18b11bffb5f8464bd2a1f971a9e21b4b9522a0 [449ms]
2023-03-21 14:04:09.370 [info] > git for-each-ref --format=%(refname)%00%(upstream:short)%00%(objectname)%00%(upstream:track)%00%(upstream:remotename)%00%(upstream:remoteref) refs/heads/main refs/remotes/main [111ms]
2023-03-21 14:04:09.476 [info] > git status -z -uall [31ms]
2023-03-21 14:04:10.006 [info] > git show --textconv :code-102/102class-02.md [379ms]
2023-03-21 14:04:10.007 [info] > git show --textconv :code-102/102class-01.md [266ms]
2023-03-21 14:04:10.007 [info] > git show --textconv :code-102/102class-03.md [162ms]
2023-03-21 14:04:10.007 [info] > git show --textconv :README.md [42ms]
2023-03-21 14:04:14.919 [info] > git config --get commit.template [252ms]
2023-03-21 14:04:14.960 [info] > git for-each-ref --format=%(refname)%00%(upstream:short)%00%(objectname)%00%(upstream:track)%00%(upstream:remotename)%00%(upstream:remoteref) refs/heads/main refs/remotes/main [49ms]
2023-03-21 14:04:15.287 [info] > git status -z -uall [110ms]
2023-03-21 14:04:34.823 [info] > git ls-files --stage -- /home/jamessearle71/Projects/reading-notes/code-102/102class-03.md [81ms]
2023-03-21 14:04:34.868 [info] > git ls-files --stage -- /home/jamessearle71/Projects/reading-notes/code-102/102class-01.md [182ms]
2023-03-21 14:04:34.927 [info] > git ls-files --stage -- /home/jamessearle71/Projects/reading-notes/code-102/102class-02.md [295ms]
2023-03-21 14:04:34.986 [info] > git for-each-ref --format=%(refname)%00%(upstream:short)%00%(objectname)%00%(upstream:track)%00%(upstream:remotename)%00%(upstream:remoteref) refs/heads/main refs/remotes/main [417ms]
2023-03-21 14:04:34.986 [info] > git config --get commit.template [489ms]
2023-03-21 14:04:35.035 [info] > git cat-file -s 64c2eed544d0465f5c70dee063570c9799118aa2 [51ms]
2023-03-21 14:04:35.040 [info] > git cat-file -s e63280ac7abdd0cafd6b4aa68c2ade161c5ba55b [114ms]
2023-03-21 14:04:35.043 [info] > git cat-file -s d78b123b4d24728de796553a831b9b91dfa13c5a [176ms]
2023-03-21 14:04:35.044 [info] > git ls-files --stage -- /home/jamessearle71/Projects/reading-notes/README.md [236ms]
2023-03-21 14:04:35.080 [info] > git status -z -uall [54ms]
2023-03-21 14:04:35.350 [info] > git show --textconv :code-102/102class-02.md [187ms]
2023-03-21 14:04:35.350 [info] > git show --textconv :code-102/102class-01.md [100ms]
2023-03-21 14:04:35.350 [info] > git show --textconv :code-102/102class-03.md [24ms]
2023-03-21 14:04:35.368 [info] > git cat-file -s 26b400ca2f3500deac9e62c15df4eac2998844b7 [294ms]
2023-03-21 14:04:35.543 [info] > git show --textconv :README.md [77ms]
2023-03-21 14:04:48.506 [info] > git config --get commit.template [8ms]
2023-03-21 14:04:48.865 [info] > git ls-files --stage -- /home/jamessearle71/Projects/reading-notes/code-102/102class-03.md [101ms]
2023-03-21 14:04:48.973 [info] > git ls-files --stage -- /home/jamessearle71/Projects/reading-notes/code-102/102class-01.md [287ms]
2023-03-21 14:04:49.059 [info] > git ls-files --stage -- /home/jamessearle71/Projects/reading-notes/code-102/102class-02.md [432ms]
2023-03-21 14:04:49.119 [info] > git for-each-ref --format=%(refname)%00%(upstream:short)%00%(objectname)%00%(upstream:track)%00%(upstream:remotename)%00%(upstream:remoteref) refs/heads/main refs/remotes/main [561ms]
2023-03-21 14:04:49.190 [info] > git status -z -uall [8ms]
2023-03-21 14:04:49.217 [info] > git cat-file -s 64c2eed544d0465f5c70dee063570c9799118aa2 [99ms]
2023-03-21 14:04:49.225 [info] > git cat-file -s e63280ac7abdd0cafd6b4aa68c2ade161c5ba55b [167ms]
2023-03-21 14:04:49.228 [info] > git cat-file -s d78b123b4d24728de796553a831b9b91dfa13c5a [262ms]
2023-03-21 14:04:49.229 [info] > git ls-files --stage -- /home/jamessearle71/Projects/reading-notes/README.md [373ms]
2023-03-21 14:04:49.316 [info] > git cat-file -s 26b400ca2f3500deac9e62c15df4eac2998844b7 [28ms]
2023-03-21 14:04:50.168 [info] > git show --textconv :code-102/102class-02.md [680ms]
2023-03-21 14:04:50.168 [info] > git show --textconv :code-102/102class-01.md [466ms]
2023-03-21 14:04:50.168 [info] > git show --textconv :code-102/102class-03.md [263ms]
2023-03-21 14:04:50.168 [info] > git show --textconv :README.md [52ms]
2023-03-21 14:04:55.320 [info] > git config --get commit.template [4ms]
2023-03-21 14:04:55.375 [info] > git for-each-ref --format=%(refname)%00%(upstream:short)%00%(objectname)%00%(upstream:track)%00%(upstream:remotename)%00%(upstream:remoteref) refs/heads/main refs/remotes/main [9ms]
2023-03-21 14:04:55.668 [info] > git status -z -uall [253ms]
2023-03-21 14:04:55.679 [info] > git ls-files --stage -- /home/jamessearle71/Projects/reading-notes/code-102/102class-03.md [81ms]
2023-03-21 14:04:56.029 [info] > git ls-files --stage -- /home/jamessearle71/Projects/reading-notes/code-102/102class-01.md [500ms]
2023-03-21 14:04:56.145 [info] > git ls-files --stage -- /home/jamessearle71/Projects/reading-notes/code-102/102class-02.md [630ms]
2023-03-21 14:04:56.556 [info] > git cat-file -s 64c2eed544d0465f5c70dee063570c9799118aa2 [144ms]
2023-03-21 14:04:56.599 [info] > git cat-file -s e63280ac7abdd0cafd6b4aa68c2ade161c5ba55b [494ms]
2023-03-21 14:04:56.605 [info] > git cat-file -s d78b123b4d24728de796553a831b9b91dfa13c5a [580ms]
2023-03-21 14:04:56.617 [info] > git ls-files --stage -- /home/jamessearle71/Projects/reading-notes/README.md [961ms]
2023-03-21 14:04:57.055 [info] > git cat-file -s 26b400ca2f3500deac9e62c15df4eac2998844b7 [257ms]
2023-03-21 14:04:57.433 [info] > git show --textconv :code-102/102class-02.md [389ms]
2023-03-21 14:04:57.433 [info] > git show --textconv :code-102/102class-01.md [204ms]
2023-03-21 14:04:57.434 [info] > git show --textconv :code-102/102class-03.md [32ms]
2023-03-21 14:04:57.600 [info] > git show --textconv :README.md [51ms]
2023-03-21 14:06:31.680 [info] > git config --get commit.template [10ms]
2023-03-21 14:06:31.739 [info] > git for-each-ref --format=%(refname)%00%(upstream:short)%00%(objectname)%00%(upstream:track)%00%(upstream:remotename)%00%(upstream:remoteref) refs/heads/main refs/remotes/main [21ms]
2023-03-21 14:06:31.798 [info] > git status -z -uall [27ms]
2023-03-21 14:06:39.895 [info] > git config --get commit.template [17ms]
2023-03-21 14:06:40.204 [info] > git ls-files --stage -- /home/jamessearle71/Projects/reading-notes/code-102/102class-03.md [87ms]
2023-03-21 14:06:40.248 [info] > git ls-files --stage -- /home/jamessearle71/Projects/reading-notes/code-102/102class-01.md [178ms]
2023-03-21 14:06:40.275 [info] > git ls-files --stage -- /home/jamessearle71/Projects/reading-notes/code-102/102class-02.md [270ms]
2023-03-21 14:06:40.333 [info] > git for-each-ref --format=%(refname)%00%(upstream:short)%00%(objectname)%00%(upstream:track)%00%(upstream:remotename)%00%(upstream:remoteref) refs/heads/main refs/remotes/main [375ms]
2023-03-21 14:06:40.375 [info] > git cat-file -s 64c2eed544d0465f5c70dee063570c9799118aa2 [55ms]
2023-03-21 14:06:40.382 [info] > git cat-file -s e63280ac7abdd0cafd6b4aa68c2ade161c5ba55b [108ms]
2023-03-21 14:06:40.388 [info] > git cat-file -s d78b123b4d24728de796553a831b9b91dfa13c5a [141ms]
2023-03-21 14:06:40.393 [info] > git ls-files --stage -- /home/jamessearle71/Projects/reading-notes/README.md [193ms]
2023-03-21 14:06:40.423 [info] > git status -z -uall [58ms]
2023-03-21 14:06:40.836 [info] > git show --textconv :code-102/102class-02.md [315ms]
2023-03-21 14:06:40.836 [info] > git show --textconv :code-102/102class-01.md [177ms]
2023-03-21 14:06:40.836 [info] > git show --textconv :code-102/102class-03.md [88ms]
2023-03-21 14:06:40.869 [info] > git cat-file -s d1f0eeb87e037793e7994a477c7137d061164d67 [450ms]
2023-03-21 14:06:41.024 [info] > git show --textconv :README.md [14ms]
2023-03-21 14:06:58.470 [info] > git config --get commit.template [71ms]
2023-03-21 14:06:59.319 [info] > git ls-files --stage -- /home/jamessearle71/Projects/reading-notes/code-102/102class-03.md [55ms]
2023-03-21 14:06:59.352 [info] > git ls-files --stage -- /home/jamessearle71/Projects/reading-notes/code-102/102class-01.md [282ms]
2023-03-21 14:06:59.403 [info] > git ls-files --stage -- /home/jamessearle71/Projects/reading-notes/code-102/102class-02.md [521ms]
2023-03-21 14:06:59.444 [info] > git for-each-ref --format=%(refname)%00%(upstream:short)%00%(objectname)%00%(upstream:track)%00%(upstream:remotename)%00%(upstream:remoteref) refs/heads/main refs/remotes/main [865ms]
2023-03-21 14:06:59.646 [info] > git status -z -uall [169ms]
2023-03-21 14:06:59.647 [info] > git cat-file -s 64c2eed544d0465f5c70dee063570c9799118aa2 [204ms]
2023-03-21 14:06:59.706 [info] > git cat-file -s e63280ac7abdd0cafd6b4aa68c2ade161c5ba55b [306ms]
2023-03-21 14:06:59.708 [info] > git cat-file -s d78b123b4d24728de796553a831b9b91dfa13c5a [358ms]
2023-03-21 14:06:59.717 [info] > git ls-files --stage -- /home/jamessearle71/Projects/reading-notes/README.md [403ms]
2023-03-21 14:06:59.882 [info] > git show --textconv :code-102/102class-02.md [37ms]
2023-03-21 14:06:59.896 [info] > git cat-file -s d1f0eeb87e037793e7994a477c7137d061164d67 [118ms]
2023-03-21 14:06:59.968 [info] > git show --textconv :code-102/102class-01.md [91ms]
2023-03-21 14:07:00.020 [info] > git show --textconv :code-102/102class-03.md [61ms]
2023-03-21 14:07:00.150 [info] > git show --textconv :README.md [31ms]
2023-03-21 14:07:05.438 [info] > git for-each-ref --format=%(refname)%00%(upstream:short)%00%(objectname)%00%(upstream:track)%00%(upstream:remotename)%00%(upstream:remoteref) refs/heads/main refs/remotes/main [10ms]
2023-03-21 14:07:05.438 [info] > git config --get commit.template [65ms]
2023-03-21 14:07:06.197 [info] > git status -z -uall [710ms]
2023-03-21 14:07:06.198 [info] > git ls-files --stage -- /home/jamessearle71/Projects/reading-notes/code-102/102class-03.md [346ms]
2023-03-21 14:07:07.459 [info] > git ls-files --stage -- /home/jamessearle71/Projects/reading-notes/code-102/102class-01.md [1655ms]
2023-03-21 14:07:09.020 [info] > git ls-files --stage -- /home/jamessearle71/Projects/reading-notes/code-102/102class-02.md [3442ms]
2023-03-21 14:07:09.868 [info] > git cat-file -s 64c2eed544d0465f5c70dee063570c9799118aa2 [299ms]
2023-03-21 14:07:09.879 [info] > git cat-file -s e63280ac7abdd0cafd6b4aa68c2ade161c5ba55b [1005ms]
2023-03-21 14:07:09.949 [info] > git cat-file -s d78b123b4d24728de796553a831b9b91dfa13c5a [2609ms]
2023-03-21 14:07:09.973 [info] > git ls-files --stage -- /home/jamessearle71/Projects/reading-notes/README.md [3816ms]
2023-03-21 14:07:10.199 [info] > git cat-file -s d1f0eeb87e037793e7994a477c7137d061164d67 [78ms]
2023-03-21 14:07:10.756 [info] > git show --textconv :code-102/102class-02.md [289ms]
2023-03-21 14:07:10.756 [info] > git show --textconv :code-102/102class-01.md [186ms]
2023-03-21 14:07:10.756 [info] > git show --textconv :code-102/102class-03.md [116ms]
2023-03-21 14:07:10.806 [info] > git show --textconv :README.md [60ms]
2023-03-21 14:07:58.109 [info] > git config --get commit.template [27ms]
2023-03-21 14:07:58.117 [info] > git for-each-ref --format=%(refname)%00%(upstream:short)%00%(objectname)%00%(upstream:track)%00%(upstream:remotename)%00%(upstream:remoteref) refs/heads/main refs/remotes/main [17ms]
2023-03-21 14:07:58.155 [info] > git status -z -uall [13ms]
2023-03-21 14:07:58.327 [info] > git ls-files --stage -- /home/jamessearle71/Projects/reading-notes/code-102/102class-03.md [56ms]
2023-03-21 14:07:58.360 [info] > git ls-files --stage -- /home/jamessearle71/Projects/reading-notes/code-102/102class-01.md [127ms]
2023-03-21 14:07:58.417 [info] > git ls-files --stage -- /home/jamessearle71/Projects/reading-notes/code-102/102class-02.md [233ms]
2023-03-21 14:07:58.454 [info] > git cat-file -s e63280ac7abdd0cafd6b4aa68c2ade161c5ba55b [38ms]
2023-03-21 14:07:58.456 [info] > git cat-file -s d78b123b4d24728de796553a831b9b91dfa13c5a [97ms]
2023-03-21 14:07:58.457 [info] > git ls-files --stage -- /home/jamessearle71/Projects/reading-notes/README.md [139ms]
2023-03-21 14:07:58.601 [info] > git show --textconv :code-102/102class-01.md [75ms]
2023-03-21 14:07:58.605 [info] > git cat-file -s d1f0eeb87e037793e7994a477c7137d061164d67 [120ms]
2023-03-21 14:07:58.614 [info] > git cat-file -s 64c2eed544d0465f5c70dee063570c9799118aa2 [170ms]
2023-03-21 14:07:58.620 [info] > git show --textconv :code-102/102class-03.md [30ms]
2023-03-21 14:07:58.769 [info] > git show --textconv :README.md [72ms]
2023-03-21 14:07:58.793 [info] > git show --textconv :code-102/102class-02.md [31ms]
2023-03-21 14:08:44.158 [info] > git show --textconv :code-102/102class-06.md [96ms]
2023-03-21 14:08:44.181 [info] > git ls-files --stage -- /home/jamessearle71/Projects/reading-notes/code-102/102class-06.md [25ms]
2023-03-21 14:08:44.286 [info] > git cat-file -s e69de29bb2d1d6434b8b29ae775ad8c2e48c5391 [54ms]
2023-03-21 14:08:59.265 [info] > git config --get commit.template [7ms]
2023-03-21 14:08:59.296 [info] > git for-each-ref --format=%(refname)%00%(upstream:short)%00%(objectname)%00%(upstream:track)%00%(upstream:remotename)%00%(upstream:remoteref) refs/heads/main refs/remotes/main [5ms]
2023-03-21 14:08:59.358 [info] > git status -z -uall [23ms]
2023-03-21 14:09:11.382 [info] > git config --get commit.template [13ms]
2023-03-21 14:09:11.507 [info] > git ls-files --stage -- /home/jamessearle71/Projects/reading-notes/code-102/102class-01.md [30ms]
2023-03-21 14:09:11.542 [info] > git ls-files --stage -- /home/jamessearle71/Projects/reading-notes/code-102/102class-02.md [90ms]
2023-03-21 14:09:11.570 [info] > git for-each-ref --format=%(refname)%00%(upstream:short)%00%(objectname)%00%(upstream:track)%00%(upstream:remotename)%00%(upstream:remoteref) refs/heads/main refs/remotes/main [158ms]
2023-03-21 14:09:11.669 [info] > git status -z -uall [71ms]
2023-03-21 14:09:11.669 [info] > git ls-files --stage -- /home/jamessearle71/Projects/reading-notes/README.md [40ms]
2023-03-21 14:09:11.731 [info] > git cat-file -s 64c2eed544d0465f5c70dee063570c9799118aa2 [160ms]
2023-03-21 14:09:11.740 [info] > git cat-file -s e63280ac7abdd0cafd6b4aa68c2ade161c5ba55b [200ms]
2023-03-21 14:09:11.743 [info] > git ls-files --stage -- /home/jamessearle71/Projects/reading-notes/code-102/102class-03.md [238ms]
2023-03-21 14:09:11.829 [info] > git cat-file -s 85c8b6ad69fdd1ce3cc408e833dabb38f01ee356 [120ms]
2023-03-21 14:09:11.844 [info] > git ls-files --stage -- /home/jamessearle71/Projects/reading-notes/code-102/102class-06.md [184ms]
2023-03-21 14:09:11.976 [info] > git cat-file -s e69de29bb2d1d6434b8b29ae775ad8c2e48c5391 [89ms]
2023-03-21 14:09:11.998 [info] > git cat-file -s d78b123b4d24728de796553a831b9b91dfa13c5a [200ms]
2023-03-21 14:09:12.135 [info] > git show --textconv :code-102/102class-02.md [155ms]
2023-03-21 14:09:12.135 [info] > git show --textconv :code-102/102class-01.md [65ms]
2023-03-21 14:09:12.196 [info] > git show --textconv :README.md [73ms]
2023-03-21 14:09:12.196 [info] > git show --textconv :code-102/102class-06.md [31ms]
2023-03-21 14:09:12.232 [info] > git show --textconv :code-102/102class-03.md [37ms]
2023-03-21 14:09:24.418 [info] > git config --get commit.template [2ms]
2023-03-21 14:09:24.478 [info] > git for-each-ref --format=%(refname)%00%(upstream:short)%00%(objectname)%00%(upstream:track)%00%(upstream:remotename)%00%(upstream:remoteref) refs/heads/main refs/remotes/main [20ms]
2023-03-21 14:09:24.872 [info] > git status -z -uall [334ms]
2023-03-21 14:09:24.872 [info] > git ls-files --stage -- /home/jamessearle71/Projects/reading-notes/README.md [54ms]
2023-03-21 14:09:24.923 [info] > git ls-files --stage -- /home/jamessearle71/Projects/reading-notes/code-102/102class-03.md [167ms]
2023-03-21 14:09:24.973 [info] > git ls-files --stage -- /home/jamessearle71/Projects/reading-notes/code-102/102class-01.md [285ms]
2023-03-21 14:09:25.025 [info] > git ls-files --stage -- /home/jamessearle71/Projects/reading-notes/code-102/102class-02.md [427ms]
2023-03-21 14:09:25.129 [info] > git cat-file -s 64c2eed544d0465f5c70dee063570c9799118aa2 [61ms]
2023-03-21 14:09:25.134 [info] > git cat-file -s e63280ac7abdd0cafd6b4aa68c2ade161c5ba55b [110ms]
2023-03-21 14:09:25.135 [info] > git cat-file -s d78b123b4d24728de796553a831b9b91dfa13c5a [163ms]
2023-03-21 14:09:25.136 [info] > git cat-file -s 85c8b6ad69fdd1ce3cc408e833dabb38f01ee356 [222ms]
2023-03-21 14:09:25.142 [info] > git ls-files --stage -- /home/jamessearle71/Projects/reading-notes/code-102/102class-06.md [276ms]
2023-03-21 14:09:25.215 [info] > git cat-file -s e69de29bb2d1d6434b8b29ae775ad8c2e48c5391 [20ms]
2023-03-21 14:09:26.074 [info] > git show --textconv :code-102/102class-02.md [729ms]
2023-03-21 14:09:26.110 [info] > git show --textconv :code-102/102class-01.md [605ms]
2023-03-21 14:09:26.110 [info] > git show --textconv :code-102/102class-03.md [423ms]
2023-03-21 14:09:26.135 [info] > git show --textconv :README.md [278ms]
2023-03-21 14:09:26.135 [info] > git show --textconv :code-102/102class-06.md [161ms]
2023-03-21 14:09:31.462 [info] > git for-each-ref --format=%(refname)%00%(upstream:short)%00%(objectname)%00%(upstream:track)%00%(upstream:remotename)%00%(upstream:remoteref) refs/heads/main refs/remotes/main [5ms]
2023-03-21 14:09:31.462 [info] > git config --get commit.template [64ms]
2023-03-21 14:09:31.800 [info] > git status -z -uall [301ms]
2023-03-21 14:09:31.802 [info] > git ls-files --stage -- /home/jamessearle71/Projects/reading-notes/code-102/102class-06.md [4ms]
2023-03-21 14:09:31.850 [info] > git ls-files --stage -- /home/jamessearle71/Projects/reading-notes/README.md [95ms]
2023-03-21 14:09:31.888 [info] > git ls-files --stage -- /home/jamessearle71/Projects/reading-notes/code-102/102class-03.md [190ms]
2023-03-21 14:09:31.916 [info] > git ls-files --stage -- /home/jamessearle71/Projects/reading-notes/code-102/102class-01.md [286ms]
2023-03-21 14:09:31.954 [info] > git ls-files --stage -- /home/jamessearle71/Projects/reading-notes/code-102/102class-02.md [395ms]
2023-03-21 14:09:32.087 [info] > git cat-file -s 64c2eed544d0465f5c70dee063570c9799118aa2 [81ms]
2023-03-21 14:09:32.089 [info] > git cat-file -s e63280ac7abdd0cafd6b4aa68c2ade161c5ba55b [136ms]
2023-03-21 14:09:32.089 [info] > git cat-file -s d78b123b4d24728de796553a831b9b91dfa13c5a [175ms]
2023-03-21 14:09:32.107 [info] > git cat-file -s 85c8b6ad69fdd1ce3cc408e833dabb38f01ee356 [220ms]
2023-03-21 14:09:32.108 [info] > git cat-file -s e69de29bb2d1d6434b8b29ae775ad8c2e48c5391 [259ms]
2023-03-21 14:09:32.216 [info] > git show --textconv :code-102/102class-02.md [58ms]
2023-03-21 14:09:32.434 [info] > git show --textconv :code-102/102class-01.md [220ms]
2023-03-21 14:09:32.434 [info] > git show --textconv :code-102/102class-03.md [129ms]
2023-03-21 14:09:32.434 [info] > git show --textconv :README.md [65ms]
2023-03-21 14:09:32.467 [info] > git show --textconv :code-102/102class-06.md [41ms]
