2023-03-21 11:13:41.142 [info] Reading sessions from keychain...
2023-03-21 11:13:41.142 [info] Getting sessions for user:email...
2023-03-21 11:13:41.142 [info] Got stored sessions!
2023-03-21 11:13:41.142 [info] Got 1 verified sessions.
2023-03-21 11:13:41.143 [info] Got 0 sessions for user:email...
2023-03-21 11:13:41.143 [info] Getting sessions for all scopes...
2023-03-21 11:13:41.143 [info] Got 1 sessions for ...
2023-03-21 11:13:42.404 [info] Getting sessions for all scopes...
2023-03-21 11:13:42.404 [info] Got 1 sessions for ...
2023-03-21 11:13:42.857 [info] Getting user info...
2023-03-21 11:13:43.768 [info] Got account info!
2023-03-21 12:57:42.872 [info] Getting sessions for read:user,repo,user:email,workflow...
2023-03-21 12:57:42.873 [info] Got 1 sessions for read:user,repo,user:email,workflow...
2023-03-21 13:03:40.913 [info] Getting sessions for read:user,repo,user:email,workflow...
2023-03-21 13:03:40.913 [info] Got 1 sessions for read:user,repo,user:email,workflow...
2023-03-21 13:12:22.201 [info] Getting sessions for read:user,repo,user:email,workflow...
2023-03-21 13:12:22.201 [info] Got 1 sessions for read:user,repo,user:email,workflow...
2023-03-21 13:23:34.761 [info] Getting sessions for read:user,repo,user:email,workflow...
2023-03-21 13:23:34.762 [info] Got 1 sessions for read:user,repo,user:email,workflow...
2023-03-21 13:26:29.738 [info] Getting sessions for read:user,repo,user:email,workflow...
2023-03-21 13:26:29.738 [info] Got 1 sessions for read:user,repo,user:email,workflow...
2023-03-21 13:32:32.437 [info] Getting sessions for read:user,repo,user:email,workflow...
2023-03-21 13:32:32.438 [info] Got 1 sessions for read:user,repo,user:email,workflow...
