2023-03-21 14:15:29.284 [info] Log level: Info
2023-03-21 14:15:29.284 [info] Validating found git in: "git"
2023-03-21 14:15:29.285 [info] Using git "2.30.2" from "git"
2023-03-21 14:15:29.285 [info] > git rev-parse --show-toplevel [59ms]
2023-03-21 14:15:29.285 [info] > git rev-parse --git-dir --git-common-dir [53ms]
2023-03-21 14:15:29.285 [info] Open repository: /home/jamessearle71/Projects/reading-notes
2023-03-21 14:15:29.285 [info] > git rev-parse --show-toplevel [125ms]
2023-03-21 14:15:29.285 [info] > git rev-parse --show-toplevel [57ms]
2023-03-21 14:15:29.285 [info] > git config --get commit.template [134ms]
2023-03-21 14:15:29.285 [info] > git rev-parse --show-toplevel [143ms]
2023-03-21 14:15:29.285 [info] > git for-each-ref --format=%(refname)%00%(upstream:short)%00%(objectname)%00%(upstream:track)%00%(upstream:remotename)%00%(upstream:remoteref) refs/heads/main refs/remotes/main [134ms]
2023-03-21 14:15:29.285 [info] > git status -z -uall [62ms]
2023-03-21 14:15:29.285 [info] > git config --get commit.template [17ms]
2023-03-21 14:15:29.285 [info] > git for-each-ref --format=%(refname)%00%(upstream:short)%00%(objectname)%00%(upstream:track)%00%(upstream:remotename)%00%(upstream:remoteref) refs/heads/main refs/remotes/main [20ms]
2023-03-21 14:15:29.285 [info] > git status -z -uall [44ms]
2023-03-21 14:15:29.285 [info] > git check-ignore -v -z --stdin [231ms]
2023-03-21 14:15:41.800 [info] > git show --textconv :code-102/102class-03.md [56ms]
2023-03-21 14:15:42.058 [info] > git ls-files --stage -- /home/jamessearle71/Projects/reading-notes/code-102/102class-03.md [270ms]
2023-03-21 14:15:42.125 [info] > git cat-file -s d78b123b4d24728de796553a831b9b91dfa13c5a [26ms]
2023-03-21 14:16:50.694 [info] > git show --textconv :code-102/102class-04.md [227ms]
2023-03-21 14:16:50.725 [info] > git ls-files --stage -- /home/jamessearle71/Projects/reading-notes/code-102/102class-04.md [95ms]
2023-03-21 14:16:50.814 [info] > git cat-file -s e69de29bb2d1d6434b8b29ae775ad8c2e48c5391 [26ms]
2023-03-21 14:18:16.414 [info] > git ls-files --stage -- /home/jamessearle71/Projects/reading-notes/code-102/102class-04.md [28ms]
2023-03-21 14:18:16.599 [info] > git ls-files --stage -- /home/jamessearle71/Projects/reading-notes/code-102/102class-03.md [339ms]
2023-03-21 14:18:16.898 [info] > git config --get commit.template [705ms]
2023-03-21 14:18:16.978 [info] > git cat-file -s 2a8340f3ed1d29f945ca945ab10b3e28ee5b9fe8 [108ms]
2023-03-21 14:18:17.038 [info] > git cat-file -s e69de29bb2d1d6434b8b29ae775ad8c2e48c5391 [456ms]
2023-03-21 14:18:17.330 [info] > git for-each-ref --format=%(refname)%00%(upstream:short)%00%(objectname)%00%(upstream:track)%00%(upstream:remotename)%00%(upstream:remoteref) refs/heads/main refs/remotes/main [78ms]
2023-03-21 14:18:17.565 [info] > git status -z -uall [150ms]
2023-03-21 14:18:17.800 [info] > git show --textconv :code-102/102class-03.md [241ms]
2023-03-21 14:18:17.832 [info] > git show --textconv :code-102/102class-04.md [39ms]
