2023-03-21 18:21:15.419 [info] Log level: Info
2023-03-21 18:21:15.419 [info] Validating found git in: "git"
2023-03-21 18:21:15.419 [info] Using git "2.30.2" from "git"
2023-03-21 18:21:41.630 [info] Log level: Info
2023-03-21 18:21:41.630 [info] Validating found git in: "git"
2023-03-21 18:21:41.630 [info] Using git "2.30.2" from "git"
2023-03-21 18:21:41.630 [info] > git rev-parse --show-toplevel [56ms]
2023-03-21 18:21:41.630 [info] > git rev-parse --git-dir --git-common-dir [18ms]
2023-03-21 18:21:41.630 [info] Open repository: /home/jamessearle71
2023-03-21 18:21:41.630 [info] > git rev-parse --show-toplevel [2213ms]
2023-03-21 18:21:41.630 [info] > git config --get commit.template [549ms]
2023-03-21 18:21:41.632 [info] > git rev-parse --git-dir --git-common-dir [121ms]
2023-03-21 18:21:41.673 [info] Open repository: /home/jamessearle71/Projects/reading-notes
2023-03-21 18:21:41.866 [info] No remotes found in the git config file.
2023-03-21 18:21:41.918 [info] > git check-ignore -v -z --stdin [107ms]
2023-03-21 18:21:41.933 [info] > git rev-parse --show-toplevel [217ms]
2023-03-21 18:21:41.955 [info] > git config --get commit.template [39ms]
2023-03-21 18:21:41.956 [info] > git for-each-ref --format=%(refname)%00%(upstream:short)%00%(objectname)%00%(upstream:track)%00%(upstream:remotename)%00%(upstream:remoteref) refs/heads/master refs/remotes/master [96ms]
2023-03-21 18:21:42.285 [info] > git for-each-ref --format=%(refname)%00%(upstream:short)%00%(objectname)%00%(upstream:track)%00%(upstream:remotename)%00%(upstream:remoteref) refs/heads/main refs/remotes/main [58ms]
2023-03-21 18:21:42.440 [info] > git status -z -uall [51ms]
2023-03-21 18:21:43.002 [info] > git check-ignore -v -z --stdin [204ms]
2023-03-21 18:21:43.008 [info] > git config --get commit.template [123ms]
2023-03-21 18:21:43.273 [info] > git status -z -uall [1238ms]
2023-03-21 18:21:43.274 [info] > git for-each-ref --format=%(refname)%00%(upstream:short)%00%(objectname)%00%(upstream:track)%00%(upstream:remotename)%00%(upstream:remoteref) refs/heads/main refs/remotes/main [45ms]
2023-03-21 18:21:50.687 [info] > git status -z -uall [7391ms]
2023-03-21 18:21:51.334 [info] > git config --get commit.template [655ms]
2023-03-21 18:21:51.793 [info] No remotes found in the git config file.
2023-03-21 18:21:51.795 [info] > git check-ignore -v -z --stdin [340ms]
2023-03-21 18:21:51.798 [info] > git check-ignore -v -z --stdin [296ms]
2023-03-21 18:21:51.946 [info] > git for-each-ref --format=%(refname)%00%(upstream:short)%00%(objectname)%00%(upstream:track)%00%(upstream:remotename)%00%(upstream:remoteref) refs/heads/master refs/remotes/master [154ms]
2023-03-21 18:21:53.568 [info] > git show --textconv :code-102/102class-03.md [842ms]
2023-03-21 18:21:53.569 [info] > git ls-files --stage -- /home/jamessearle71/Projects/reading-notes/code-102/102class-03.md [811ms]
2023-03-21 18:21:54.138 [info] > git status -z -uall [2169ms]
2023-03-21 18:21:54.144 [info] > git cat-file -s 2a8340f3ed1d29f945ca945ab10b3e28ee5b9fe8 [536ms]
2023-03-21 18:22:05.967 [info] No remotes found in the git config file.
2023-03-21 18:22:05.971 [info] > git config --get commit.template [38ms]
2023-03-21 18:22:05.972 [info] > git for-each-ref --format=%(refname)%00%(upstream:short)%00%(objectname)%00%(upstream:track)%00%(upstream:remotename)%00%(upstream:remoteref) refs/heads/master refs/remotes/master [5ms]
2023-03-21 18:22:06.400 [info] > git status -z -uall [386ms]
2023-03-21 18:22:10.702 [info] > git check-ignore -v -z --stdin [8ms]
2023-03-21 18:22:11.805 [info] > git config --get commit.template [5ms]
2023-03-21 18:22:11.867 [info] No remotes found in the git config file.
2023-03-21 18:22:11.873 [info] > git for-each-ref --format=%(refname)%00%(upstream:short)%00%(objectname)%00%(upstream:track)%00%(upstream:remotename)%00%(upstream:remoteref) refs/heads/master refs/remotes/master [7ms]
2023-03-21 18:22:12.631 [info] > git status -z -uall [692ms]
2023-03-21 18:22:18.806 [info] > git show --textconv :Projects/index.html [53ms]
2023-03-21 18:22:18.841 [info] > git ls-files --stage -- /home/jamessearle71/Projects/index.html [41ms]
2023-03-21 18:22:19.008 [info] > git cat-file -s e69de29bb2d1d6434b8b29ae775ad8c2e48c5391 [139ms]
2023-03-21 18:22:20.207 [info] No remotes found in the git config file.
2023-03-21 18:22:20.211 [info] > git config --get commit.template [33ms]
2023-03-21 18:22:20.217 [info] > git for-each-ref --format=%(refname)%00%(upstream:short)%00%(objectname)%00%(upstream:track)%00%(upstream:remotename)%00%(upstream:remoteref) refs/heads/master refs/remotes/master [11ms]
2023-03-21 18:22:20.902 [info] > git status -z -uall [661ms]
2023-03-21 18:22:26.730 [info] No remotes found in the git config file.
2023-03-21 18:22:26.735 [info] > git config --get commit.template [37ms]
2023-03-21 18:22:26.743 [info] > git for-each-ref --format=%(refname)%00%(upstream:short)%00%(objectname)%00%(upstream:track)%00%(upstream:remotename)%00%(upstream:remoteref) refs/heads/master refs/remotes/master [14ms]
2023-03-21 18:22:27.255 [info] > git status -z -uall [456ms]
2023-03-21 18:22:31.100 [info] > git config --get commit.template [3ms]
2023-03-21 18:22:31.130 [info] > git for-each-ref --format=%(refname)%00%(upstream:short)%00%(objectname)%00%(upstream:track)%00%(upstream:remotename)%00%(upstream:remoteref) refs/heads/main refs/remotes/main [5ms]
2023-03-21 18:22:31.161 [info] > git status -z -uall [3ms]
2023-03-21 18:22:31.259 [info] > git ls-files --stage -- /home/jamessearle71/Projects/index.html [8ms]
2023-03-21 18:22:31.286 [info] > git cat-file -s e69de29bb2d1d6434b8b29ae775ad8c2e48c5391 [4ms]
2023-03-21 18:22:31.328 [info] > git show --textconv :Projects/index.html [9ms]
2023-03-21 18:22:32.552 [info] > git config --get commit.template [9ms]
2023-03-21 18:22:32.584 [info] No remotes found in the git config file.
2023-03-21 18:22:32.588 [info] > git for-each-ref --format=%(refname)%00%(upstream:short)%00%(objectname)%00%(upstream:track)%00%(upstream:remotename)%00%(upstream:remoteref) refs/heads/master refs/remotes/master [4ms]
2023-03-21 18:22:33.042 [info] > git status -z -uall [429ms]
2023-03-21 18:22:38.326 [info] > git config --get commit.template [7ms]
2023-03-21 18:22:38.363 [info] No remotes found in the git config file.
2023-03-21 18:22:38.366 [info] > git for-each-ref --format=%(refname)%00%(upstream:short)%00%(objectname)%00%(upstream:track)%00%(upstream:remotename)%00%(upstream:remoteref) refs/heads/master refs/remotes/master [4ms]
2023-03-21 18:22:38.858 [info] > git status -z -uall [456ms]
2023-03-21 18:22:44.349 [info] No remotes found in the git config file.
2023-03-21 18:22:44.369 [info] > git config --get commit.template [120ms]
2023-03-21 18:22:44.372 [info] > git for-each-ref --format=%(refname)%00%(upstream:short)%00%(objectname)%00%(upstream:track)%00%(upstream:remotename)%00%(upstream:remoteref) refs/heads/master refs/remotes/master [25ms]
2023-03-21 18:22:45.023 [info] > git status -z -uall [577ms]
2023-03-21 18:22:45.548 [info] > git ls-files --stage -- /home/jamessearle71/Projects/index.html [56ms]
2023-03-21 18:22:45.684 [info] > git cat-file -s e69de29bb2d1d6434b8b29ae775ad8c2e48c5391 [25ms]
2023-03-21 18:22:45.928 [info] > git show --textconv :Projects/index.html [45ms]
2023-03-21 18:22:50.308 [info] No remotes found in the git config file.
2023-03-21 18:22:50.312 [info] > git config --get commit.template [109ms]
2023-03-21 18:22:50.330 [info] > git for-each-ref --format=%(refname)%00%(upstream:short)%00%(objectname)%00%(upstream:track)%00%(upstream:remotename)%00%(upstream:remoteref) refs/heads/master refs/remotes/master [22ms]
2023-03-21 18:22:51.288 [info] > git status -z -uall [820ms]
2023-03-21 18:22:56.366 [info] No remotes found in the git config file.
2023-03-21 18:22:56.369 [info] > git config --get commit.template [29ms]
2023-03-21 18:22:56.375 [info] > git for-each-ref --format=%(refname)%00%(upstream:short)%00%(objectname)%00%(upstream:track)%00%(upstream:remotename)%00%(upstream:remoteref) refs/heads/master refs/remotes/master [8ms]
2023-03-21 18:22:56.772 [info] > git status -z -uall [375ms]
2023-03-21 18:23:01.872 [info] > git config --get commit.template [10ms]
2023-03-21 18:23:01.960 [info] No remotes found in the git config file.
2023-03-21 18:23:01.998 [info] > git for-each-ref --format=%(refname)%00%(upstream:short)%00%(objectname)%00%(upstream:track)%00%(upstream:remotename)%00%(upstream:remoteref) refs/heads/master refs/remotes/master [57ms]
2023-03-21 18:23:02.404 [info] > git status -z -uall [378ms]
2023-03-21 18:23:08.835 [info] > git config --get commit.template [4ms]
2023-03-21 18:23:08.858 [info] No remotes found in the git config file.
2023-03-21 18:23:08.862 [info] > git for-each-ref --format=%(refname)%00%(upstream:short)%00%(objectname)%00%(upstream:track)%00%(upstream:remotename)%00%(upstream:remoteref) refs/heads/master refs/remotes/master [4ms]
2023-03-21 18:23:09.027 [info] > git ls-files --stage -- /home/jamessearle71/Projects/index.html [16ms]
2023-03-21 18:23:09.057 [info] > git cat-file -s e69de29bb2d1d6434b8b29ae775ad8c2e48c5391 [6ms]
2023-03-21 18:23:09.101 [info] > git show --textconv :Projects/index.html [13ms]
2023-03-21 18:23:09.200 [info] > git status -z -uall [315ms]
2023-03-21 18:23:15.183 [info] > git config --get commit.template [8ms]
2023-03-21 18:23:15.210 [info] No remotes found in the git config file.
2023-03-21 18:23:15.214 [info] > git for-each-ref --format=%(refname)%00%(upstream:short)%00%(objectname)%00%(upstream:track)%00%(upstream:remotename)%00%(upstream:remoteref) refs/heads/master refs/remotes/master [6ms]
2023-03-21 18:23:15.880 [info] > git status -z -uall [641ms]
2023-03-21 18:23:21.111 [info] > git config --get commit.template [53ms]
2023-03-21 18:23:21.729 [info] No remotes found in the git config file.
2023-03-21 18:23:22.095 [info] > git for-each-ref --format=%(refname)%00%(upstream:short)%00%(objectname)%00%(upstream:track)%00%(upstream:remotename)%00%(upstream:remoteref) refs/heads/master refs/remotes/master [481ms]
2023-03-21 18:23:25.216 [info] > git status -z -uall [1499ms]
2023-03-21 18:23:30.348 [info] > git config --get commit.template [18ms]
2023-03-21 18:23:30.398 [info] No remotes found in the git config file.
2023-03-21 18:23:30.401 [info] > git for-each-ref --format=%(refname)%00%(upstream:short)%00%(objectname)%00%(upstream:track)%00%(upstream:remotename)%00%(upstream:remoteref) refs/heads/master refs/remotes/master [4ms]
2023-03-21 18:23:31.072 [info] > git status -z -uall [630ms]
2023-03-21 18:23:57.979 [info] > git ls-files --stage -- /home/jamessearle71/Projects/index.html [297ms]
2023-03-21 18:23:58.094 [info] > git config --get commit.template [150ms]
2023-03-21 18:23:58.329 [info] > git for-each-ref --format=%(refname)%00%(upstream:short)%00%(objectname)%00%(upstream:track)%00%(upstream:remotename)%00%(upstream:remoteref) refs/heads/master refs/remotes/master [45ms]
2023-03-21 18:23:58.500 [info] > git cat-file -s e69de29bb2d1d6434b8b29ae775ad8c2e48c5391 [401ms]
2023-03-21 18:23:58.830 [info] > git show --textconv :Projects/index.html [40ms]
2023-03-21 18:23:59.060 [info] > git status -z -uall [575ms]
2023-03-21 18:24:04.158 [info] > git config --get commit.template [9ms]
2023-03-21 18:24:04.200 [info] > git for-each-ref --format=%(refname)%00%(upstream:short)%00%(objectname)%00%(upstream:track)%00%(upstream:remotename)%00%(upstream:remoteref) refs/heads/master refs/remotes/master [5ms]
2023-03-21 18:24:04.632 [info] > git status -z -uall [386ms]
2023-03-21 18:24:15.374 [info] > git config --get commit.template [65ms]
2023-03-21 18:24:15.385 [info] > git for-each-ref --format=%(refname)%00%(upstream:short)%00%(objectname)%00%(upstream:track)%00%(upstream:remotename)%00%(upstream:remoteref) refs/heads/master refs/remotes/master [16ms]
2023-03-21 18:24:15.956 [info] > git status -z -uall [529ms]
2023-03-21 18:24:27.761 [info] > git config --get commit.template [104ms]
2023-03-21 18:24:27.800 [info] > git for-each-ref --format=%(refname)%00%(upstream:short)%00%(objectname)%00%(upstream:track)%00%(upstream:remotename)%00%(upstream:remoteref) refs/heads/master refs/remotes/master [53ms]
2023-03-21 18:24:28.702 [info] > git status -z -uall [813ms]
2023-03-21 18:24:33.886 [info] > git config --get commit.template [124ms]
2023-03-21 18:24:33.902 [info] > git for-each-ref --format=%(refname)%00%(upstream:short)%00%(objectname)%00%(upstream:track)%00%(upstream:remotename)%00%(upstream:remoteref) refs/heads/master refs/remotes/master [23ms]
2023-03-21 18:24:34.784 [info] > git status -z -uall [860ms]
2023-03-21 18:24:39.923 [info] > git config --get commit.template [38ms]
2023-03-21 18:24:39.931 [info] > git for-each-ref --format=%(refname)%00%(upstream:short)%00%(objectname)%00%(upstream:track)%00%(upstream:remotename)%00%(upstream:remoteref) refs/heads/master refs/remotes/master [11ms]
2023-03-21 18:24:41.150 [info] > git status -z -uall [1197ms]
2023-03-21 18:24:42.325 [info] > git show --textconv :Projects/html.index [554ms]
2023-03-21 18:24:42.329 [info] > git ls-files --stage -- /home/jamessearle71/Projects/html.index [285ms]
2023-03-21 18:24:42.532 [info] > git cat-file -s e69de29bb2d1d6434b8b29ae775ad8c2e48c5391 [84ms]
2023-03-21 18:24:46.755 [info] > git show --textconv :Projects/html.index [550ms]
2023-03-21 18:24:46.771 [info] > git ls-files --stage -- /home/jamessearle71/Projects/html.index [386ms]
2023-03-21 18:24:46.911 [info] > git config --get commit.template [160ms]
2023-03-21 18:24:46.946 [info] > git cat-file -s e69de29bb2d1d6434b8b29ae775ad8c2e48c5391 [72ms]
2023-03-21 18:24:47.095 [info] > git for-each-ref --format=%(refname)%00%(upstream:short)%00%(objectname)%00%(upstream:track)%00%(upstream:remotename)%00%(upstream:remoteref) refs/heads/master refs/remotes/master [42ms]
2023-03-21 18:24:48.227 [info] > git status -z -uall [1041ms]
2023-03-21 18:24:53.307 [info] > git config --get commit.template [8ms]
2023-03-21 18:24:53.357 [info] > git for-each-ref --format=%(refname)%00%(upstream:short)%00%(objectname)%00%(upstream:track)%00%(upstream:remotename)%00%(upstream:remoteref) refs/heads/master refs/remotes/master [3ms]
2023-03-21 18:24:54.404 [info] > git status -z -uall [1013ms]
2023-03-21 18:24:59.477 [info] > git config --get commit.template [13ms]
2023-03-21 18:24:59.568 [info] > git for-each-ref --format=%(refname)%00%(upstream:short)%00%(objectname)%00%(upstream:track)%00%(upstream:remotename)%00%(upstream:remoteref) refs/heads/master refs/remotes/master [3ms]
2023-03-21 18:25:00.360 [info] > git status -z -uall [751ms]
2023-03-21 18:25:01.481 [info] > git show --textconv :code-102/102class-02.md [88ms]
2023-03-21 18:25:01.524 [info] > git ls-files --stage -- /home/jamessearle71/Projects/reading-notes/code-102/102class-02.md [45ms]
2023-03-21 18:25:01.610 [info] > git cat-file -s 64c2eed544d0465f5c70dee063570c9799118aa2 [50ms]
2023-03-21 18:25:03.031 [info] > git show --textconv :code-102/102class-03.md [247ms]
2023-03-21 18:25:03.073 [info] > git ls-files --stage -- /home/jamessearle71/Projects/reading-notes/code-102/102class-03.md [45ms]
2023-03-21 18:25:03.129 [info] > git cat-file -s 2a8340f3ed1d29f945ca945ab10b3e28ee5b9fe8 [12ms]
2023-03-21 18:25:05.681 [info] > git config --get commit.template [110ms]
2023-03-21 18:25:05.720 [info] > git for-each-ref --format=%(refname)%00%(upstream:short)%00%(objectname)%00%(upstream:track)%00%(upstream:remotename)%00%(upstream:remoteref) refs/heads/master refs/remotes/master [87ms]
2023-03-21 18:25:07.421 [info] > git status -z -uall [1619ms]
2023-03-21 18:25:12.544 [info] > git config --get commit.template [48ms]
2023-03-21 18:25:12.691 [info] > git for-each-ref --format=%(refname)%00%(upstream:short)%00%(objectname)%00%(upstream:track)%00%(upstream:remotename)%00%(upstream:remoteref) refs/heads/master refs/remotes/master [17ms]
2023-03-21 18:25:13.855 [info] > git status -z -uall [1129ms]
2023-03-21 18:25:19.146 [info] > git config --get commit.template [117ms]
2023-03-21 18:25:19.172 [info] > git for-each-ref --format=%(refname)%00%(upstream:short)%00%(objectname)%00%(upstream:track)%00%(upstream:remotename)%00%(upstream:remoteref) refs/heads/master refs/remotes/master [30ms]
2023-03-21 18:25:20.270 [info] > git status -z -uall [1022ms]
2023-03-21 18:25:25.368 [info] > git for-each-ref --format=%(refname)%00%(upstream:short)%00%(objectname)%00%(upstream:track)%00%(upstream:remotename)%00%(upstream:remoteref) refs/heads/master refs/remotes/master [3ms]
2023-03-21 18:25:25.369 [info] > git config --get commit.template [37ms]
2023-03-21 18:25:25.994 [info] > git status -z -uall [598ms]
2023-03-21 18:25:29.436 [info] > git ls-files --stage -- /home/jamessearle71/Projects/index.html [44ms]
2023-03-21 18:25:29.473 [info] > git ls-files --stage -- /home/jamessearle71/Projects/reading-notes/code-102/102class-03.md [41ms]
2023-03-21 18:25:29.518 [info] > git cat-file -s 2a8340f3ed1d29f945ca945ab10b3e28ee5b9fe8 [7ms]
2023-03-21 18:25:29.523 [info] > git cat-file -s 78b5c5c4cf8d07846c85d8a169a126f32cabfd2c [56ms]
2023-03-21 18:25:29.658 [info] > git show --textconv :code-102/102class-03.md [49ms]
2023-03-21 18:25:29.709 [info] > git show --textconv :Projects/index.html [53ms]
2023-03-21 18:25:31.035 [info] > git config --get commit.template [6ms]
2023-03-21 18:25:31.066 [info] > git for-each-ref --format=%(refname)%00%(upstream:short)%00%(objectname)%00%(upstream:track)%00%(upstream:remotename)%00%(upstream:remoteref) refs/heads/master refs/remotes/master [5ms]
2023-03-21 18:25:31.664 [info] > git status -z -uall [571ms]
2023-03-21 18:25:36.790 [info] > git config --get commit.template [32ms]
2023-03-21 18:25:36.792 [info] > git for-each-ref --format=%(refname)%00%(upstream:short)%00%(objectname)%00%(upstream:track)%00%(upstream:remotename)%00%(upstream:remoteref) refs/heads/master refs/remotes/master [6ms]
2023-03-21 18:25:37.285 [info] > git status -z -uall [458ms]
2023-03-21 18:25:44.582 [info] > git ls-files --stage -- /home/jamessearle71/Projects/reading-notes/code-102/102class-03.md [3ms]
2023-03-21 18:25:44.606 [info] > git ls-files --stage -- /home/jamessearle71/Projects/index.html [59ms]
2023-03-21 18:25:44.644 [info] > git cat-file -s 2a8340f3ed1d29f945ca945ab10b3e28ee5b9fe8 [36ms]
2023-03-21 18:25:44.652 [info] > git cat-file -s 78b5c5c4cf8d07846c85d8a169a126f32cabfd2c [16ms]
2023-03-21 18:25:44.758 [info] > git show --textconv :code-102/102class-03.md [40ms]
2023-03-21 18:25:44.760 [info] > git show --textconv :Projects/index.html [10ms]
2023-03-21 18:25:44.766 [info] > git config --get commit.template [86ms]
2023-03-21 18:25:44.814 [info] > git for-each-ref --format=%(refname)%00%(upstream:short)%00%(objectname)%00%(upstream:track)%00%(upstream:remotename)%00%(upstream:remoteref) refs/heads/master refs/remotes/master [19ms]
2023-03-21 18:25:45.759 [info] > git status -z -uall [893ms]
2023-03-21 18:25:50.848 [info] > git config --get commit.template [8ms]
2023-03-21 18:25:50.879 [info] > git for-each-ref --format=%(refname)%00%(upstream:short)%00%(objectname)%00%(upstream:track)%00%(upstream:remotename)%00%(upstream:remoteref) refs/heads/master refs/remotes/master [7ms]
2023-03-21 18:25:51.210 [info] > git status -z -uall [307ms]
2023-03-21 18:26:20.866 [info] > git config --get commit.template [9ms]
2023-03-21 18:26:20.942 [info] > git for-each-ref --format=%(refname)%00%(upstream:short)%00%(objectname)%00%(upstream:track)%00%(upstream:remotename)%00%(upstream:remoteref) refs/heads/master refs/remotes/master [23ms]
2023-03-21 18:26:23.415 [info] > git status -z -uall [2352ms]
2023-03-21 18:26:36.204 [info] > git config --get commit.template [3ms]
2023-03-21 18:26:36.274 [info] > git for-each-ref --format=%(refname)%00%(upstream:short)%00%(objectname)%00%(upstream:track)%00%(upstream:remotename)%00%(upstream:remoteref) refs/heads/master refs/remotes/master [16ms]
2023-03-21 18:26:37.105 [info] > git status -z -uall [744ms]
2023-03-21 18:26:43.127 [info] > git for-each-ref --format=%(refname)%00%(upstream:short)%00%(objectname)%00%(upstream:track)%00%(upstream:remotename)%00%(upstream:remoteref) refs/heads/master refs/remotes/master [8ms]
2023-03-21 18:26:43.128 [info] > git config --get commit.template [112ms]
2023-03-21 18:26:43.915 [info] > git status -z -uall [735ms]
2023-03-21 18:33:40.361 [info] > git config --get commit.template [150ms]
2023-03-21 18:33:40.732 [info] > git ls-files --stage -- /home/jamessearle71/Projects/reading-notes/code-102/102class-03.md [157ms]
2023-03-21 18:33:40.889 [info] > git ls-files --stage -- /home/jamessearle71/Projects/index.html [569ms]
2023-03-21 18:33:41.071 [info] > git cat-file -s 78b5c5c4cf8d07846c85d8a169a126f32cabfd2c [54ms]
2023-03-21 18:33:41.087 [info] > git cat-file -s 2a8340f3ed1d29f945ca945ab10b3e28ee5b9fe8 [232ms]
2023-03-21 18:33:41.089 [info] > git for-each-ref --format=%(refname)%00%(upstream:short)%00%(objectname)%00%(upstream:track)%00%(upstream:remotename)%00%(upstream:remoteref) refs/heads/master refs/remotes/master [400ms]
2023-03-21 18:33:41.862 [info] > git show --textconv :Projects/index.html [216ms]
2023-03-21 18:33:41.892 [info] > git show --textconv :code-102/102class-03.md [36ms]
2023-03-21 18:33:43.168 [info] > git status -z -uall [1978ms]
2023-03-21 18:33:46.465 [info] > git show --textconv :Projects/html.index [122ms]
2023-03-21 18:33:46.469 [info] > git ls-files --stage -- /home/jamessearle71/Projects/html.index [35ms]
2023-03-21 18:33:46.500 [info] > git cat-file -s e69de29bb2d1d6434b8b29ae775ad8c2e48c5391 [9ms]
2023-03-21 18:33:48.240 [info] > git config --get commit.template [4ms]
2023-03-21 18:33:48.282 [info] > git for-each-ref --format=%(refname)%00%(upstream:short)%00%(objectname)%00%(upstream:track)%00%(upstream:remotename)%00%(upstream:remoteref) refs/heads/master refs/remotes/master [8ms]
2023-03-21 18:33:48.886 [info] > git status -z -uall [572ms]
2023-03-21 18:35:37.323 [info] > git config --get commit.template [9ms]
2023-03-21 18:35:37.415 [info] > git for-each-ref --format=%(refname)%00%(upstream:short)%00%(objectname)%00%(upstream:track)%00%(upstream:remotename)%00%(upstream:remoteref) refs/heads/master refs/remotes/master [32ms]
