2023-03-21 10:26:13.295 [info] update#setState idle
2023-03-21 10:26:20.596 [info] [UtilityProcess id: 1, type: extensionHost, pid: <none>]: creating new...
2023-03-21 10:26:20.810 [info] [UtilityProcess id: 1, type: extensionHost, pid: 23578]: successfully created
2023-03-21 10:26:22.553 [info] [UtilityProcess id: 2, type: extensionHost, pid: <none>]: creating new...
2023-03-21 10:26:22.641 [info] [UtilityProcess id: 2, type: extensionHost, pid: 23590]: successfully created
2023-03-21 10:26:44.298 [info] update#setState checking for updates
2023-03-21 10:26:49.292 [info] update#setState idle
2023-03-21 10:28:00.363 [info] [UtilityProcess id: 1, type: extensionHost, pid: 23578]: received exit event with code 0
2023-03-21 10:28:00.363 [info] Extension host with pid 23578 exited with code: 0, signal: unknown.
2023-03-21 11:05:40.192 [info] [UtilityProcess id: 3, type: extensionHost, pid: <none>]: creating new...
2023-03-21 11:05:40.487 [info] [UtilityProcess id: 3, type: extensionHost, pid: 25559]: successfully created
2023-03-21 11:05:51.443 [info] [UtilityProcess id: 3, type: extensionHost, pid: 25559]: received exit event with code 0
2023-03-21 11:05:51.444 [info] Extension host with pid 25559 exited with code: 0, signal: unknown.
2023-03-21 11:05:55.111 [info] [UtilityProcess id: 4, type: extensionHost, pid: <none>]: creating new...
2023-03-21 11:05:55.289 [info] [UtilityProcess id: 4, type: extensionHost, pid: 25593]: successfully created
2023-03-21 11:06:29.694 [info] [UtilityProcess id: 2, type: extensionHost, pid: 23590]: received exit event with code 0
2023-03-21 11:06:29.700 [info] Extension host with pid 23590 exited with code: 0, signal: unknown.
2023-03-21 11:06:40.386 [info] [UtilityProcess id: 4, type: extensionHost, pid: 25593]: received exit event with code 0
2023-03-21 11:06:40.387 [info] Extension host with pid 25593 exited with code: 0, signal: unknown.
2023-03-21 11:06:46.234 [info] [UtilityProcess id: 5, type: extensionHost, pid: <none>]: creating new...
2023-03-21 11:06:46.849 [info] [UtilityProcess id: 5, type: extensionHost, pid: 25652]: successfully created
2023-03-21 11:07:43.844 [info] [UtilityProcess id: 5, type: extensionHost, pid: 25652]: received exit event with code 0
2023-03-21 11:07:43.857 [info] Extension host with pid 25652 exited with code: 0, signal: unknown.
2023-03-21 11:07:50.554 [info] [UtilityProcess id: 6, type: extensionHost, pid: <none>]: creating new...
2023-03-21 11:07:50.615 [info] [UtilityProcess id: 6, type: extensionHost, pid: 25714]: successfully created
2023-03-21 11:10:07.148 [info] [UtilityProcess id: 6, type: extensionHost, pid: 25714]: waiting to exit...
2023-03-21 11:10:07.278 [info] [UtilityProcess id: 6, type: extensionHost, pid: 25714]: received exit event with code 0
2023-03-21 11:10:07.288 [info] Extension host with pid 25714 exited with code: 0, signal: unknown.
