0 verbose cli /home/jamessearle71/.config/nvm/versions/node/v17.9.1/bin/node /home/jamessearle71/.config/nvm/versions/node/v17.9.1/bin/npm
1 info using npm@8.11.0
2 info using node@v17.9.1
3 timing npm:load:whichnode Completed in 1ms
4 timing config:load:defaults Completed in 4ms
5 timing config:load:file:/home/jamessearle71/.config/nvm/versions/node/v17.9.1/lib/node_modules/npm/npmrc Completed in 34ms
6 timing config:load:builtin Completed in 70ms
7 timing config:load:cli Completed in 8ms
8 timing config:load:env Completed in 1ms
9 timing config:load:project Completed in 24ms
10 timing config:load:file:/home/jamessearle71/.npmrc Completed in 0ms
11 timing config:load:user Completed in 0ms
12 timing config:load:file:/home/jamessearle71/.config/nvm/versions/node/v17.9.1/etc/npmrc Completed in 0ms
13 timing config:load:global Completed in 1ms
14 timing config:load:validate Completed in 1ms
15 timing config:load:credentials Completed in 4ms
16 timing config:load:setEnvs Completed in 3ms
17 timing config:load Completed in 122ms
18 timing npm:load:configload Completed in 123ms
19 timing npm:load:mkdirpcache Completed in 7ms
20 timing npm:load:mkdirplogs Completed in 1ms
21 verbose title npm
22 verbose argv "--version"
23 timing npm:load:setTitle Completed in 2ms
24 timing config:load:flatten Completed in 12ms
25 timing npm:load:display Completed in 19ms
26 verbose logfile logs-max:10 dir:/home/jamessearle71/.npm/_logs
27 verbose logfile /home/jamessearle71/.npm/_logs/2023-03-20T16_03_06_179Z-debug-0.log
28 timing npm:load:logFile Completed in 33ms
29 timing npm:load:timers Completed in 0ms
30 timing npm:load:configScope Completed in 2ms
31 timing npm:load Completed in 191ms
32 verbose exit 0
33 timing npm Completed in 225ms
34 info ok
