[Trace 09:56:45.703] VsCodeClientWorkspace: TextDocument.onDidOpen: file:///home/jamessearle71/demos/git-github-demo/README.md
[Trace 09:56:45.705] VsCodeClientWorkspace: TextDocument.onDidChanceContent: file:///home/jamessearle71/demos/git-github-demo/README.md
[Trace 09:56:45.720] Server: connection.languages.diagnostics.on: file:///home/jamessearle71/demos/git-github-demo/README.md
[Trace 09:56:46.427] Server: connection.languages.diagnostics.on: file:///home/jamessearle71/demos/git-github-demo/README.md
[Debug 09:56:49.096] LinkProvider: compute - file:///home/jamessearle71/demos/git-github-demo/README.md
[Debug 09:56:51.625] MdFoldingProvider: provideFoldingRanges — file:///home/jamessearle71/demos/git-github-demo/README.md 1
[Debug 09:56:51.628] TableOfContentsProvider: create - file:///home/jamessearle71/demos/git-github-demo/README.md
[Trace 09:57:00.598] DocumentSymbolProvider: provideDocumentSymbols — file:///home/jamessearle71/demos/git-github-demo/README.md 1
[Trace 09:57:18.126] VsCodeClientWorkspace: TextDocument.onDidClose: file:///home/jamessearle71/demos/git-github-demo/README.md
[Trace 09:57:18.127] VsCodeClientWorkspace: deleteDocument: file:///home/jamessearle71/demos/git-github-demo/README.md
[Trace 09:59:22.600] Server: connection.languages.diagnostics.on: file:///home/jamessearle71/demos/git-github-demo/README.md
[Trace 09:59:22.841] Server: connection.languages.diagnostics.on: file:///home/jamessearle71/demos/git-github-demo/README.md
[Trace 09:59:22.898] VsCodeClientWorkspace: TextDocument.onDidOpen: file:///home/jamessearle71/demos/git-github-demo/README.md
[Trace 09:59:22.899] VsCodeClientWorkspace: TextDocument.onDidChanceContent: file:///home/jamessearle71/demos/git-github-demo/README.md
[Trace 09:59:22.900] Server: connection.languages.diagnostics.on: file:///home/jamessearle71/demos/git-github-demo/README.md
[Trace 09:59:22.963] Server: connection.languages.diagnostics.on: file:///home/jamessearle71/demos/git-github-demo/README.md
[Debug 09:59:23.075] LinkProvider: compute - file:///home/jamessearle71/demos/git-github-demo/README.md
[Trace 09:59:23.083] DocumentSymbolProvider: provideDocumentSymbols — file:///home/jamessearle71/demos/git-github-demo/README.md 1
[Debug 09:59:23.094] TableOfContentsProvider: create - file:///home/jamessearle71/demos/git-github-demo/README.md
[Debug 09:59:23.474] MdFoldingProvider: provideFoldingRanges — file:///home/jamessearle71/demos/git-github-demo/README.md 1
[Trace 10:02:02.183] Server: connection.languages.diagnostics.on: file:///home/jamessearle71/demos/git-github-demo/README.md
[Trace 10:05:06.751] Server: connection.languages.diagnostics.on: file:///home/jamessearle71/demos/git-github-demo/README.md
[Debug 10:05:07.077] MdFoldingProvider: provideFoldingRanges — file:///home/jamessearle71/demos/git-github-demo/README.md 1
[Trace 10:05:08.478] Server: connection.languages.diagnostics.on: file:///home/jamessearle71/demos/git-github-demo/README.md
[Trace 10:05:17.301] Server: connection.languages.diagnostics.on: file:///home/jamessearle71/demos/git-github-demo/README.md
[Debug 10:05:17.461] MdFoldingProvider: provideFoldingRanges — file:///home/jamessearle71/demos/git-github-demo/README.md 1
[Trace 10:05:45.533] Server: connection.languages.diagnostics.on: file:///home/jamessearle71/demos/git-github-demo/README.md
[Trace 10:06:09.608] Server: connection.languages.diagnostics.on: file:///home/jamessearle71/demos/git-github-demo/README.md
[Debug 10:06:09.863] MdFoldingProvider: provideFoldingRanges — file:///home/jamessearle71/demos/git-github-demo/README.md 1
[Trace 10:06:11.827] Server: connection.languages.diagnostics.on: file:///home/jamessearle71/demos/git-github-demo/README.md
[Trace 10:06:22.324] Server: connection.languages.diagnostics.on: file:///home/jamessearle71/demos/git-github-demo/README.md
[Debug 10:06:22.525] MdFoldingProvider: provideFoldingRanges — file:///home/jamessearle71/demos/git-github-demo/README.md 1
[Trace 10:06:28.850] Server: connection.languages.diagnostics.on: file:///home/jamessearle71/demos/git-github-demo/README.md
[Trace 10:06:30.280] Server: connection.languages.diagnostics.on: file:///home/jamessearle71/demos/git-github-demo/README.md
[Debug 10:06:30.477] MdFoldingProvider: provideFoldingRanges — file:///home/jamessearle71/demos/git-github-demo/README.md 1
[Trace 10:06:44.763] Server: connection.languages.diagnostics.on: file:///home/jamessearle71/demos/git-github-demo/README.md
[Trace 10:07:22.197] Server: connection.languages.diagnostics.on: file:///home/jamessearle71/demos/git-github-demo/README.md
[Debug 10:07:22.395] MdFoldingProvider: provideFoldingRanges — file:///home/jamessearle71/demos/git-github-demo/README.md 1
[Trace 10:07:28.620] VsCodeClientWorkspace: TextDocument.onDidChanceContent: file:///home/jamessearle71/demos/git-github-demo/README.md
[Trace 10:07:28.629] Server: connection.languages.diagnostics.on: file:///home/jamessearle71/demos/git-github-demo/README.md
[Debug 10:07:28.825] MdFoldingProvider: provideFoldingRanges — file:///home/jamessearle71/demos/git-github-demo/README.md 2
[Debug 10:07:28.825] TableOfContentsProvider: create - file:///home/jamessearle71/demos/git-github-demo/README.md
[Trace 10:07:29.134] VsCodeClientWorkspace: TextDocument.onDidChanceContent: file:///home/jamessearle71/demos/git-github-demo/README.md
[Trace 10:07:29.136] Server: connection.languages.diagnostics.on: file:///home/jamessearle71/demos/git-github-demo/README.md
[Debug 10:07:29.337] MdFoldingProvider: provideFoldingRanges — file:///home/jamessearle71/demos/git-github-demo/README.md 3
[Debug 10:07:29.337] TableOfContentsProvider: create - file:///home/jamessearle71/demos/git-github-demo/README.md
[Debug 10:07:29.397] LinkProvider: compute - file:///home/jamessearle71/demos/git-github-demo/README.md
[Trace 10:07:29.671] VsCodeClientWorkspace: TextDocument.onDidChanceContent: file:///home/jamessearle71/demos/git-github-demo/README.md
[Trace 10:07:29.672] Server: connection.languages.diagnostics.on: file:///home/jamessearle71/demos/git-github-demo/README.md
[Trace 10:07:29.822] VsCodeClientWorkspace: TextDocument.onDidChanceContent: file:///home/jamessearle71/demos/git-github-demo/README.md
[Trace 10:07:29.823] Server: connection.languages.diagnostics.on: file:///home/jamessearle71/demos/git-github-demo/README.md
[Debug 10:07:30.025] MdFoldingProvider: provideFoldingRanges — file:///home/jamessearle71/demos/git-github-demo/README.md 5
[Debug 10:07:30.025] TableOfContentsProvider: create - file:///home/jamessearle71/demos/git-github-demo/README.md
[Debug 10:07:30.077] LinkProvider: compute - file:///home/jamessearle71/demos/git-github-demo/README.md
[Trace 10:07:30.409] DocumentSymbolProvider: provideDocumentSymbols — file:///home/jamessearle71/demos/git-github-demo/README.md 5
