2023-03-21 21:02:45.701 [info] Added views:workbench.panel.markers.view in workbench.panel.markers
2023-03-21 21:02:45.701 [info] Added views:workbench.panel.output in workbench.panel.output
2023-03-21 21:02:45.701 [info] Added views:terminal in terminal
2023-03-21 21:02:45.701 [info] Added views:outline in workbench.view.explorer
2023-03-21 21:02:45.701 [info] Added views:workbench.scm in workbench.view.scm
2023-03-21 21:02:45.702 [info] Added views:workbench.view.search in workbench.view.search
2023-03-21 21:02:45.702 [info] Added views:timeline in workbench.view.explorer
2023-03-21 21:02:45.702 [info] Added views:workbench.explorer.emptyView in workbench.view.explorer
2023-03-21 21:02:55.662 [info] Added views:workbench.debug.variablesView,workbench.debug.watchExpressionsView,workbench.debug.callStackView,workbench.debug.breakPointsView in workbench.view.debug
2023-03-21 21:03:04.846 [info] Added views:workbench.panel.repl.view in workbench.panel.repl
2023-03-21 21:03:04.872 [info] Removed views:workbench.debug.breakPointsView,workbench.debug.callStackView,workbench.debug.watchExpressionsView,workbench.debug.variablesView from workbench.view.debug
2023-03-21 21:03:04.887 [info] Added views:workbench.debug.welcome in workbench.view.debug
2023-03-21 21:03:43.140 [info] Added views:workbench.panel.markers.view in workbench.panel.markers
2023-03-21 21:03:43.140 [info] Added views:workbench.panel.output in workbench.panel.output
2023-03-21 21:03:43.140 [info] Added views:terminal in terminal
2023-03-21 21:03:43.140 [info] Added views:outline in workbench.view.explorer
2023-03-21 21:03:43.140 [info] Added views:workbench.scm in workbench.view.scm
2023-03-21 21:03:43.140 [info] Added views:workbench.view.search in workbench.view.search
2023-03-21 21:03:43.140 [info] Added views:timeline in workbench.view.explorer
2023-03-21 21:03:43.140 [info] Added views:workbench.explorer.fileView in workbench.view.explorer
2023-03-21 21:03:44.745 [info] Added views:workbench.debug.welcome in workbench.view.debug
2023-03-21 21:03:50.420 [info] Added views:workbench.panel.repl.view in workbench.panel.repl
