2023-03-21 15:50:35.610 [info] Extension host with pid 4801 started
2023-03-21 15:50:35.612 [info] Skipping acquiring lock for /home/jamessearle71/.config/Code/User/workspaceStorage/57217bf34b3030cd0fdd0858f16f38d0.
2023-03-21 15:50:36.551 [info] ExtensionService#_doActivateExtension vscode.html-language-features, startup: false, activationEvent: 'onLanguage:html'
2023-03-21 15:50:36.841 [info] ExtensionService#_doActivateExtension vscode.emmet, startup: false, activationEvent: 'onLanguage'
2023-03-21 15:50:36.903 [info] ExtensionService#_doActivateExtension vscode.git-base, startup: true, activationEvent: '*', root cause: vscode.git
2023-03-21 15:50:36.924 [info] ExtensionService#_doActivateExtension oderwat.indent-rainbow, startup: true, activationEvent: '*'
2023-03-21 15:50:37.575 [info] ExtensionService#_doActivateExtension vscode.git, startup: true, activationEvent: '*'
2023-03-21 15:50:37.937 [info] ExtensionService#_doActivateExtension vscode.github, startup: true, activationEvent: '*'
2023-03-21 15:50:39.373 [info] Eager extensions activated
2023-03-21 15:50:42.521 [warning] [Decorations] CAPPING events from decorations provider vscode.git 9114
2023-03-21 15:50:42.604 [info] ExtensionService#_doActivateExtension vscode.debug-auto-launch, startup: false, activationEvent: 'onStartupFinished'
2023-03-21 15:50:42.627 [info] ExtensionService#_doActivateExtension vscode.merge-conflict, startup: false, activationEvent: 'onStartupFinished'
2023-03-21 15:50:42.743 [info] ExtensionService#_doActivateExtension aaron-bond.better-comments, startup: false, activationEvent: 'onStartupFinished'
2023-03-21 15:50:42.821 [info] ExtensionService#_doActivateExtension dsznajder.es7-react-js-snippets, startup: false, activationEvent: 'onStartupFinished'
2023-03-21 15:50:44.763 [info] ExtensionService#_doActivateExtension vscode.npm, startup: false, activationEvent: 'onStartupFinished', root cause: esbenp.prettier-vscode
2023-03-21 15:50:44.930 [info] ExtensionService#_doActivateExtension ritwickdey.LiveServer, startup: false, activationEvent: 'onStartupFinished'
2023-03-21 15:50:44.989 [info] ExtensionService#_doActivateExtension usernamehw.errorlens, startup: false, activationEvent: 'onStartupFinished'
2023-03-21 15:50:45.001 [info] ExtensionService#_doActivateExtension vscode-icons-team.vscode-icons, startup: false, activationEvent: 'onStartupFinished'
2023-03-21 15:50:52.493 [info] ExtensionService#_doActivateExtension vscode.github-authentication, startup: false, activationEvent: 'onAuthenticationRequest:github'
2023-03-21 15:50:53.365 [info] ExtensionService#_doActivateExtension esbenp.prettier-vscode, startup: false, activationEvent: 'onStartupFinished'
2023-03-21 15:50:53.627 [info] ExtensionService#_doActivateExtension vscode.microsoft-authentication, startup: false, activationEvent: 'onAuthenticationRequest:microsoft'
2023-03-21 15:50:57.619 [warning] [Decorations] CAPPING events from decorations provider vscode.git 9122
2023-03-21 15:51:07.432 [warning] [Decorations] CAPPING events from decorations provider vscode.git 9122
2023-03-21 15:51:16.441 [warning] [Decorations] CAPPING events from decorations provider vscode.git 9122
2023-03-21 15:51:27.998 [warning] [Decorations] CAPPING events from decorations provider vscode.git 9122
2023-03-21 15:52:10.904 [warning] [Decorations] CAPPING events from decorations provider vscode.git 9122
2023-03-21 15:52:23.465 [warning] [Decorations] CAPPING events from decorations provider vscode.git 9122
2023-03-21 15:52:34.399 [warning] [Decorations] CAPPING events from decorations provider vscode.git 9122
2023-03-21 15:52:45.296 [warning] [Decorations] CAPPING events from decorations provider vscode.git 9122
2023-03-21 15:52:59.516 [warning] [Decorations] CAPPING events from decorations provider vscode.git 9122
2023-03-21 15:53:10.932 [warning] [Decorations] CAPPING events from decorations provider vscode.git 9122
2023-03-21 15:53:17.046 [warning] [Decorations] CAPPING events from decorations provider vscode.git 9122
2023-03-21 15:53:23.368 [warning] [Decorations] CAPPING events from decorations provider vscode.git 9122
2023-03-21 15:53:29.107 [warning] [Decorations] CAPPING events from decorations provider vscode.git 9122
2023-03-21 15:53:35.271 [warning] [Decorations] CAPPING events from decorations provider vscode.git 9122
2023-03-21 15:53:41.049 [warning] [Decorations] CAPPING events from decorations provider vscode.git 9122
2023-03-21 15:53:46.850 [warning] [Decorations] CAPPING events from decorations provider vscode.git 9122
2023-03-21 15:53:52.584 [warning] [Decorations] CAPPING events from decorations provider vscode.git 9122
2023-03-21 15:53:58.517 [warning] [Decorations] CAPPING events from decorations provider vscode.git 9122
2023-03-21 15:54:04.345 [warning] [Decorations] CAPPING events from decorations provider vscode.git 9122
2023-03-21 15:54:10.404 [warning] [Decorations] CAPPING events from decorations provider vscode.git 9122
2023-03-21 15:54:16.126 [warning] [Decorations] CAPPING events from decorations provider vscode.git 9122
2023-03-21 15:54:22.107 [warning] [Decorations] CAPPING events from decorations provider vscode.git 9122
2023-03-21 15:54:27.920 [warning] [Decorations] CAPPING events from decorations provider vscode.git 9122
2023-03-21 15:54:33.995 [warning] [Decorations] CAPPING events from decorations provider vscode.git 9122
2023-03-21 15:54:39.888 [warning] [Decorations] CAPPING events from decorations provider vscode.git 9122
2023-03-21 15:54:45.729 [warning] [Decorations] CAPPING events from decorations provider vscode.git 9122
2023-03-21 15:54:51.949 [warning] [Decorations] CAPPING events from decorations provider vscode.git 9122
2023-03-21 15:55:09.936 [warning] [Decorations] CAPPING events from decorations provider vscode.git 9122
2023-03-21 15:55:18.439 [warning] [Decorations] CAPPING events from decorations provider vscode.git 9122
2023-03-21 15:55:26.375 [warning] [Decorations] CAPPING events from decorations provider vscode.git 9122
2023-03-21 15:55:33.852 [warning] [Decorations] CAPPING events from decorations provider vscode.git 9122
2023-03-21 15:55:42.574 [warning] [Decorations] CAPPING events from decorations provider vscode.git 9122
2023-03-21 15:55:50.777 [warning] [Decorations] CAPPING events from decorations provider vscode.git 9122
2023-03-21 15:55:57.155 [warning] [Decorations] CAPPING events from decorations provider vscode.git 9122
2023-03-21 15:56:02.853 [warning] [Decorations] CAPPING events from decorations provider vscode.git 9122
2023-03-21 15:56:08.532 [warning] [Decorations] CAPPING events from decorations provider vscode.git 9122
2023-03-21 15:56:14.463 [warning] [Decorations] CAPPING events from decorations provider vscode.git 9122
2023-03-21 15:56:20.290 [warning] [Decorations] CAPPING events from decorations provider vscode.git 9122
2023-03-21 15:56:26.003 [warning] [Decorations] CAPPING events from decorations provider vscode.git 9122
2023-03-21 15:56:29.418 [error] [vscode.emmet] provider FAILED
2023-03-21 15:56:29.422 [error] Error: Unable to find matching pair for < at char 665
	at r.error (/usr/share/code/resources/app/extensions/emmet/dist/node/emmetNodeMain.js:1:22607)
	at f (/usr/share/code/resources/app/extensions/emmet/dist/node/emmetNodeMain.js:1:21837)
	at u (/usr/share/code/resources/app/extensions/emmet/dist/node/emmetNodeMain.js:1:14498)
	at l (/usr/share/code/resources/app/extensions/emmet/dist/node/emmetNodeMain.js:1:14611)
	at /usr/share/code/resources/app/extensions/emmet/dist/node/emmetNodeMain.js:1:15226
	at m (/usr/share/code/resources/app/extensions/emmet/dist/node/emmetNodeMain.js:1:15333)
	at E (/usr/share/code/resources/app/extensions/emmet/dist/node/emmetNodeMain.js:1:16251)
	at I (/usr/share/code/resources/app/extensions/emmet/dist/node/emmetNodeMain.js:1:16661)
	at t.getRootNode (/usr/share/code/resources/app/extensions/emmet/dist/node/emmetNodeMain.js:1:210303)
	at t.DefaultCompletionItemProvider.b (/usr/share/code/resources/app/extensions/emmet/dist/node/emmetNodeMain.js:1:195403)
	at t.DefaultCompletionItemProvider.provideCompletionItems (/usr/share/code/resources/app/extensions/emmet/dist/node/emmetNodeMain.js:1:194341)
	at Y.provideCompletionItems (/usr/share/code/resources/app/out/vs/workbench/api/node/extensionHostProcess.js:98:44972)
	at /usr/share/code/resources/app/out/vs/workbench/api/node/extensionHostProcess.js:98:65019
	at ce.s (/usr/share/code/resources/app/out/vs/workbench/api/node/extensionHostProcess.js:98:56987)
	at ce.$provideCompletionItems (/usr/share/code/resources/app/out/vs/workbench/api/node/extensionHostProcess.js:98:65006)
	at a.N (/usr/share/code/resources/app/out/vs/workbench/api/node/extensionHostProcess.js:106:11223)
	at a.M (/usr/share/code/resources/app/out/vs/workbench/api/node/extensionHostProcess.js:106:10941)
	at a.H (/usr/share/code/resources/app/out/vs/workbench/api/node/extensionHostProcess.js:106:9996)
	at a.G (/usr/share/code/resources/app/out/vs/workbench/api/node/extensionHostProcess.js:106:9015)
	at /usr/share/code/resources/app/out/vs/workbench/api/node/extensionHostProcess.js:106:7803
	at f.invoke (/usr/share/code/resources/app/out/vs/workbench/api/node/extensionHostProcess.js:63:145)
	at m.deliver (/usr/share/code/resources/app/out/vs/workbench/api/node/extensionHostProcess.js:63:2066)
	at d.fire (/usr/share/code/resources/app/out/vs/workbench/api/node/extensionHostProcess.js:63:1704)
	at p.fire (/usr/share/code/resources/app/out/vs/workbench/api/node/extensionHostProcess.js:72:14907)
	at /usr/share/code/resources/app/out/vs/workbench/api/node/extensionHostProcess.js:122:16556
	at f.invoke (/usr/share/code/resources/app/out/vs/workbench/api/node/extensionHostProcess.js:63:145)
	at m.deliver (/usr/share/code/resources/app/out/vs/workbench/api/node/extensionHostProcess.js:63:2066)
	at d.fire (/usr/share/code/resources/app/out/vs/workbench/api/node/extensionHostProcess.js:63:1704)
	at p.fire (/usr/share/code/resources/app/out/vs/workbench/api/node/extensionHostProcess.js:72:14907)
	at MessagePortMain.<anonymous> (/usr/share/code/resources/app/out/vs/workbench/api/node/extensionHostProcess.js:122:14682)
	at MessagePortMain.emit (node:events:526:28)
	at MessagePortMain._internalPort.emit (node:electron/js2c/utility_init:5:364)
2023-03-21 15:56:29.838 [error] [vscode.emmet] provider FAILED
2023-03-21 15:56:29.840 [error] Error: Unable to find matching pair for < at char 665
	at r.error (/usr/share/code/resources/app/extensions/emmet/dist/node/emmetNodeMain.js:1:22607)
	at f (/usr/share/code/resources/app/extensions/emmet/dist/node/emmetNodeMain.js:1:21837)
	at u (/usr/share/code/resources/app/extensions/emmet/dist/node/emmetNodeMain.js:1:14498)
	at l (/usr/share/code/resources/app/extensions/emmet/dist/node/emmetNodeMain.js:1:14611)
	at /usr/share/code/resources/app/extensions/emmet/dist/node/emmetNodeMain.js:1:15226
	at m (/usr/share/code/resources/app/extensions/emmet/dist/node/emmetNodeMain.js:1:15333)
	at E (/usr/share/code/resources/app/extensions/emmet/dist/node/emmetNodeMain.js:1:16251)
	at I (/usr/share/code/resources/app/extensions/emmet/dist/node/emmetNodeMain.js:1:16661)
	at t.getRootNode (/usr/share/code/resources/app/extensions/emmet/dist/node/emmetNodeMain.js:1:210303)
	at t.DefaultCompletionItemProvider.b (/usr/share/code/resources/app/extensions/emmet/dist/node/emmetNodeMain.js:1:195403)
	at t.DefaultCompletionItemProvider.provideCompletionItems (/usr/share/code/resources/app/extensions/emmet/dist/node/emmetNodeMain.js:1:194341)
	at Y.provideCompletionItems (/usr/share/code/resources/app/out/vs/workbench/api/node/extensionHostProcess.js:98:44972)
	at /usr/share/code/resources/app/out/vs/workbench/api/node/extensionHostProcess.js:98:65019
	at ce.s (/usr/share/code/resources/app/out/vs/workbench/api/node/extensionHostProcess.js:98:56987)
	at ce.$provideCompletionItems (/usr/share/code/resources/app/out/vs/workbench/api/node/extensionHostProcess.js:98:65006)
	at a.N (/usr/share/code/resources/app/out/vs/workbench/api/node/extensionHostProcess.js:106:11223)
	at a.M (/usr/share/code/resources/app/out/vs/workbench/api/node/extensionHostProcess.js:106:10941)
	at a.H (/usr/share/code/resources/app/out/vs/workbench/api/node/extensionHostProcess.js:106:9996)
	at a.G (/usr/share/code/resources/app/out/vs/workbench/api/node/extensionHostProcess.js:106:9015)
	at /usr/share/code/resources/app/out/vs/workbench/api/node/extensionHostProcess.js:106:7803
	at f.invoke (/usr/share/code/resources/app/out/vs/workbench/api/node/extensionHostProcess.js:63:145)
	at m.deliver (/usr/share/code/resources/app/out/vs/workbench/api/node/extensionHostProcess.js:63:2066)
	at d.fire (/usr/share/code/resources/app/out/vs/workbench/api/node/extensionHostProcess.js:63:1704)
	at p.fire (/usr/share/code/resources/app/out/vs/workbench/api/node/extensionHostProcess.js:72:14907)
	at /usr/share/code/resources/app/out/vs/workbench/api/node/extensionHostProcess.js:122:16556
	at f.invoke (/usr/share/code/resources/app/out/vs/workbench/api/node/extensionHostProcess.js:63:145)
	at m.deliver (/usr/share/code/resources/app/out/vs/workbench/api/node/extensionHostProcess.js:63:2066)
	at d.fire (/usr/share/code/resources/app/out/vs/workbench/api/node/extensionHostProcess.js:63:1704)
	at p.fire (/usr/share/code/resources/app/out/vs/workbench/api/node/extensionHostProcess.js:72:14907)
	at MessagePortMain.<anonymous> (/usr/share/code/resources/app/out/vs/workbench/api/node/extensionHostProcess.js:122:14682)
	at MessagePortMain.emit (node:events:526:28)
	at MessagePortMain._internalPort.emit (node:electron/js2c/utility_init:5:364)
2023-03-21 15:56:30.151 [error] [vscode.emmet] provider FAILED
2023-03-21 15:56:30.151 [error] Error: Unable to find matching pair for < at char 665
	at r.error (/usr/share/code/resources/app/extensions/emmet/dist/node/emmetNodeMain.js:1:22607)
	at f (/usr/share/code/resources/app/extensions/emmet/dist/node/emmetNodeMain.js:1:21837)
	at u (/usr/share/code/resources/app/extensions/emmet/dist/node/emmetNodeMain.js:1:14498)
	at l (/usr/share/code/resources/app/extensions/emmet/dist/node/emmetNodeMain.js:1:14611)
	at /usr/share/code/resources/app/extensions/emmet/dist/node/emmetNodeMain.js:1:15226
	at m (/usr/share/code/resources/app/extensions/emmet/dist/node/emmetNodeMain.js:1:15333)
	at E (/usr/share/code/resources/app/extensions/emmet/dist/node/emmetNodeMain.js:1:16251)
	at I (/usr/share/code/resources/app/extensions/emmet/dist/node/emmetNodeMain.js:1:16661)
	at t.getRootNode (/usr/share/code/resources/app/extensions/emmet/dist/node/emmetNodeMain.js:1:210303)
	at t.DefaultCompletionItemProvider.b (/usr/share/code/resources/app/extensions/emmet/dist/node/emmetNodeMain.js:1:195403)
	at t.DefaultCompletionItemProvider.provideCompletionItems (/usr/share/code/resources/app/extensions/emmet/dist/node/emmetNodeMain.js:1:194341)
	at Y.provideCompletionItems (/usr/share/code/resources/app/out/vs/workbench/api/node/extensionHostProcess.js:98:44972)
	at /usr/share/code/resources/app/out/vs/workbench/api/node/extensionHostProcess.js:98:65019
	at ce.s (/usr/share/code/resources/app/out/vs/workbench/api/node/extensionHostProcess.js:98:56987)
	at ce.$provideCompletionItems (/usr/share/code/resources/app/out/vs/workbench/api/node/extensionHostProcess.js:98:65006)
	at a.N (/usr/share/code/resources/app/out/vs/workbench/api/node/extensionHostProcess.js:106:11223)
	at a.M (/usr/share/code/resources/app/out/vs/workbench/api/node/extensionHostProcess.js:106:10941)
	at a.H (/usr/share/code/resources/app/out/vs/workbench/api/node/extensionHostProcess.js:106:9996)
	at a.G (/usr/share/code/resources/app/out/vs/workbench/api/node/extensionHostProcess.js:106:9015)
	at /usr/share/code/resources/app/out/vs/workbench/api/node/extensionHostProcess.js:106:7803
	at f.invoke (/usr/share/code/resources/app/out/vs/workbench/api/node/extensionHostProcess.js:63:145)
	at m.deliver (/usr/share/code/resources/app/out/vs/workbench/api/node/extensionHostProcess.js:63:2066)
	at d.fire (/usr/share/code/resources/app/out/vs/workbench/api/node/extensionHostProcess.js:63:1704)
	at p.fire (/usr/share/code/resources/app/out/vs/workbench/api/node/extensionHostProcess.js:72:14907)
	at /usr/share/code/resources/app/out/vs/workbench/api/node/extensionHostProcess.js:122:16556
	at f.invoke (/usr/share/code/resources/app/out/vs/workbench/api/node/extensionHostProcess.js:63:145)
	at m.deliver (/usr/share/code/resources/app/out/vs/workbench/api/node/extensionHostProcess.js:63:2066)
	at d.fire (/usr/share/code/resources/app/out/vs/workbench/api/node/extensionHostProcess.js:63:1704)
	at p.fire (/usr/share/code/resources/app/out/vs/workbench/api/node/extensionHostProcess.js:72:14907)
	at MessagePortMain.<anonymous> (/usr/share/code/resources/app/out/vs/workbench/api/node/extensionHostProcess.js:122:14682)
	at MessagePortMain.emit (node:events:526:28)
	at MessagePortMain._internalPort.emit (node:electron/js2c/utility_init:5:364)
2023-03-21 15:56:32.034 [warning] [Decorations] CAPPING events from decorations provider vscode.git 9122
2023-03-21 15:56:35.918 [error] [vscode.emmet] provider FAILED
2023-03-21 15:56:35.925 [error] Error: Unable to find matching pair for < at char 677
	at r.error (/usr/share/code/resources/app/extensions/emmet/dist/node/emmetNodeMain.js:1:22607)
	at f (/usr/share/code/resources/app/extensions/emmet/dist/node/emmetNodeMain.js:1:21837)
	at u (/usr/share/code/resources/app/extensions/emmet/dist/node/emmetNodeMain.js:1:14498)
	at l (/usr/share/code/resources/app/extensions/emmet/dist/node/emmetNodeMain.js:1:14611)
	at /usr/share/code/resources/app/extensions/emmet/dist/node/emmetNodeMain.js:1:15226
	at m (/usr/share/code/resources/app/extensions/emmet/dist/node/emmetNodeMain.js:1:15333)
	at E (/usr/share/code/resources/app/extensions/emmet/dist/node/emmetNodeMain.js:1:16251)
	at I (/usr/share/code/resources/app/extensions/emmet/dist/node/emmetNodeMain.js:1:16661)
	at t.getRootNode (/usr/share/code/resources/app/extensions/emmet/dist/node/emmetNodeMain.js:1:210303)
	at t.DefaultCompletionItemProvider.b (/usr/share/code/resources/app/extensions/emmet/dist/node/emmetNodeMain.js:1:195403)
	at t.DefaultCompletionItemProvider.provideCompletionItems (/usr/share/code/resources/app/extensions/emmet/dist/node/emmetNodeMain.js:1:194341)
	at Y.provideCompletionItems (/usr/share/code/resources/app/out/vs/workbench/api/node/extensionHostProcess.js:98:44972)
	at /usr/share/code/resources/app/out/vs/workbench/api/node/extensionHostProcess.js:98:65019
	at ce.s (/usr/share/code/resources/app/out/vs/workbench/api/node/extensionHostProcess.js:98:56987)
	at ce.$provideCompletionItems (/usr/share/code/resources/app/out/vs/workbench/api/node/extensionHostProcess.js:98:65006)
	at a.N (/usr/share/code/resources/app/out/vs/workbench/api/node/extensionHostProcess.js:106:11223)
	at a.M (/usr/share/code/resources/app/out/vs/workbench/api/node/extensionHostProcess.js:106:10941)
	at a.H (/usr/share/code/resources/app/out/vs/workbench/api/node/extensionHostProcess.js:106:9996)
	at a.G (/usr/share/code/resources/app/out/vs/workbench/api/node/extensionHostProcess.js:106:9015)
	at /usr/share/code/resources/app/out/vs/workbench/api/node/extensionHostProcess.js:106:7803
	at f.invoke (/usr/share/code/resources/app/out/vs/workbench/api/node/extensionHostProcess.js:63:145)
	at m.deliver (/usr/share/code/resources/app/out/vs/workbench/api/node/extensionHostProcess.js:63:2066)
	at d.fire (/usr/share/code/resources/app/out/vs/workbench/api/node/extensionHostProcess.js:63:1704)
	at p.fire (/usr/share/code/resources/app/out/vs/workbench/api/node/extensionHostProcess.js:72:14907)
	at /usr/share/code/resources/app/out/vs/workbench/api/node/extensionHostProcess.js:122:16556
	at f.invoke (/usr/share/code/resources/app/out/vs/workbench/api/node/extensionHostProcess.js:63:145)
	at m.deliver (/usr/share/code/resources/app/out/vs/workbench/api/node/extensionHostProcess.js:63:2066)
	at d.fire (/usr/share/code/resources/app/out/vs/workbench/api/node/extensionHostProcess.js:63:1704)
	at p.fire (/usr/share/code/resources/app/out/vs/workbench/api/node/extensionHostProcess.js:72:14907)
	at MessagePortMain.<anonymous> (/usr/share/code/resources/app/out/vs/workbench/api/node/extensionHostProcess.js:122:14682)
	at MessagePortMain.emit (node:events:526:28)
	at MessagePortMain._internalPort.emit (node:electron/js2c/utility_init:5:364)
2023-03-21 15:56:36.233 [error] [vscode.emmet] provider FAILED
2023-03-21 15:56:36.234 [error] Error: Unable to find matching pair for < at char 677
	at r.error (/usr/share/code/resources/app/extensions/emmet/dist/node/emmetNodeMain.js:1:22607)
	at f (/usr/share/code/resources/app/extensions/emmet/dist/node/emmetNodeMain.js:1:21837)
	at u (/usr/share/code/resources/app/extensions/emmet/dist/node/emmetNodeMain.js:1:14498)
	at l (/usr/share/code/resources/app/extensions/emmet/dist/node/emmetNodeMain.js:1:14611)
	at /usr/share/code/resources/app/extensions/emmet/dist/node/emmetNodeMain.js:1:15226
	at m (/usr/share/code/resources/app/extensions/emmet/dist/node/emmetNodeMain.js:1:15333)
	at E (/usr/share/code/resources/app/extensions/emmet/dist/node/emmetNodeMain.js:1:16251)
	at I (/usr/share/code/resources/app/extensions/emmet/dist/node/emmetNodeMain.js:1:16661)
	at t.getRootNode (/usr/share/code/resources/app/extensions/emmet/dist/node/emmetNodeMain.js:1:210303)
	at t.DefaultCompletionItemProvider.b (/usr/share/code/resources/app/extensions/emmet/dist/node/emmetNodeMain.js:1:195403)
	at t.DefaultCompletionItemProvider.provideCompletionItems (/usr/share/code/resources/app/extensions/emmet/dist/node/emmetNodeMain.js:1:194341)
	at Y.provideCompletionItems (/usr/share/code/resources/app/out/vs/workbench/api/node/extensionHostProcess.js:98:44972)
	at /usr/share/code/resources/app/out/vs/workbench/api/node/extensionHostProcess.js:98:65019
	at ce.s (/usr/share/code/resources/app/out/vs/workbench/api/node/extensionHostProcess.js:98:56987)
	at ce.$provideCompletionItems (/usr/share/code/resources/app/out/vs/workbench/api/node/extensionHostProcess.js:98:65006)
	at a.N (/usr/share/code/resources/app/out/vs/workbench/api/node/extensionHostProcess.js:106:11223)
	at a.M (/usr/share/code/resources/app/out/vs/workbench/api/node/extensionHostProcess.js:106:10941)
	at a.H (/usr/share/code/resources/app/out/vs/workbench/api/node/extensionHostProcess.js:106:9996)
	at a.G (/usr/share/code/resources/app/out/vs/workbench/api/node/extensionHostProcess.js:106:9015)
	at /usr/share/code/resources/app/out/vs/workbench/api/node/extensionHostProcess.js:106:7803
	at f.invoke (/usr/share/code/resources/app/out/vs/workbench/api/node/extensionHostProcess.js:63:145)
	at m.deliver (/usr/share/code/resources/app/out/vs/workbench/api/node/extensionHostProcess.js:63:2066)
	at d.fire (/usr/share/code/resources/app/out/vs/workbench/api/node/extensionHostProcess.js:63:1704)
	at p.fire (/usr/share/code/resources/app/out/vs/workbench/api/node/extensionHostProcess.js:72:14907)
	at /usr/share/code/resources/app/out/vs/workbench/api/node/extensionHostProcess.js:122:16556
	at f.invoke (/usr/share/code/resources/app/out/vs/workbench/api/node/extensionHostProcess.js:63:145)
	at m.deliver (/usr/share/code/resources/app/out/vs/workbench/api/node/extensionHostProcess.js:63:2066)
	at d.fire (/usr/share/code/resources/app/out/vs/workbench/api/node/extensionHostProcess.js:63:1704)
	at p.fire (/usr/share/code/resources/app/out/vs/workbench/api/node/extensionHostProcess.js:72:14907)
	at MessagePortMain.<anonymous> (/usr/share/code/resources/app/out/vs/workbench/api/node/extensionHostProcess.js:122:14682)
	at MessagePortMain.emit (node:events:526:28)
	at MessagePortMain._internalPort.emit (node:electron/js2c/utility_init:5:364)
2023-03-21 15:56:37.906 [warning] [Decorations] CAPPING events from decorations provider vscode.git 9122
2023-03-21 15:56:43.725 [warning] [Decorations] CAPPING events from decorations provider vscode.git 9122
2023-03-21 15:57:13.096 [warning] [Decorations] CAPPING events from decorations provider vscode.git 9122
2023-03-21 15:57:18.892 [warning] [Decorations] CAPPING events from decorations provider vscode.git 9122
2023-03-21 15:57:24.610 [warning] [Decorations] CAPPING events from decorations provider vscode.git 9122
2023-03-21 15:57:32.718 [warning] [Decorations] CAPPING events from decorations provider vscode.git 9122
2023-03-21 15:57:39.506 [warning] [Decorations] CAPPING events from decorations provider vscode.git 9122
2023-03-21 15:57:45.730 [warning] [Decorations] CAPPING events from decorations provider vscode.git 9122
2023-03-21 15:57:51.506 [warning] [Decorations] CAPPING events from decorations provider vscode.git 9122
2023-03-21 15:57:57.966 [warning] [Decorations] CAPPING events from decorations provider vscode.git 9122
2023-03-21 15:58:04.816 [warning] [Decorations] CAPPING events from decorations provider vscode.git 9122
2023-03-21 15:58:11.174 [warning] [Decorations] CAPPING events from decorations provider vscode.git 9122
2023-03-21 15:58:17.586 [warning] [Decorations] CAPPING events from decorations provider vscode.git 9122
2023-03-21 15:58:25.602 [warning] [Decorations] CAPPING events from decorations provider vscode.git 9122
2023-03-21 15:58:31.733 [warning] [Decorations] CAPPING events from decorations provider vscode.git 9122
2023-03-21 15:58:37.421 [warning] [Decorations] CAPPING events from decorations provider vscode.git 9122
2023-03-21 15:58:43.056 [warning] [Decorations] CAPPING events from decorations provider vscode.git 9122
2023-03-21 15:58:51.581 [warning] [Decorations] CAPPING events from decorations provider vscode.git 9122
2023-03-21 15:58:57.306 [warning] [Decorations] CAPPING events from decorations provider vscode.git 9122
2023-03-21 16:01:55.055 [warning] [Decorations] CAPPING events from decorations provider vscode.git 9122
2023-03-21 16:02:05.347 [warning] [Decorations] CAPPING events from decorations provider vscode.git 9122
2023-03-21 16:02:17.178 [warning] [Decorations] CAPPING events from decorations provider vscode.git 9123
2023-03-21 16:02:39.917 [warning] [Decorations] CAPPING events from decorations provider vscode.git 9122
2023-03-21 16:02:52.265 [warning] [Decorations] CAPPING events from decorations provider vscode.git 9123
2023-03-21 16:03:18.733 [warning] [Decorations] CAPPING events from decorations provider vscode.git 9123
2023-03-21 16:03:31.899 [warning] [Decorations] CAPPING events from decorations provider vscode.git 9123
2023-03-21 16:03:43.639 [warning] [Decorations] CAPPING events from decorations provider vscode.git 9123
2023-03-21 16:03:55.781 [warning] [Decorations] CAPPING events from decorations provider vscode.git 9123
2023-03-21 16:04:07.991 [warning] [Decorations] CAPPING events from decorations provider vscode.git 9123
2023-03-21 16:04:13.802 [warning] [Decorations] CAPPING events from decorations provider vscode.git 9123
2023-03-21 16:04:19.728 [warning] [Decorations] CAPPING events from decorations provider vscode.git 9123
2023-03-21 16:04:25.445 [warning] [Decorations] CAPPING events from decorations provider vscode.git 9123
2023-03-21 16:04:32.076 [warning] [Decorations] CAPPING events from decorations provider vscode.git 9123
2023-03-21 16:04:38.196 [warning] [Decorations] CAPPING events from decorations provider vscode.git 9123
2023-03-21 16:04:52.336 [warning] [Decorations] CAPPING events from decorations provider vscode.git 9123
2023-03-21 16:05:06.661 [warning] [Decorations] CAPPING events from decorations provider vscode.git 9123
2023-03-21 16:06:35.387 [warning] [Decorations] CAPPING events from decorations provider vscode.git 9124
2023-03-21 16:06:48.259 [warning] [Decorations] CAPPING events from decorations provider vscode.git 9123
2023-03-21 16:07:01.935 [warning] [Decorations] CAPPING events from decorations provider vscode.git 9124
2023-03-21 16:07:15.755 [warning] [Decorations] CAPPING events from decorations provider vscode.git 9124
2023-03-21 16:07:24.995 [warning] [Decorations] CAPPING events from decorations provider vscode.git 9125
2023-03-21 16:07:36.500 [warning] [Decorations] CAPPING events from decorations provider vscode.git 9125
2023-03-21 16:07:51.091 [warning] [Decorations] CAPPING events from decorations provider vscode.git 9126
2023-03-21 16:07:59.002 [warning] [Decorations] CAPPING events from decorations provider vscode.git 9125
2023-03-21 16:08:08.615 [warning] [Decorations] CAPPING events from decorations provider vscode.git 9125
2023-03-21 16:08:54.064 [warning] [Decorations] CAPPING events from decorations provider vscode.git 9125
2023-03-21 16:09:08.974 [warning] [Decorations] CAPPING events from decorations provider vscode.git 9125
2023-03-21 16:09:22.005 [warning] [Decorations] CAPPING events from decorations provider vscode.git 9125
2023-03-21 16:09:36.310 [warning] [Decorations] CAPPING events from decorations provider vscode.git 9125
2023-03-21 16:09:48.459 [warning] [Decorations] CAPPING events from decorations provider vscode.git 9124
2023-03-21 16:10:37.471 [warning] [Decorations] CAPPING events from decorations provider vscode.git 9124
2023-03-21 16:10:54.541 [warning] [Decorations] CAPPING events from decorations provider vscode.git 9124
2023-03-21 16:11:08.491 [warning] [Decorations] CAPPING events from decorations provider vscode.git 9125
2023-03-21 16:11:21.500 [error] {"message":"Git error","stdout":"","stderr":"fatal: Pathspec '/home/jamessearle71/Wireframe/wireframe-demo/README.md' is in submodule 'Wireframe/wireframe-demo'\n","exitCode":128,"gitErrorCode":"IsInSubmodule"}
2023-03-21 16:11:22.540 [error] {"message":"Git error","stdout":"","stderr":"fatal: Pathspec '/home/jamessearle71/Wireframe/wireframe-demo/README.md' is in submodule 'Wireframe/wireframe-demo'\n","exitCode":128,"gitErrorCode":"IsInSubmodule"}
2023-03-21 16:11:25.266 [warning] [Decorations] CAPPING events from decorations provider vscode.git 9125
2023-03-21 16:11:42.072 [info] ExtensionService#_doActivateExtension vscode.extension-editing, startup: false, activationEvent: 'onLanguage:markdown'
2023-03-21 16:11:42.338 [info] ExtensionService#_doActivateExtension vscode.markdown-language-features, startup: false, activationEvent: 'onLanguage:markdown'
2023-03-21 16:11:47.036 [warning] [Decorations] CAPPING events from decorations provider vscode.git 9125
2023-03-21 16:12:03.386 [warning] [Decorations] CAPPING events from decorations provider vscode.git 9126
2023-03-21 16:12:12.681 [warning] [Decorations] CAPPING events from decorations provider vscode.git 9125
2023-03-21 16:12:23.912 [warning] [Decorations] CAPPING events from decorations provider vscode.git 9125
2023-03-21 16:13:52.562 [warning] [Decorations] CAPPING events from decorations provider vscode.git 9125
2023-03-21 16:14:08.915 [warning] [Decorations] CAPPING events from decorations provider vscode.git 9125
2023-03-21 16:14:23.531 [warning] [Decorations] CAPPING events from decorations provider vscode.git 9125
2023-03-21 16:14:41.169 [warning] [Decorations] CAPPING events from decorations provider vscode.git 9125
2023-03-21 16:14:56.762 [warning] [Decorations] CAPPING events from decorations provider vscode.git 9126
2023-03-21 16:15:10.696 [warning] [Decorations] CAPPING events from decorations provider vscode.git 9126
2023-03-21 16:15:20.585 [warning] [Decorations] CAPPING events from decorations provider vscode.git 9126
2023-03-21 16:15:31.519 [warning] [Decorations] CAPPING events from decorations provider vscode.git 9126
2023-03-21 16:15:42.846 [warning] [Decorations] CAPPING events from decorations provider vscode.git 9126
2023-03-21 16:15:56.718 [warning] [Decorations] CAPPING events from decorations provider vscode.git 9126
2023-03-21 16:16:12.136 [warning] [Decorations] CAPPING events from decorations provider vscode.git 9126
2023-03-21 16:16:21.912 [info] ExtensionService#_doActivateExtension vscode.configuration-editing, startup: false, activationEvent: 'onLanguage:jsonc'
2023-03-21 16:16:22.144 [info] ExtensionService#_doActivateExtension vscode.json-language-features, startup: false, activationEvent: 'onLanguage:jsonc'
2023-03-21 16:16:22.746 [info] ExtensionService#_doActivateExtension vscode.typescript-language-features, startup: false, activationEvent: 'onLanguage:jsonc'
2023-03-21 16:16:29.062 [warning] [Decorations] CAPPING events from decorations provider vscode.git 9128
2023-03-21 16:16:57.361 [warning] [Decorations] CAPPING events from decorations provider vscode.git 9128
2023-03-21 16:17:10.925 [warning] [Decorations] CAPPING events from decorations provider vscode.git 9128
2023-03-21 16:17:20.747 [warning] [Decorations] CAPPING events from decorations provider vscode.git 9128
2023-03-21 16:17:30.830 [warning] [Decorations] CAPPING events from decorations provider vscode.git 9128
2023-03-21 16:17:42.369 [warning] [Decorations] CAPPING events from decorations provider vscode.git 9128
2023-03-21 16:18:43.274 [warning] [Decorations] CAPPING events from decorations provider vscode.git 9128
2023-03-21 16:18:58.425 [warning] [Decorations] CAPPING events from decorations provider vscode.git 9128
2023-03-21 16:19:27.042 [warning] [Decorations] CAPPING events from decorations provider vscode.git 9128
2023-03-21 16:21:20.510 [warning] [Decorations] CAPPING events from decorations provider vscode.git 9128
2023-03-21 16:21:35.813 [warning] [Decorations] CAPPING events from decorations provider vscode.git 9128
2023-03-21 16:22:05.184 [warning] [Decorations] CAPPING events from decorations provider vscode.git 9128
2023-03-21 16:22:19.207 [warning] [Decorations] CAPPING events from decorations provider vscode.git 9128
2023-03-21 16:22:32.127 [warning] [Decorations] CAPPING events from decorations provider vscode.git 9128
2023-03-21 16:22:43.459 [warning] [Decorations] CAPPING events from decorations provider vscode.git 9128
2023-03-21 16:22:54.696 [warning] [Decorations] CAPPING events from decorations provider vscode.git 9128
2023-03-21 16:23:07.229 [warning] [Decorations] CAPPING events from decorations provider vscode.git 9128
2023-03-21 16:23:18.223 [warning] [Decorations] CAPPING events from decorations provider vscode.git 9128
2023-03-21 16:23:26.046 [warning] [Decorations] CAPPING events from decorations provider vscode.git 9128
2023-03-21 16:23:35.692 [warning] [Decorations] CAPPING events from decorations provider vscode.git 9128
2023-03-21 16:23:44.393 [warning] [Decorations] CAPPING events from decorations provider vscode.git 9128
2023-03-21 16:23:56.585 [warning] [Decorations] CAPPING events from decorations provider vscode.git 9128
2023-03-21 16:24:07.084 [warning] [Decorations] CAPPING events from decorations provider vscode.git 9128
2023-03-21 16:24:20.593 [warning] [Decorations] CAPPING events from decorations provider vscode.git 9128
2023-03-21 16:24:33.393 [warning] [Decorations] CAPPING events from decorations provider vscode.git 9128
2023-03-21 16:24:48.085 [warning] [Decorations] CAPPING events from decorations provider vscode.git 9128
2023-03-21 16:26:06.849 [info] ExtensionService#_doActivateExtension vscode.markdown-math, startup: false, activationEvent: 'api', root cause: vscode.markdown-language-features
2023-03-21 16:26:08.272 [warning] [Decorations] CAPPING events from decorations provider vscode.git 9128
2023-03-21 16:27:08.677 [warning] [Decorations] CAPPING events from decorations provider vscode.git 9128
