2023-03-21 19:20:23.338 [info] Log level: Info
2023-03-21 19:20:23.339 [info] Validating found git in: "git"
2023-03-21 19:20:23.339 [info] Using git "2.30.2" from "git"
2023-03-21 19:20:23.339 [info] > git rev-parse --show-toplevel [264ms]
2023-03-21 19:20:23.339 [info] > git rev-parse --git-dir --git-common-dir [5897ms]
2023-03-21 19:20:23.340 [info] Open repository: /home/jamessearle71/reading-notes
2023-03-21 19:20:23.342 [info] > git rev-parse --show-toplevel [172ms]
2023-03-21 19:20:23.342 [info] > git config --get commit.template [92ms]
2023-03-21 19:20:23.343 [info] > git rev-parse --show-toplevel [48ms]
2023-03-21 19:20:23.343 [info] > git for-each-ref --format=%(refname)%00%(upstream:short)%00%(objectname)%00%(upstream:track)%00%(upstream:remotename)%00%(upstream:remoteref) refs/heads/main refs/remotes/main [73ms]
2023-03-21 19:20:23.344 [info] > git status -z -uall [234ms]
2023-03-21 19:20:23.377 [info] > git config --get commit.template [53ms]
2023-03-21 19:20:23.452 [info] > git for-each-ref --format=%(refname)%00%(upstream:short)%00%(objectname)%00%(upstream:track)%00%(upstream:remotename)%00%(upstream:remoteref) refs/heads/main refs/remotes/main [26ms]
2023-03-21 19:20:25.040 [info] > git status -z -uall [1486ms]
2023-03-21 19:20:28.470 [info] > git check-ignore -v -z --stdin [449ms]
2023-03-21 19:20:43.073 [info] > git show --textconv :code-102/102class-04.md [318ms]
2023-03-21 19:20:43.754 [info] > git ls-files --stage -- /home/jamessearle71/reading-notes/code-102/102class-04.md [724ms]
2023-03-21 19:20:43.814 [info] > git cat-file -s e69de29bb2d1d6434b8b29ae775ad8c2e48c5391 [25ms]
2023-03-21 19:21:39.239 [info] > git show --textconv :index.html [32ms]
2023-03-21 19:21:39.519 [info] > git ls-files --stage -- /home/jamessearle71/reading-notes/index.html [118ms]
2023-03-21 19:21:39.910 [info] > git cat-file -s e2713f0f11760615008af2c0c878565018e69655 [52ms]
2023-03-21 19:22:07.147 [info] > git config --get commit.template [18ms]
2023-03-21 19:22:07.371 [info] > git for-each-ref --format=%(refname)%00%(upstream:short)%00%(objectname)%00%(upstream:track)%00%(upstream:remotename)%00%(upstream:remoteref) refs/heads/main refs/remotes/main [23ms]
2023-03-21 19:22:07.474 [info] > git status -z -uall [25ms]
2023-03-21 19:22:23.511 [info] > git config --get commit.template [401ms]
2023-03-21 19:22:23.537 [info] > git ls-files --stage -- /home/jamessearle71/reading-notes/index.html [183ms]
2023-03-21 19:22:23.716 [info] > git for-each-ref --format=%(refname)%00%(upstream:short)%00%(objectname)%00%(upstream:track)%00%(upstream:remotename)%00%(upstream:remoteref) refs/heads/main refs/remotes/main [233ms]
2023-03-21 19:22:23.875 [info] > git cat-file -s dac1e14f5b5e2168e2e5c970abf70c098cbf9de7 [224ms]
2023-03-21 19:22:23.934 [info] > git status -z -uall [91ms]
2023-03-21 19:22:24.100 [info] > git show --textconv :index.html [23ms]
