[Trace 14:29:21.465] VsCodeClientWorkspace: TextDocument.onDidOpen: file:///home/jamessearle71/Projects/reading-notes/code-102/102class-03.md
[Trace 14:29:21.482] VsCodeClientWorkspace: TextDocument.onDidChanceContent: file:///home/jamessearle71/Projects/reading-notes/code-102/102class-03.md
[Trace 14:29:21.555] Server: connection.languages.diagnostics.on: file:///home/jamessearle71/Projects/reading-notes/code-102/102class-03.md
[Trace 14:29:21.556] Server: connection.languages.diagnostics.on: file:///home/jamessearle71/Projects/reading-notes/README.md
[Trace 14:29:21.574] Server: connection.languages.diagnostics.on: file:///home/jamessearle71/Projects/reading-notes/code-102/102class-08.md
[Trace 14:29:21.587] Server: connection.languages.diagnostics.on: file:///home/jamessearle71/Projects/reading-notes/code-201/201class-01.md
[Trace 14:29:21.587] Server: connection.languages.diagnostics.on: file:///home/jamessearle71/Projects/reading-notes/code-201/201class-02.md
[Trace 14:29:21.596] Server: connection.languages.diagnostics.on: file:///home/jamessearle71/Projects/reading-notes/code-201/201class-03.md
[Trace 14:29:21.656] Server: connection.languages.diagnostics.on: file:///home/jamessearle71/Projects/reading-notes/code-201/201class-04.md
[Trace 14:29:21.657] Server: connection.languages.diagnostics.on: file:///home/jamessearle71/Projects/reading-notes/code-201/201class-05.md
[Trace 14:29:21.680] Server: connection.languages.diagnostics.on: file:///home/jamessearle71/Projects/reading-notes/code-201/201class-06.md
[Trace 14:29:21.681] Server: connection.languages.diagnostics.on: file:///home/jamessearle71/Projects/reading-notes/code-201/201class-07.md
[Trace 14:29:21.693] Server: connection.languages.diagnostics.on: file:///home/jamessearle71/Projects/reading-notes/code-201/201class-08.md
[Trace 14:29:21.693] Server: connection.languages.diagnostics.on: file:///home/jamessearle71/Projects/reading-notes/code-201/201class-09.md
[Trace 14:29:21.732] Server: connection.languages.diagnostics.on: file:///home/jamessearle71/Projects/reading-notes/code-201/201class-10.md
[Trace 14:29:21.732] Server: connection.languages.diagnostics.on: file:///home/jamessearle71/Projects/reading-notes/code-201/201class-11.md
[Trace 14:29:21.733] Server: connection.languages.diagnostics.on: file:///home/jamessearle71/Projects/reading-notes/code-201/201class-12.md
[Trace 14:29:21.735] Server: connection.languages.diagnostics.on: file:///home/jamessearle71/Projects/reading-notes/code-201/201class-13.md
[Trace 14:29:21.735] Server: connection.languages.diagnostics.on: file:///home/jamessearle71/Projects/reading-notes/code-201/201class-14.md
[Trace 14:29:21.747] Server: connection.languages.diagnostics.on: file:///home/jamessearle71/Projects/reading-notes/code-201/201class-15.md
[Trace 14:29:21.761] Server: connection.languages.diagnostics.on: file:///home/jamessearle71/Projects/reading-notes/code-102/102class-01.md
[Trace 14:29:21.761] Server: connection.languages.diagnostics.on: file:///home/jamessearle71/Projects/reading-notes/code-102/102class-02.md
[Trace 14:29:21.761] Server: connection.languages.diagnostics.on: file:///home/jamessearle71/Projects/reading-notes/code-102/102class-04.md
[Trace 14:29:21.761] Server: connection.languages.diagnostics.on: file:///home/jamessearle71/Projects/reading-notes/code-102/102class-05.md
[Trace 14:29:21.762] Server: connection.languages.diagnostics.on: file:///home/jamessearle71/Projects/reading-notes/code-102/102class-06.md
[Trace 14:29:21.762] Server: connection.languages.diagnostics.on: file:///home/jamessearle71/Projects/reading-notes/code-102/102class-07.md
[Trace 14:29:21.991] Server: connection.languages.diagnostics.on: file:///home/jamessearle71/Projects/reading-notes/code-102/102class-03.md
[Trace 14:29:26.872] Server: connection.languages.diagnostics.on: file:///home/jamessearle71/Projects/reading-notes/README.md
[Debug 14:29:28.108] LinkProvider: compute - file:///home/jamessearle71/Projects/reading-notes/code-102/102class-03.md
[Debug 14:29:28.121] MdFoldingProvider: provideFoldingRanges — file:///home/jamessearle71/Projects/reading-notes/code-102/102class-03.md 1
[Debug 14:29:28.122] TableOfContentsProvider: create - file:///home/jamessearle71/Projects/reading-notes/code-102/102class-03.md
[Trace 14:29:28.377] Server: connection.languages.diagnostics.on: file:///home/jamessearle71/Projects/reading-notes/README.md
[Trace 14:29:28.742] Server: connection.languages.diagnostics.on: file:///home/jamessearle71/Projects/reading-notes/code-102/102class-08.md
[Trace 14:29:28.944] Server: connection.languages.diagnostics.on: file:///home/jamessearle71/Projects/reading-notes/README.md
[Trace 14:29:29.148] Server: connection.languages.diagnostics.on: file:///home/jamessearle71/Projects/reading-notes/code-201/201class-01.md
[Trace 14:29:29.349] Server: connection.languages.diagnostics.on: file:///home/jamessearle71/Projects/reading-notes/code-201/201class-02.md
[Trace 14:29:29.552] Server: connection.languages.diagnostics.on: file:///home/jamessearle71/Projects/reading-notes/code-201/201class-03.md
[Trace 14:29:29.754] Server: connection.languages.diagnostics.on: file:///home/jamessearle71/Projects/reading-notes/code-201/201class-04.md
[Trace 14:29:29.959] Server: connection.languages.diagnostics.on: file:///home/jamessearle71/Projects/reading-notes/code-201/201class-05.md
[Trace 14:29:30.163] Server: connection.languages.diagnostics.on: file:///home/jamessearle71/Projects/reading-notes/code-201/201class-06.md
[Trace 14:29:30.371] Server: connection.languages.diagnostics.on: file:///home/jamessearle71/Projects/reading-notes/code-201/201class-07.md
[Trace 14:29:30.573] Server: connection.languages.diagnostics.on: file:///home/jamessearle71/Projects/reading-notes/code-201/201class-08.md
[Trace 14:29:30.779] Server: connection.languages.diagnostics.on: file:///home/jamessearle71/Projects/reading-notes/code-201/201class-09.md
[Trace 14:29:30.985] Server: connection.languages.diagnostics.on: file:///home/jamessearle71/Projects/reading-notes/code-201/201class-10.md
[Trace 14:29:31.182] Server: connection.languages.diagnostics.on: file:///home/jamessearle71/Projects/reading-notes/code-201/201class-11.md
[Trace 14:29:31.379] Server: connection.languages.diagnostics.on: file:///home/jamessearle71/Projects/reading-notes/code-201/201class-12.md
[Trace 14:29:31.582] Server: connection.languages.diagnostics.on: file:///home/jamessearle71/Projects/reading-notes/code-201/201class-13.md
[Trace 14:29:31.787] Server: connection.languages.diagnostics.on: file:///home/jamessearle71/Projects/reading-notes/code-201/201class-14.md
[Trace 14:29:31.984] Server: connection.languages.diagnostics.on: file:///home/jamessearle71/Projects/reading-notes/code-201/201class-15.md
[Trace 14:29:32.185] Server: connection.languages.diagnostics.on: file:///home/jamessearle71/Projects/reading-notes/code-102/102class-01.md
[Trace 14:29:32.388] Server: connection.languages.diagnostics.on: file:///home/jamessearle71/Projects/reading-notes/code-102/102class-02.md
[Trace 14:29:32.718] Server: connection.languages.diagnostics.on: file:///home/jamessearle71/Projects/reading-notes/code-102/102class-04.md
[Trace 14:29:32.919] Server: connection.languages.diagnostics.on: file:///home/jamessearle71/Projects/reading-notes/code-102/102class-05.md
[Trace 14:29:33.122] Server: connection.languages.diagnostics.on: file:///home/jamessearle71/Projects/reading-notes/code-102/102class-06.md
[Trace 14:29:33.321] Server: connection.languages.diagnostics.on: file:///home/jamessearle71/Projects/reading-notes/code-102/102class-07.md
[Trace 14:29:41.692] Server: connection.languages.diagnostics.on: file:///home/jamessearle71/Projects/reading-notes/code-102/102class-08.md
[Trace 14:29:41.891] Server: connection.languages.diagnostics.on: file:///home/jamessearle71/Projects/reading-notes/README.md
[Trace 14:29:42.104] Server: connection.languages.diagnostics.on: file:///home/jamessearle71/Projects/reading-notes/code-201/201class-01.md
[Trace 14:29:43.488] Server: connection.languages.diagnostics.on: file:///home/jamessearle71/Projects/reading-notes/code-201/201class-02.md
[Trace 14:29:43.782] Server: connection.languages.diagnostics.on: file:///home/jamessearle71/Projects/reading-notes/code-201/201class-03.md
[Trace 14:29:43.988] Server: connection.languages.diagnostics.on: file:///home/jamessearle71/Projects/reading-notes/code-201/201class-04.md
[Trace 14:29:44.197] Server: connection.languages.diagnostics.on: file:///home/jamessearle71/Projects/reading-notes/code-201/201class-05.md
[Trace 14:29:44.391] Server: connection.languages.diagnostics.on: file:///home/jamessearle71/Projects/reading-notes/code-201/201class-06.md
[Trace 14:29:44.599] Server: connection.languages.diagnostics.on: file:///home/jamessearle71/Projects/reading-notes/code-201/201class-07.md
[Trace 14:29:44.885] Server: connection.languages.diagnostics.on: file:///home/jamessearle71/Projects/reading-notes/code-201/201class-08.md
[Trace 14:29:45.084] Server: connection.languages.diagnostics.on: file:///home/jamessearle71/Projects/reading-notes/code-201/201class-09.md
[Trace 14:29:45.285] Server: connection.languages.diagnostics.on: file:///home/jamessearle71/Projects/reading-notes/code-201/201class-10.md
[Trace 14:29:45.483] Server: connection.languages.diagnostics.on: file:///home/jamessearle71/Projects/reading-notes/code-201/201class-11.md
[Trace 14:29:45.684] Server: connection.languages.diagnostics.on: file:///home/jamessearle71/Projects/reading-notes/code-201/201class-12.md
[Trace 14:29:45.889] Server: connection.languages.diagnostics.on: file:///home/jamessearle71/Projects/reading-notes/code-201/201class-13.md
[Trace 14:29:46.104] Server: connection.languages.diagnostics.on: file:///home/jamessearle71/Projects/reading-notes/code-201/201class-14.md
[Trace 14:29:46.302] Server: connection.languages.diagnostics.on: file:///home/jamessearle71/Projects/reading-notes/code-201/201class-15.md
[Trace 14:29:46.495] Server: connection.languages.diagnostics.on: file:///home/jamessearle71/Projects/reading-notes/code-102/102class-01.md
[Trace 14:29:46.741] Server: connection.languages.diagnostics.on: file:///home/jamessearle71/Projects/reading-notes/code-102/102class-02.md
[Trace 14:29:46.915] Server: connection.languages.diagnostics.on: file:///home/jamessearle71/Projects/reading-notes/code-102/102class-04.md
[Trace 14:29:47.174] Server: connection.languages.diagnostics.on: file:///home/jamessearle71/Projects/reading-notes/code-102/102class-05.md
[Trace 14:29:47.409] Server: connection.languages.diagnostics.on: file:///home/jamessearle71/Projects/reading-notes/code-102/102class-06.md
[Trace 14:29:47.849] Server: connection.languages.diagnostics.on: file:///home/jamessearle71/Projects/reading-notes/code-102/102class-07.md
[Trace 14:29:48.133] Server: connection.languages.diagnostics.on: file:///home/jamessearle71/Projects/reading-notes/code-102/102class-03.md
[Trace 14:37:34.356] VsCodeClientWorkspace: TextDocument.onDidOpen: file:///home/jamessearle71/Projects/reading-notes/code-102/102class-02.md
[Trace 14:37:34.376] VsCodeClientWorkspace: TextDocument.onDidChanceContent: file:///home/jamessearle71/Projects/reading-notes/code-102/102class-02.md
[Trace 14:37:34.401] Server: connection.languages.diagnostics.on: file:///home/jamessearle71/Projects/reading-notes/code-102/102class-02.md
[Debug 14:37:34.459] LinkProvider: compute - file:///home/jamessearle71/Projects/reading-notes/code-102/102class-02.md
[Trace 14:37:34.633] Server: connection.languages.diagnostics.on: file:///home/jamessearle71/Projects/reading-notes/code-102/102class-02.md
[Trace 14:37:34.640] DocumentSymbolProvider: provideDocumentSymbols — file:///home/jamessearle71/Projects/reading-notes/code-102/102class-02.md 1
[Debug 14:37:34.640] TableOfContentsProvider: create - file:///home/jamessearle71/Projects/reading-notes/code-102/102class-02.md
[Debug 14:37:35.112] MdFoldingProvider: provideFoldingRanges — file:///home/jamessearle71/Projects/reading-notes/code-102/102class-02.md 1
[Trace 14:37:43.965] Server: connection.languages.diagnostics.on: file:///home/jamessearle71/Projects/reading-notes/code-102/102class-08.md
[Trace 14:37:44.032] Server: connection.languages.diagnostics.on: file:///home/jamessearle71/Projects/reading-notes/code-102/102class-03.md
[Trace 14:37:44.040] DocumentSymbolProvider: provideDocumentSymbols — file:///home/jamessearle71/Projects/reading-notes/code-102/102class-03.md 1
[Trace 14:37:44.158] Server: connection.languages.diagnostics.on: file:///home/jamessearle71/Projects/reading-notes/README.md
[Debug 14:37:44.265] MdFoldingProvider: provideFoldingRanges — file:///home/jamessearle71/Projects/reading-notes/code-102/102class-03.md 1
[Trace 14:37:44.364] Server: connection.languages.diagnostics.on: file:///home/jamessearle71/Projects/reading-notes/code-201/201class-01.md
[Trace 14:37:44.607] Server: connection.languages.diagnostics.on: file:///home/jamessearle71/Projects/reading-notes/code-201/201class-02.md
[Trace 14:37:44.823] Server: connection.languages.diagnostics.on: file:///home/jamessearle71/Projects/reading-notes/code-201/201class-03.md
[Trace 14:37:45.030] Server: connection.languages.diagnostics.on: file:///home/jamessearle71/Projects/reading-notes/code-201/201class-04.md
[Trace 14:37:45.357] Server: connection.languages.diagnostics.on: file:///home/jamessearle71/Projects/reading-notes/code-201/201class-05.md
[Trace 14:37:45.607] Server: connection.languages.diagnostics.on: file:///home/jamessearle71/Projects/reading-notes/code-201/201class-06.md
[Trace 14:37:45.958] Server: connection.languages.diagnostics.on: file:///home/jamessearle71/Projects/reading-notes/code-201/201class-07.md
[Trace 14:37:46.346] Server: connection.languages.diagnostics.on: file:///home/jamessearle71/Projects/reading-notes/code-201/201class-08.md
[Trace 14:37:46.711] Server: connection.languages.diagnostics.on: file:///home/jamessearle71/Projects/reading-notes/code-201/201class-09.md
[Trace 14:37:46.942] Server: connection.languages.diagnostics.on: file:///home/jamessearle71/Projects/reading-notes/code-201/201class-10.md
[Trace 14:37:47.206] Server: connection.languages.diagnostics.on: file:///home/jamessearle71/Projects/reading-notes/code-201/201class-11.md
[Trace 14:37:47.395] Server: connection.languages.diagnostics.on: file:///home/jamessearle71/Projects/reading-notes/code-201/201class-12.md
[Trace 14:37:47.601] Server: connection.languages.diagnostics.on: file:///home/jamessearle71/Projects/reading-notes/code-201/201class-13.md
[Trace 14:37:47.797] Server: connection.languages.diagnostics.on: file:///home/jamessearle71/Projects/reading-notes/code-201/201class-14.md
[Trace 14:37:48.004] Server: connection.languages.diagnostics.on: file:///home/jamessearle71/Projects/reading-notes/code-201/201class-15.md
[Trace 14:37:48.236] Server: connection.languages.diagnostics.on: file:///home/jamessearle71/Projects/reading-notes/code-102/102class-01.md
[Trace 14:37:48.407] Server: connection.languages.diagnostics.on: file:///home/jamessearle71/Projects/reading-notes/code-102/102class-04.md
[Trace 14:37:48.600] Server: connection.languages.diagnostics.on: file:///home/jamessearle71/Projects/reading-notes/code-102/102class-05.md
[Trace 14:37:48.817] Server: connection.languages.diagnostics.on: file:///home/jamessearle71/Projects/reading-notes/code-102/102class-06.md
[Trace 14:37:49.008] Server: connection.languages.diagnostics.on: file:///home/jamessearle71/Projects/reading-notes/code-102/102class-07.md
[Trace 14:37:49.220] Server: connection.languages.diagnostics.on: file:///home/jamessearle71/Projects/reading-notes/code-102/102class-02.md
[Trace 14:37:52.192] Server: connection.languages.diagnostics.on: file:///home/jamessearle71/Projects/reading-notes/code-102/102class-08.md
[Trace 14:37:52.277] VsCodeClientWorkspace: TextDocument.onDidOpen: file:///home/jamessearle71/Projects/reading-notes/code-102/102class-04.md
[Trace 14:37:52.277] VsCodeClientWorkspace: TextDocument.onDidChanceContent: file:///home/jamessearle71/Projects/reading-notes/code-102/102class-04.md
[Trace 14:37:52.289] Server: connection.languages.diagnostics.on: file:///home/jamessearle71/Projects/reading-notes/code-102/102class-04.md
[Trace 14:37:52.386] Server: connection.languages.diagnostics.on: file:///home/jamessearle71/Projects/reading-notes/code-102/102class-04.md
[Trace 14:37:52.387] Server: connection.languages.diagnostics.on: file:///home/jamessearle71/Projects/reading-notes/README.md
[Trace 14:37:52.403] DocumentSymbolProvider: provideDocumentSymbols — file:///home/jamessearle71/Projects/reading-notes/code-102/102class-04.md 1
[Debug 14:37:52.413] LinkProvider: compute - file:///home/jamessearle71/Projects/reading-notes/code-102/102class-04.md
[Debug 14:37:52.417] TableOfContentsProvider: create - file:///home/jamessearle71/Projects/reading-notes/code-102/102class-04.md
[Trace 14:37:52.596] Server: connection.languages.diagnostics.on: file:///home/jamessearle71/Projects/reading-notes/code-201/201class-01.md
[Debug 14:37:52.650] MdFoldingProvider: provideFoldingRanges — file:///home/jamessearle71/Projects/reading-notes/code-102/102class-04.md 1
[Trace 14:37:52.848] Server: connection.languages.diagnostics.on: file:///home/jamessearle71/Projects/reading-notes/code-201/201class-02.md
[Trace 14:37:53.057] Server: connection.languages.diagnostics.on: file:///home/jamessearle71/Projects/reading-notes/code-201/201class-03.md
[Trace 14:37:53.263] Server: connection.languages.diagnostics.on: file:///home/jamessearle71/Projects/reading-notes/code-201/201class-04.md
[Trace 14:37:53.461] Server: connection.languages.diagnostics.on: file:///home/jamessearle71/Projects/reading-notes/code-201/201class-05.md
[Trace 14:37:53.662] Server: connection.languages.diagnostics.on: file:///home/jamessearle71/Projects/reading-notes/code-201/201class-06.md
[Trace 14:37:53.862] Server: connection.languages.diagnostics.on: file:///home/jamessearle71/Projects/reading-notes/code-201/201class-07.md
[Trace 14:37:54.066] Server: connection.languages.diagnostics.on: file:///home/jamessearle71/Projects/reading-notes/code-201/201class-08.md
[Trace 14:37:54.264] Server: connection.languages.diagnostics.on: file:///home/jamessearle71/Projects/reading-notes/code-201/201class-09.md
[Trace 14:37:54.464] Server: connection.languages.diagnostics.on: file:///home/jamessearle71/Projects/reading-notes/code-201/201class-10.md
[Trace 14:37:54.664] Server: connection.languages.diagnostics.on: file:///home/jamessearle71/Projects/reading-notes/code-201/201class-11.md
[Trace 14:37:54.868] Server: connection.languages.diagnostics.on: file:///home/jamessearle71/Projects/reading-notes/code-201/201class-12.md
[Trace 14:37:55.068] Server: connection.languages.diagnostics.on: file:///home/jamessearle71/Projects/reading-notes/code-201/201class-13.md
[Trace 14:37:55.276] Server: connection.languages.diagnostics.on: file:///home/jamessearle71/Projects/reading-notes/code-201/201class-14.md
[Trace 14:37:55.460] Server: connection.languages.diagnostics.on: file:///home/jamessearle71/Projects/reading-notes/code-102/102class-03.md
[Trace 14:37:55.478] Server: connection.languages.diagnostics.on: file:///home/jamessearle71/Projects/reading-notes/code-201/201class-15.md
[Debug 14:37:55.616] MdFoldingProvider: provideFoldingRanges — file:///home/jamessearle71/Projects/reading-notes/code-102/102class-03.md 1
[Trace 14:37:55.682] Server: connection.languages.diagnostics.on: file:///home/jamessearle71/Projects/reading-notes/code-102/102class-01.md
[Trace 14:37:55.897] Server: connection.languages.diagnostics.on: file:///home/jamessearle71/Projects/reading-notes/code-102/102class-05.md
[Trace 14:37:56.096] Server: connection.languages.diagnostics.on: file:///home/jamessearle71/Projects/reading-notes/code-102/102class-06.md
[Trace 14:37:56.296] Server: connection.languages.diagnostics.on: file:///home/jamessearle71/Projects/reading-notes/code-102/102class-07.md
[Trace 14:37:56.497] Server: connection.languages.diagnostics.on: file:///home/jamessearle71/Projects/reading-notes/code-102/102class-02.md
[Trace 14:37:56.698] Server: connection.languages.diagnostics.on: file:///home/jamessearle71/Projects/reading-notes/code-102/102class-08.md
[Trace 14:37:56.900] Server: connection.languages.diagnostics.on: file:///home/jamessearle71/Projects/reading-notes/README.md
[Trace 14:37:57.100] Server: connection.languages.diagnostics.on: file:///home/jamessearle71/Projects/reading-notes/code-201/201class-01.md
[Trace 14:37:57.301] Server: connection.languages.diagnostics.on: file:///home/jamessearle71/Projects/reading-notes/code-201/201class-02.md
[Trace 14:37:57.500] Server: connection.languages.diagnostics.on: file:///home/jamessearle71/Projects/reading-notes/code-201/201class-03.md
[Trace 14:37:57.700] Server: connection.languages.diagnostics.on: file:///home/jamessearle71/Projects/reading-notes/code-201/201class-04.md
[Trace 14:37:57.902] Server: connection.languages.diagnostics.on: file:///home/jamessearle71/Projects/reading-notes/code-201/201class-05.md
[Trace 14:37:58.102] Server: connection.languages.diagnostics.on: file:///home/jamessearle71/Projects/reading-notes/code-201/201class-06.md
[Trace 14:37:58.304] Server: connection.languages.diagnostics.on: file:///home/jamessearle71/Projects/reading-notes/code-201/201class-07.md
[Trace 14:37:58.505] Server: connection.languages.diagnostics.on: file:///home/jamessearle71/Projects/reading-notes/code-201/201class-08.md
[Trace 14:37:58.707] Server: connection.languages.diagnostics.on: file:///home/jamessearle71/Projects/reading-notes/code-201/201class-09.md
[Trace 14:37:58.909] Server: connection.languages.diagnostics.on: file:///home/jamessearle71/Projects/reading-notes/code-201/201class-10.md
[Trace 14:37:59.113] Server: connection.languages.diagnostics.on: file:///home/jamessearle71/Projects/reading-notes/code-201/201class-11.md
[Trace 14:37:59.311] Server: connection.languages.diagnostics.on: file:///home/jamessearle71/Projects/reading-notes/code-201/201class-12.md
[Trace 14:37:59.512] Server: connection.languages.diagnostics.on: file:///home/jamessearle71/Projects/reading-notes/code-201/201class-13.md
[Trace 14:37:59.713] Server: connection.languages.diagnostics.on: file:///home/jamessearle71/Projects/reading-notes/code-201/201class-14.md
[Trace 14:37:59.920] Server: connection.languages.diagnostics.on: file:///home/jamessearle71/Projects/reading-notes/code-102/102class-04.md
[Trace 14:54:10.370] Server: connection.languages.diagnostics.on: file:///home/jamessearle71/Projects/reading-notes/code-201/201class-15.md
[Trace 14:54:10.524] Server: connection.languages.diagnostics.on: file:///home/jamessearle71/Projects/reading-notes/code-102/102class-01.md
[Trace 14:54:10.727] Server: connection.languages.diagnostics.on: file:///home/jamessearle71/Projects/reading-notes/code-102/102class-05.md
[Trace 14:54:10.928] Server: connection.languages.diagnostics.on: file:///home/jamessearle71/Projects/reading-notes/code-102/102class-06.md
[Trace 14:54:11.145] Server: connection.languages.diagnostics.on: file:///home/jamessearle71/Projects/reading-notes/code-102/102class-07.md
[Trace 14:54:11.351] Server: connection.languages.diagnostics.on: file:///home/jamessearle71/Projects/reading-notes/code-102/102class-02.md
[Trace 14:54:11.551] Server: connection.languages.diagnostics.on: file:///home/jamessearle71/Projects/reading-notes/code-102/102class-08.md
[Trace 14:54:11.772] Server: connection.languages.diagnostics.on: file:///home/jamessearle71/Projects/reading-notes/README.md
[Trace 14:54:11.948] Server: connection.languages.diagnostics.on: file:///home/jamessearle71/Projects/reading-notes/code-201/201class-01.md
[Trace 14:54:12.147] Server: connection.languages.diagnostics.on: file:///home/jamessearle71/Projects/reading-notes/code-201/201class-02.md
[Trace 14:54:12.348] Server: connection.languages.diagnostics.on: file:///home/jamessearle71/Projects/reading-notes/code-201/201class-03.md
[Trace 14:54:12.550] Server: connection.languages.diagnostics.on: file:///home/jamessearle71/Projects/reading-notes/code-201/201class-04.md
[Trace 14:54:12.750] Server: connection.languages.diagnostics.on: file:///home/jamessearle71/Projects/reading-notes/code-201/201class-05.md
[Trace 14:54:12.952] Server: connection.languages.diagnostics.on: file:///home/jamessearle71/Projects/reading-notes/code-201/201class-06.md
[Trace 14:54:13.156] Server: connection.languages.diagnostics.on: file:///home/jamessearle71/Projects/reading-notes/code-201/201class-07.md
[Trace 14:54:13.356] Server: connection.languages.diagnostics.on: file:///home/jamessearle71/Projects/reading-notes/code-201/201class-08.md
[Trace 14:54:13.557] Server: connection.languages.diagnostics.on: file:///home/jamessearle71/Projects/reading-notes/code-201/201class-09.md
[Trace 14:54:13.761] Server: connection.languages.diagnostics.on: file:///home/jamessearle71/Projects/reading-notes/code-201/201class-10.md
[Trace 14:54:13.960] Server: connection.languages.diagnostics.on: file:///home/jamessearle71/Projects/reading-notes/code-201/201class-11.md
[Trace 14:54:14.168] Server: connection.languages.diagnostics.on: file:///home/jamessearle71/Projects/reading-notes/code-201/201class-12.md
[Trace 14:54:14.367] Server: connection.languages.diagnostics.on: file:///home/jamessearle71/Projects/reading-notes/code-201/201class-13.md
[Trace 14:54:14.569] Server: connection.languages.diagnostics.on: file:///home/jamessearle71/Projects/reading-notes/code-201/201class-14.md
[Trace 14:54:14.768] Server: connection.languages.diagnostics.on: file:///home/jamessearle71/Projects/reading-notes/code-102/102class-04.md
[Trace 14:54:14.970] Server: connection.languages.diagnostics.on: file:///home/jamessearle71/Projects/reading-notes/code-102/102class-03.md
[Trace 14:54:19.038] Server: connection.languages.diagnostics.on: file:///home/jamessearle71/Projects/reading-notes/code-102/102class-02.md
[Debug 14:54:19.275] MdFoldingProvider: provideFoldingRanges — file:///home/jamessearle71/Projects/reading-notes/code-102/102class-02.md 1
[Trace 14:56:06.108] Server: connection.languages.diagnostics.on: file:///home/jamessearle71/Projects/reading-notes/code-201/201class-15.md
[Trace 14:56:06.306] Server: connection.languages.diagnostics.on: file:///home/jamessearle71/Projects/reading-notes/code-102/102class-01.md
[Trace 14:56:06.510] Server: connection.languages.diagnostics.on: file:///home/jamessearle71/Projects/reading-notes/code-102/102class-05.md
[Trace 14:56:06.722] Server: connection.languages.diagnostics.on: file:///home/jamessearle71/Projects/reading-notes/code-102/102class-06.md
[Trace 14:56:06.921] Server: connection.languages.diagnostics.on: file:///home/jamessearle71/Projects/reading-notes/code-102/102class-07.md
[Trace 14:56:07.122] Server: connection.languages.diagnostics.on: file:///home/jamessearle71/Projects/reading-notes/code-102/102class-08.md
[Trace 14:56:07.321] Server: connection.languages.diagnostics.on: file:///home/jamessearle71/Projects/reading-notes/README.md
[Trace 14:56:07.522] Server: connection.languages.diagnostics.on: file:///home/jamessearle71/Projects/reading-notes/code-201/201class-01.md
[Trace 14:56:07.724] Server: connection.languages.diagnostics.on: file:///home/jamessearle71/Projects/reading-notes/code-201/201class-02.md
[Trace 14:56:09.441] Server: connection.languages.diagnostics.on: file:///home/jamessearle71/Projects/reading-notes/code-201/201class-03.md
[Trace 14:56:09.660] Server: connection.languages.diagnostics.on: file:///home/jamessearle71/Projects/reading-notes/code-201/201class-04.md
[Trace 14:56:09.861] Server: connection.languages.diagnostics.on: file:///home/jamessearle71/Projects/reading-notes/code-201/201class-05.md
[Trace 14:56:10.062] Server: connection.languages.diagnostics.on: file:///home/jamessearle71/Projects/reading-notes/code-201/201class-06.md
[Trace 14:56:10.264] Server: connection.languages.diagnostics.on: file:///home/jamessearle71/Projects/reading-notes/code-201/201class-07.md
[Trace 14:56:10.540] Server: connection.languages.diagnostics.on: file:///home/jamessearle71/Projects/reading-notes/code-201/201class-08.md
[Trace 14:56:10.738] Server: connection.languages.diagnostics.on: file:///home/jamessearle71/Projects/reading-notes/code-201/201class-09.md
[Trace 14:56:10.943] Server: connection.languages.diagnostics.on: file:///home/jamessearle71/Projects/reading-notes/code-201/201class-10.md
[Trace 14:56:11.148] Server: connection.languages.diagnostics.on: file:///home/jamessearle71/Projects/reading-notes/code-201/201class-11.md
[Trace 14:56:11.348] Server: connection.languages.diagnostics.on: file:///home/jamessearle71/Projects/reading-notes/code-201/201class-12.md
[Trace 14:56:11.550] Server: connection.languages.diagnostics.on: file:///home/jamessearle71/Projects/reading-notes/code-201/201class-13.md
[Trace 14:56:11.832] Server: connection.languages.diagnostics.on: file:///home/jamessearle71/Projects/reading-notes/code-201/201class-14.md
[Trace 14:56:11.976] Server: connection.languages.diagnostics.on: file:///home/jamessearle71/Projects/reading-notes/code-102/102class-04.md
[Trace 14:56:12.181] Server: connection.languages.diagnostics.on: file:///home/jamessearle71/Projects/reading-notes/code-102/102class-03.md
[Trace 14:56:12.513] Server: connection.languages.diagnostics.on: file:///home/jamessearle71/Projects/reading-notes/code-102/102class-02.md
