2023-03-21 10:26:55.500 [info] Log level: Info
2023-03-21 10:26:55.500 [info] Validating found git in: "git"
2023-03-21 10:26:55.500 [info] Using git "2.30.2" from "git"
2023-03-21 10:26:55.500 [info] > git rev-parse --show-toplevel [235ms]
2023-03-21 10:26:55.500 [info] > git rev-parse --git-dir --git-common-dir [399ms]
2023-03-21 10:26:55.500 [info] Open repository: /home/jamessearle71/Projects/reading-notes-v1
2023-03-21 10:26:55.500 [info] > git config --get commit.template [491ms]
2023-03-21 10:26:55.500 [info] > git for-each-ref --format=%(refname)%00%(upstream:short)%00%(objectname)%00%(upstream:track)%00%(upstream:remotename)%00%(upstream:remoteref) refs/heads/main refs/remotes/main [1319ms]
2023-03-21 10:26:55.501 [info] > git check-ignore -v -z --stdin [371ms]
2023-03-21 10:26:55.501 [info] > git status -z -uall [179ms]
2023-03-21 10:26:55.501 [info] > git config --get commit.template [69ms]
2023-03-21 10:26:55.501 [info] > git for-each-ref --format=%(refname)%00%(upstream:short)%00%(objectname)%00%(upstream:track)%00%(upstream:remotename)%00%(upstream:remoteref) refs/heads/main refs/remotes/main [25ms]
2023-03-21 10:26:55.501 [info] > git status -z -uall [142ms]
2023-03-21 10:26:55.501 [info] > git check-ignore -v -z --stdin [70ms]
2023-03-21 10:26:57.879 [info] > git show --textconv :README.md [163ms]
2023-03-21 10:26:57.880 [info] > git ls-files --stage -- /home/jamessearle71/Projects/reading-notes-v1/README.md [133ms]
2023-03-21 10:26:57.972 [info] > git cat-file -s 9d812005570d3008f698adfe454feb9411b6246e [67ms]
2023-03-21 10:28:58.103 [info] > git config --get commit.template [81ms]
2023-03-21 10:28:58.113 [info] > git check-ignore -v -z --stdin [27ms]
2023-03-21 10:28:58.211 [info] > git for-each-ref --format=%(refname)%00%(upstream:short)%00%(objectname)%00%(upstream:track)%00%(upstream:remotename)%00%(upstream:remoteref) refs/heads/main refs/remotes/main [59ms]
2023-03-21 10:28:58.248 [info] > git status -z -uall [15ms]
2023-03-21 10:32:58.370 [info] > git check-ignore -v -z --stdin [8ms]
2023-03-21 10:32:58.900 [info] > git config --get commit.template [36ms]
2023-03-21 10:32:58.911 [info] > git for-each-ref --format=%(refname)%00%(upstream:short)%00%(objectname)%00%(upstream:track)%00%(upstream:remotename)%00%(upstream:remoteref) refs/heads/main refs/remotes/main [22ms]
2023-03-21 10:32:58.946 [info] > git status -z -uall [18ms]
2023-03-21 10:33:56.703 [info] > git check-ignore -v -z --stdin [8ms]
2023-03-21 10:34:01.066 [info] > git check-ignore -v -z --stdin [18ms]
2023-03-21 10:34:01.641 [info] > git config --get commit.template [41ms]
2023-03-21 10:34:01.679 [info] > git for-each-ref --format=%(refname)%00%(upstream:short)%00%(objectname)%00%(upstream:track)%00%(upstream:remotename)%00%(upstream:remoteref) refs/heads/main refs/remotes/main [25ms]
2023-03-21 10:34:01.760 [info] > git status -z -uall [42ms]
2023-03-21 10:34:06.018 [info] > git show --textconv :reading-notes-v1/README.md [65ms]
2023-03-21 10:34:06.019 [info] > git ls-files --stage -- /home/jamessearle71/Projects/reading-notes-v1/reading-notes-v1/README.md [28ms]
2023-03-21 10:34:06.988 [info] > git config --get commit.template [56ms]
2023-03-21 10:34:07.111 [info] > git for-each-ref --format=%(refname)%00%(upstream:short)%00%(objectname)%00%(upstream:track)%00%(upstream:remotename)%00%(upstream:remoteref) refs/heads/main refs/remotes/main [47ms]
2023-03-21 10:34:07.264 [info] > git status -z -uall [83ms]
2023-03-21 10:34:07.371 [info] > git show --textconv :README.md [110ms]
2023-03-21 10:34:07.391 [info] > git ls-files --stage -- /home/jamessearle71/Projects/reading-notes-v1/README.md [30ms]
2023-03-21 10:34:07.430 [info] > git cat-file -s 9d812005570d3008f698adfe454feb9411b6246e [13ms]
2023-03-21 10:34:14.412 [info] > git show --textconv :reading-notes-v1/README.md [47ms]
2023-03-21 10:34:14.426 [info] > git ls-files --stage -- /home/jamessearle71/Projects/reading-notes-v1/reading-notes-v1/README.md [21ms]
2023-03-21 10:34:29.681 [info] > git show --textconv :README.md [59ms]
2023-03-21 10:34:29.714 [info] > git ls-files --stage -- /home/jamessearle71/Projects/reading-notes-v1/README.md [34ms]
2023-03-21 10:34:29.776 [info] > git cat-file -s 9d812005570d3008f698adfe454feb9411b6246e [10ms]
2023-03-21 10:34:37.664 [info] > git show --textconv :reading-notes-v1/README.md [39ms]
2023-03-21 10:34:37.688 [info] > git ls-files --stage -- /home/jamessearle71/Projects/reading-notes-v1/reading-notes-v1/README.md [31ms]
2023-03-21 10:34:39.242 [info] > git show --textconv :README.md [138ms]
2023-03-21 10:34:39.282 [info] > git ls-files --stage -- /home/jamessearle71/Projects/reading-notes-v1/README.md [44ms]
2023-03-21 10:34:39.403 [info] > git cat-file -s 9d812005570d3008f698adfe454feb9411b6246e [47ms]
2023-03-21 10:34:52.926 [info] > git config --get commit.template [2ms]
2023-03-21 10:34:52.958 [info] > git for-each-ref --format=%(refname)%00%(upstream:short)%00%(objectname)%00%(upstream:track)%00%(upstream:remotename)%00%(upstream:remoteref) refs/heads/main refs/remotes/main [12ms]
2023-03-21 10:34:52.985 [info] > git status -z -uall [10ms]
2023-03-21 10:34:59.633 [info] > git for-each-ref --format=%(refname)%00%(upstream:short)%00%(objectname)%00%(upstream:track)%00%(upstream:remotename)%00%(upstream:remoteref) refs/heads/main refs/remotes/main [9ms]
2023-03-21 10:34:59.635 [info] > git config --get commit.template [31ms]
2023-03-21 10:34:59.660 [info] > git status -z -uall [9ms]
2023-03-21 10:35:12.348 [info] > git check-ignore -v -z --stdin [3ms]
2023-03-21 10:35:12.926 [info] > git config --get commit.template [43ms]
2023-03-21 10:35:12.929 [info] > git for-each-ref --format=%(refname)%00%(upstream:short)%00%(objectname)%00%(upstream:track)%00%(upstream:remotename)%00%(upstream:remoteref) refs/heads/main refs/remotes/main [18ms]
2023-03-21 10:35:12.966 [info] > git status -z -uall [15ms]
2023-03-21 10:35:29.816 [info] > git show --textconv :reading-notes-v1/code-102/102class.md [44ms]
2023-03-21 10:35:29.825 [info] > git ls-files --stage -- /home/jamessearle71/Projects/reading-notes-v1/reading-notes-v1/code-102/102class.md [15ms]
2023-03-21 10:35:29.939 [info] > git check-ignore -v -z --stdin [15ms]
2023-03-21 10:35:30.424 [info] > git config --get commit.template [4ms]
2023-03-21 10:35:30.445 [info] > git for-each-ref --format=%(refname)%00%(upstream:short)%00%(objectname)%00%(upstream:track)%00%(upstream:remotename)%00%(upstream:remoteref) refs/heads/main refs/remotes/main [4ms]
2023-03-21 10:35:30.467 [info] > git status -z -uall [6ms]
2023-03-21 10:35:44.883 [info] > git show --textconv :reading-notes-v1/code-102/class-01.md [92ms]
2023-03-21 10:35:45.056 [info] > git ls-files --stage -- /home/jamessearle71/Projects/reading-notes-v1/reading-notes-v1/code-102/class-01.md [198ms]
2023-03-21 10:35:45.065 [info] > git check-ignore -v -z --stdin [54ms]
2023-03-21 10:35:45.308 [info] > git config --get commit.template [52ms]
2023-03-21 10:35:45.320 [info] > git for-each-ref --format=%(refname)%00%(upstream:short)%00%(objectname)%00%(upstream:track)%00%(upstream:remotename)%00%(upstream:remoteref) refs/heads/main refs/remotes/main [20ms]
2023-03-21 10:35:45.350 [info] > git status -z -uall [9ms]
2023-03-21 10:36:11.138 [info] > git show --textconv :reading-notes-v1/code-201/201class-01 [39ms]
2023-03-21 10:36:11.214 [info] > git check-ignore -v -z --stdin [76ms]
2023-03-21 10:36:11.228 [info] > git ls-files --stage -- /home/jamessearle71/Projects/reading-notes-v1/reading-notes-v1/code-201/201class-01 [24ms]
2023-03-21 10:36:11.664 [info] > git config --get commit.template [22ms]
2023-03-21 10:36:11.732 [info] > git for-each-ref --format=%(refname)%00%(upstream:short)%00%(objectname)%00%(upstream:track)%00%(upstream:remotename)%00%(upstream:remoteref) refs/heads/main refs/remotes/main [24ms]
2023-03-21 10:36:11.925 [info] > git status -z -uall [3ms]
2023-03-21 10:36:19.667 [info] > git config --get commit.template [12ms]
2023-03-21 10:36:19.753 [info] > git for-each-ref --format=%(refname)%00%(upstream:short)%00%(objectname)%00%(upstream:track)%00%(upstream:remotename)%00%(upstream:remoteref) refs/heads/main refs/remotes/main [48ms]
2023-03-21 10:36:19.783 [info] > git status -z -uall [10ms]
2023-03-21 10:36:20.691 [info] > git show --textconv :reading-notes-v1/README.md [68ms]
2023-03-21 10:36:20.734 [info] > git ls-files --stage -- /home/jamessearle71/Projects/reading-notes-v1/reading-notes-v1/README.md [49ms]
2023-03-21 10:36:35.385 [info] > git check-ignore -v -z --stdin [24ms]
2023-03-21 10:36:35.862 [info] > git config --get commit.template [58ms]
2023-03-21 10:36:35.867 [info] > git for-each-ref --format=%(refname)%00%(upstream:short)%00%(objectname)%00%(upstream:track)%00%(upstream:remotename)%00%(upstream:remoteref) refs/heads/main refs/remotes/main [20ms]
2023-03-21 10:36:35.925 [info] > git status -z -uall [31ms]
2023-03-21 10:36:51.527 [info] > git show --textconv :reading-notes-v1/code-102/102class-01.md [41ms]
2023-03-21 10:36:51.536 [info] > git ls-files --stage -- /home/jamessearle71/Projects/reading-notes-v1/reading-notes-v1/code-102/102class-01.md [16ms]
2023-03-21 10:41:30.518 [info] > git config --get commit.template [3ms]
2023-03-21 10:41:30.553 [info] > git for-each-ref --format=%(refname)%00%(upstream:short)%00%(objectname)%00%(upstream:track)%00%(upstream:remotename)%00%(upstream:remoteref) refs/heads/main refs/remotes/main [4ms]
2023-03-21 10:41:30.577 [info] > git status -z -uall [5ms]
2023-03-21 10:41:35.761 [info] > git config --get commit.template [35ms]
2023-03-21 10:41:35.773 [info] > git for-each-ref --format=%(refname)%00%(upstream:short)%00%(objectname)%00%(upstream:track)%00%(upstream:remotename)%00%(upstream:remoteref) refs/heads/main refs/remotes/main [17ms]
2023-03-21 10:41:35.811 [info] > git status -z -uall [13ms]
2023-03-21 10:41:40.882 [info] > git config --get commit.template [35ms]
2023-03-21 10:41:40.897 [info] > git for-each-ref --format=%(refname)%00%(upstream:short)%00%(objectname)%00%(upstream:track)%00%(upstream:remotename)%00%(upstream:remoteref) refs/heads/main refs/remotes/main [18ms]
2023-03-21 10:41:40.945 [info] > git status -z -uall [14ms]
2023-03-21 10:41:46.074 [info] > git config --get commit.template [5ms]
2023-03-21 10:41:46.107 [info] > git for-each-ref --format=%(refname)%00%(upstream:short)%00%(objectname)%00%(upstream:track)%00%(upstream:remotename)%00%(upstream:remoteref) refs/heads/main refs/remotes/main [6ms]
2023-03-21 10:41:46.160 [info] > git status -z -uall [13ms]
2023-03-21 10:42:02.042 [info] > git check-ignore -v -z --stdin [7ms]
2023-03-21 10:42:02.617 [info] > git config --get commit.template [57ms]
2023-03-21 10:42:02.632 [info] > git for-each-ref --format=%(refname)%00%(upstream:short)%00%(objectname)%00%(upstream:track)%00%(upstream:remotename)%00%(upstream:remoteref) refs/heads/main refs/remotes/main [21ms]
2023-03-21 10:42:02.663 [info] > git status -z -uall [6ms]
2023-03-21 10:42:22.678 [info] > git check-ignore -v -z --stdin [7ms]
2023-03-21 10:42:23.243 [info] > git config --get commit.template [30ms]
2023-03-21 10:42:23.258 [info] > git for-each-ref --format=%(refname)%00%(upstream:short)%00%(objectname)%00%(upstream:track)%00%(upstream:remotename)%00%(upstream:remoteref) refs/heads/main refs/remotes/main [17ms]
2023-03-21 10:42:23.291 [info] > git status -z -uall [6ms]
2023-03-21 10:42:29.081 [info] > git config --get commit.template [35ms]
2023-03-21 10:42:29.084 [info] > git for-each-ref --format=%(refname)%00%(upstream:short)%00%(objectname)%00%(upstream:track)%00%(upstream:remotename)%00%(upstream:remoteref) refs/heads/main refs/remotes/main [5ms]
2023-03-21 10:42:29.114 [info] > git status -z -uall [10ms]
2023-03-21 10:42:38.619 [info] > git show --textconv :reading-notes-v1/code-102/102class-02.md [44ms]
2023-03-21 10:42:38.624 [info] > git ls-files --stage -- /home/jamessearle71/Projects/reading-notes-v1/reading-notes-v1/code-102/102class-02.md [19ms]
2023-03-21 10:42:39.224 [info] > git config --get commit.template [9ms]
2023-03-21 10:42:39.252 [info] > git for-each-ref --format=%(refname)%00%(upstream:short)%00%(objectname)%00%(upstream:track)%00%(upstream:remotename)%00%(upstream:remoteref) refs/heads/main refs/remotes/main [9ms]
2023-03-21 10:42:39.320 [info] > git status -z -uall [35ms]
2023-03-21 10:43:07.981 [info] > git config --get commit.template [5ms]
2023-03-21 10:43:08.006 [info] > git for-each-ref --format=%(refname)%00%(upstream:short)%00%(objectname)%00%(upstream:track)%00%(upstream:remotename)%00%(upstream:remoteref) refs/heads/main refs/remotes/main [9ms]
2023-03-21 10:43:08.026 [info] > git status -z -uall [4ms]
2023-03-21 10:43:08.165 [info] > git ls-files --stage -- /home/jamessearle71/Projects/reading-notes-v1/reading-notes-v1/code-102/102class-02.md [9ms]
2023-03-21 10:43:08.167 [info] > git ls-files --stage -- /home/jamessearle71/Projects/reading-notes-v1/reading-notes-v1/code-102/102class-01.md [31ms]
2023-03-21 10:43:08.167 [info] > git ls-files --stage -- /home/jamessearle71/Projects/reading-notes-v1/reading-notes-v1/README.md [57ms]
2023-03-21 10:43:08.171 [info] > git ls-files --stage -- /home/jamessearle71/Projects/reading-notes-v1/reading-notes-v1/code-201/201class-01 [83ms]
2023-03-21 10:43:08.270 [info] > git show --textconv :reading-notes-v1/code-102/102class-02.md [67ms]
2023-03-21 10:43:08.272 [info] > git show --textconv :reading-notes-v1/code-102/102class-01.md [48ms]
2023-03-21 10:43:08.272 [info] > git show --textconv :reading-notes-v1/README.md [29ms]
2023-03-21 10:43:08.282 [info] > git show --textconv :reading-notes-v1/code-201/201class-01 [16ms]
2023-03-21 10:44:08.849 [info] > git config --get commit.template [59ms]
2023-03-21 10:44:08.855 [info] > git for-each-ref --format=%(refname)%00%(upstream:short)%00%(objectname)%00%(upstream:track)%00%(upstream:remotename)%00%(upstream:remoteref) refs/heads/main refs/remotes/main [12ms]
2023-03-21 10:44:08.930 [info] > git status -z -uall [33ms]
2023-03-21 10:44:09.215 [info] > git ls-files --stage -- /home/jamessearle71/Projects/reading-notes-v1/reading-notes-v1/code-102/102class-02.md [37ms]
2023-03-21 10:44:09.226 [info] > git ls-files --stage -- /home/jamessearle71/Projects/reading-notes-v1/reading-notes-v1/code-102/102class-01.md [112ms]
2023-03-21 10:44:09.227 [info] > git ls-files --stage -- /home/jamessearle71/Projects/reading-notes-v1/reading-notes-v1/README.md [157ms]
2023-03-21 10:44:09.233 [info] > git ls-files --stage -- /home/jamessearle71/Projects/reading-notes-v1/reading-notes-v1/code-201/201class-01 [232ms]
2023-03-21 10:44:09.494 [info] > git show --textconv :reading-notes-v1/code-102/102class-02.md [138ms]
2023-03-21 10:44:09.494 [info] > git show --textconv :reading-notes-v1/code-102/102class-01.md [98ms]
2023-03-21 10:44:09.494 [info] > git show --textconv :reading-notes-v1/README.md [55ms]
2023-03-21 10:44:09.494 [info] > git show --textconv :reading-notes-v1/code-201/201class-01 [11ms]
2023-03-21 10:45:18.239 [info] > git config --get commit.template [5ms]
2023-03-21 10:45:18.263 [info] > git for-each-ref --format=%(refname)%00%(upstream:short)%00%(objectname)%00%(upstream:track)%00%(upstream:remotename)%00%(upstream:remoteref) refs/heads/main refs/remotes/main [6ms]
2023-03-21 10:45:18.297 [info] > git status -z -uall [18ms]
2023-03-21 10:45:18.422 [info] > git ls-files --stage -- /home/jamessearle71/Projects/reading-notes-v1/reading-notes-v1/code-102/102class-02.md [15ms]
2023-03-21 10:45:18.424 [info] > git ls-files --stage -- /home/jamessearle71/Projects/reading-notes-v1/reading-notes-v1/code-102/102class-01.md [40ms]
2023-03-21 10:45:18.425 [info] > git ls-files --stage -- /home/jamessearle71/Projects/reading-notes-v1/reading-notes-v1/README.md [62ms]
2023-03-21 10:45:18.430 [info] > git ls-files --stage -- /home/jamessearle71/Projects/reading-notes-v1/reading-notes-v1/code-201/201class-01 [86ms]
2023-03-21 10:45:18.600 [info] > git show --textconv :reading-notes-v1/code-102/102class-02.md [119ms]
2023-03-21 10:45:18.600 [info] > git show --textconv :reading-notes-v1/code-102/102class-01.md [79ms]
2023-03-21 10:45:18.600 [info] > git show --textconv :reading-notes-v1/README.md [43ms]
2023-03-21 10:45:18.631 [info] > git show --textconv :reading-notes-v1/code-201/201class-01 [37ms]
2023-03-21 10:45:28.982 [info] > git config --get commit.template [5ms]
2023-03-21 10:45:29.005 [info] > git for-each-ref --format=%(refname)%00%(upstream:short)%00%(objectname)%00%(upstream:track)%00%(upstream:remotename)%00%(upstream:remoteref) refs/heads/main refs/remotes/main [2ms]
2023-03-21 10:45:29.042 [info] > git status -z -uall [21ms]
2023-03-21 10:45:29.156 [info] > git ls-files --stage -- /home/jamessearle71/Projects/reading-notes-v1/reading-notes-v1/code-102/102class-02.md [12ms]
2023-03-21 10:45:29.159 [info] > git ls-files --stage -- /home/jamessearle71/Projects/reading-notes-v1/reading-notes-v1/code-102/102class-01.md [39ms]
2023-03-21 10:45:29.161 [info] > git ls-files --stage -- /home/jamessearle71/Projects/reading-notes-v1/reading-notes-v1/README.md [60ms]
2023-03-21 10:45:29.161 [info] > git ls-files --stage -- /home/jamessearle71/Projects/reading-notes-v1/reading-notes-v1/code-201/201class-01 [83ms]
2023-03-21 10:45:29.298 [info] > git show --textconv :reading-notes-v1/code-102/102class-02.md [91ms]
2023-03-21 10:45:29.299 [info] > git show --textconv :reading-notes-v1/code-102/102class-01.md [66ms]
2023-03-21 10:45:29.299 [info] > git show --textconv :reading-notes-v1/README.md [42ms]
2023-03-21 10:45:29.315 [info] > git show --textconv :reading-notes-v1/code-201/201class-01 [22ms]
2023-03-21 10:46:18.670 [info] > git config --get commit.template [5ms]
2023-03-21 10:46:18.694 [info] > git for-each-ref --format=%(refname)%00%(upstream:short)%00%(objectname)%00%(upstream:track)%00%(upstream:remotename)%00%(upstream:remoteref) refs/heads/main refs/remotes/main [9ms]
2023-03-21 10:46:18.739 [info] > git status -z -uall [24ms]
2023-03-21 10:46:18.900 [info] > git ls-files --stage -- /home/jamessearle71/Projects/reading-notes-v1/reading-notes-v1/code-102/102class-02.md [11ms]
2023-03-21 10:46:18.903 [info] > git ls-files --stage -- /home/jamessearle71/Projects/reading-notes-v1/reading-notes-v1/code-102/102class-01.md [33ms]
2023-03-21 10:46:18.905 [info] > git ls-files --stage -- /home/jamessearle71/Projects/reading-notes-v1/reading-notes-v1/README.md [56ms]
2023-03-21 10:46:18.907 [info] > git ls-files --stage -- /home/jamessearle71/Projects/reading-notes-v1/reading-notes-v1/code-201/201class-01 [85ms]
2023-03-21 10:46:19.065 [info] > git show --textconv :reading-notes-v1/code-102/102class-02.md [117ms]
2023-03-21 10:46:19.066 [info] > git show --textconv :reading-notes-v1/code-102/102class-01.md [78ms]
2023-03-21 10:46:19.066 [info] > git show --textconv :reading-notes-v1/README.md [32ms]
2023-03-21 10:46:19.101 [info] > git show --textconv :reading-notes-v1/code-201/201class-01 [39ms]
2023-03-21 10:47:00.659 [info] > git config --get commit.template [5ms]
2023-03-21 10:47:00.683 [info] > git for-each-ref --format=%(refname)%00%(upstream:short)%00%(objectname)%00%(upstream:track)%00%(upstream:remotename)%00%(upstream:remoteref) refs/heads/main refs/remotes/main [5ms]
2023-03-21 10:47:00.723 [info] > git status -z -uall [10ms]
2023-03-21 10:47:00.834 [info] > git ls-files --stage -- /home/jamessearle71/Projects/reading-notes-v1/reading-notes-v1/code-102/102class-02.md [10ms]
2023-03-21 10:47:00.836 [info] > git ls-files --stage -- /home/jamessearle71/Projects/reading-notes-v1/reading-notes-v1/code-102/102class-01.md [32ms]
2023-03-21 10:47:00.837 [info] > git ls-files --stage -- /home/jamessearle71/Projects/reading-notes-v1/reading-notes-v1/README.md [53ms]
2023-03-21 10:47:00.839 [info] > git ls-files --stage -- /home/jamessearle71/Projects/reading-notes-v1/reading-notes-v1/code-201/201class-01 [73ms]
2023-03-21 10:47:00.937 [info] > git show --textconv :reading-notes-v1/code-102/102class-02.md [53ms]
2023-03-21 10:47:00.938 [info] > git show --textconv :reading-notes-v1/code-102/102class-01.md [25ms]
2023-03-21 10:47:00.938 [info] > git show --textconv :reading-notes-v1/README.md [5ms]
2023-03-21 10:47:00.972 [info] > git show --textconv :reading-notes-v1/code-201/201class-01 [11ms]
2023-03-21 10:48:10.039 [info] > git for-each-ref --format=%(refname)%00%(upstream:short)%00%(objectname)%00%(upstream:track)%00%(upstream:remotename)%00%(upstream:remoteref) refs/heads/main refs/remotes/main [17ms]
2023-03-21 10:48:10.039 [info] > git config --get commit.template [92ms]
2023-03-21 10:48:10.185 [info] > git status -z -uall [119ms]
2023-03-21 10:48:10.186 [info] > git ls-files --stage -- /home/jamessearle71/Projects/reading-notes-v1/reading-notes-v1/code-102/102class-01.md [24ms]
2023-03-21 10:48:10.189 [info] > git ls-files --stage -- /home/jamessearle71/Projects/reading-notes-v1/reading-notes-v1/README.md [53ms]
2023-03-21 10:48:10.191 [info] > git ls-files --stage -- /home/jamessearle71/Projects/reading-notes-v1/reading-notes-v1/code-201/201class-01 [79ms]
2023-03-21 10:48:10.206 [info] > git ls-files --stage -- /home/jamessearle71/Projects/reading-notes-v1/reading-notes-v1/code-102/102class-02.md [24ms]
2023-03-21 10:48:10.301 [info] > git show --textconv :reading-notes-v1/code-102/102class-01.md [69ms]
2023-03-21 10:48:10.302 [info] > git show --textconv :reading-notes-v1/README.md [42ms]
2023-03-21 10:48:10.346 [info] > git show --textconv :reading-notes-v1/code-201/201class-01 [53ms]
2023-03-21 10:48:10.347 [info] > git show --textconv :reading-notes-v1/code-102/102class-02.md [12ms]
2023-03-21 10:52:35.391 [info] > git log --format=%H%n%aN%n%aE%n%at%n%ct%n%P%n%D%n%B -z -n120 -- /home/jamessearle71/Projects/reading-notes-v1/reading-notes-v1/README.md [62ms]
2023-03-21 10:55:10.686 [info] > git ls-tree -l HEAD -- /home/jamessearle71/Projects/reading-notes-v1/reading-notes-v1 [42ms]
2023-03-21 10:55:10.700 [info] > git show --textconv HEAD:reading-notes-v1 [146ms]
2023-03-21 10:55:20.424 [info] > git add -A -- . [92ms]
2023-03-21 10:55:20.548 [info] > git -c user.useConfigOnly=true commit --quiet [59ms]
2023-03-21 10:55:20.601 [info] > git config --get-all user.name [24ms]
2023-03-21 10:55:20.656 [info] > git config --get-all user.email [13ms]
2023-03-21 10:55:20.955 [info] > git config --get commit.template [184ms]
2023-03-21 10:55:21.098 [info] > git for-each-ref --format=%(refname)%00%(upstream:short)%00%(objectname)%00%(upstream:track)%00%(upstream:remotename)%00%(upstream:remoteref) refs/heads/main refs/remotes/main [37ms]
2023-03-21 10:55:21.363 [info] > git status -z -uall [110ms]
2023-03-21 10:55:25.249 [info] > git show --textconv HEAD:reading-notes-v1 [2402ms]
2023-03-21 10:55:25.275 [info] > git ls-tree -l HEAD -- /home/jamessearle71/Projects/reading-notes-v1/reading-notes-v1 [728ms]
2023-03-21 10:55:25.318 [info] > git ls-files --stage -- /home/jamessearle71/Projects/reading-notes-v1/reading-notes-v1/code-102/102class-02.md [1242ms]
2023-03-21 10:55:25.327 [info] > git ls-files --stage -- /home/jamessearle71/Projects/reading-notes-v1/reading-notes-v1/code-102/102class-01.md [1324ms]
2023-03-21 10:55:25.345 [info] > git ls-files --stage -- /home/jamessearle71/Projects/reading-notes-v1/reading-notes-v1/README.md [1523ms]
2023-03-21 10:55:25.355 [info] > git ls-files --stage -- /home/jamessearle71/Projects/reading-notes-v1/reading-notes-v1/code-201/201class-01 [2021ms]
2023-03-21 10:55:25.471 [info] > git config --get commit.template [271ms]
2023-03-21 10:55:25.852 [info] > git show --textconv :reading-notes-v1/code-102/102class-02.md [247ms]
2023-03-21 10:55:25.852 [info] > git show --textconv :reading-notes-v1/code-102/102class-01.md [172ms]
2023-03-21 10:55:25.852 [info] > git show --textconv :reading-notes-v1/README.md [79ms]
2023-03-21 10:55:25.956 [info] > git show --textconv :reading-notes-v1/code-201/201class-01 [116ms]
2023-03-21 10:55:25.975 [info] > git for-each-ref --format=%(refname)%00%(upstream:short)%00%(objectname)%00%(upstream:track)%00%(upstream:remotename)%00%(upstream:remoteref) refs/heads/main refs/remotes/main [27ms]
2023-03-21 10:55:26.071 [info] > git status -z -uall [64ms]
2023-03-21 10:55:27.218 [info] > git show --textconv HEAD:reading-notes-v1 [153ms]
2023-03-21 10:55:27.218 [info] > git ls-tree -l HEAD -- /home/jamessearle71/Projects/reading-notes-v1/reading-notes-v1 [48ms]
2023-03-21 10:55:38.041 [info] > git checkout -q -- /home/jamessearle71/Projects/reading-notes-v1/reading-notes-v1 [28ms]
2023-03-21 10:55:38.173 [info] > git config --get commit.template [57ms]
2023-03-21 10:55:38.180 [info] > git for-each-ref --format=%(refname)%00%(upstream:short)%00%(objectname)%00%(upstream:track)%00%(upstream:remotename)%00%(upstream:remoteref) refs/heads/main refs/remotes/main [22ms]
2023-03-21 10:55:38.451 [info] > git status -z -uall [227ms]
2023-03-21 10:55:39.943 [info] > git show --textconv HEAD:reading-notes-v1 [499ms]
2023-03-21 10:55:39.944 [info] > git ls-files --stage -- /home/jamessearle71/Projects/reading-notes-v1/reading-notes-v1/code-102/102class-02.md [110ms]
2023-03-21 10:55:39.965 [info] > git ls-files --stage -- /home/jamessearle71/Projects/reading-notes-v1/reading-notes-v1/code-102/102class-01.md [240ms]
2023-03-21 10:55:39.972 [info] > git ls-files --stage -- /home/jamessearle71/Projects/reading-notes-v1/reading-notes-v1/README.md [356ms]
2023-03-21 10:55:39.975 [info] > git ls-files --stage -- /home/jamessearle71/Projects/reading-notes-v1/reading-notes-v1/code-201/201class-01 [466ms]
2023-03-21 10:55:40.005 [info] > git ls-tree -l HEAD -- /home/jamessearle71/Projects/reading-notes-v1/reading-notes-v1 [101ms]
2023-03-21 10:55:40.167 [info] > git show --textconv :reading-notes-v1/code-102/102class-02.md [122ms]
2023-03-21 10:55:40.168 [info] > git show --textconv :reading-notes-v1/code-102/102class-01.md [82ms]
2023-03-21 10:55:40.276 [info] > git show --textconv :reading-notes-v1/README.md [121ms]
2023-03-21 10:55:40.276 [info] > git show --textconv :reading-notes-v1/code-201/201class-01 [38ms]
2023-03-21 10:55:40.497 [info] > git config --get commit.template [63ms]
2023-03-21 10:55:40.527 [info] > git for-each-ref --format=%(refname)%00%(upstream:short)%00%(objectname)%00%(upstream:track)%00%(upstream:remotename)%00%(upstream:remoteref) refs/heads/main refs/remotes/main [33ms]
2023-03-21 10:55:40.625 [info] > git status -z -uall [40ms]
2023-03-21 10:55:45.636 [info] > git show --textconv HEAD:reading-notes-v1 [167ms]
2023-03-21 10:55:45.642 [info] > git ls-tree -l HEAD -- /home/jamessearle71/Projects/reading-notes-v1/reading-notes-v1 [21ms]
2023-03-21 10:55:51.460 [info] > git checkout -q -- /home/jamessearle71/Projects/reading-notes-v1/reading-notes-v1 [68ms]
2023-03-21 10:55:51.897 [info] > git for-each-ref --format=%(refname)%00%(upstream:short)%00%(objectname)%00%(upstream:track)%00%(upstream:remotename)%00%(upstream:remoteref) refs/heads/main refs/remotes/main [93ms]
2023-03-21 10:55:51.905 [info] > git config --get commit.template [240ms]
2023-03-21 10:55:52.003 [info] > git status -z -uall [27ms]
2023-03-21 10:55:53.752 [info] > git ls-files --stage -- /home/jamessearle71/Projects/reading-notes-v1/reading-notes-v1/code-102/102class-01.md [89ms]
2023-03-21 10:55:53.763 [info] > git ls-files --stage -- /home/jamessearle71/Projects/reading-notes-v1/reading-notes-v1/README.md [172ms]
2023-03-21 10:55:53.772 [info] > git ls-files --stage -- /home/jamessearle71/Projects/reading-notes-v1/reading-notes-v1/code-201/201class-01 [254ms]
2023-03-21 10:55:53.781 [info] > git ls-files --stage -- /home/jamessearle71/Projects/reading-notes-v1/reading-notes-v1/code-102/102class-02.md [50ms]
2023-03-21 10:55:54.488 [info] > git show --textconv :reading-notes-v1/code-102/102class-01.md [530ms]
2023-03-21 10:55:54.488 [info] > git show --textconv :reading-notes-v1/README.md [382ms]
2023-03-21 10:55:54.488 [info] > git show --textconv :reading-notes-v1/code-201/201class-01 [203ms]
2023-03-21 10:55:54.492 [info] > git show --textconv :reading-notes-v1/code-102/102class-02.md [52ms]
2023-03-21 10:55:54.867 [info] > git config --get commit.template [95ms]
2023-03-21 10:55:54.985 [info] > git for-each-ref --format=%(refname)%00%(upstream:short)%00%(objectname)%00%(upstream:track)%00%(upstream:remotename)%00%(upstream:remoteref) refs/heads/main refs/remotes/main [40ms]
2023-03-21 10:55:55.080 [info] > git status -z -uall [51ms]
