2023-03-21 13:41:06.744 [info] Reading sessions from keychain...
2023-03-21 13:41:06.744 [info] Getting sessions for user:email...
2023-03-21 13:41:06.744 [info] Got stored sessions!
2023-03-21 13:41:06.744 [info] Got 1 verified sessions.
2023-03-21 13:41:06.744 [info] Got 0 sessions for user:email...
2023-03-21 13:41:06.744 [info] Getting sessions for all scopes...
2023-03-21 13:41:06.744 [info] Got 1 sessions for ...
2023-03-21 13:41:07.577 [info] Getting sessions for all scopes...
2023-03-21 13:41:07.577 [info] Got 1 sessions for ...
2023-03-21 13:41:08.433 [info] Getting user info...
2023-03-21 13:41:09.878 [info] Got account info!
2023-03-21 13:41:33.105 [info] Getting sessions for read:user,repo,user:email,workflow...
2023-03-21 13:41:33.105 [info] Got 1 sessions for read:user,repo,user:email,workflow...
2023-03-21 13:46:26.128 [info] Getting sessions for read:user,repo,user:email,workflow...
2023-03-21 13:46:26.129 [info] Got 1 sessions for read:user,repo,user:email,workflow...
2023-03-21 13:47:13.396 [info] Getting sessions for read:user,repo,user:email,workflow...
2023-03-21 13:47:13.396 [info] Got 1 sessions for read:user,repo,user:email,workflow...
2023-03-21 13:58:55.312 [info] Getting sessions for read:user,repo,user:email,workflow...
2023-03-21 13:58:55.313 [info] Got 1 sessions for read:user,repo,user:email,workflow...
2023-03-21 14:00:01.162 [info] Getting sessions for read:user,repo,user:email,workflow...
2023-03-21 14:00:01.162 [info] Got 1 sessions for read:user,repo,user:email,workflow...
2023-03-21 14:03:35.038 [info] Getting sessions for read:user,repo,user:email,workflow...
2023-03-21 14:03:35.038 [info] Got 1 sessions for read:user,repo,user:email,workflow...
2023-03-21 14:04:52.425 [info] Getting sessions for read:user,repo,user:email,workflow...
2023-03-21 14:04:52.426 [info] Got 1 sessions for read:user,repo,user:email,workflow...
2023-03-21 14:07:02.524 [info] Getting sessions for read:user,repo,user:email,workflow...
2023-03-21 14:07:02.525 [info] Got 1 sessions for read:user,repo,user:email,workflow...
2023-03-21 14:08:05.553 [info] Getting sessions for read:user,repo,user:email,workflow...
2023-03-21 14:08:05.553 [info] Got 1 sessions for read:user,repo,user:email,workflow...
2023-03-21 14:09:28.689 [info] Getting sessions for read:user,repo,user:email,workflow...
2023-03-21 14:09:28.689 [info] Got 1 sessions for read:user,repo,user:email,workflow...
