2023-03-21 21:03:33.333 [info] Log level: Info
2023-03-21 21:03:33.333 [info] Validating found git in: "git"
2023-03-21 21:03:33.334 [info] Using git "2.30.2" from "git"
2023-03-21 21:03:33.334 [info] > git rev-parse --show-toplevel [50ms]
2023-03-21 21:03:33.334 [info] > git rev-parse --git-dir --git-common-dir [8ms]
2023-03-21 21:03:33.334 [info] Open repository: /home/jamessearle71
2023-03-21 21:03:33.334 [info] > git rev-parse --show-toplevel [31ms]
2023-03-21 21:03:33.334 [info] > git config --get commit.template [71ms]
2023-03-21 21:03:33.334 [info] > git rev-parse --git-dir --git-common-dir [62ms]
2023-03-21 21:03:33.334 [info] Open repository: /home/jamessearle71/Projects/reading-notes
2023-03-21 21:03:33.334 [info] > git for-each-ref --format=%(refname)%00%(upstream:short)%00%(objectname)%00%(upstream:track)%00%(upstream:remotename)%00%(upstream:remoteref) refs/heads/master refs/remotes/master [240ms]
2023-03-21 21:03:33.334 [info] > git config --get commit.template [498ms]
2023-03-21 21:03:33.334 [info] > git status -z -uall [8138ms]
2023-03-21 21:03:33.334 [info] > git check-ignore -v -z --stdin [329ms]
2023-03-21 21:03:33.334 [info] > git check-ignore -v -z --stdin [158ms]
2023-03-21 21:03:33.334 [info] > git config --get commit.template [693ms]
2023-03-21 21:03:33.334 [info] > git for-each-ref --format=%(refname)%00%(upstream:short)%00%(objectname)%00%(upstream:track)%00%(upstream:remotename)%00%(upstream:remoteref) refs/heads/main refs/remotes/main [937ms]
2023-03-21 21:03:33.334 [info] > git status -z -uall [666ms]
2023-03-21 21:03:33.334 [info] > git for-each-ref --format=%(refname)%00%(upstream:short)%00%(objectname)%00%(upstream:track)%00%(upstream:remotename)%00%(upstream:remoteref) refs/heads/master refs/remotes/master [173ms]
2023-03-21 21:03:33.334 [info] > git config --get commit.template [162ms]
2023-03-21 21:03:34.308 [info] > git for-each-ref --format=%(refname)%00%(upstream:short)%00%(objectname)%00%(upstream:track)%00%(upstream:remotename)%00%(upstream:remoteref) refs/heads/main refs/remotes/main [950ms]
2023-03-21 21:03:34.475 [info] > git status -z -uall [20ms]
2023-03-21 21:03:35.019 [info] > git status -z -uall [2160ms]
2023-03-21 21:03:43.662 [info] > git show --textconv :code-102/102class-03.md [190ms]
2023-03-21 21:03:43.663 [info] > git ls-files --stage -- /home/jamessearle71/Projects/reading-notes/code-102/102class-03.md [84ms]
2023-03-21 21:03:43.743 [info] > git cat-file -s 2a8340f3ed1d29f945ca945ab10b3e28ee5b9fe8 [26ms]
2023-03-21 21:04:38.329 [info] > git config --get commit.template [47ms]
2023-03-21 21:04:38.519 [info] > git for-each-ref --format=%(refname)%00%(upstream:short)%00%(objectname)%00%(upstream:track)%00%(upstream:remotename)%00%(upstream:remoteref) refs/heads/master refs/remotes/master [79ms]
2023-03-21 21:04:40.681 [info] > git status -z -uall [2014ms]
2023-03-21 21:04:45.904 [info] > git config --get commit.template [3ms]
2023-03-21 21:04:45.926 [info] > git for-each-ref --format=%(refname)%00%(upstream:short)%00%(objectname)%00%(upstream:track)%00%(upstream:remotename)%00%(upstream:remoteref) refs/heads/master refs/remotes/master [6ms]
2023-03-21 21:04:46.247 [info] > git status -z -uall [304ms]
2023-03-21 21:04:51.311 [info] > git config --get commit.template [3ms]
2023-03-21 21:04:51.332 [info] > git for-each-ref --format=%(refname)%00%(upstream:short)%00%(objectname)%00%(upstream:track)%00%(upstream:remotename)%00%(upstream:remoteref) refs/heads/master refs/remotes/master [7ms]
2023-03-21 21:04:51.634 [info] > git status -z -uall [286ms]
2023-03-21 21:04:56.759 [info] > git config --get commit.template [29ms]
2023-03-21 21:04:56.760 [info] > git for-each-ref --format=%(refname)%00%(upstream:short)%00%(objectname)%00%(upstream:track)%00%(upstream:remotename)%00%(upstream:remoteref) refs/heads/master refs/remotes/master [7ms]
2023-03-21 21:04:57.149 [info] > git status -z -uall [373ms]
2023-03-21 21:05:01.928 [info] > git ls-files --stage -- /home/jamessearle71/Projects/reading-notes/code-102/102class-03.md [3ms]
2023-03-21 21:05:01.948 [info] > git cat-file -s 2a8340f3ed1d29f945ca945ab10b3e28ee5b9fe8 [4ms]
2023-03-21 21:05:02.042 [info] > git show --textconv :code-102/102class-03.md [38ms]
2023-03-21 21:05:02.268 [info] > git config --get commit.template [37ms]
2023-03-21 21:05:02.287 [info] > git for-each-ref --format=%(refname)%00%(upstream:short)%00%(objectname)%00%(upstream:track)%00%(upstream:remotename)%00%(upstream:remoteref) refs/heads/master refs/remotes/master [21ms]
2023-03-21 21:05:02.729 [info] > git status -z -uall [406ms]
2023-03-21 21:05:07.841 [info] > git config --get commit.template [17ms]
2023-03-21 21:05:07.845 [info] > git for-each-ref --format=%(refname)%00%(upstream:short)%00%(objectname)%00%(upstream:track)%00%(upstream:remotename)%00%(upstream:remoteref) refs/heads/master refs/remotes/master [5ms]
2023-03-21 21:05:08.173 [info] > git status -z -uall [314ms]
2023-03-21 21:05:13.322 [info] > git config --get commit.template [45ms]
2023-03-21 21:05:13.337 [info] > git for-each-ref --format=%(refname)%00%(upstream:short)%00%(objectname)%00%(upstream:track)%00%(upstream:remotename)%00%(upstream:remoteref) refs/heads/master refs/remotes/master [19ms]
2023-03-21 21:05:13.682 [info] > git status -z -uall [325ms]
2023-03-21 21:05:18.821 [info] > git config --get commit.template [46ms]
2023-03-21 21:05:18.841 [info] > git for-each-ref --format=%(refname)%00%(upstream:short)%00%(objectname)%00%(upstream:track)%00%(upstream:remotename)%00%(upstream:remoteref) refs/heads/master refs/remotes/master [23ms]
2023-03-21 21:05:19.227 [info] > git status -z -uall [345ms]
2023-03-21 21:05:24.383 [info] > git config --get commit.template [14ms]
2023-03-21 21:05:24.531 [info] > git for-each-ref --format=%(refname)%00%(upstream:short)%00%(objectname)%00%(upstream:track)%00%(upstream:remotename)%00%(upstream:remoteref) refs/heads/master refs/remotes/master [15ms]
2023-03-21 21:05:25.004 [info] > git status -z -uall [455ms]
2023-03-21 21:05:30.128 [info] > git config --get commit.template [23ms]
2023-03-21 21:05:30.184 [info] > git for-each-ref --format=%(refname)%00%(upstream:short)%00%(objectname)%00%(upstream:track)%00%(upstream:remotename)%00%(upstream:remoteref) refs/heads/master refs/remotes/master [27ms]
2023-03-21 21:05:30.713 [info] > git status -z -uall [512ms]
2023-03-21 21:05:31.999 [info] > git check-ignore -v -z --stdin [67ms]
2023-03-21 21:05:32.963 [info] > git check-ignore -v -z --stdin [118ms]
2023-03-21 21:05:35.041 [info] > git check-ignore -v -z --stdin [31ms]
2023-03-21 21:05:35.893 [info] > git config --get commit.template [26ms]
2023-03-21 21:05:35.905 [info] > git for-each-ref --format=%(refname)%00%(upstream:short)%00%(objectname)%00%(upstream:track)%00%(upstream:remotename)%00%(upstream:remoteref) refs/heads/master refs/remotes/master [14ms]
2023-03-21 21:05:36.415 [info] > git status -z -uall [496ms]
2023-03-21 21:05:36.977 [info] > git check-ignore -v -z --stdin [125ms]
2023-03-21 21:05:37.932 [info] > git check-ignore -v -z --stdin [17ms]
2023-03-21 21:05:40.452 [info] > git ls-tree -l HEAD -- /home/jamessearle71/.cache/mesa_shader_cache/index [36ms]
2023-03-21 21:05:40.469 [info] > git show --textconv HEAD:.cache/mesa_shader_cache/index [92ms]
2023-03-21 21:05:40.556 [info] > git ls-tree -l HEAD -- /home/jamessearle71/.cache/mesa_shader_cache/index [9ms]
2023-03-21 21:05:40.756 [info] > git ls-tree -l HEAD -- /home/jamessearle71/.cache/mesa_shader_cache/index [14ms]
2023-03-21 21:05:40.971 [info] > git check-ignore -v -z --stdin [22ms]
2023-03-21 21:05:41.568 [info] > git config --get commit.template [27ms]
2023-03-21 21:05:41.572 [info] > git for-each-ref --format=%(refname)%00%(upstream:short)%00%(objectname)%00%(upstream:track)%00%(upstream:remotename)%00%(upstream:remoteref) refs/heads/master refs/remotes/master [12ms]
2023-03-21 21:05:42.003 [info] > git status -z -uall [413ms]
2023-03-21 21:05:42.833 [info] > git show --textconv HEAD:.config/Code/TransportSecurity [76ms]
2023-03-21 21:05:42.839 [info] > git ls-tree -l HEAD -- /home/jamessearle71/.config/Code/TransportSecurity [7ms]
2023-03-21 21:05:43.444 [info] > git check-ignore -v -z --stdin [62ms]
2023-03-21 21:05:47.422 [info] > git show --textconv HEAD:.config/Code/Cache/Cache_Data/a97c96d98c7c4739_0 [398ms]
2023-03-21 21:05:47.428 [info] > git config --get commit.template [6ms]
2023-03-21 21:05:47.442 [info] > git ls-tree -l HEAD -- /home/jamessearle71/.config/Code/Cache/Cache_Data/a97c96d98c7c4739_0 [232ms]
2023-03-21 21:05:47.607 [info] > git for-each-ref --format=%(refname)%00%(upstream:short)%00%(objectname)%00%(upstream:track)%00%(upstream:remotename)%00%(upstream:remoteref) refs/heads/master refs/remotes/master [107ms]
2023-03-21 21:05:48.226 [info] > git show --textconv HEAD:.config/Code/Cache/Cache_Data/bea243dee00fd65b_0 [165ms]
2023-03-21 21:05:48.331 [info] > git ls-tree -l HEAD -- /home/jamessearle71/.config/Code/Cache/Cache_Data/bea243dee00fd65b_0 [116ms]
2023-03-21 21:05:48.376 [info] > git ls-tree -l HEAD -- /home/jamessearle71/.config/Code/Cache/Cache_Data/a97c96d98c7c4739_0 [14ms]
2023-03-21 21:05:48.497 [info] > git ls-tree -l HEAD -- /home/jamessearle71/.config/Code/Cache/Cache_Data/bea243dee00fd65b_0 [31ms]
2023-03-21 21:05:48.697 [info] > git status -z -uall [990ms]
2023-03-21 21:05:49.152 [info] > git ls-tree -l HEAD -- /home/jamessearle71/.config/Code/Cache/Cache_Data/bea243dee00fd65b_0 [28ms]
2023-03-21 21:05:49.181 [info] > git check-ignore -v -z --stdin [31ms]
2023-03-21 21:05:52.316 [info] > git show --textconv HEAD:.config/Code/Local Storage/leveldb/LOG [36ms]
2023-03-21 21:05:52.328 [info] > git ls-tree -l HEAD -- /home/jamessearle71/.config/Code/Local Storage/leveldb/LOG [15ms]
2023-03-21 21:05:52.858 [info] > git check-ignore -v -z --stdin [17ms]
2023-03-21 21:05:53.946 [info] > git config --get commit.template [79ms]
2023-03-21 21:05:53.977 [info] > git for-each-ref --format=%(refname)%00%(upstream:short)%00%(objectname)%00%(upstream:track)%00%(upstream:remotename)%00%(upstream:remoteref) refs/heads/master refs/remotes/master [32ms]
2023-03-21 21:05:55.266 [info] > git status -z -uall [1232ms]
2023-03-21 21:05:58.205 [info] > git check-ignore -v -z --stdin [41ms]
2023-03-21 21:06:00.483 [info] > git config --get commit.template [7ms]
2023-03-21 21:06:00.512 [info] > git for-each-ref --format=%(refname)%00%(upstream:short)%00%(objectname)%00%(upstream:track)%00%(upstream:remotename)%00%(upstream:remoteref) refs/heads/master refs/remotes/master [9ms]
2023-03-21 21:06:00.975 [info] > git status -z -uall [411ms]
2023-03-21 21:06:04.257 [info] > git check-ignore -v -z --stdin [10ms]
2023-03-21 21:06:06.130 [info] > git config --get commit.template [19ms]
2023-03-21 21:06:06.175 [info] > git for-each-ref --format=%(refname)%00%(upstream:short)%00%(objectname)%00%(upstream:track)%00%(upstream:remotename)%00%(upstream:remoteref) refs/heads/master refs/remotes/master [6ms]
2023-03-21 21:06:06.850 [info] > git status -z -uall [647ms]
2023-03-21 21:06:12.040 [info] > git config --get commit.template [2ms]
2023-03-21 21:06:12.065 [info] > git for-each-ref --format=%(refname)%00%(upstream:short)%00%(objectname)%00%(upstream:track)%00%(upstream:remotename)%00%(upstream:remoteref) refs/heads/master refs/remotes/master [9ms]
2023-03-21 21:06:12.422 [info] > git status -z -uall [333ms]
2023-03-21 21:06:17.590 [info] > git config --get commit.template [32ms]
2023-03-21 21:06:17.640 [info] > git for-each-ref --format=%(refname)%00%(upstream:short)%00%(objectname)%00%(upstream:track)%00%(upstream:remotename)%00%(upstream:remoteref) refs/heads/master refs/remotes/master [22ms]
2023-03-21 21:06:18.191 [info] > git status -z -uall [498ms]
2023-03-21 21:06:30.179 [info] > git add -A -- . [39ms]
2023-03-21 21:06:31.355 [info] > git config --get commit.template [8ms]
2023-03-21 21:06:31.392 [info] > git for-each-ref --format=%(refname)%00%(upstream:short)%00%(objectname)%00%(upstream:track)%00%(upstream:remotename)%00%(upstream:remoteref) refs/heads/master refs/remotes/master [8ms]
2023-03-21 21:06:31.785 [info] > git status -z -uall [377ms]
2023-03-21 21:06:33.269 [info] > git show --textconv :.git/COMMIT_EDITMSG [131ms]
2023-03-21 21:06:33.315 [info] > git ls-files --stage -- /home/jamessearle71/Projects/reading-notes/.git/COMMIT_EDITMSG [63ms]
2023-03-21 21:06:33.602 [info] > git ls-files --stage -- /home/jamessearle71/Projects/reading-notes/code-102/102class-03.md [58ms]
2023-03-21 21:06:33.718 [info] > git check-ignore -v -z --stdin [118ms]
2023-03-21 21:06:33.734 [info] > git cat-file -s 70b54378e9a634e23f45f2a8cea0d7cc0209f6f3 [102ms]
2023-03-21 21:06:33.751 [info] > git ls-files --stage -- /home/jamessearle71/Projects/reading-notes/.git/COMMIT_EDITMSG [35ms]
2023-03-21 21:06:33.971 [info] > git show --textconv :code-102/102class-03.md [30ms]
2023-03-21 21:06:33.988 [info] > git show --textconv :.git/COMMIT_EDITMSG [20ms]
2023-03-21 21:06:36.677 [info] > git check-ignore -v -z --stdin [47ms]
2023-03-21 21:06:36.929 [info] > git config --get commit.template [43ms]
2023-03-21 21:06:36.944 [info] > git for-each-ref --format=%(refname)%00%(upstream:short)%00%(objectname)%00%(upstream:track)%00%(upstream:remotename)%00%(upstream:remoteref) refs/heads/master refs/remotes/master [18ms]
2023-03-21 21:06:37.213 [info] > git check-ignore -v -z --stdin [34ms]
2023-03-21 21:06:37.478 [info] > git status -z -uall [513ms]
2023-03-21 21:06:37.968 [info] > git check-ignore -v -z --stdin [33ms]
2023-03-21 21:06:39.116 [info] > git check-ignore -v -z --stdin [14ms]
2023-03-21 21:06:40.078 [info] > git check-ignore -v -z --stdin [16ms]
2023-03-21 21:06:42.604 [info] > git config --get commit.template [3ms]
2023-03-21 21:06:42.635 [info] > git for-each-ref --format=%(refname)%00%(upstream:short)%00%(objectname)%00%(upstream:track)%00%(upstream:remotename)%00%(upstream:remoteref) refs/heads/master refs/remotes/master [8ms]
2023-03-21 21:06:43.067 [info] > git status -z -uall [413ms]
2023-03-21 21:06:48.152 [info] > git config --get commit.template [7ms]
2023-03-21 21:06:48.185 [info] > git for-each-ref --format=%(refname)%00%(upstream:short)%00%(objectname)%00%(upstream:track)%00%(upstream:remotename)%00%(upstream:remoteref) refs/heads/master refs/remotes/master [9ms]
2023-03-21 21:06:48.590 [info] > git status -z -uall [385ms]
2023-03-21 21:06:53.704 [info] > git config --get commit.template [34ms]
2023-03-21 21:06:53.732 [info] > git for-each-ref --format=%(refname)%00%(upstream:short)%00%(objectname)%00%(upstream:track)%00%(upstream:remotename)%00%(upstream:remoteref) refs/heads/master refs/remotes/master [33ms]
2023-03-21 21:06:54.352 [info] > git status -z -uall [588ms]
2023-03-21 21:06:59.474 [info] > git config --get commit.template [27ms]
2023-03-21 21:06:59.478 [info] > git for-each-ref --format=%(refname)%00%(upstream:short)%00%(objectname)%00%(upstream:track)%00%(upstream:remotename)%00%(upstream:remoteref) refs/heads/master refs/remotes/master [10ms]
2023-03-21 21:06:59.996 [info] > git status -z -uall [497ms]
2023-03-21 21:07:05.095 [info] > git config --get commit.template [37ms]
2023-03-21 21:07:05.107 [info] > git for-each-ref --format=%(refname)%00%(upstream:short)%00%(objectname)%00%(upstream:track)%00%(upstream:remotename)%00%(upstream:remoteref) refs/heads/master refs/remotes/master [14ms]
2023-03-21 21:07:05.530 [info] > git status -z -uall [396ms]
2023-03-21 21:07:10.600 [info] > git config --get commit.template [4ms]
2023-03-21 21:07:10.628 [info] > git for-each-ref --format=%(refname)%00%(upstream:short)%00%(objectname)%00%(upstream:track)%00%(upstream:remotename)%00%(upstream:remoteref) refs/heads/master refs/remotes/master [9ms]
2023-03-21 21:07:11.049 [info] > git status -z -uall [403ms]
2023-03-21 21:07:16.151 [info] > git config --get commit.template [28ms]
2023-03-21 21:07:16.155 [info] > git for-each-ref --format=%(refname)%00%(upstream:short)%00%(objectname)%00%(upstream:track)%00%(upstream:remotename)%00%(upstream:remoteref) refs/heads/master refs/remotes/master [10ms]
2023-03-21 21:07:16.567 [info] > git status -z -uall [389ms]
2023-03-21 21:07:18.645 [info] > git check-ignore -v -z --stdin [26ms]
2023-03-21 21:07:21.699 [info] > git config --get commit.template [36ms]
2023-03-21 21:07:21.715 [info] > git for-each-ref --format=%(refname)%00%(upstream:short)%00%(objectname)%00%(upstream:track)%00%(upstream:remotename)%00%(upstream:remoteref) refs/heads/master refs/remotes/master [18ms]
2023-03-21 21:07:22.358 [info] > git status -z -uall [611ms]
2023-03-21 21:07:27.507 [info] > git config --get commit.template [40ms]
2023-03-21 21:07:27.512 [info] > git for-each-ref --format=%(refname)%00%(upstream:short)%00%(objectname)%00%(upstream:track)%00%(upstream:remotename)%00%(upstream:remoteref) refs/heads/master refs/remotes/master [9ms]
2023-03-21 21:07:27.969 [info] > git status -z -uall [436ms]
2023-03-21 21:07:33.095 [info] > git config --get commit.template [47ms]
2023-03-21 21:07:33.113 [info] > git for-each-ref --format=%(refname)%00%(upstream:short)%00%(objectname)%00%(upstream:track)%00%(upstream:remotename)%00%(upstream:remoteref) refs/heads/master refs/remotes/master [20ms]
2023-03-21 21:07:33.566 [info] > git status -z -uall [427ms]
2023-03-21 21:07:38.697 [info] > git config --get commit.template [8ms]
2023-03-21 21:07:38.736 [info] > git for-each-ref --format=%(refname)%00%(upstream:short)%00%(objectname)%00%(upstream:track)%00%(upstream:remotename)%00%(upstream:remoteref) refs/heads/master refs/remotes/master [15ms]
2023-03-21 21:07:39.269 [info] > git status -z -uall [516ms]
2023-03-21 21:07:44.237 [info] > git ls-tree -l HEAD -- /home/jamessearle71/.config/Code/Local Storage/leveldb/LOG [17ms]
2023-03-21 21:07:44.402 [info] > git config --get commit.template [47ms]
2023-03-21 21:07:44.484 [info] > git for-each-ref --format=%(refname)%00%(upstream:short)%00%(objectname)%00%(upstream:track)%00%(upstream:remotename)%00%(upstream:remoteref) refs/heads/master refs/remotes/master [86ms]
2023-03-21 21:07:44.568 [info] > git show --textconv HEAD:.config/Code/Local Storage/leveldb/LOG [86ms]
2023-03-21 21:07:44.988 [info] > git status -z -uall [424ms]
2023-03-21 21:07:50.111 [info] > git config --get commit.template [3ms]
2023-03-21 21:07:50.132 [info] > git for-each-ref --format=%(refname)%00%(upstream:short)%00%(objectname)%00%(upstream:track)%00%(upstream:remotename)%00%(upstream:remoteref) refs/heads/master refs/remotes/master [6ms]
2023-03-21 21:07:50.434 [info] > git status -z -uall [287ms]
2023-03-21 21:07:54.425 [info] > git -c user.useConfigOnly=true commit --quiet [84147ms]
2023-03-21 21:07:54.427 [info] Aborting commit due to empty commit message.
2023-03-21 21:07:54.494 [info] > git config --get commit.template [34ms]
2023-03-21 21:07:54.528 [info] > git for-each-ref --format=%(refname)%00%(upstream:short)%00%(objectname)%00%(upstream:track)%00%(upstream:remotename)%00%(upstream:remoteref) refs/heads/main refs/remotes/main [10ms]
2023-03-21 21:07:54.560 [info] > git status -z -uall [14ms]
2023-03-21 21:07:55.544 [info] > git config --get commit.template [41ms]
2023-03-21 21:07:55.556 [info] > git for-each-ref --format=%(refname)%00%(upstream:short)%00%(objectname)%00%(upstream:track)%00%(upstream:remotename)%00%(upstream:remoteref) refs/heads/master refs/remotes/master [17ms]
2023-03-21 21:07:56.159 [info] > git status -z -uall [585ms]
2023-03-21 21:08:01.260 [info] > git config --get commit.template [3ms]
2023-03-21 21:08:01.280 [info] > git for-each-ref --format=%(refname)%00%(upstream:short)%00%(objectname)%00%(upstream:track)%00%(upstream:remotename)%00%(upstream:remoteref) refs/heads/master refs/remotes/master [5ms]
2023-03-21 21:08:01.638 [info] > git status -z -uall [343ms]
2023-03-21 21:08:07.073 [info] > git config --get commit.template [324ms]
2023-03-21 21:08:07.288 [info] > git show --textconv :Projects/index.html [85ms]
2023-03-21 21:08:07.357 [info] > git ls-files --stage -- /home/jamessearle71/Projects/index.html [90ms]
2023-03-21 21:08:07.407 [info] > git for-each-ref --format=%(refname)%00%(upstream:short)%00%(objectname)%00%(upstream:track)%00%(upstream:remotename)%00%(upstream:remoteref) refs/heads/master refs/remotes/master [51ms]
2023-03-21 21:08:07.481 [info] > git cat-file -s dac1e14f5b5e2168e2e5c970abf70c098cbf9de7 [89ms]
2023-03-21 21:08:08.416 [info] > git status -z -uall [945ms]
2023-03-21 21:08:13.666 [info] > git config --get commit.template [51ms]
2023-03-21 21:08:13.677 [info] > git for-each-ref --format=%(refname)%00%(upstream:short)%00%(objectname)%00%(upstream:track)%00%(upstream:remotename)%00%(upstream:remoteref) refs/heads/master refs/remotes/master [20ms]
2023-03-21 21:08:14.308 [info] > git status -z -uall [604ms]
2023-03-21 21:08:19.457 [info] > git config --get commit.template [5ms]
2023-03-21 21:08:19.501 [info] > git for-each-ref --format=%(refname)%00%(upstream:short)%00%(objectname)%00%(upstream:track)%00%(upstream:remotename)%00%(upstream:remoteref) refs/heads/master refs/remotes/master [14ms]
2023-03-21 21:08:19.873 [info] > git status -z -uall [355ms]
2023-03-21 21:08:26.309 [info] > git config --get commit.template [21ms]
2023-03-21 21:08:26.455 [info] > git for-each-ref --format=%(refname)%00%(upstream:short)%00%(objectname)%00%(upstream:track)%00%(upstream:remotename)%00%(upstream:remoteref) refs/heads/master refs/remotes/master [33ms]
2023-03-21 21:08:27.155 [info] > git status -z -uall [588ms]
2023-03-21 21:08:32.284 [info] > git config --get commit.template [36ms]
2023-03-21 21:08:32.293 [info] > git for-each-ref --format=%(refname)%00%(upstream:short)%00%(objectname)%00%(upstream:track)%00%(upstream:remotename)%00%(upstream:remoteref) refs/heads/master refs/remotes/master [13ms]
2023-03-21 21:08:32.701 [info] > git status -z -uall [392ms]
2023-03-21 21:08:37.794 [info] > git config --get commit.template [18ms]
2023-03-21 21:08:37.798 [info] > git for-each-ref --format=%(refname)%00%(upstream:short)%00%(objectname)%00%(upstream:track)%00%(upstream:remotename)%00%(upstream:remoteref) refs/heads/master refs/remotes/master [5ms]
2023-03-21 21:08:38.110 [info] > git status -z -uall [296ms]
2023-03-21 21:08:43.234 [info] > git config --get commit.template [34ms]
2023-03-21 21:08:43.239 [info] > git for-each-ref --format=%(refname)%00%(upstream:short)%00%(objectname)%00%(upstream:track)%00%(upstream:remotename)%00%(upstream:remoteref) refs/heads/master refs/remotes/master [7ms]
2023-03-21 21:08:43.558 [info] > git status -z -uall [302ms]
2023-03-21 21:08:48.190 [info] > git ls-files --stage -- /home/jamessearle71/Projects/reading-notes/code-102/102class-03.md [30ms]
2023-03-21 21:08:48.216 [info] > git cat-file -s 70b54378e9a634e23f45f2a8cea0d7cc0209f6f3 [8ms]
2023-03-21 21:08:48.219 [info] > git ls-files --stage -- /home/jamessearle71/Projects/index.html [31ms]
2023-03-21 21:08:48.263 [info] > git cat-file -s dac1e14f5b5e2168e2e5c970abf70c098cbf9de7 [29ms]
2023-03-21 21:08:48.270 [info] > git show --textconv :code-102/102class-03.md [8ms]
2023-03-21 21:08:48.306 [info] > git show --textconv :Projects/index.html [17ms]
2023-03-21 21:08:48.611 [info] > git config --get commit.template [4ms]
2023-03-21 21:08:48.632 [info] > git for-each-ref --format=%(refname)%00%(upstream:short)%00%(objectname)%00%(upstream:track)%00%(upstream:remotename)%00%(upstream:remoteref) refs/heads/master refs/remotes/master [6ms]
2023-03-21 21:08:49.182 [info] > git status -z -uall [534ms]
2023-03-21 21:08:54.241 [info] > git config --get commit.template [6ms]
2023-03-21 21:08:54.266 [info] > git for-each-ref --format=%(refname)%00%(upstream:short)%00%(objectname)%00%(upstream:track)%00%(upstream:remotename)%00%(upstream:remoteref) refs/heads/master refs/remotes/master [5ms]
2023-03-21 21:08:54.596 [info] > git status -z -uall [315ms]
2023-03-21 21:08:59.658 [info] > git config --get commit.template [4ms]
2023-03-21 21:08:59.692 [info] > git for-each-ref --format=%(refname)%00%(upstream:short)%00%(objectname)%00%(upstream:track)%00%(upstream:remotename)%00%(upstream:remoteref) refs/heads/master refs/remotes/master [7ms]
2023-03-21 21:09:00.043 [info] > git status -z -uall [317ms]
2023-03-21 21:09:05.123 [info] > git config --get commit.template [18ms]
2023-03-21 21:09:05.127 [info] > git for-each-ref --format=%(refname)%00%(upstream:short)%00%(objectname)%00%(upstream:track)%00%(upstream:remotename)%00%(upstream:remoteref) refs/heads/master refs/remotes/master [5ms]
2023-03-21 21:09:05.434 [info] > git status -z -uall [290ms]
2023-03-21 21:09:10.517 [info] > git config --get commit.template [28ms]
2023-03-21 21:09:10.528 [info] > git for-each-ref --format=%(refname)%00%(upstream:short)%00%(objectname)%00%(upstream:track)%00%(upstream:remotename)%00%(upstream:remoteref) refs/heads/master refs/remotes/master [13ms]
2023-03-21 21:09:10.891 [info] > git status -z -uall [346ms]
2023-03-21 21:09:15.946 [info] > git config --get commit.template [3ms]
2023-03-21 21:09:15.967 [info] > git for-each-ref --format=%(refname)%00%(upstream:short)%00%(objectname)%00%(upstream:track)%00%(upstream:remotename)%00%(upstream:remoteref) refs/heads/master refs/remotes/master [6ms]
2023-03-21 21:09:16.287 [info] > git status -z -uall [305ms]
2023-03-21 21:09:55.236 [info] > git config --get commit.template [129ms]
2023-03-21 21:09:55.243 [info] > git for-each-ref --format=%(refname)%00%(upstream:short)%00%(objectname)%00%(upstream:track)%00%(upstream:remotename)%00%(upstream:remoteref) refs/heads/master refs/remotes/master [36ms]
2023-03-21 21:09:56.090 [info] > git status -z -uall [827ms]
2023-03-21 21:10:01.187 [info] > git config --get commit.template [3ms]
2023-03-21 21:10:01.209 [info] > git for-each-ref --format=%(refname)%00%(upstream:short)%00%(objectname)%00%(upstream:track)%00%(upstream:remotename)%00%(upstream:remoteref) refs/heads/master refs/remotes/master [6ms]
2023-03-21 21:10:01.548 [info] > git status -z -uall [324ms]
2023-03-21 21:10:06.605 [info] > git config --get commit.template [3ms]
2023-03-21 21:10:06.625 [info] > git for-each-ref --format=%(refname)%00%(upstream:short)%00%(objectname)%00%(upstream:track)%00%(upstream:remotename)%00%(upstream:remoteref) refs/heads/master refs/remotes/master [5ms]
2023-03-21 21:10:06.932 [info] > git status -z -uall [292ms]
2023-03-21 21:10:11.999 [info] > git config --get commit.template [5ms]
2023-03-21 21:10:12.026 [info] > git for-each-ref --format=%(refname)%00%(upstream:short)%00%(objectname)%00%(upstream:track)%00%(upstream:remotename)%00%(upstream:remoteref) refs/heads/master refs/remotes/master [7ms]
2023-03-21 21:10:12.353 [info] > git status -z -uall [310ms]
2023-03-21 21:10:17.409 [info] > git config --get commit.template [4ms]
2023-03-21 21:10:17.431 [info] > git for-each-ref --format=%(refname)%00%(upstream:short)%00%(objectname)%00%(upstream:track)%00%(upstream:remotename)%00%(upstream:remoteref) refs/heads/master refs/remotes/master [7ms]
2023-03-21 21:10:17.749 [info] > git status -z -uall [302ms]
2023-03-21 21:10:22.825 [info] > git config --get commit.template [20ms]
2023-03-21 21:10:22.836 [info] > git for-each-ref --format=%(refname)%00%(upstream:short)%00%(objectname)%00%(upstream:track)%00%(upstream:remotename)%00%(upstream:remoteref) refs/heads/master refs/remotes/master [13ms]
2023-03-21 21:10:23.195 [info] > git status -z -uall [340ms]
2023-03-21 21:10:28.287 [info] > git config --get commit.template [18ms]
2023-03-21 21:10:28.291 [info] > git for-each-ref --format=%(refname)%00%(upstream:short)%00%(objectname)%00%(upstream:track)%00%(upstream:remotename)%00%(upstream:remoteref) refs/heads/master refs/remotes/master [6ms]
2023-03-21 21:10:28.593 [info] > git status -z -uall [285ms]
2023-03-21 21:10:33.651 [info] > git config --get commit.template [3ms]
2023-03-21 21:10:33.678 [info] > git for-each-ref --format=%(refname)%00%(upstream:short)%00%(objectname)%00%(upstream:track)%00%(upstream:remotename)%00%(upstream:remoteref) refs/heads/master refs/remotes/master [8ms]
2023-03-21 21:10:34.082 [info] > git status -z -uall [387ms]
2023-03-21 21:10:41.236 [info] > git config --get commit.template [46ms]
2023-03-21 21:10:41.250 [info] > git for-each-ref --format=%(refname)%00%(upstream:short)%00%(objectname)%00%(upstream:track)%00%(upstream:remotename)%00%(upstream:remoteref) refs/heads/master refs/remotes/master [16ms]
2023-03-21 21:10:41.946 [info] > git status -z -uall [673ms]
2023-03-21 21:10:47.058 [info] > git config --get commit.template [31ms]
2023-03-21 21:10:47.065 [info] > git for-each-ref --format=%(refname)%00%(upstream:short)%00%(objectname)%00%(upstream:track)%00%(upstream:remotename)%00%(upstream:remoteref) refs/heads/master refs/remotes/master [11ms]
2023-03-21 21:10:47.434 [info] > git status -z -uall [351ms]
2023-03-21 21:10:52.544 [info] > git config --get commit.template [3ms]
2023-03-21 21:10:52.580 [info] > git for-each-ref --format=%(refname)%00%(upstream:short)%00%(objectname)%00%(upstream:track)%00%(upstream:remotename)%00%(upstream:remoteref) refs/heads/master refs/remotes/master [10ms]
2023-03-21 21:10:52.922 [info] > git status -z -uall [326ms]
2023-03-21 21:10:57.980 [info] > git config --get commit.template [3ms]
2023-03-21 21:10:58.000 [info] > git for-each-ref --format=%(refname)%00%(upstream:short)%00%(objectname)%00%(upstream:track)%00%(upstream:remotename)%00%(upstream:remoteref) refs/heads/master refs/remotes/master [6ms]
2023-03-21 21:10:58.314 [info] > git status -z -uall [298ms]
2023-03-21 21:11:03.371 [info] > git config --get commit.template [4ms]
2023-03-21 21:11:03.392 [info] > git for-each-ref --format=%(refname)%00%(upstream:short)%00%(objectname)%00%(upstream:track)%00%(upstream:remotename)%00%(upstream:remoteref) refs/heads/master refs/remotes/master [5ms]
2023-03-21 21:11:03.730 [info] > git status -z -uall [322ms]
2023-03-21 21:11:08.783 [info] > git config --get commit.template [3ms]
2023-03-21 21:11:08.807 [info] > git for-each-ref --format=%(refname)%00%(upstream:short)%00%(objectname)%00%(upstream:track)%00%(upstream:remotename)%00%(upstream:remoteref) refs/heads/master refs/remotes/master [8ms]
2023-03-21 21:11:09.133 [info] > git status -z -uall [309ms]
2023-03-21 21:11:14.203 [info] > git config --get commit.template [21ms]
2023-03-21 21:11:14.208 [info] > git for-each-ref --format=%(refname)%00%(upstream:short)%00%(objectname)%00%(upstream:track)%00%(upstream:remotename)%00%(upstream:remoteref) refs/heads/master refs/remotes/master [6ms]
2023-03-21 21:11:15.786 [info] > git status -z -uall [1562ms]
2023-03-21 21:11:21.509 [info] > git config --get commit.template [27ms]
2023-03-21 21:11:21.631 [info] > git for-each-ref --format=%(refname)%00%(upstream:short)%00%(objectname)%00%(upstream:track)%00%(upstream:remotename)%00%(upstream:remoteref) refs/heads/master refs/remotes/master [32ms]
2023-03-21 21:11:22.188 [info] > git status -z -uall [514ms]
2023-03-21 21:11:27.274 [info] > git config --get commit.template [17ms]
2023-03-21 21:11:27.354 [info] > git for-each-ref --format=%(refname)%00%(upstream:short)%00%(objectname)%00%(upstream:track)%00%(upstream:remotename)%00%(upstream:remoteref) refs/heads/master refs/remotes/master [15ms]
2023-03-21 21:11:27.829 [info] > git status -z -uall [420ms]
2023-03-21 21:11:28.456 [info] > git check-ignore -v -z --stdin [32ms]
2023-03-21 21:11:32.956 [info] > git config --get commit.template [42ms]
2023-03-21 21:11:32.965 [info] > git for-each-ref --format=%(refname)%00%(upstream:short)%00%(objectname)%00%(upstream:track)%00%(upstream:remotename)%00%(upstream:remoteref) refs/heads/master refs/remotes/master [12ms]
2023-03-21 21:11:33.466 [info] > git status -z -uall [485ms]
2023-03-21 21:11:38.564 [info] > git config --get commit.template [26ms]
2023-03-21 21:11:38.575 [info] > git for-each-ref --format=%(refname)%00%(upstream:short)%00%(objectname)%00%(upstream:track)%00%(upstream:remotename)%00%(upstream:remoteref) refs/heads/master refs/remotes/master [13ms]
2023-03-21 21:11:39.071 [info] > git status -z -uall [474ms]
2023-03-21 21:11:44.197 [info] > git config --get commit.template [34ms]
2023-03-21 21:11:44.204 [info] > git for-each-ref --format=%(refname)%00%(upstream:short)%00%(objectname)%00%(upstream:track)%00%(upstream:remotename)%00%(upstream:remoteref) refs/heads/master refs/remotes/master [8ms]
2023-03-21 21:11:44.676 [info] > git status -z -uall [450ms]
