2023-03-21 11:06:20.774 [info] Reading sessions from keychain...
2023-03-21 11:06:20.774 [info] Getting sessions for user:email...
2023-03-21 11:06:20.774 [info] Got stored sessions!
2023-03-21 11:06:20.774 [info] Got 1 verified sessions.
2023-03-21 11:06:20.774 [info] Got 0 sessions for user:email...
2023-03-21 11:06:22.874 [info] Getting user info...
2023-03-21 11:06:32.677 [info] Got account info!
2023-03-21 11:06:33.085 [info] Getting sessions for all scopes...
2023-03-21 11:06:33.085 [info] Got 1 sessions for ...
2023-03-21 11:07:18.925 [info] Reading sessions from keychain...
2023-03-21 11:07:18.925 [info] Getting sessions for user:email...
2023-03-21 11:07:18.925 [info] Got stored sessions!
2023-03-21 11:07:18.925 [info] Got 1 verified sessions.
2023-03-21 11:07:18.925 [info] Got 0 sessions for user:email...
2023-03-21 11:07:18.926 [info] Getting sessions for all scopes...
2023-03-21 11:07:18.926 [info] Got 1 sessions for ...
2023-03-21 11:07:19.359 [info] Getting sessions for all scopes...
2023-03-21 11:07:19.359 [info] Got 1 sessions for ...
2023-03-21 11:07:20.806 [info] Getting user info...
2023-03-21 11:07:21.591 [info] Got account info!
2023-03-21 11:08:17.134 [info] Reading sessions from keychain...
2023-03-21 11:08:17.134 [info] Getting sessions for all scopes...
2023-03-21 11:08:17.134 [info] Got stored sessions!
2023-03-21 11:08:17.134 [info] Got 1 verified sessions.
2023-03-21 11:08:17.134 [info] Got 1 sessions for ...
2023-03-21 11:08:17.134 [info] Getting sessions for user:email...
2023-03-21 11:08:17.134 [info] Got 0 sessions for user:email...
2023-03-21 11:08:17.759 [info] Getting sessions for all scopes...
2023-03-21 11:08:17.759 [info] Got 1 sessions for ...
2023-03-21 11:08:18.930 [info] Getting user info...
2023-03-21 11:08:19.576 [info] Got account info!
