2023-03-21 16:27:28.682 [info] Extension host with pid 8641 started
2023-03-21 16:27:33.777 [info] ExtensionService#_doActivateExtension vscode.emmet, startup: false, activationEvent: 'onLanguage'
2023-03-21 16:27:34.660 [info] ExtensionService#_doActivateExtension vscode.git-base, startup: true, activationEvent: '*', root cause: vscode.git
2023-03-21 16:27:34.777 [info] ExtensionService#_doActivateExtension oderwat.indent-rainbow, startup: true, activationEvent: '*'
2023-03-21 16:27:37.604 [info] ExtensionService#_doActivateExtension vscode.git, startup: true, activationEvent: '*'
2023-03-21 16:27:38.108 [info] ExtensionService#_doActivateExtension vscode.github, startup: true, activationEvent: '*'
2023-03-21 16:27:39.984 [info] Eager extensions activated
2023-03-21 16:27:40.665 [info] ExtensionService#_doActivateExtension vscode.debug-auto-launch, startup: false, activationEvent: 'onStartupFinished'
2023-03-21 16:27:40.767 [info] ExtensionService#_doActivateExtension vscode.merge-conflict, startup: false, activationEvent: 'onStartupFinished'
2023-03-21 16:27:40.914 [info] ExtensionService#_doActivateExtension aaron-bond.better-comments, startup: false, activationEvent: 'onStartupFinished'
2023-03-21 16:27:41.164 [info] ExtensionService#_doActivateExtension dsznajder.es7-react-js-snippets, startup: false, activationEvent: 'onStartupFinished'
2023-03-21 16:27:46.670 [info] ExtensionService#_doActivateExtension vscode.npm, startup: false, activationEvent: 'onStartupFinished', root cause: esbenp.prettier-vscode
2023-03-21 16:27:46.993 [info] ExtensionService#_doActivateExtension ritwickdey.LiveServer, startup: false, activationEvent: 'onStartupFinished'
2023-03-21 16:27:47.198 [info] ExtensionService#_doActivateExtension usernamehw.errorlens, startup: false, activationEvent: 'onStartupFinished'
2023-03-21 16:27:47.446 [info] ExtensionService#_doActivateExtension vscode-icons-team.vscode-icons, startup: false, activationEvent: 'onStartupFinished'
2023-03-21 16:27:50.132 [info] ExtensionService#_doActivateExtension vscode.github-authentication, startup: false, activationEvent: 'onAuthenticationRequest:github'
2023-03-21 16:27:50.911 [info] ExtensionService#_doActivateExtension esbenp.prettier-vscode, startup: false, activationEvent: 'onStartupFinished'
2023-03-21 16:27:55.364 [info] ExtensionService#_doActivateExtension vscode.microsoft-authentication, startup: false, activationEvent: 'onAuthenticationRequest:microsoft'
2023-03-21 16:28:04.780 [warning] [Decorations] CAPPING events from decorations provider vscode.git 9139
2023-03-21 16:28:20.022 [info] ExtensionService#_doActivateExtension vscode.html-language-features, startup: false, activationEvent: 'onLanguage:html'
2023-03-21 16:28:27.492 [warning] [Decorations] CAPPING events from decorations provider vscode.git 9139
2023-03-21 16:28:40.694 [warning] [Decorations] CAPPING events from decorations provider vscode.git 9140
2023-03-21 16:28:49.428 [warning] [Decorations] CAPPING events from decorations provider vscode.git 9140
2023-03-21 16:29:02.020 [warning] [Decorations] CAPPING events from decorations provider vscode.git 9140
2023-03-21 16:29:19.648 [warning] [Decorations] CAPPING events from decorations provider vscode.git 9140
2023-03-21 16:29:34.188 [warning] [Decorations] CAPPING events from decorations provider vscode.git 9140
2023-03-21 16:29:45.105 [info] Extension host terminating: parent process 8620 does not exist anymore: kill ESRCH (code: ESRCH) (errno: -3)
2023-03-21 16:29:47.100 [error] Canceled: Canceled
	at Object.P [as canceled] (/usr/share/code/resources/app/out/vs/workbench/api/node/extensionHostProcess.js:7:1192)
	at /usr/share/code/resources/app/out/vs/workbench/api/node/extensionHostProcess.js:106:7884
	at Array.forEach (<anonymous>)
	at a.dispose (/usr/share/code/resources/app/out/vs/workbench/api/node/extensionHostProcess.js:106:7849)
	at f.terminate (/usr/share/code/resources/app/out/vs/workbench/api/node/extensionHostProcess.js:108:9323)
	at u.terminate (/usr/share/code/resources/app/out/vs/workbench/api/node/extensionHostProcess.js:112:1397)
	at p (/usr/share/code/resources/app/out/vs/workbench/api/node/extensionHostProcess.js:122:18592)
	at Timeout._onTimeout (/usr/share/code/resources/app/out/vs/workbench/api/node/extensionHostProcess.js:122:17037)
	at listOnTimeout (node:internal/timers:559:17)
	at process.processTimers (node:internal/timers:502:7) setContext undefined
2023-03-21 16:29:47.125 [error] Canceled: Canceled
	at new l (/usr/share/code/resources/app/out/vs/workbench/api/node/extensionHostProcess.js:96:88793)
	at a.O (/usr/share/code/resources/app/out/vs/workbench/api/node/extensionHostProcess.js:106:11260)
	at V.<computed>.Q.charCodeAt.V.<computed> (/usr/share/code/resources/app/out/vs/workbench/api/node/extensionHostProcess.js:106:8550)
	at c.g (/usr/share/code/resources/app/out/vs/workbench/api/node/extensionHostProcess.js:96:108198)
	at c.executeCommand (/usr/share/code/resources/app/out/vs/workbench/api/node/extensionHostProcess.js:96:107574)
	at N.registerCommand.description (/usr/share/code/resources/app/out/vs/workbench/api/node/extensionHostProcess.js:96:106867)
	at c.h (/usr/share/code/resources/app/out/vs/workbench/api/node/extensionHostProcess.js:96:108784)
	at c.g (/usr/share/code/resources/app/out/vs/workbench/api/node/extensionHostProcess.js:96:107674)
	at c.executeCommand (/usr/share/code/resources/app/out/vs/workbench/api/node/extensionHostProcess.js:96:107574)
	at Object.executeCommand (/usr/share/code/resources/app/out/vs/workbench/api/node/extensionHostProcess.js:117:30781)
	at D (/usr/share/code/resources/app/extensions/git/dist/main.js:2:1467127)
	at f.invoke (/usr/share/code/resources/app/out/vs/workbench/api/node/extensionHostProcess.js:63:145)
	at m.deliver (/usr/share/code/resources/app/out/vs/workbench/api/node/extensionHostProcess.js:63:2066)
	at d.fire (/usr/share/code/resources/app/out/vs/workbench/api/node/extensionHostProcess.js:63:1704)
	at Object.m [as dispose] (/usr/share/code/resources/app/extensions/git/dist/main.js:2:1481856)
	at /usr/share/code/resources/app/extensions/git/dist/main.js:2:1485923
	at Array.forEach (<anonymous>)
	at g.dispose (/usr/share/code/resources/app/extensions/git/dist/main.js:2:1485909)
	at C.<anonymous> (/usr/share/code/resources/app/out/vs/workbench/api/node/extensionHostProcess.js:94:12431)
	at C.dispose (/usr/share/code/resources/app/out/vs/workbench/api/node/extensionHostProcess.js:94:12566)
	at C.<anonymous> (/usr/share/code/resources/app/extensions/git/dist/main.js:2:1469257)
	at C.dispose (/usr/share/code/resources/app/out/vs/workbench/api/node/extensionHostProcess.js:94:12566)
	at k (/usr/share/code/resources/app/out/vs/workbench/api/node/extensionHostProcess.js:10:12074)
	at f.X (/usr/share/code/resources/app/out/vs/workbench/api/node/extensionHostProcess.js:108:11284)
	at /usr/share/code/resources/app/out/vs/workbench/api/node/extensionHostProcess.js:108:9088
	at Array.map (<anonymous>)
	at f.Q (/usr/share/code/resources/app/out/vs/workbench/api/node/extensionHostProcess.js:108:9075)
	at f.terminate (/usr/share/code/resources/app/out/vs/workbench/api/node/extensionHostProcess.js:108:9347)
	at u.terminate (/usr/share/code/resources/app/out/vs/workbench/api/node/extensionHostProcess.js:112:1397)
	at p (/usr/share/code/resources/app/out/vs/workbench/api/node/extensionHostProcess.js:122:18592)
	at Timeout._onTimeout (/usr/share/code/resources/app/out/vs/workbench/api/node/extensionHostProcess.js:122:17037)
	at listOnTimeout (node:internal/timers:559:17)
	at process.processTimers (node:internal/timers:502:7) setContext undefined
2023-03-21 16:29:47.511 [info] Extension host with pid 8641 exiting with code 0
