2023-03-21 14:29:36.961 [info] Log level: Info
2023-03-21 14:29:36.961 [info] Validating found git in: "git"
2023-03-21 14:29:36.961 [info] Using git "2.30.2" from "git"
2023-03-21 14:29:36.968 [info] > git rev-parse --show-toplevel [50ms]
2023-03-21 14:29:36.968 [info] > git rev-parse --git-dir --git-common-dir [90ms]
2023-03-21 14:29:36.968 [info] Open repository: /home/jamessearle71/Projects/reading-notes
2023-03-21 14:29:36.968 [info] > git rev-parse --show-toplevel [165ms]
2023-03-21 14:29:36.968 [info] > git config --get commit.template [81ms]
2023-03-21 14:29:36.968 [info] > git for-each-ref --format=%(refname)%00%(upstream:short)%00%(objectname)%00%(upstream:track)%00%(upstream:remotename)%00%(upstream:remoteref) refs/heads/main refs/remotes/main [50ms]
2023-03-21 14:29:36.969 [info] > git rev-parse --show-toplevel [206ms]
2023-03-21 14:29:36.969 [info] > git status -z -uall [151ms]
2023-03-21 14:29:36.969 [info] > git rev-parse --show-toplevel [338ms]
2023-03-21 14:29:36.969 [info] > git config --get commit.template [126ms]
2023-03-21 14:29:36.969 [info] > git for-each-ref --format=%(refname)%00%(upstream:short)%00%(objectname)%00%(upstream:track)%00%(upstream:remotename)%00%(upstream:remoteref) refs/heads/main refs/remotes/main [158ms]
2023-03-21 14:29:36.969 [info] > git status -z -uall [320ms]
2023-03-21 14:29:36.969 [info] > git check-ignore -v -z --stdin [35ms]
2023-03-21 14:29:43.498 [info] > git check-ignore -v -z --stdin [1024ms]
2023-03-21 14:30:00.322 [info] > git show --textconv :index.html [97ms]
2023-03-21 14:30:00.543 [info] > git ls-files --stage -- /home/jamessearle71/Projects/reading-notes/index.html [249ms]
2023-03-21 14:34:42.965 [info] > git config --get commit.template [20ms]
2023-03-21 14:34:43.023 [info] > git for-each-ref --format=%(refname)%00%(upstream:short)%00%(objectname)%00%(upstream:track)%00%(upstream:remotename)%00%(upstream:remoteref) refs/heads/main refs/remotes/main [21ms]
2023-03-21 14:34:43.077 [info] > git status -z -uall [8ms]
2023-03-21 14:35:48.318 [info] > git config --get commit.template [7ms]
2023-03-21 14:35:48.385 [info] > git for-each-ref --format=%(refname)%00%(upstream:short)%00%(objectname)%00%(upstream:track)%00%(upstream:remotename)%00%(upstream:remoteref) refs/heads/main refs/remotes/main [21ms]
2023-03-21 14:35:48.481 [info] > git status -z -uall [64ms]
2023-03-21 14:35:48.504 [info] > git ls-files --stage -- /home/jamessearle71/Projects/reading-notes/index.html [26ms]
2023-03-21 14:35:48.575 [info] > git cat-file -s 2f4de6a8f88a83fe3b5f65f813507ae2e66f1058 [22ms]
2023-03-21 14:35:48.787 [info] > git show --textconv :index.html [66ms]
2023-03-21 14:37:33.135 [info] > git config --get commit.template [81ms]
2023-03-21 14:37:33.151 [info] > git for-each-ref --format=%(refname)%00%(upstream:short)%00%(objectname)%00%(upstream:track)%00%(upstream:remotename)%00%(upstream:remoteref) refs/heads/main refs/remotes/main [26ms]
2023-03-21 14:37:33.230 [info] > git status -z -uall [17ms]
2023-03-21 14:37:35.962 [info] > git show --textconv :code-102/102class-02.md [200ms]
2023-03-21 14:37:36.007 [info] > git ls-files --stage -- /home/jamessearle71/Projects/reading-notes/code-102/102class-02.md [64ms]
2023-03-21 14:37:36.116 [info] > git cat-file -s 64c2eed544d0465f5c70dee063570c9799118aa2 [26ms]
2023-03-21 14:37:44.618 [info] > git show --textconv :code-102/102class-03.md [152ms]
2023-03-21 14:37:44.668 [info] > git ls-files --stage -- /home/jamessearle71/Projects/reading-notes/code-102/102class-03.md [105ms]
2023-03-21 14:37:44.790 [info] > git cat-file -s 2a8340f3ed1d29f945ca945ab10b3e28ee5b9fe8 [22ms]
2023-03-21 14:37:52.992 [info] > git show --textconv :code-102/102class-04.md [152ms]
2023-03-21 14:37:53.058 [info] > git ls-files --stage -- /home/jamessearle71/Projects/reading-notes/code-102/102class-04.md [82ms]
2023-03-21 14:37:53.336 [info] > git cat-file -s e69de29bb2d1d6434b8b29ae775ad8c2e48c5391 [94ms]
2023-03-21 14:38:10.906 [info] > git config --get commit.template [28ms]
2023-03-21 14:38:10.913 [info] > git for-each-ref --format=%(refname)%00%(upstream:short)%00%(objectname)%00%(upstream:track)%00%(upstream:remotename)%00%(upstream:remoteref) refs/heads/main refs/remotes/main [13ms]
2023-03-21 14:38:10.946 [info] > git status -z -uall [4ms]
2023-03-21 14:38:11.370 [info] > git ls-files --stage -- /home/jamessearle71/Projects/reading-notes/code-102/102class-03.md [41ms]
2023-03-21 14:38:11.412 [info] > git ls-files --stage -- /home/jamessearle71/Projects/reading-notes/code-102/102class-02.md [167ms]
2023-03-21 14:38:11.449 [info] > git ls-files --stage -- /home/jamessearle71/Projects/reading-notes/index.html [274ms]
2023-03-21 14:38:11.502 [info] > git cat-file -s e2713f0f11760615008af2c0c878565018e69655 [23ms]
2023-03-21 14:38:11.513 [info] > git cat-file -s 64c2eed544d0465f5c70dee063570c9799118aa2 [65ms]
2023-03-21 14:38:11.517 [info] > git cat-file -s 2a8340f3ed1d29f945ca945ab10b3e28ee5b9fe8 [106ms]
2023-03-21 14:38:11.519 [info] > git ls-files --stage -- /home/jamessearle71/Projects/reading-notes/code-102/102class-04.md [158ms]
2023-03-21 14:38:11.602 [info] > git cat-file -s e69de29bb2d1d6434b8b29ae775ad8c2e48c5391 [47ms]
2023-03-21 14:38:11.782 [info] > git show --textconv :index.html [149ms]
2023-03-21 14:38:11.789 [info] > git show --textconv :code-102/102class-02.md [64ms]
2023-03-21 14:38:11.895 [info] > git show --textconv :code-102/102class-03.md [118ms]
2023-03-21 14:38:11.911 [info] > git show --textconv :code-102/102class-04.md [32ms]
2023-03-21 14:38:29.878 [info] > git config --get commit.template [46ms]
2023-03-21 14:38:29.887 [info] > git for-each-ref --format=%(refname)%00%(upstream:short)%00%(objectname)%00%(upstream:track)%00%(upstream:remotename)%00%(upstream:remoteref) refs/heads/main refs/remotes/main [16ms]
2023-03-21 14:38:29.934 [info] > git status -z -uall [13ms]
2023-03-21 14:38:30.099 [info] > git ls-files --stage -- /home/jamessearle71/Projects/reading-notes/code-102/102class-03.md [58ms]
2023-03-21 14:38:30.129 [info] > git ls-files --stage -- /home/jamessearle71/Projects/reading-notes/code-102/102class-02.md [112ms]
2023-03-21 14:38:30.177 [info] > git ls-files --stage -- /home/jamessearle71/Projects/reading-notes/index.html [194ms]
2023-03-21 14:38:30.230 [info] > git cat-file -s e2713f0f11760615008af2c0c878565018e69655 [19ms]
2023-03-21 14:38:30.238 [info] > git cat-file -s 64c2eed544d0465f5c70dee063570c9799118aa2 [66ms]
2023-03-21 14:38:30.240 [info] > git cat-file -s 2a8340f3ed1d29f945ca945ab10b3e28ee5b9fe8 [111ms]
2023-03-21 14:38:30.241 [info] > git ls-files --stage -- /home/jamessearle71/Projects/reading-notes/code-102/102class-04.md [146ms]
2023-03-21 14:38:30.289 [info] > git cat-file -s e69de29bb2d1d6434b8b29ae775ad8c2e48c5391 [2ms]
2023-03-21 14:38:30.553 [info] > git show --textconv :index.html [203ms]
2023-03-21 14:38:30.559 [info] > git show --textconv :code-102/102class-02.md [133ms]
2023-03-21 14:38:30.661 [info] > git show --textconv :code-102/102class-03.md [125ms]
2023-03-21 14:38:30.661 [info] > git show --textconv :code-102/102class-04.md [25ms]
2023-03-21 14:38:36.717 [info] > git config --get commit.template [96ms]
2023-03-21 14:38:36.721 [info] > git for-each-ref --format=%(refname)%00%(upstream:short)%00%(objectname)%00%(upstream:track)%00%(upstream:remotename)%00%(upstream:remoteref) refs/heads/main refs/remotes/main [37ms]
2023-03-21 14:38:37.035 [info] > git status -z -uall [215ms]
2023-03-21 14:38:37.036 [info] > git ls-files --stage -- /home/jamessearle71/Projects/reading-notes/code-102/102class-03.md [64ms]
2023-03-21 14:38:37.115 [info] > git ls-files --stage -- /home/jamessearle71/Projects/reading-notes/code-102/102class-02.md [176ms]
2023-03-21 14:38:37.178 [info] > git ls-files --stage -- /home/jamessearle71/Projects/reading-notes/index.html [281ms]
2023-03-21 14:38:37.340 [info] > git cat-file -s e2713f0f11760615008af2c0c878565018e69655 [103ms]
2023-03-21 14:38:37.351 [info] > git cat-file -s 64c2eed544d0465f5c70dee063570c9799118aa2 [180ms]
2023-03-21 14:38:37.367 [info] > git cat-file -s 2a8340f3ed1d29f945ca945ab10b3e28ee5b9fe8 [269ms]
2023-03-21 14:38:37.378 [info] > git ls-files --stage -- /home/jamessearle71/Projects/reading-notes/code-102/102class-04.md [362ms]
2023-03-21 14:38:37.504 [info] > git cat-file -s e69de29bb2d1d6434b8b29ae775ad8c2e48c5391 [51ms]
2023-03-21 14:38:37.677 [info] > git show --textconv :index.html [132ms]
2023-03-21 14:38:37.677 [info] > git show --textconv :code-102/102class-02.md [63ms]
2023-03-21 14:38:37.790 [info] > git show --textconv :code-102/102class-03.md [120ms]
2023-03-21 14:38:37.816 [info] > git show --textconv :code-102/102class-04.md [55ms]
2023-03-21 15:44:32.123 [info] > git config --get commit.template [44ms]
2023-03-21 15:44:32.133 [info] > git for-each-ref --format=%(refname)%00%(upstream:short)%00%(objectname)%00%(upstream:track)%00%(upstream:remotename)%00%(upstream:remoteref) refs/heads/main refs/remotes/main [18ms]
2023-03-21 15:44:32.190 [info] > git status -z -uall [22ms]
2023-03-21 15:44:49.855 [info] > git config --get commit.template [20ms]
2023-03-21 15:44:49.858 [info] > git for-each-ref --format=%(refname)%00%(upstream:short)%00%(objectname)%00%(upstream:track)%00%(upstream:remotename)%00%(upstream:remoteref) refs/heads/main refs/remotes/main [6ms]
2023-03-21 15:44:49.884 [info] > git status -z -uall [7ms]
